#
# A fatal error has been detected by the Java Runtime Environment:
#
#  EXCEPTION_UNCAUGHT_CXX_EXCEPTION (0xe06d7363) at pc=0x00007ffe1ea5b699, pid=14528, tid=9908
#
# JRE version: OpenJDK Runtime Environment (17.0.9) (build 17.0.9+0--11185874)
# Java VM: OpenJDK 64-Bit Server VM (17.0.9+0--11185874, mixed mode, tiered, compressed oops, compressed class ptrs, g1 gc, windows-amd64)
# Problematic frame:
# C  [KERNELBASE.dll+0x3b699]
#
# No core dump will be written. Minidumps are not enabled by default on client versions of Windows
#
# If you would like to submit a bug report, please visit:
#   https://bugreport.java.com/bugreport/crash.jsp
#

---------------  S U M M A R Y ------------

Command Line: 

Host: 11th Gen Intel(R) Core(TM) i7-1165G7 @ 2.80GHz, 8 cores, 15G,  Windows 10 , 64 bit Build 19041 (10.0.19041.4842)
Time: Wed Oct 16 16:01:43 2024 Malay Peninsula Standard Time elapsed time: 0.075894 seconds (0d 0h 0m 0s)

---------------  T H R E A D  ---------------

Current thread (0x0000022babc9f4a0):  JavaThread "main" [_thread_in_vm, id=9908, stack(0x0000007d80500000,0x0000007d80600000)]

Stack: [0x0000007d80500000,0x0000007d80600000],  sp=0x0000007d805fe3b0,  free space=1016k
Native frames: (J=compiled Java code, j=interpreted, Vv=VM code, C=native code)
C  [KERNELBASE.dll+0x3b699]
C  [VCRUNTIME140.dll+0x6480]
C  [jimage.dll+0x32a3]
C  [jimage.dll+0x2a1d]
C  [jimage.dll+0x145b]
C  [jimage.dll+0x1e9f]
C  [jimage.dll+0x1f36]
C  [jimage.dll+0x266e]
V  [jvm.dll+0x1f752d]
V  [jvm.dll+0x1f6012]
V  [jvm.dll+0x7ba54b]
V  [jvm.dll+0x7bb9bc]
V  [jvm.dll+0x7bbd08]
V  [jvm.dll+0x243bae]
V  [jvm.dll+0x3882ce]
C  0x0000022bb66cb6ee

The last pc belongs to new (printed below).
Java frames: (J=compiled Java code, j=interpreted, Vv=VM code)
j  jdk.internal.module.SystemModulesMap.defaultSystemModules()Ljdk/internal/module/SystemModules;+0 java.base
j  jdk.internal.module.SystemModuleFinders.systemModules(Ljava/lang/String;)Ljdk/internal/module/SystemModules;+10 java.base
j  jdk.internal.module.ModuleBootstrap.boot2()Ljava/lang/ModuleLayer;+194 java.base
j  jdk.internal.module.ModuleBootstrap.boot()Ljava/lang/ModuleLayer;+64 java.base
j  java.lang.System.initPhase2(ZZ)I+0 java.base
v  ~StubRoutines::call_stub

siginfo: EXCEPTION_UNCAUGHT_CXX_EXCEPTION (0xe06d7363), ExceptionInformation=0x0000000019930520 0x0000007d805fe510 0x00007ffe15005198 0x00007ffe15000000 


Registers:
RAX=0x000000000004c5b7, RBX=0x00007ffe15005198, RCX=0x0000022bcb2ad288, RDX=0x0000022babc9f4a0
RSP=0x0000007d805fe3b0, RBP=0x0000007d805fe640, RSI=0x0000007d805fe510, RDI=0x0000000019930520
R8 =0x000000000000e8db, R9 =0x0000000000006052, R10=0x0000000000010753, R11=0x0000630eef24c5ad
R12=0x0000000000010753, R13=0x0000022babc9f990, R14=0x0000022bca703ba0, R15=0x0000022bca703ba0
RIP=0x00007ffe1ea5b699, EFLAGS=0x0000000000000206


Register to memory mapping:

RIP=0x00007ffe1ea5b699 KERNELBASE.dll
RAX=0x000000000004c5b7 is an unknown value
RBX=0x00007ffe15005198 jimage.dll
RCX=0x0000022bcb2ad288 is pointing into metadata
RDX=0x0000022babc9f4a0 is a thread
RSP=0x0000007d805fe3b0 is pointing into the stack for thread: 0x0000022babc9f4a0
RBP=0x0000007d805fe640 is pointing into the stack for thread: 0x0000022babc9f4a0
RSI=0x0000007d805fe510 is pointing into the stack for thread: 0x0000022babc9f4a0
RDI=0x0000000019930520 is an unknown value
R8 =0x000000000000e8db is an unknown value
R9 =0x0000000000006052 is an unknown value
R10=0x0000000000010753 is an unknown value
R11=0x0000630eef24c5ad is an unknown value
R12=0x0000000000010753 is an unknown value
R13=0x0000022babc9f990 points into unknown readable memory: 0x65746e692f6b646a | 6a 64 6b 2f 69 6e 74 65
R14=0x0000022bca703ba0 points into unknown readable memory: 0x616e7265746e692f | 2f 69 6e 74 65 72 6e 61
R15=0x0000022bca703ba0 points into unknown readable memory: 0x616e7265746e692f | 2f 69 6e 74 65 72 6e 61


Top of Stack: (sp=0x0000007d805fe3b0)
0x0000007d805fe3b0:   0000022b00000000 00007ffe15005198
0x0000007d805fe3c0:   0000007d805fe510 0000000000000000
0x0000007d805fe3d0:   00000001e06d7363 0000000000000000
0x0000007d805fe3e0:   00007ffe1ea5b699 0000022b00000004
0x0000007d805fe3f0:   0000000019930520 0000007d805fe510
0x0000007d805fe400:   00007ffe15005198 00007ffe15000000
0x0000007d805fe410:   0000022babc9f990 0000000000010753
0x0000007d805fe420:   0000007d805fe510 0000007d805fe640
0x0000007d805fe430:   0000007d805fe4b0 00007ffe213a4a5f
0x0000007d805fe440:   0000000019930520 00007ffd00000000
0x0000007d805fe450:   0000000000000038 00007ffe213c1910
0x0000007d805fe460:   00007ffe15007000 00007ffe15000000
0x0000007d805fe470:   00000417a6a14a7e 00007ffe1ea8055b
0x0000007d805fe480:   00007ffe15005198 00007ffe150b6480
0x0000007d805fe490:   0000aa871b1f0d56 0000000002000002
0x0000007d805fe4a0:   0000000000000008 00007ffe1ee439ce
0x0000007d805fe4b0:   00007ffe15000000 0000000019930520
0x0000007d805fe4c0:   0000007d805fe510 00007ffe15005198
0x0000007d805fe4d0:   00007ffe15000000 00007ffe1eeac8e0
0x0000007d805fe4e0:   0000022babedecc7 00007ffe150032a3
0x0000007d805fe4f0:   0000000000000000 0000022babedecc7
0x0000007d805fe500:   0000000000010753 0000022babedecc7
0x0000007d805fe510:   00007ffe15004470 00007ffe15004480
0x0000007d805fe520:   0000000000000000 0000007d805f0000
0x0000007d805fe530:   0000000000010753 00007ffe15002a1d
0x0000007d805fe540:   0000000000010753 00007ffe1ee4fde6
0x0000007d805fe550:   0000000000000000 0000000000000000
0x0000007d805fe560:   0000022babedecc7 00007ffe1500145b
0x0000007d805fe570:   0000000000000001 00007ffdd868ae31
0x0000007d805fe580:   0000000000000038 0000000000000018
0x0000007d805fe590:   0000022babc9f990 0000022babc9f990
0x0000007d805fe5a0:   0000022bcafefafa 0000000000006035 

Instructions: (pc=0x00007ffe1ea5b699)
0x00007ffe1ea5b599:   d8 21 00 00 41 0f 44 c0 89 43 24 8b 41 18 89 43
0x00007ffe1ea5b5a9:   28 65 48 8b 04 25 60 00 00 00 48 8b 48 20 39 79
0x00007ffe1ea5b5b9:   08 7c 36 41 b9 40 00 00 00 48 89 7c 24 20 4c 8d
0x00007ffe1ea5b5c9:   44 24 30 48 83 c9 ff 41 8d 51 e5 48 ff 15 4d eb
0x00007ffe1ea5b5d9:   1a 00 0f 1f 44 00 00 85 c0 0f 88 83 59 09 00 81
0x00007ffe1ea5b5e9:   7c 24 54 33 00 03 00 72 0f 48 8b 9c 24 80 00 00
0x00007ffe1ea5b5f9:   00 48 83 c4 70 5f c3 cc 89 7b 2c eb ec cc cc cc
0x00007ffe1ea5b609:   cc cc cc cc cc cc cc 65 48 8b 04 25 30 00 00 00
0x00007ffe1ea5b619:   8b 40 68 c3 cc cc cc cc cc cc cc cc cc cc cc cc
0x00007ffe1ea5b629:   cc cc cc cc cc cc cc 48 81 ec d8 00 00 00 48 8b
0x00007ffe1ea5b639:   05 62 18 28 00 48 33 c4 48 89 84 24 c0 00 00 00
0x00007ffe1ea5b649:   48 83 64 24 28 00 48 8d 05 da ff ff ff 83 e2 01
0x00007ffe1ea5b659:   89 4c 24 20 89 54 24 24 48 89 44 24 30 4d 85 c9
0x00007ffe1ea5b669:   74 4c b8 0f 00 00 00 48 8d 4c 24 40 44 3b c0 49
0x00007ffe1ea5b679:   8b d1 44 0f 47 c0 44 89 44 24 38 49 c1 e0 03 e8
0x00007ffe1ea5b689:   1a 1c 08 00 48 8d 4c 24 20 48 ff 15 6f eb 1a 00
0x00007ffe1ea5b699:   0f 1f 44 00 00 48 8b 8c 24 c0 00 00 00 48 33 cc
0x00007ffe1ea5b6a9:   e8 f2 b0 05 00 48 81 c4 d8 00 00 00 c3 cc 83 64
0x00007ffe1ea5b6b9:   24 38 00 eb cf cc cc cc cc cc cc cc cc cc cc cc
0x00007ffe1ea5b6c9:   cc cc cc cc cc cc cc 40 53 48 83 ec 30 48 8b d1
0x00007ffe1ea5b6d9:   48 8d 4c 24 20 e8 d5 cf ff ff 85 c0 74 26 48 8b
0x00007ffe1ea5b6e9:   4c 24 28 e8 3f 80 ff ff 48 8d 4c 24 20 8b d8 48
0x00007ffe1ea5b6f9:   ff 15 31 e3 1a 00 0f 1f 44 00 00 8b c3 48 83 c4
0x00007ffe1ea5b709:   30 5b c3 cc 83 c8 ff eb f4 cc cc cc cc cc cc cc
0x00007ffe1ea5b719:   cc cc cc cc cc cc cc 48 8b c4 48 89 58 10 48 89
0x00007ffe1ea5b729:   70 18 57 48 83 ec 60 0f 57 c0 0f 11 40 b8 48 8d
0x00007ffe1ea5b739:   35 72 45 1b 00 33 db 48 85 c9 48 0f 45 f1 48 8b
0x00007ffe1ea5b749:   d6 48 8d 48 c8 48 ff 15 93 e9 1a 00 0f 1f 44 00
0x00007ffe1ea5b759:   00 8b f8 89 44 24 70 85 c0 78 1f 41 b0 01 48 8d
0x00007ffe1ea5b769:   54 24 30 48 8d 4c 24 20 48 ff 15 e0 e2 1a 00 0f
0x00007ffe1ea5b779:   1f 44 00 00 8b f8 89 44 24 70 85 ff 0f 88 ed 57
0x00007ffe1ea5b789:   09 00 48 83 c8 ff 48 8b c8 48 ff c1 66 39 1c 4e 


Stack slot to memory mapping:
stack at sp + 0 slots: 0x0000022b00000000 is an unknown value
stack at sp + 1 slots: 0x00007ffe15005198 jimage.dll
stack at sp + 2 slots: 0x0000007d805fe510 is pointing into the stack for thread: 0x0000022babc9f4a0
stack at sp + 3 slots: 0x0 is NULL
stack at sp + 4 slots: 0x00000001e06d7363 is an unknown value
stack at sp + 5 slots: 0x0 is NULL
stack at sp + 6 slots: 0x00007ffe1ea5b699 KERNELBASE.dll
stack at sp + 7 slots: 0x0000022b00000004 is an unknown value

new  187 new  [0x0000022bb66cb560, 0x0000022bb66cb780]  544 bytes
[MachCode]
  0x0000022bb66cb560: 4883 ec08 | c5fa 1104 | 24eb 1f48 | 83ec 10c5 | fb11 0424 | eb14 4883 | ec10 4889 | 0424 48c7 
  0x0000022bb66cb580: 4424 0800 | 0000 00eb | 0150 410f | b755 010f | cac1 ea10 | 488b 4de8 | 488b 4908 | 488b 4908 
  0x0000022bb66cb5a0: 488b 4108 | 807c 1004 | 070f 85df | 0000 0066 | 8b54 d148 | 488b 4928 | 488b 4cd1 | 0851 80b9 
  0x0000022bb66cb5c0: 5b01 0000 | 040f 85c2 | 0000 008b | 5108 f7c2 | 0100 0000 | 0f85 b300 | 0000 498b | 8708 0100 
  0x0000022bb66cb5e0: 0048 8d1c | 1049 3b9f | 1801 0000 | 0f87 9b00 | 0000 4989 | 9f08 0100 | 00e9 0000 | 0000 4883 
  0x0000022bb66cb600: ea10 0f84 | 0f00 0000 | 33c9 c1ea | 0348 894c | d008 48ff | ca75 f648 | c700 0100 | 0000 5933 
  0x0000022bb66cb620: f689 700c | 49ba 0000 | 0000 0800 | 0000 492b | ca89 4808 | 49ba 3e39 | bad8 fd7f | 0000 4180 
  0x0000022bb66cb640: 3a00 0f84 | 4000 0000 | 5048 8bc8 | 4883 ec20 | f7c4 0f00 | 0000 0f84 | 1a00 0000 | 4883 ec08 
  0x0000022bb66cb660: 49ba f0ec | 6fd8 fd7f | 0000 41ff | d248 83c4 | 08e9 0d00 | 0000 49ba | f0ec 6fd8 | fd7f 0000 
  0x0000022bb66cb680: 41ff d248 | 83c4 2058 | e9cd 0000 | 0059 488b | 55e8 488b | 5208 488b | 5208 450f | b745 0141 
  0x0000022bb66cb6a0: 0fc8 41c1 | e810 e805 | 0000 00e9 | aa00 0000 | 488d 4424 | 084c 896d | c049 8bcf | c5f8 7749 
  0x0000022bb66cb6c0: 89af a802 | 0000 4989 | 8798 0200 | 0048 83ec | 20f7 c40f | 0000 000f | 841a 0000 | 0048 83ec 
  0x0000022bb66cb6e0: 0849 ba80 | 8239 d8fd | 7f00 0041 | ffd2 4883 | c408 e90d | 0000 0049 | ba80 8239 | d8fd 7f00 
  0x0000022bb66cb700: 0041 ffd2 | 4883 c420 | 49c7 8798 | 0200 0000 | 0000 0049 | c787 a802 | 0000 0000 | 0000 49c7 
  0x0000022bb66cb720: 87a0 0200 | 0000 0000 | 00c5 f877 | 4981 7f08 | 0000 0000 | 0f84 0500 | 0000 e9c1 | 57fe ff49 
  0x0000022bb66cb740: 8b87 f002 | 0000 49c7 | 87f0 0200 | 0000 0000 | 004c 8b6d | c04c 8b75 | c8c3 410f | b65d 0349 
  0x0000022bb66cb760: 83c5 0349 | ba40 9fbc | d8fd 7f00 | 0041 ff24 | da0f 1f80 | 0000 0000 | 0000 0000 | 0000 0000 
[/MachCode]

---------------  P R O C E S S  ---------------

Threads class SMR info:
_java_thread_list=0x0000022bca65c650, length=10, elements={
0x0000022babc9f4a0, 0x0000022bca62a260, 0x0000022bca62ad30, 0x0000022bca616750,
0x0000022bca617220, 0x0000022bca672010, 0x0000022bca6728e0, 0x0000022bca6731b0,
0x0000022bca67dae0, 0x0000022bca6818f0
}

Java Threads: ( => current thread )
=>0x0000022babc9f4a0 JavaThread "main" [_thread_in_vm, id=9908, stack(0x0000007d80500000,0x0000007d80600000)]
  0x0000022bca62a260 JavaThread "Reference Handler" daemon [_thread_blocked, id=16256, stack(0x0000007d80c00000,0x0000007d80d00000)]
  0x0000022bca62ad30 JavaThread "Finalizer" daemon [_thread_blocked, id=1964, stack(0x0000007d80d00000,0x0000007d80e00000)]
  0x0000022bca616750 JavaThread "Signal Dispatcher" daemon [_thread_blocked, id=11824, stack(0x0000007d80e00000,0x0000007d80f00000)]
  0x0000022bca617220 JavaThread "Attach Listener" daemon [_thread_blocked, id=6888, stack(0x0000007d80f00000,0x0000007d81000000)]
  0x0000022bca672010 JavaThread "Service Thread" daemon [_thread_blocked, id=1772, stack(0x0000007d81000000,0x0000007d81100000)]
  0x0000022bca6728e0 JavaThread "Monitor Deflation Thread" daemon [_thread_blocked, id=2844, stack(0x0000007d81100000,0x0000007d81200000)]
  0x0000022bca6731b0 JavaThread "C2 CompilerThread0" daemon [_thread_blocked, id=10736, stack(0x0000007d81200000,0x0000007d81300000)]
  0x0000022bca67dae0 JavaThread "C1 CompilerThread0" daemon [_thread_blocked, id=5304, stack(0x0000007d81300000,0x0000007d81400000)]
  0x0000022bca6818f0 JavaThread "Sweeper thread" daemon [_thread_blocked, id=5752, stack(0x0000007d81400000,0x0000007d81500000)]

Other Threads:
  0x0000022bca608960 VMThread "VM Thread" [stack: 0x0000007d80b00000,0x0000007d80c00000] [id=3236]
  0x0000022babd0a2f0 GCTaskThread "GC Thread#0" [stack: 0x0000007d80600000,0x0000007d80700000] [id=10256]
  0x0000022babd1bcb0 ConcurrentGCThread "G1 Main Marker" [stack: 0x0000007d80700000,0x0000007d80800000] [id=1248]
  0x0000022babd1c5e0 ConcurrentGCThread "G1 Conc#0" [stack: 0x0000007d80800000,0x0000007d80900000] [id=13076]
  0x0000022babd5e9f0 ConcurrentGCThread "G1 Refine#0" [stack: 0x0000007d80900000,0x0000007d80a00000] [id=3320]
  0x0000022bca32a510 ConcurrentGCThread "G1 Service" [stack: 0x0000007d80a00000,0x0000007d80b00000] [id=1936]

Threads with active compile tasks:

VM state: not at safepoint (normal execution)

VM Mutex/Monitor currently owned by a thread: None

Heap address: 0x0000000704a00000, size: 4022 MB, Compressed Oops mode: Zero based, Oop shift amount: 3

CDS archive(s) not mapped
Compressed class space mapped at: 0x0000000800000000-0x0000000840000000, reserved size: 1073741824
Narrow klass base: 0x0000000800000000, Narrow klass shift: 0, Narrow klass range: 0x40000000

GC Precious Log:
 CPUs: 8 total, 8 available
 Memory: 16082M
 Large Page Support: Disabled
 NUMA Support: Disabled
 Compressed Oops: Enabled (Zero based)
 Heap Region Size: 2M
 Heap Min Capacity: 8M
 Heap Initial Capacity: 252M
 Heap Max Capacity: 4022M
 Pre-touch: Disabled
 Parallel Workers: 8
 Concurrent Workers: 2
 Concurrent Refinement Workers: 8
 Periodic GC: Disabled

Heap:
 garbage-first heap   total 258048K, used 0K [0x0000000704a00000, 0x0000000800000000)
  region size 2048K, 1 young (2048K), 0 survivors (0K)
 Metaspace       used 3006K, committed 3072K, reserved 1114112K
  class space    used 229K, committed 256K, reserved 1048576K

Heap Regions: E=young(eden), S=young(survivor), O=old, HS=humongous(starts), HC=humongous(continues), CS=collection set, F=free, OA=open archive, CA=closed archive, TAMS=top-at-mark-start (previous, next)
|   0|0x0000000704a00000, 0x0000000704a00000, 0x0000000704c00000|  0%| F|  |TAMS 0x0000000704a00000, 0x0000000704a00000| Untracked 
|   1|0x0000000704c00000, 0x0000000704c00000, 0x0000000704e00000|  0%| F|  |TAMS 0x0000000704c00000, 0x0000000704c00000| Untracked 
|   2|0x0000000704e00000, 0x0000000704e00000, 0x0000000705000000|  0%| F|  |TAMS 0x0000000704e00000, 0x0000000704e00000| Untracked 
|   3|0x0000000705000000, 0x0000000705000000, 0x0000000705200000|  0%| F|  |TAMS 0x0000000705000000, 0x0000000705000000| Untracked 
|   4|0x0000000705200000, 0x0000000705200000, 0x0000000705400000|  0%| F|  |TAMS 0x0000000705200000, 0x0000000705200000| Untracked 
|   5|0x0000000705400000, 0x0000000705400000, 0x0000000705600000|  0%| F|  |TAMS 0x0000000705400000, 0x0000000705400000| Untracked 
|   6|0x0000000705600000, 0x0000000705600000, 0x0000000705800000|  0%| F|  |TAMS 0x0000000705600000, 0x0000000705600000| Untracked 
|   7|0x0000000705800000, 0x0000000705800000, 0x0000000705a00000|  0%| F|  |TAMS 0x0000000705800000, 0x0000000705800000| Untracked 
|   8|0x0000000705a00000, 0x0000000705a00000, 0x0000000705c00000|  0%| F|  |TAMS 0x0000000705a00000, 0x0000000705a00000| Untracked 
|   9|0x0000000705c00000, 0x0000000705c00000, 0x0000000705e00000|  0%| F|  |TAMS 0x0000000705c00000, 0x0000000705c00000| Untracked 
|  10|0x0000000705e00000, 0x0000000705e00000, 0x0000000706000000|  0%| F|  |TAMS 0x0000000705e00000, 0x0000000705e00000| Untracked 
|  11|0x0000000706000000, 0x0000000706000000, 0x0000000706200000|  0%| F|  |TAMS 0x0000000706000000, 0x0000000706000000| Untracked 
|  12|0x0000000706200000, 0x0000000706200000, 0x0000000706400000|  0%| F|  |TAMS 0x0000000706200000, 0x0000000706200000| Untracked 
|  13|0x0000000706400000, 0x0000000706400000, 0x0000000706600000|  0%| F|  |TAMS 0x0000000706400000, 0x0000000706400000| Untracked 
|  14|0x0000000706600000, 0x0000000706600000, 0x0000000706800000|  0%| F|  |TAMS 0x0000000706600000, 0x0000000706600000| Untracked 
|  15|0x0000000706800000, 0x0000000706800000, 0x0000000706a00000|  0%| F|  |TAMS 0x0000000706800000, 0x0000000706800000| Untracked 
|  16|0x0000000706a00000, 0x0000000706a00000, 0x0000000706c00000|  0%| F|  |TAMS 0x0000000706a00000, 0x0000000706a00000| Untracked 
|  17|0x0000000706c00000, 0x0000000706c00000, 0x0000000706e00000|  0%| F|  |TAMS 0x0000000706c00000, 0x0000000706c00000| Untracked 
|  18|0x0000000706e00000, 0x0000000706e00000, 0x0000000707000000|  0%| F|  |TAMS 0x0000000706e00000, 0x0000000706e00000| Untracked 
|  19|0x0000000707000000, 0x0000000707000000, 0x0000000707200000|  0%| F|  |TAMS 0x0000000707000000, 0x0000000707000000| Untracked 
|  20|0x0000000707200000, 0x0000000707200000, 0x0000000707400000|  0%| F|  |TAMS 0x0000000707200000, 0x0000000707200000| Untracked 
|  21|0x0000000707400000, 0x0000000707400000, 0x0000000707600000|  0%| F|  |TAMS 0x0000000707400000, 0x0000000707400000| Untracked 
|  22|0x0000000707600000, 0x0000000707600000, 0x0000000707800000|  0%| F|  |TAMS 0x0000000707600000, 0x0000000707600000| Untracked 
|  23|0x0000000707800000, 0x0000000707800000, 0x0000000707a00000|  0%| F|  |TAMS 0x0000000707800000, 0x0000000707800000| Untracked 
|  24|0x0000000707a00000, 0x0000000707a00000, 0x0000000707c00000|  0%| F|  |TAMS 0x0000000707a00000, 0x0000000707a00000| Untracked 
|  25|0x0000000707c00000, 0x0000000707c00000, 0x0000000707e00000|  0%| F|  |TAMS 0x0000000707c00000, 0x0000000707c00000| Untracked 
|  26|0x0000000707e00000, 0x0000000707e00000, 0x0000000708000000|  0%| F|  |TAMS 0x0000000707e00000, 0x0000000707e00000| Untracked 
|  27|0x0000000708000000, 0x0000000708000000, 0x0000000708200000|  0%| F|  |TAMS 0x0000000708000000, 0x0000000708000000| Untracked 
|  28|0x0000000708200000, 0x0000000708200000, 0x0000000708400000|  0%| F|  |TAMS 0x0000000708200000, 0x0000000708200000| Untracked 
|  29|0x0000000708400000, 0x0000000708400000, 0x0000000708600000|  0%| F|  |TAMS 0x0000000708400000, 0x0000000708400000| Untracked 
|  30|0x0000000708600000, 0x0000000708600000, 0x0000000708800000|  0%| F|  |TAMS 0x0000000708600000, 0x0000000708600000| Untracked 
|  31|0x0000000708800000, 0x0000000708800000, 0x0000000708a00000|  0%| F|  |TAMS 0x0000000708800000, 0x0000000708800000| Untracked 
|  32|0x0000000708a00000, 0x0000000708a00000, 0x0000000708c00000|  0%| F|  |TAMS 0x0000000708a00000, 0x0000000708a00000| Untracked 
|  33|0x0000000708c00000, 0x0000000708c00000, 0x0000000708e00000|  0%| F|  |TAMS 0x0000000708c00000, 0x0000000708c00000| Untracked 
|  34|0x0000000708e00000, 0x0000000708e00000, 0x0000000709000000|  0%| F|  |TAMS 0x0000000708e00000, 0x0000000708e00000| Untracked 
|  35|0x0000000709000000, 0x0000000709000000, 0x0000000709200000|  0%| F|  |TAMS 0x0000000709000000, 0x0000000709000000| Untracked 
|  36|0x0000000709200000, 0x0000000709200000, 0x0000000709400000|  0%| F|  |TAMS 0x0000000709200000, 0x0000000709200000| Untracked 
|  37|0x0000000709400000, 0x0000000709400000, 0x0000000709600000|  0%| F|  |TAMS 0x0000000709400000, 0x0000000709400000| Untracked 
|  38|0x0000000709600000, 0x0000000709600000, 0x0000000709800000|  0%| F|  |TAMS 0x0000000709600000, 0x0000000709600000| Untracked 
|  39|0x0000000709800000, 0x0000000709800000, 0x0000000709a00000|  0%| F|  |TAMS 0x0000000709800000, 0x0000000709800000| Untracked 
|  40|0x0000000709a00000, 0x0000000709a00000, 0x0000000709c00000|  0%| F|  |TAMS 0x0000000709a00000, 0x0000000709a00000| Untracked 
|  41|0x0000000709c00000, 0x0000000709c00000, 0x0000000709e00000|  0%| F|  |TAMS 0x0000000709c00000, 0x0000000709c00000| Untracked 
|  42|0x0000000709e00000, 0x0000000709e00000, 0x000000070a000000|  0%| F|  |TAMS 0x0000000709e00000, 0x0000000709e00000| Untracked 
|  43|0x000000070a000000, 0x000000070a000000, 0x000000070a200000|  0%| F|  |TAMS 0x000000070a000000, 0x000000070a000000| Untracked 
|  44|0x000000070a200000, 0x000000070a200000, 0x000000070a400000|  0%| F|  |TAMS 0x000000070a200000, 0x000000070a200000| Untracked 
|  45|0x000000070a400000, 0x000000070a400000, 0x000000070a600000|  0%| F|  |TAMS 0x000000070a400000, 0x000000070a400000| Untracked 
|  46|0x000000070a600000, 0x000000070a600000, 0x000000070a800000|  0%| F|  |TAMS 0x000000070a600000, 0x000000070a600000| Untracked 
|  47|0x000000070a800000, 0x000000070a800000, 0x000000070aa00000|  0%| F|  |TAMS 0x000000070a800000, 0x000000070a800000| Untracked 
|  48|0x000000070aa00000, 0x000000070aa00000, 0x000000070ac00000|  0%| F|  |TAMS 0x000000070aa00000, 0x000000070aa00000| Untracked 
|  49|0x000000070ac00000, 0x000000070ac00000, 0x000000070ae00000|  0%| F|  |TAMS 0x000000070ac00000, 0x000000070ac00000| Untracked 
|  50|0x000000070ae00000, 0x000000070ae00000, 0x000000070b000000|  0%| F|  |TAMS 0x000000070ae00000, 0x000000070ae00000| Untracked 
|  51|0x000000070b000000, 0x000000070b000000, 0x000000070b200000|  0%| F|  |TAMS 0x000000070b000000, 0x000000070b000000| Untracked 
|  52|0x000000070b200000, 0x000000070b200000, 0x000000070b400000|  0%| F|  |TAMS 0x000000070b200000, 0x000000070b200000| Untracked 
|  53|0x000000070b400000, 0x000000070b400000, 0x000000070b600000|  0%| F|  |TAMS 0x000000070b400000, 0x000000070b400000| Untracked 
|  54|0x000000070b600000, 0x000000070b600000, 0x000000070b800000|  0%| F|  |TAMS 0x000000070b600000, 0x000000070b600000| Untracked 
|  55|0x000000070b800000, 0x000000070b800000, 0x000000070ba00000|  0%| F|  |TAMS 0x000000070b800000, 0x000000070b800000| Untracked 
|  56|0x000000070ba00000, 0x000000070ba00000, 0x000000070bc00000|  0%| F|  |TAMS 0x000000070ba00000, 0x000000070ba00000| Untracked 
|  57|0x000000070bc00000, 0x000000070bc00000, 0x000000070be00000|  0%| F|  |TAMS 0x000000070bc00000, 0x000000070bc00000| Untracked 
|  58|0x000000070be00000, 0x000000070be00000, 0x000000070c000000|  0%| F|  |TAMS 0x000000070be00000, 0x000000070be00000| Untracked 
|  59|0x000000070c000000, 0x000000070c000000, 0x000000070c200000|  0%| F|  |TAMS 0x000000070c000000, 0x000000070c000000| Untracked 
|  60|0x000000070c200000, 0x000000070c200000, 0x000000070c400000|  0%| F|  |TAMS 0x000000070c200000, 0x000000070c200000| Untracked 
|  61|0x000000070c400000, 0x000000070c400000, 0x000000070c600000|  0%| F|  |TAMS 0x000000070c400000, 0x000000070c400000| Untracked 
|  62|0x000000070c600000, 0x000000070c600000, 0x000000070c800000|  0%| F|  |TAMS 0x000000070c600000, 0x000000070c600000| Untracked 
|  63|0x000000070c800000, 0x000000070c800000, 0x000000070ca00000|  0%| F|  |TAMS 0x000000070c800000, 0x000000070c800000| Untracked 
|  64|0x000000070ca00000, 0x000000070ca00000, 0x000000070cc00000|  0%| F|  |TAMS 0x000000070ca00000, 0x000000070ca00000| Untracked 
|  65|0x000000070cc00000, 0x000000070cc00000, 0x000000070ce00000|  0%| F|  |TAMS 0x000000070cc00000, 0x000000070cc00000| Untracked 
|  66|0x000000070ce00000, 0x000000070ce00000, 0x000000070d000000|  0%| F|  |TAMS 0x000000070ce00000, 0x000000070ce00000| Untracked 
|  67|0x000000070d000000, 0x000000070d000000, 0x000000070d200000|  0%| F|  |TAMS 0x000000070d000000, 0x000000070d000000| Untracked 
|  68|0x000000070d200000, 0x000000070d200000, 0x000000070d400000|  0%| F|  |TAMS 0x000000070d200000, 0x000000070d200000| Untracked 
|  69|0x000000070d400000, 0x000000070d400000, 0x000000070d600000|  0%| F|  |TAMS 0x000000070d400000, 0x000000070d400000| Untracked 
|  70|0x000000070d600000, 0x000000070d600000, 0x000000070d800000|  0%| F|  |TAMS 0x000000070d600000, 0x000000070d600000| Untracked 
|  71|0x000000070d800000, 0x000000070d800000, 0x000000070da00000|  0%| F|  |TAMS 0x000000070d800000, 0x000000070d800000| Untracked 
|  72|0x000000070da00000, 0x000000070da00000, 0x000000070dc00000|  0%| F|  |TAMS 0x000000070da00000, 0x000000070da00000| Untracked 
|  73|0x000000070dc00000, 0x000000070dc00000, 0x000000070de00000|  0%| F|  |TAMS 0x000000070dc00000, 0x000000070dc00000| Untracked 
|  74|0x000000070de00000, 0x000000070de00000, 0x000000070e000000|  0%| F|  |TAMS 0x000000070de00000, 0x000000070de00000| Untracked 
|  75|0x000000070e000000, 0x000000070e000000, 0x000000070e200000|  0%| F|  |TAMS 0x000000070e000000, 0x000000070e000000| Untracked 
|  76|0x000000070e200000, 0x000000070e200000, 0x000000070e400000|  0%| F|  |TAMS 0x000000070e200000, 0x000000070e200000| Untracked 
|  77|0x000000070e400000, 0x000000070e400000, 0x000000070e600000|  0%| F|  |TAMS 0x000000070e400000, 0x000000070e400000| Untracked 
|  78|0x000000070e600000, 0x000000070e600000, 0x000000070e800000|  0%| F|  |TAMS 0x000000070e600000, 0x000000070e600000| Untracked 
|  79|0x000000070e800000, 0x000000070e800000, 0x000000070ea00000|  0%| F|  |TAMS 0x000000070e800000, 0x000000070e800000| Untracked 
|  80|0x000000070ea00000, 0x000000070ea00000, 0x000000070ec00000|  0%| F|  |TAMS 0x000000070ea00000, 0x000000070ea00000| Untracked 
|  81|0x000000070ec00000, 0x000000070ec00000, 0x000000070ee00000|  0%| F|  |TAMS 0x000000070ec00000, 0x000000070ec00000| Untracked 
|  82|0x000000070ee00000, 0x000000070ee00000, 0x000000070f000000|  0%| F|  |TAMS 0x000000070ee00000, 0x000000070ee00000| Untracked 
|  83|0x000000070f000000, 0x000000070f000000, 0x000000070f200000|  0%| F|  |TAMS 0x000000070f000000, 0x000000070f000000| Untracked 
|  84|0x000000070f200000, 0x000000070f200000, 0x000000070f400000|  0%| F|  |TAMS 0x000000070f200000, 0x000000070f200000| Untracked 
|  85|0x000000070f400000, 0x000000070f400000, 0x000000070f600000|  0%| F|  |TAMS 0x000000070f400000, 0x000000070f400000| Untracked 
|  86|0x000000070f600000, 0x000000070f600000, 0x000000070f800000|  0%| F|  |TAMS 0x000000070f600000, 0x000000070f600000| Untracked 
|  87|0x000000070f800000, 0x000000070f800000, 0x000000070fa00000|  0%| F|  |TAMS 0x000000070f800000, 0x000000070f800000| Untracked 
|  88|0x000000070fa00000, 0x000000070fa00000, 0x000000070fc00000|  0%| F|  |TAMS 0x000000070fa00000, 0x000000070fa00000| Untracked 
|  89|0x000000070fc00000, 0x000000070fc00000, 0x000000070fe00000|  0%| F|  |TAMS 0x000000070fc00000, 0x000000070fc00000| Untracked 
|  90|0x000000070fe00000, 0x000000070fe00000, 0x0000000710000000|  0%| F|  |TAMS 0x000000070fe00000, 0x000000070fe00000| Untracked 
|  91|0x0000000710000000, 0x0000000710000000, 0x0000000710200000|  0%| F|  |TAMS 0x0000000710000000, 0x0000000710000000| Untracked 
|  92|0x0000000710200000, 0x0000000710200000, 0x0000000710400000|  0%| F|  |TAMS 0x0000000710200000, 0x0000000710200000| Untracked 
|  93|0x0000000710400000, 0x0000000710400000, 0x0000000710600000|  0%| F|  |TAMS 0x0000000710400000, 0x0000000710400000| Untracked 
|  94|0x0000000710600000, 0x0000000710600000, 0x0000000710800000|  0%| F|  |TAMS 0x0000000710600000, 0x0000000710600000| Untracked 
|  95|0x0000000710800000, 0x0000000710800000, 0x0000000710a00000|  0%| F|  |TAMS 0x0000000710800000, 0x0000000710800000| Untracked 
|  96|0x0000000710a00000, 0x0000000710a00000, 0x0000000710c00000|  0%| F|  |TAMS 0x0000000710a00000, 0x0000000710a00000| Untracked 
|  97|0x0000000710c00000, 0x0000000710c00000, 0x0000000710e00000|  0%| F|  |TAMS 0x0000000710c00000, 0x0000000710c00000| Untracked 
|  98|0x0000000710e00000, 0x0000000710e00000, 0x0000000711000000|  0%| F|  |TAMS 0x0000000710e00000, 0x0000000710e00000| Untracked 
|  99|0x0000000711000000, 0x0000000711000000, 0x0000000711200000|  0%| F|  |TAMS 0x0000000711000000, 0x0000000711000000| Untracked 
| 100|0x0000000711200000, 0x0000000711200000, 0x0000000711400000|  0%| F|  |TAMS 0x0000000711200000, 0x0000000711200000| Untracked 
| 101|0x0000000711400000, 0x0000000711400000, 0x0000000711600000|  0%| F|  |TAMS 0x0000000711400000, 0x0000000711400000| Untracked 
| 102|0x0000000711600000, 0x0000000711600000, 0x0000000711800000|  0%| F|  |TAMS 0x0000000711600000, 0x0000000711600000| Untracked 
| 103|0x0000000711800000, 0x0000000711800000, 0x0000000711a00000|  0%| F|  |TAMS 0x0000000711800000, 0x0000000711800000| Untracked 
| 104|0x0000000711a00000, 0x0000000711a00000, 0x0000000711c00000|  0%| F|  |TAMS 0x0000000711a00000, 0x0000000711a00000| Untracked 
| 105|0x0000000711c00000, 0x0000000711c00000, 0x0000000711e00000|  0%| F|  |TAMS 0x0000000711c00000, 0x0000000711c00000| Untracked 
| 106|0x0000000711e00000, 0x0000000711e00000, 0x0000000712000000|  0%| F|  |TAMS 0x0000000711e00000, 0x0000000711e00000| Untracked 
| 107|0x0000000712000000, 0x0000000712000000, 0x0000000712200000|  0%| F|  |TAMS 0x0000000712000000, 0x0000000712000000| Untracked 
| 108|0x0000000712200000, 0x0000000712200000, 0x0000000712400000|  0%| F|  |TAMS 0x0000000712200000, 0x0000000712200000| Untracked 
| 109|0x0000000712400000, 0x0000000712400000, 0x0000000712600000|  0%| F|  |TAMS 0x0000000712400000, 0x0000000712400000| Untracked 
| 110|0x0000000712600000, 0x0000000712600000, 0x0000000712800000|  0%| F|  |TAMS 0x0000000712600000, 0x0000000712600000| Untracked 
| 111|0x0000000712800000, 0x0000000712800000, 0x0000000712a00000|  0%| F|  |TAMS 0x0000000712800000, 0x0000000712800000| Untracked 
| 112|0x0000000712a00000, 0x0000000712a00000, 0x0000000712c00000|  0%| F|  |TAMS 0x0000000712a00000, 0x0000000712a00000| Untracked 
| 113|0x0000000712c00000, 0x0000000712c00000, 0x0000000712e00000|  0%| F|  |TAMS 0x0000000712c00000, 0x0000000712c00000| Untracked 
| 114|0x0000000712e00000, 0x0000000712e00000, 0x0000000713000000|  0%| F|  |TAMS 0x0000000712e00000, 0x0000000712e00000| Untracked 
| 115|0x0000000713000000, 0x0000000713000000, 0x0000000713200000|  0%| F|  |TAMS 0x0000000713000000, 0x0000000713000000| Untracked 
| 116|0x0000000713200000, 0x0000000713200000, 0x0000000713400000|  0%| F|  |TAMS 0x0000000713200000, 0x0000000713200000| Untracked 
| 117|0x0000000713400000, 0x0000000713400000, 0x0000000713600000|  0%| F|  |TAMS 0x0000000713400000, 0x0000000713400000| Untracked 
| 118|0x0000000713600000, 0x0000000713600000, 0x0000000713800000|  0%| F|  |TAMS 0x0000000713600000, 0x0000000713600000| Untracked 
| 119|0x0000000713800000, 0x0000000713800000, 0x0000000713a00000|  0%| F|  |TAMS 0x0000000713800000, 0x0000000713800000| Untracked 
| 120|0x0000000713a00000, 0x0000000713a00000, 0x0000000713c00000|  0%| F|  |TAMS 0x0000000713a00000, 0x0000000713a00000| Untracked 
| 121|0x0000000713c00000, 0x0000000713c00000, 0x0000000713e00000|  0%| F|  |TAMS 0x0000000713c00000, 0x0000000713c00000| Untracked 
| 122|0x0000000713e00000, 0x0000000713e00000, 0x0000000714000000|  0%| F|  |TAMS 0x0000000713e00000, 0x0000000713e00000| Untracked 
| 123|0x0000000714000000, 0x0000000714000000, 0x0000000714200000|  0%| F|  |TAMS 0x0000000714000000, 0x0000000714000000| Untracked 
| 124|0x0000000714200000, 0x0000000714200000, 0x0000000714400000|  0%| F|  |TAMS 0x0000000714200000, 0x0000000714200000| Untracked 
| 125|0x0000000714400000, 0x00000007144e15a8, 0x0000000714600000| 44%| E|  |TAMS 0x0000000714400000, 0x0000000714400000| Complete 

Card table byte_map: [0x0000022bbec90000,0x0000022bbf470000] _byte_map_base: 0x0000022bbb46b000

Marking Bits (Prev, Next): (CMBitMap*) 0x0000022babd0b830, (CMBitMap*) 0x0000022babd0b870
 Prev Bits: [0x0000022bbfc50000, 0x0000022bc3b28000)
 Next Bits: [0x0000022bc3b30000, 0x0000022bc7a08000)

Polling page: 0x0000022ba9bb0000

Metaspace:

Usage:
  Non-class:      2.71 MB used.
      Class:    229.80 KB used.
       Both:      2.94 MB used.

Virtual space:
  Non-class space:       64.00 MB reserved,       2.75 MB (  4%) committed,  1 nodes.
      Class space:        1.00 GB reserved,     256.00 KB ( <1%) committed,  1 nodes.
             Both:        1.06 GB reserved,       3.00 MB ( <1%) committed. 

Chunk freelists:
   Non-Class:  12.00 MB
       Class:  15.75 MB
        Both:  27.75 MB

MaxMetaspaceSize: unlimited
CompressedClassSpaceSize: 1.00 GB
Initial GC threshold: 21.00 MB
Current GC threshold: 21.00 MB
CDS: off
MetaspaceReclaimPolicy: balanced
 - commit_granule_bytes: 65536.
 - commit_granule_words: 8192.
 - virtual_space_node_default_size: 8388608.
 - enlarge_chunks_in_place: 1.
 - new_chunks_are_fully_committed: 0.
 - uncommit_free_chunks: 1.
 - use_allocation_guard: 0.
 - handle_deallocations: 1.


Internal statistics:

num_allocs_failed_limit: 0.
num_arena_births: 2.
num_arena_deaths: 0.
num_vsnodes_births: 2.
num_vsnodes_deaths: 0.
num_space_committed: 48.
num_space_uncommitted: 0.
num_chunks_returned_to_freelist: 0.
num_chunks_taken_from_freelist: 3.
num_chunk_merges: 0.
num_chunk_splits: 2.
num_chunks_enlarged: 0.
num_inconsistent_stats: 0.

CodeHeap 'non-profiled nmethods': size=120000Kb used=0Kb max_used=0Kb free=120000Kb
 bounds [0x0000022bb6c50000, 0x0000022bb6ec0000, 0x0000022bbe180000]
CodeHeap 'profiled nmethods': size=120000Kb used=0Kb max_used=0Kb free=120000Kb
 bounds [0x0000022baf180000, 0x0000022baf3f0000, 0x0000022bb66b0000]
CodeHeap 'non-nmethods': size=5760Kb used=1032Kb max_used=1043Kb free=4727Kb
 bounds [0x0000022bb66b0000, 0x0000022bb6920000, 0x0000022bb6c50000]
 total_blobs=274 nmethods=0 adapters=188
 compilation: enabled
              stopped_count=0, restarted_count=0
 full_count=0

Compilation events (0 events):
No events

GC Heap History (0 events):
No events

Dll operation events (1 events):
Event: 0.005 Loaded shared library C:\Program Files\Android\Android Studio\jbr\bin\java.dll

Deoptimization events (0 events):
No events

Classes unloaded (0 events):
No events

Classes redefined (0 events):
No events

Internal exceptions (0 events):
No events

VM Operations (0 events):
No events

Events (20 events):
Event: 0.068 loading class java/io/WinNTFileSystem done
Event: 0.068 loading class jdk/internal/module/ModulePatcher
Event: 0.069 loading class jdk/internal/module/ModulePatcher done
Event: 0.069 loading class jdk/internal/module/ModuleBootstrap$Counters
Event: 0.069 loading class jdk/internal/module/ModuleBootstrap$Counters done
Event: 0.069 loading class jdk/internal/module/ArchivedBootLayer
Event: 0.069 loading class jdk/internal/module/ArchivedBootLayer done
Event: 0.069 loading class jdk/internal/module/ArchivedModuleGraph
Event: 0.069 loading class jdk/internal/module/ArchivedModuleGraph done
Event: 0.069 loading class jdk/internal/module/SystemModuleFinders
Event: 0.069 loading class jdk/internal/module/SystemModuleFinders done
Event: 0.069 loading class java/net/URI
Event: 0.070 loading class java/net/URI done
Event: 0.070 loading class java/net/URI$1
Event: 0.070 loading class jdk/internal/access/JavaNetUriAccess
Event: 0.070 loading class jdk/internal/access/JavaNetUriAccess done
Event: 0.070 loading class java/net/URI$1 done
Event: 0.070 loading class jdk/internal/module/SystemModulesMap
Event: 0.070 loading class jdk/internal/module/SystemModulesMap done
Event: 0.070 loading class jdk/internal/module/SystemModules$default


Dynamic libraries:
0x00007ff7d2030000 - 0x00007ff7d203a000 	C:\Program Files\Android\Android Studio\jbr\bin\java.EXE
0x00007ffe21370000 - 0x00007ffe21568000 	C:\Windows\SYSTEM32\ntdll.dll
0x00007ffe20380000 - 0x00007ffe20441000 	C:\Windows\System32\KERNEL32.DLL
0x00007ffe1ea20000 - 0x00007ffe1ed1d000 	C:\Windows\System32\KERNELBASE.dll
0x00007ffe1ee40000 - 0x00007ffe1ef40000 	C:\Windows\System32\ucrtbase.dll
0x00007ffe150b0000 - 0x00007ffe150cb000 	C:\Program Files\Android\Android Studio\jbr\bin\VCRUNTIME140.dll
0x00007ffe150d0000 - 0x00007ffe150e7000 	C:\Program Files\Android\Android Studio\jbr\bin\jli.dll
0x00007ffe1f580000 - 0x00007ffe1f71d000 	C:\Windows\System32\USER32.dll
0x00007ffe06250000 - 0x00007ffe064ea000 	C:\Windows\WinSxS\amd64_microsoft.windows.common-controls_6595b64144ccf1df_6.0.19041.4355_none_60b8b9eb71f62e16\COMCTL32.dll
0x00007ffe1f340000 - 0x00007ffe1f362000 	C:\Windows\System32\win32u.dll
0x00007ffe1fab0000 - 0x00007ffe1fb4e000 	C:\Windows\System32\msvcrt.dll
0x00007ffe1f720000 - 0x00007ffe1f74b000 	C:\Windows\System32\GDI32.dll
0x00007ffe1ef40000 - 0x00007ffe1f057000 	C:\Windows\System32\gdi32full.dll
0x00007ffe1f1c0000 - 0x00007ffe1f25d000 	C:\Windows\System32\msvcp_win.dll
0x00007ffe1f550000 - 0x00007ffe1f57f000 	C:\Windows\System32\IMM32.DLL
0x00007ffe150a0000 - 0x00007ffe150ac000 	C:\Program Files\Android\Android Studio\jbr\bin\vcruntime140_1.dll
0x00007ffe15010000 - 0x00007ffe1509d000 	C:\Program Files\Android\Android Studio\jbr\bin\msvcp140.dll
0x00007ffdd8010000 - 0x00007ffdd8c93000 	C:\Program Files\Android\Android Studio\jbr\bin\server\jvm.dll
0x00007ffe21220000 - 0x00007ffe212d0000 	C:\Windows\System32\ADVAPI32.dll
0x00007ffe205f0000 - 0x00007ffe20690000 	C:\Windows\System32\sechost.dll
0x00007ffe20910000 - 0x00007ffe20a33000 	C:\Windows\System32\RPCRT4.dll
0x00007ffe1f370000 - 0x00007ffe1f397000 	C:\Windows\System32\bcrypt.dll
0x00007ffe1df20000 - 0x00007ffe1df6b000 	C:\Windows\SYSTEM32\POWRPROF.dll
0x00007ffdfa410000 - 0x00007ffdfa419000 	C:\Windows\SYSTEM32\WSOCK32.dll
0x00007ffe14f90000 - 0x00007ffe14f9a000 	C:\Windows\SYSTEM32\VERSION.dll
0x00007ffe10230000 - 0x00007ffe10257000 	C:\Windows\SYSTEM32\WINMM.dll
0x00007ffe20580000 - 0x00007ffe205eb000 	C:\Windows\System32\WS2_32.dll
0x00007ffe1dde0000 - 0x00007ffe1ddf2000 	C:\Windows\SYSTEM32\UMPDC.dll
0x00007ffe1d250000 - 0x00007ffe1d262000 	C:\Windows\SYSTEM32\kernel.appcore.dll
0x00007ffe15000000 - 0x00007ffe1500a000 	C:\Program Files\Android\Android Studio\jbr\bin\jimage.dll
0x00007ffe1c750000 - 0x00007ffe1c934000 	C:\Windows\SYSTEM32\DBGHELP.DLL
0x00007ffe0d320000 - 0x00007ffe0d354000 	C:\Windows\SYSTEM32\dbgcore.DLL
0x00007ffe1f260000 - 0x00007ffe1f2e2000 	C:\Windows\System32\bcryptPrimitives.dll
0x00007ffe13210000 - 0x00007ffe13235000 	C:\Program Files\Android\Android Studio\jbr\bin\java.dll
0x00007ffe131f0000 - 0x00007ffe13208000 	C:\Program Files\Android\Android Studio\jbr\bin\zip.dll
0x00007ffe1fb50000 - 0x00007ffe202bf000 	C:\Windows\System32\SHELL32.dll
0x00007ffe1ca40000 - 0x00007ffe1d1e3000 	C:\Windows\SYSTEM32\windows.storage.dll
0x00007ffe1f750000 - 0x00007ffe1faa3000 	C:\Windows\System32\combase.dll
0x00007ffe1e370000 - 0x00007ffe1e39e000 	C:\Windows\SYSTEM32\Wldp.dll
0x00007ffe20840000 - 0x00007ffe2090d000 	C:\Windows\System32\OLEAUT32.dll
0x00007ffe202c0000 - 0x00007ffe2036d000 	C:\Windows\System32\SHCORE.dll
0x00007ffe212d0000 - 0x00007ffe21325000 	C:\Windows\System32\shlwapi.dll
0x00007ffe1e950000 - 0x00007ffe1e974000 	C:\Windows\SYSTEM32\profapi.dll

dbghelp: loaded successfully - version: 4.0.5 - missing functions: none
symbol engine: initialized successfully - sym options: 0x614 - pdb path: .;C:\Program Files\Android\Android Studio\jbr\bin;C:\Windows\SYSTEM32;C:\Windows\WinSxS\amd64_microsoft.windows.common-controls_6595b64144ccf1df_6.0.19041.4355_none_60b8b9eb71f62e16;C:\Program Files\Android\Android Studio\jbr\bin\server

VM Arguments:
java_command: <unknown>
java_class_path (initial): <not set>
Launcher Type: SUN_STANDARD

[Global flags]
     intx CICompilerCount                          = 4                                         {product} {ergonomic}
     uint ConcGCThreads                            = 2                                         {product} {ergonomic}
     uint G1ConcRefinementThreads                  = 8                                         {product} {ergonomic}
   size_t G1HeapRegionSize                         = 2097152                                   {product} {ergonomic}
    uintx GCDrainStackTargetSize                   = 64                                        {product} {ergonomic}
   size_t InitialHeapSize                          = 264241152                                 {product} {ergonomic}
   size_t MarkStackSize                            = 4194304                                   {product} {ergonomic}
   size_t MaxHeapSize                              = 4217372672                                {product} {ergonomic}
   size_t MaxNewSize                               = 2529165312                                {product} {ergonomic}
   size_t MinHeapDeltaBytes                        = 2097152                                   {product} {ergonomic}
   size_t MinHeapSize                              = 8388608                                   {product} {ergonomic}
    uintx NonNMethodCodeHeapSize                   = 5839372                                {pd product} {ergonomic}
    uintx NonProfiledCodeHeapSize                  = 122909434                              {pd product} {ergonomic}
    uintx ProfiledCodeHeapSize                     = 122909434                              {pd product} {ergonomic}
    uintx ReservedCodeCacheSize                    = 251658240                              {pd product} {ergonomic}
     bool SegmentedCodeCache                       = true                                      {product} {ergonomic}
   size_t SoftMaxHeapSize                          = 4217372672                             {manageable} {ergonomic}
     bool UseCompressedClassPointers               = true                           {product lp64_product} {ergonomic}
     bool UseCompressedOops                        = true                           {product lp64_product} {ergonomic}
     bool UseG1GC                                  = true                                      {product} {ergonomic}
     bool UseLargePagesIndividualAllocation        = false                                  {pd product} {ergonomic}

Logging:
Log output configuration:
 #0: stdout all=warning uptime,level,tags
 #1: stderr all=off uptime,level,tags

Environment Variables:
JAVA_HOME=C:\Program Files\Android\Android Studio\jbr
PATH=C:\Program Files\Android\Android Studio\jbr\bin;C:\Users\Admin\AppData\Local\flutter\bin\;C:\Program Files\Microsoft\jdk-17.0.10.7-hotspot\bin;C:\Windows\system32;C:\Windows;C:\Windows\System32\Wbem;C:\Windows\System32\WindowsPowerShell\v1.0\;C:\Windows\System32\OpenSSH\;C:\Program Files\OpenVPN\bin;C:\Program Files\nodejs\;C:\ProgramData\chocolatey\bin;C:\Program Files\Git\cmd;C:\php-8.3.7;C:\xampp\php;;C:\Program Files\Docker\Docker\resources\bin;C:\Users\Admin\Flutter\bin;C:\Users\Admin\AppData\Local\Programs\Python\Python310\Scripts\;C:\Users\Admin\AppData\Local\Programs\Python\Python310\;C:\Users\Admin\AppData\Local\Programs\Python\Python312\Scripts\;C:\Users\Admin\AppData\Local\Programs\Python\Python312\;C:\Users\Admin\AppData\Local\Programs\Python\Launcher\;C:\Users\Admin\AppData\Local\flutter\bin;C:\Users\Admin\AppData\Local\Microsoft\WindowsApps;C:\Users\Admin\AppData\Local\Programs\Microsoft VS Code\bin;C:\Users\Admin\AppData\Roaming\npm;C:\Users\Admin\AppData\Local\Android\Sdk\platform-tools;C:\msys64\ucrt64\bin;C:\php-8.3.7;C:\xampp\php;;C:\Users\Admin\AppData\Local\flutter\bin\mingit\cmd
USERNAME=Admin
LANG=en_US.UTF-8
OS=Windows_NT
PROCESSOR_IDENTIFIER=Intel64 Family 6 Model 140 Stepping 1, GenuineIntel
TMP=C:\Users\Admin\AppData\Local\Temp
TEMP=C:\Users\Admin\AppData\Local\Temp



Periodic native trim disabled

JNI global refs:
JNI global refs: 5, weak refs: 0

JNI global refs memory usage: 843, weak refs: 209

OOME stack traces (most recent first):
Classloader memory used:
Loader bootstrap                                                                       : 375K


---------------  S Y S T E M  ---------------

OS:
 Windows 10 , 64 bit Build 19041 (10.0.19041.4842)
OS uptime: 0 days 0:27 hours
Hyper-V role detected

CPU: total 8 (initial active 8) (4 cores per cpu, 2 threads per core) family 6 model 140 stepping 1 microcode 0x86, cx8, cmov, fxsr, ht, mmx, 3dnowpref, sse, sse2, sse3, ssse3, sse4.1, sse4.2, popcnt, lzcnt, tsc, tscinvbit, avx, avx2, aes, erms, clmul, bmi1, bmi2, adx, avx512f, avx512dq, avx512cd, avx512bw, avx512vl, sha, fma, vzeroupper, avx512_vpopcntdq, avx512_vpclmulqdq, avx512_vaes, avx512_vnni, clflush, clflushopt, clwb, avx512_vbmi2, avx512_vbmi, hv
Processor Information for all 8 processors :
  Max Mhz: 2803, Current Mhz: 2803, Mhz Limit: 2803

Memory: 4k page, system-wide physical 16082M (4016M free)
TotalPageFile size 16082M (AvailPageFile size 145M)
current process WorkingSet (physical memory assigned to process): 25M, peak: 25M
current process commit charge ("private bytes"): 329M, peak: 330M

vm_info: OpenJDK 64-Bit Server VM (17.0.9+0--11185874) for windows-amd64 JRE (17.0.9+0--11185874), built on Dec  6 2023 18:57:44 by "androidbuild" with MS VC++ 16.10 / 16.11 (VS2019)

END.
