#
# There is insufficient memory for the Java Runtime Environment to continue.
# Native memory allocation (mmap) failed to map 264241152 bytes for G1 virtual space
# Possible reasons:
#   The system is out of physical RAM or swap space
#   The process is running with CompressedOops enabled, and the Java Heap may be blocking the growth of the native heap
# Possible solutions:
#   Reduce memory load on the system
#   Increase physical memory or swap space
#   Check if swap backing store is full
#   Decrease Java heap size (-Xmx/-Xms)
#   Decrease number of Java threads
#   Decrease Java thread stack sizes (-Xss)
#   Set larger code cache with -XX:ReservedCodeCacheSize=
#   JVM is running with Zero Based Compressed Oops mode in which the Java heap is
#     placed in the first 32GB address space. The Java Heap base address is the
#     maximum limit for the native heap growth. Please use -XX:HeapBaseMinAddress
#     to set the Java Heap base and to place the Java Heap above 32GB virtual address.
# This output file may be truncated or incomplete.
#
#  Out of Memory Error (os_windows.cpp:3825), pid=10008, tid=2356
#
# JRE version:  (17.0.9) (build )
# Java VM: OpenJDK 64-Bit Server VM (17.0.9+0--11185874, mixed mode, sharing, tiered, compressed oops, compressed class ptrs, g1 gc, windows-amd64)
# No core dump will be written. Minidumps are not enabled by default on client versions of Windows
#

---------------  S U M M A R Y ------------

Command Line: 

Host: 11th Gen Intel(R) Core(TM) i7-1165G7 @ 2.80GHz, 8 cores, 15G,  Windows 10 , 64 bit Build 19041 (10.0.19041.4842)
Time: Wed Oct 16 15:21:32 2024 Malay Peninsula Standard Time elapsed time: 0.018029 seconds (0d 0h 0m 0s)

---------------  T H R E A D  ---------------

Current thread (0x000001c921d2d010):  JavaThread "Unknown thread" [_thread_in_vm, id=2356, stack(0x0000003e3e100000,0x0000003e3e200000)]

Stack: [0x0000003e3e100000,0x0000003e3e200000]
Native frames: (J=compiled Java code, j=interpreted, Vv=VM code, C=native code)
V  [jvm.dll+0x6886e9]
V  [jvm.dll+0x841e4a]
V  [jvm.dll+0x843a8e]
V  [jvm.dll+0x8440f3]
V  [jvm.dll+0x24c14f]
V  [jvm.dll+0x685499]
V  [jvm.dll+0x679c2a]
V  [jvm.dll+0x30cf9b]
V  [jvm.dll+0x314446]
V  [jvm.dll+0x36425e]
V  [jvm.dll+0x36448f]
V  [jvm.dll+0x2e2d68]
V  [jvm.dll+0x2e3cd4]
V  [jvm.dll+0x8129f1]
V  [jvm.dll+0x3720c1]
V  [jvm.dll+0x7f152c]
V  [jvm.dll+0x3f5d4f]
V  [jvm.dll+0x3f7981]
C  [jli.dll+0x528f]
C  [ucrtbase.dll+0x21bb2]
C  [KERNEL32.DLL+0x17374]
C  [ntdll.dll+0x4cc91]


---------------  P R O C E S S  ---------------

Threads class SMR info:
_java_thread_list=0x00007ff93b17ef18, length=0, elements={
}

Java Threads: ( => current thread )

Other Threads:
  0x000001c921d99940 GCTaskThread "GC Thread#0" [stack: 0x0000003e3e200000,0x0000003e3e300000] [id=13504]
  0x000001c921daa3e0 ConcurrentGCThread "G1 Main Marker" [stack: 0x0000003e3e300000,0x0000003e3e400000] [id=10900]
  0x000001c921daae00 ConcurrentGCThread "G1 Conc#0" [stack: 0x0000003e3e400000,0x0000003e3e500000] [id=10608]

[error occurred during error reporting (printing all threads), id 0xc0000005, EXCEPTION_ACCESS_VIOLATION (0xc0000005) at pc=0x00007ff93a933937]

VM state: not at safepoint (not fully initialized)

VM Mutex/Monitor currently owned by a thread:  ([mutex/lock_event])
[0x000001c921d27a20] Heap_lock - owner thread: 0x000001c921d2d010

Heap address: 0x0000000704a00000, size: 4022 MB, Compressed Oops mode: Zero based, Oop shift amount: 3

CDS archive(s) mapped at: [0x0000000000000000-0x0000000000000000-0x0000000000000000), size 0, SharedBaseAddress: 0x0000000800000000, ArchiveRelocationMode: 1.
Narrow klass base: 0x0000000000000000, Narrow klass shift: 0, Narrow klass range: 0x0

GC Precious Log:
<Empty>

Heap:
 garbage-first heap   total 0K, used 0K [0x0000000704a00000, 0x0000000800000000)
  region size 2048K, 0 young (0K), 0 survivors (0K)
 Metaspace       used 0K, committed 0K, reserved 0K
  class space    used 0K, committed 0K, reserved 0K

Heap Regions: E=young(eden), S=young(survivor), O=old, HS=humongous(starts), HC=humongous(continues), CS=collection set, F=free, OA=open archive, CA=closed archive, TAMS=top-at-mark-start (previous, next)

Card table byte_map: [0x000001c934d10000,0x000001c9354f0000] _byte_map_base: 0x000001c9314eb000

Marking Bits (Prev, Next): (CMBitMap*) 0x000001c921d99f60, (CMBitMap*) 0x000001c921d99fa0
 Prev Bits: [0x000001c935cd0000, 0x000001c939ba8000)
 Next Bits: [0x000001c939bb0000, 0x000001c93da88000)

GC Heap History (0 events):
No events

Dll operation events (1 events):
Event: 0.003 Loaded shared library C:\Program Files\Android\Android Studio\jbr\bin\java.dll

Deoptimization events (0 events):
No events

Classes unloaded (0 events):
No events

Classes redefined (0 events):
No events

Internal exceptions (0 events):
No events

VM Operations (0 events):
No events

Events (0 events):
No events


Dynamic libraries:
0x00007ff643c70000 - 0x00007ff643c7a000 	C:\Program Files\Android\Android Studio\jbr\bin\java.EXE
0x00007ff981d50000 - 0x00007ff981f48000 	C:\Windows\SYSTEM32\ntdll.dll
0x00007ff980b40000 - 0x00007ff980c01000 	C:\Windows\System32\KERNEL32.DLL
0x00007ff97f8e0000 - 0x00007ff97fbdd000 	C:\Windows\System32\KERNELBASE.dll
0x00007ff97f5e0000 - 0x00007ff97f6e0000 	C:\Windows\System32\ucrtbase.dll
0x00007ff96e1f0000 - 0x00007ff96e207000 	C:\Program Files\Android\Android Studio\jbr\bin\jli.dll
0x00007ff96e100000 - 0x00007ff96e11b000 	C:\Program Files\Android\Android Studio\jbr\bin\VCRUNTIME140.dll
0x00007ff9818e0000 - 0x00007ff981a7d000 	C:\Windows\System32\USER32.dll
0x00007ff96c030000 - 0x00007ff96c2ca000 	C:\Windows\WinSxS\amd64_microsoft.windows.common-controls_6595b64144ccf1df_6.0.19041.4355_none_60b8b9eb71f62e16\COMCTL32.dll
0x00007ff97f8b0000 - 0x00007ff97f8d2000 	C:\Windows\System32\win32u.dll
0x00007ff980080000 - 0x00007ff98011e000 	C:\Windows\System32\msvcrt.dll
0x00007ff980120000 - 0x00007ff98014b000 	C:\Windows\System32\GDI32.dll
0x00007ff97f400000 - 0x00007ff97f517000 	C:\Windows\System32\gdi32full.dll
0x00007ff97fc30000 - 0x00007ff97fccd000 	C:\Windows\System32\msvcp_win.dll
0x00007ff981a80000 - 0x00007ff981aaf000 	C:\Windows\System32\IMM32.DLL
0x00007ff977740000 - 0x00007ff97774c000 	C:\Program Files\Android\Android Studio\jbr\bin\vcruntime140_1.dll
0x00007ff9577a0000 - 0x00007ff95782d000 	C:\Program Files\Android\Android Studio\jbr\bin\msvcp140.dll
0x00007ff93a640000 - 0x00007ff93b2c3000 	C:\Program Files\Android\Android Studio\jbr\bin\server\jvm.dll
0x00007ff981080000 - 0x00007ff981130000 	C:\Windows\System32\ADVAPI32.dll
0x00007ff9812f0000 - 0x00007ff981390000 	C:\Windows\System32\sechost.dll
0x00007ff981130000 - 0x00007ff981253000 	C:\Windows\System32\RPCRT4.dll
0x00007ff97f520000 - 0x00007ff97f547000 	C:\Windows\System32\bcrypt.dll
0x00007ff97e900000 - 0x00007ff97e94b000 	C:\Windows\SYSTEM32\POWRPROF.dll
0x00007ff979e20000 - 0x00007ff979e47000 	C:\Windows\SYSTEM32\WINMM.dll
0x00007ff95d650000 - 0x00007ff95d659000 	C:\Windows\SYSTEM32\WSOCK32.dll
0x00007ff975270000 - 0x00007ff97527a000 	C:\Windows\SYSTEM32\VERSION.dll
0x00007ff980150000 - 0x00007ff9801bb000 	C:\Windows\System32\WS2_32.dll
0x00007ff97e7c0000 - 0x00007ff97e7d2000 	C:\Windows\SYSTEM32\UMPDC.dll
0x00007ff97dbe0000 - 0x00007ff97dbf2000 	C:\Windows\SYSTEM32\kernel.appcore.dll
0x00007ff9749e0000 - 0x00007ff9749ea000 	C:\Program Files\Android\Android Studio\jbr\bin\jimage.dll
0x00007ff97d130000 - 0x00007ff97d314000 	C:\Windows\SYSTEM32\DBGHELP.DLL
0x00007ff979dc0000 - 0x00007ff979df4000 	C:\Windows\SYSTEM32\dbgcore.DLL
0x00007ff97f550000 - 0x00007ff97f5d2000 	C:\Windows\System32\bcryptPrimitives.dll
0x00007ff966b50000 - 0x00007ff966b75000 	C:\Program Files\Android\Android Studio\jbr\bin\java.dll

dbghelp: loaded successfully - version: 4.0.5 - missing functions: none
symbol engine: initialized successfully - sym options: 0x614 - pdb path: .;C:\Program Files\Android\Android Studio\jbr\bin;C:\Windows\SYSTEM32;C:\Windows\WinSxS\amd64_microsoft.windows.common-controls_6595b64144ccf1df_6.0.19041.4355_none_60b8b9eb71f62e16;C:\Program Files\Android\Android Studio\jbr\bin\server

VM Arguments:
java_command: <unknown>
java_class_path (initial): <not set>
Launcher Type: SUN_STANDARD

[Global flags]
     intx CICompilerCount                          = 4                                         {product} {ergonomic}
     uint ConcGCThreads                            = 2                                         {product} {ergonomic}
     uint G1ConcRefinementThreads                  = 8                                         {product} {ergonomic}
   size_t G1HeapRegionSize                         = 2097152                                   {product} {ergonomic}
    uintx GCDrainStackTargetSize                   = 64                                        {product} {ergonomic}
   size_t InitialHeapSize                          = 264241152                                 {product} {ergonomic}
   size_t MarkStackSize                            = 4194304                                   {product} {ergonomic}
   size_t MaxHeapSize                              = 4217372672                                {product} {ergonomic}
   size_t MinHeapDeltaBytes                        = 2097152                                   {product} {ergonomic}
   size_t MinHeapSize                              = 8388608                                   {product} {ergonomic}
    uintx NonNMethodCodeHeapSize                   = 5839372                                {pd product} {ergonomic}
    uintx NonProfiledCodeHeapSize                  = 122909434                              {pd product} {ergonomic}
    uintx ProfiledCodeHeapSize                     = 122909434                              {pd product} {ergonomic}
    uintx ReservedCodeCacheSize                    = 251658240                              {pd product} {ergonomic}
     bool SegmentedCodeCache                       = true                                      {product} {ergonomic}
   size_t SoftMaxHeapSize                          = 4217372672                             {manageable} {ergonomic}
     bool UseCompressedClassPointers               = true                           {product lp64_product} {ergonomic}
     bool UseCompressedOops                        = true                           {product lp64_product} {ergonomic}
     bool UseG1GC                                  = true                                      {product} {ergonomic}
     bool UseLargePagesIndividualAllocation        = false                                  {pd product} {ergonomic}

Logging:
Log output configuration:
 #0: stdout all=warning uptime,level,tags
 #1: stderr all=off uptime,level,tags

Environment Variables:
JAVA_HOME=C:\Program Files\Microsoft\jdk-17.0.10.7-hotspot\
PATH=C:\Users\Admin\AppData\Local\flutter\bin\;C:\Program Files\Microsoft\jdk-17.0.10.7-hotspot\bin;C:\Windows\system32;C:\Windows;C:\Windows\System32\Wbem;C:\Windows\System32\WindowsPowerShell\v1.0\;C:\Windows\System32\OpenSSH\;C:\Program Files\OpenVPN\bin;C:\Program Files\nodejs\;C:\ProgramData\chocolatey\bin;C:\Program Files\Git\cmd;C:\php-8.3.7;C:\xampp\php;;C:\Program Files\Docker\Docker\resources\bin;C:\Users\Admin\Flutter\bin;C:\Users\Admin\AppData\Local\Programs\Python\Python310\Scripts\;C:\Users\Admin\AppData\Local\Programs\Python\Python310\;C:\Users\Admin\AppData\Local\Programs\Python\Python312\Scripts\;C:\Users\Admin\AppData\Local\Programs\Python\Python312\;C:\Users\Admin\AppData\Local\Programs\Python\Launcher\;C:\Users\Admin\AppData\Local\flutter\bin;C:\Users\Admin\AppData\Local\Microsoft\WindowsApps;C:\Users\Admin\AppData\Local\Programs\Microsoft VS Code\bin;C:\Users\Admin\AppData\Roaming\npm;C:\Users\Admin\AppData\Local\Android\Sdk\platform-tools;C:\msys64\ucrt64\bin;C:\php-8.3.7;C:\xampp\php;;C:\Users\Admin\AppData\Local\flutter\bin\mingit\cmd
USERNAME=Admin
LANG=en_US.UTF-8
OS=Windows_NT
PROCESSOR_IDENTIFIER=Intel64 Family 6 Model 140 Stepping 1, GenuineIntel
TMP=C:\Users\Admin\AppData\Local\Temp
TEMP=C:\Users\Admin\AppData\Local\Temp



Periodic native trim disabled

JNI global refs:
JNI global refs: 0, weak refs: 0

JNI global refs memory usage: 0, weak refs: 0

OOME stack traces (most recent first):
Classloader memory used:


---------------  S Y S T E M  ---------------

OS:
 Windows 10 , 64 bit Build 19041 (10.0.19041.4842)
OS uptime: 0 days 2:33 hours
Hyper-V role detected

CPU: total 8 (initial active 8) (4 cores per cpu, 2 threads per core) family 6 model 140 stepping 1 microcode 0x86, cx8, cmov, fxsr, ht, mmx, 3dnowpref, sse, sse2, sse3, ssse3, sse4.1, sse4.2, popcnt, lzcnt, tsc, tscinvbit, avx, avx2, aes, erms, clmul, bmi1, bmi2, adx, avx512f, avx512dq, avx512cd, avx512bw, avx512vl, sha, fma, vzeroupper, avx512_vpopcntdq, avx512_vpclmulqdq, avx512_vaes, avx512_vnni, clflush, clflushopt, clwb, avx512_vbmi2, avx512_vbmi, hv
Processor Information for all 8 processors :
  Max Mhz: 2803, Current Mhz: 2803, Mhz Limit: 2803

Memory: 4k page, system-wide physical 16082M (3603M free)
TotalPageFile size 16082M (AvailPageFile size 141M)
current process WorkingSet (physical memory assigned to process): 10M, peak: 10M
current process commit charge ("private bytes"): 60M, peak: 312M

vm_info: OpenJDK 64-Bit Server VM (17.0.9+0--11185874) for windows-amd64 JRE (17.0.9+0--11185874), built on Dec  6 2023 18:57:44 by "androidbuild" with MS VC++ 16.10 / 16.11 (VS2019)

END.
