#
# There is insufficient memory for the Java Runtime Environment to continue.
# Native memory allocation (malloc) failed to allocate 659376 bytes for Chunk::new
# Possible reasons:
#   The system is out of physical RAM or swap space
#   The process is running with CompressedOops enabled, and the Java Heap may be blocking the growth of the native heap
# Possible solutions:
#   Reduce memory load on the system
#   Increase physical memory or swap space
#   Check if swap backing store is full
#   Decrease Java heap size (-Xmx/-Xms)
#   Decrease number of Java threads
#   Decrease Java thread stack sizes (-Xss)
#   Set larger code cache with -XX:ReservedCodeCacheSize=
#   JVM is running with Zero Based Compressed Oops mode in which the Java heap is
#     placed in the first 32GB address space. The Java Heap base address is the
#     maximum limit for the native heap growth. Please use -XX:HeapBaseMinAddress
#     to set the Java Heap base and to place the Java Heap above 32GB virtual address.
# This output file may be truncated or incomplete.
#
#  Out of Memory Error (arena.cpp:191), pid=12788, tid=8020
#
# JRE version: OpenJDK Runtime Environment Microsoft-8902769 (17.0.10+7) (build 17.0.10+7-LTS)
# Java VM: OpenJDK 64-Bit Server VM Microsoft-8902769 (17.0.10+7-LTS, mixed mode, sharing, tiered, compressed oops, compressed class ptrs, g1 gc, windows-amd64)
# No core dump will be written. Minidumps are not enabled by default on client versions of Windows
#

---------------  S U M M A R Y ------------

Command Line: --add-opens=java.base/java.util=ALL-UNNAMED --add-opens=java.base/java.lang=ALL-UNNAMED --add-opens=java.base/java.lang.invoke=ALL-UNNAMED --add-opens=java.prefs/java.util.prefs=ALL-UNNAMED --add-opens=java.base/java.nio.charset=ALL-UNNAMED --add-opens=java.base/java.net=ALL-UNNAMED --add-opens=java.base/java.util.concurrent.atomic=ALL-UNNAMED -Xmx4G -Dfile.encoding=windows-1252 -Duser.country=US -Duser.language=en -Duser.variant org.gradle.launcher.daemon.bootstrap.GradleDaemon 8.0

Host: 11th Gen Intel(R) Core(TM) i7-1165G7 @ 2.80GHz, 8 cores, 15G,  Windows 10 , 64 bit Build 19041 (10.0.19041.4842)
Time: Wed Oct 16 16:01:43 2024 Malay Peninsula Standard Time elapsed time: 61.681319 seconds (0d 0h 1m 1s)

---------------  T H R E A D  ---------------

Current thread (0x00000281b0748bc0):  JavaThread "C2 CompilerThread0" daemon [_thread_in_native, id=8020, stack(0x000000cfdd700000,0x000000cfdd800000)]


Current CompileTask:
C2:  61681 17170       4       org.gradle.internal.classpath.DefaultClassPath$ImmutableUniqueList$Builder::add (57 bytes)

Stack: [0x000000cfdd700000,0x000000cfdd800000]
Native frames: (J=compiled Java code, j=interpreted, Vv=VM code, C=native code)
V  [jvm.dll+0x67f829]
V  [jvm.dll+0x83750a]
V  [jvm.dll+0x838fce]
V  [jvm.dll+0x839633]
V  [jvm.dll+0x247cbf]
V  [jvm.dll+0xac524]
V  [jvm.dll+0xacb6c]
V  [jvm.dll+0x368ca2]
V  [jvm.dll+0x33311a]
V  [jvm.dll+0x3325ba]
V  [jvm.dll+0x21a401]
V  [jvm.dll+0x219821]
V  [jvm.dll+0x1a5176]
V  [jvm.dll+0x22957e]
V  [jvm.dll+0x22774c]
V  [jvm.dll+0x7ec5d7]
V  [jvm.dll+0x7e69da]
V  [jvm.dll+0x67e715]
C  [ucrtbase.dll+0x21bb2]
C  [KERNEL32.DLL+0x17374]
C  [ntdll.dll+0x4cc91]


---------------  P R O C E S S  ---------------

Threads class SMR info:
_java_thread_list=0x00000281fa68ac60, length=61, elements={
0x000002818d4d3840, 0x00000281b0628d90, 0x00000281b0629860, 0x00000281b063e0c0,
0x00000281b063e990, 0x00000281b0744ec0, 0x00000281b0745790, 0x00000281b0748bc0,
0x00000281b074a210, 0x00000281b075e9d0, 0x00000281b0890710, 0x00000281b0895640,
0x00000281f75202b0, 0x00000281f85e1010, 0x00000281f8292480, 0x00000281f717d800,
0x00000281f63cf7b0, 0x00000281f816d720, 0x00000281f816eb60, 0x00000281f816dc30,
0x00000281f816c2e0, 0x00000281f816e650, 0x00000281f816f070, 0x00000281f8b4ca90,
0x00000281f8b4cfa0, 0x00000281f8b4e3e0, 0x00000281f8b4c580, 0x00000281f7e919e0,
0x00000281f7e8e740, 0x00000281f7e93330, 0x00000281f7e8f160, 0x00000281fc64fe30,
0x00000281fc64b750, 0x00000281fc64d0a0, 0x00000281fc64dac0, 0x00000281fa49be80,
0x00000281fc64ad30, 0x00000281fbab9680, 0x00000281841d3a40, 0x00000281f816b8c0,
0x00000281f816cd00, 0x00000281f816bdd0, 0x00000281f816d210, 0x00000281fbab4070,
0x00000281fcdf6650, 0x00000281fcdf7640, 0x00000281fbab7820, 0x00000281fbab68f0,
0x00000281fbab4a90, 0x00000281fbab3b60, 0x00000281fbab9b90, 0x00000281fbab59c0,
0x00000281fbab7d30, 0x00000281fbab3140, 0x00000281fbab54b0, 0x00000281fbab8240,
0x00000281fbab8750, 0x00000281fbab5ed0, 0x00000281fbab4580, 0x00000281fbab9170,
0x00000281fbab8c60
}

Java Threads: ( => current thread )
  0x000002818d4d3840 JavaThread "main" [_thread_blocked, id=420, stack(0x000000cfdca00000,0x000000cfdcb00000)]
  0x00000281b0628d90 JavaThread "Reference Handler" daemon [_thread_blocked, id=2384, stack(0x000000cfdd100000,0x000000cfdd200000)]
  0x00000281b0629860 JavaThread "Finalizer" daemon [_thread_blocked, id=2616, stack(0x000000cfdd200000,0x000000cfdd300000)]
  0x00000281b063e0c0 JavaThread "Signal Dispatcher" daemon [_thread_blocked, id=7996, stack(0x000000cfdd300000,0x000000cfdd400000)]
  0x00000281b063e990 JavaThread "Attach Listener" daemon [_thread_blocked, id=11408, stack(0x000000cfdd400000,0x000000cfdd500000)]
  0x00000281b0744ec0 JavaThread "Service Thread" daemon [_thread_blocked, id=15748, stack(0x000000cfdd500000,0x000000cfdd600000)]
  0x00000281b0745790 JavaThread "Monitor Deflation Thread" daemon [_thread_blocked, id=13272, stack(0x000000cfdd600000,0x000000cfdd700000)]
=>0x00000281b0748bc0 JavaThread "C2 CompilerThread0" daemon [_thread_in_native, id=8020, stack(0x000000cfdd700000,0x000000cfdd800000)]
  0x00000281b074a210 JavaThread "C1 CompilerThread0" daemon [_thread_blocked, id=9420, stack(0x000000cfdd800000,0x000000cfdd900000)]
  0x00000281b075e9d0 JavaThread "Sweeper thread" daemon [_thread_blocked, id=9356, stack(0x000000cfdd900000,0x000000cfdda00000)]
  0x00000281b0890710 JavaThread "Common-Cleaner" daemon [_thread_blocked, id=11692, stack(0x000000cfdda00000,0x000000cfddb00000)]
  0x00000281b0895640 JavaThread "Notification Thread" daemon [_thread_blocked, id=7960, stack(0x000000cfddb00000,0x000000cfddc00000)]
  0x00000281f75202b0 JavaThread "Daemon health stats" [_thread_blocked, id=11560, stack(0x000000cfde400000,0x000000cfde500000)]
  0x00000281f85e1010 JavaThread "Incoming local TCP Connector on port 52357" [_thread_in_native, id=1956, stack(0x000000cfde500000,0x000000cfde600000)]
  0x00000281f8292480 JavaThread "Daemon periodic checks" [_thread_blocked, id=12060, stack(0x000000cfde600000,0x000000cfde700000)]
  0x00000281f717d800 JavaThread "Daemon" [_thread_blocked, id=6120, stack(0x000000cfde700000,0x000000cfde800000)]
  0x00000281f63cf7b0 JavaThread "Daemon worker" [_thread_blocked, id=9604, stack(0x000000cfdea00000,0x000000cfdeb00000)]
  0x00000281f816d720 JavaThread "Cache worker for journal cache (C:\Users\Admin\.gradle\caches\journal-1)" [_thread_blocked, id=7004, stack(0x000000cfdee00000,0x000000cfdef00000)]
  0x00000281f816eb60 JavaThread "File lock request listener" [_thread_in_native, id=16088, stack(0x000000cfdef00000,0x000000cfdf000000)]
  0x00000281f816dc30 JavaThread "Cache worker for file hash cache (C:\Users\Admin\.gradle\caches\8.0\fileHashes)" [_thread_blocked, id=4204, stack(0x000000cfdf000000,0x000000cfdf100000)]
  0x00000281f816c2e0 JavaThread "File watcher server" daemon [_thread_in_native, id=2444, stack(0x000000cfdf100000,0x000000cfdf200000)]
  0x00000281f816e650 JavaThread "File watcher consumer" daemon [_thread_blocked, id=11752, stack(0x000000cfdf200000,0x000000cfdf300000)]
  0x00000281f816f070 JavaThread "Cache worker for file content cache (C:\Users\Admin\.gradle\caches\8.0\fileContent)" [_thread_blocked, id=9336, stack(0x000000cfdf500000,0x000000cfdf600000)]
  0x00000281f8b4ca90 JavaThread "Cache worker for execution history cache (C:\Users\Admin\.gradle\caches\8.0\executionHistory)" [_thread_blocked, id=10252, stack(0x000000cfdfb00000,0x000000cfdfc00000)]
  0x00000281f8b4cfa0 JavaThread "jar transforms" [_thread_blocked, id=11456, stack(0x000000cfdfc00000,0x000000cfdfd00000)]
  0x00000281f8b4e3e0 JavaThread "Cache worker for kotlin-dsl (C:\Users\Admin\.gradle\caches\8.0\kotlin-dsl)" [_thread_blocked, id=12492, stack(0x000000cfdfd00000,0x000000cfdfe00000)]
  0x00000281f8b4c580 JavaThread "jar transforms Thread 2" [_thread_blocked, id=16036, stack(0x000000cfdfe00000,0x000000cfdff00000)]
  0x00000281f7e919e0 JavaThread "jar transforms Thread 3" [_thread_blocked, id=11516, stack(0x000000cfe0100000,0x000000cfe0200000)]
  0x00000281f7e8e740 JavaThread "Memory manager" [_thread_blocked, id=3760, stack(0x000000cfe0200000,0x000000cfe0300000)]
  0x00000281f7e93330 JavaThread "jar transforms Thread 4" [_thread_blocked, id=15576, stack(0x000000cfe0300000,0x000000cfe0400000)]
  0x00000281f7e8f160 JavaThread "included builds" [_thread_blocked, id=11708, stack(0x000000cfe0400000,0x000000cfe0500000)]
  0x00000281fc64fe30 JavaThread "jar transforms Thread 5" [_thread_blocked, id=8024, stack(0x000000cfe5d00000,0x000000cfe5e00000)]
  0x00000281fc64b750 JavaThread "jar transforms Thread 6" [_thread_blocked, id=13372, stack(0x000000cfe5e00000,0x000000cfe5f00000)]
  0x00000281fc64d0a0 JavaThread "jar transforms Thread 7" [_thread_blocked, id=13364, stack(0x000000cfe5f00000,0x000000cfe6000000)]
  0x00000281fc64dac0 JavaThread "jar transforms Thread 8" [_thread_blocked, id=16052, stack(0x000000cfe6000000,0x000000cfe6100000)]
  0x00000281fa49be80 JavaThread "File lock release action executor" [_thread_blocked, id=2520, stack(0x000000cfddd00000,0x000000cfdde00000)]
  0x00000281fc64ad30 JavaThread "included builds" [_thread_blocked, id=12088, stack(0x000000cfe0600000,0x000000cfe0700000)]
  0x00000281fbab9680 JavaThread "included builds" [_thread_blocked, id=11200, stack(0x000000cfe0800000,0x000000cfe0900000)]
  0x00000281841d3a40 JavaThread "included builds" [_thread_blocked, id=15508, stack(0x000000cfe0900000,0x000000cfe0a00000)]
  0x00000281f816b8c0 JavaThread "Handler for socket connection from /127.0.0.1:52357 to /127.0.0.1:52404" [_thread_in_native, id=1372, stack(0x000000cfdc700000,0x000000cfdc800000)]
  0x00000281f816cd00 JavaThread "Cancel handler" [_thread_blocked, id=7048, stack(0x000000cfdc800000,0x000000cfdc900000)]
  0x00000281f816bdd0 JavaThread "Asynchronous log dispatcher for DefaultDaemonConnection: socket connection from /127.0.0.1:52357 to /127.0.0.1:52404" [_thread_blocked, id=13044, stack(0x000000cfdc900000,0x000000cfdca00000)]
  0x00000281f816d210 JavaThread "Stdin handler" [_thread_blocked, id=14864, stack(0x000000cfde800000,0x000000cfde900000)]
  0x00000281fbab4070 JavaThread "Daemon client event forwarder" [_thread_blocked, id=13956, stack(0x000000cfde900000,0x000000cfdea00000)]
  0x00000281fcdf6650 JavaThread "C2 CompilerThread1" daemon [_thread_in_native, id=5608, stack(0x000000cfdeb00000,0x000000cfdec00000)]
  0x00000281fcdf7640 JavaThread "C2 CompilerThread2" daemon [_thread_in_native, id=12856, stack(0x000000cfdec00000,0x000000cfded00000)]
  0x00000281fbab7820 JavaThread "Cache worker for checksums cache (C:\Users\Admin\Desktop\E-HandyHelp\android\.gradle\8.0\checksums)" [_thread_blocked, id=8008, stack(0x000000cfded00000,0x000000cfdee00000)]
  0x00000281fbab68f0 JavaThread "Cache worker for cache directory md-rule (C:\Users\Admin\.gradle\caches\8.0\md-rule)" [_thread_blocked, id=15420, stack(0x000000cfdf300000,0x000000cfdf400000)]
  0x00000281fbab4a90 JavaThread "Cache worker for file hash cache (C:\Users\Admin\Desktop\E-HandyHelp\android\.gradle\8.0\fileHashes)" [_thread_blocked, id=12132, stack(0x000000cfdf400000,0x000000cfdf500000)]
  0x00000281fbab3b60 JavaThread "Cache worker for cache directory md-supplier (C:\Users\Admin\.gradle\caches\8.0\md-supplier)" [_thread_blocked, id=13420, stack(0x000000cfdf600000,0x000000cfdf700000)]
  0x00000281fbab9b90 JavaThread "Cache worker for dependencies-accessors (C:\Users\Admin\Desktop\E-HandyHelp\android\.gradle\8.0\dependencies-accessors)" [_thread_blocked, id=15120, stack(0x000000cfdf700000,0x000000cfdf800000)]
  0x00000281fbab59c0 JavaThread "Cache worker for Build Output Cleanup Cache (C:\Users\Admin\AppData\Local\flutter\packages\flutter_tools\gradle\.gradle\buildOutputCleanup)" [_thread_blocked, id=14932, stack(0x000000cfdff00000,0x000000cfe0000000)]
  0x00000281fbab7d30 JavaThread "included builds" [_thread_blocked, id=10600, stack(0x000000cfe0000000,0x000000cfe0100000)]
  0x00000281fbab3140 JavaThread "Execution worker" [_thread_in_native, id=15884, stack(0x000000cfe0500000,0x000000cfe0600000)]
  0x00000281fbab54b0 JavaThread "Execution worker Thread 2" [_thread_blocked, id=8788, stack(0x000000cfe0700000,0x000000cfe0800000)]
  0x00000281fbab8240 JavaThread "Execution worker Thread 3" [_thread_blocked, id=16348, stack(0x000000cfe0a00000,0x000000cfe0b00000)]
  0x00000281fbab8750 JavaThread "Execution worker Thread 4" [_thread_blocked, id=14988, stack(0x000000cfe0b00000,0x000000cfe0c00000)]
  0x00000281fbab5ed0 JavaThread "Execution worker Thread 5" [_thread_blocked, id=13380, stack(0x000000cfe0c00000,0x000000cfe0d00000)]
  0x00000281fbab4580 JavaThread "Execution worker Thread 6" [_thread_blocked, id=2132, stack(0x000000cfe0d00000,0x000000cfe0e00000)]
  0x00000281fbab9170 JavaThread "Execution worker Thread 7" [_thread_blocked, id=11784, stack(0x000000cfe0e00000,0x000000cfe0f00000)]
  0x00000281fbab8c60 JavaThread "Cache worker for execution history cache (C:\Users\Admin\AppData\Local\flutter\packages\flutter_tools\gradle\.gradle\8.0\executionHistory)" [_thread_blocked, id=14856, stack(0x000000cfe0f00000,0x000000cfe1000000)]

Other Threads:
  0x00000281b0623700 VMThread "VM Thread" [stack: 0x000000cfdd000000,0x000000cfdd100000] [id=14824]
  0x00000281b089db10 WatcherThread [stack: 0x000000cfddc00000,0x000000cfddd00000] [id=9972]
  0x000002818d53f5c0 GCTaskThread "GC Thread#0" [stack: 0x000000cfdcb00000,0x000000cfdcc00000] [id=3040]
  0x00000281f69df3a0 GCTaskThread "GC Thread#1" [stack: 0x000000cfddf00000,0x000000cfde000000] [id=10604]
  0x00000281f69df660 GCTaskThread "GC Thread#2" [stack: 0x000000cfde000000,0x000000cfde100000] [id=8480]
  0x00000281f69df920 GCTaskThread "GC Thread#3" [stack: 0x000000cfde100000,0x000000cfde200000] [id=12904]
  0x00000281f69dfbe0 GCTaskThread "GC Thread#4" [stack: 0x000000cfde200000,0x000000cfde300000] [id=16328]
  0x00000281f6d1c010 GCTaskThread "GC Thread#5" [stack: 0x000000cfde300000,0x000000cfde400000] [id=7856]
  0x00000281f7da7fa0 GCTaskThread "GC Thread#6" [stack: 0x000000cfdf800000,0x000000cfdf900000] [id=10264]
  0x00000281f7da8aa0 GCTaskThread "GC Thread#7" [stack: 0x000000cfdf900000,0x000000cfdfa00000] [id=2748]
  0x000002818d550420 ConcurrentGCThread "G1 Main Marker" [stack: 0x000000cfdcc00000,0x000000cfdcd00000] [id=13416]
  0x000002818d550d50 ConcurrentGCThread "G1 Conc#0" [stack: 0x000000cfdcd00000,0x000000cfdce00000] [id=14524]
  0x00000281f7da8d60 ConcurrentGCThread "G1 Conc#1" [stack: 0x000000cfdfa00000,0x000000cfdfb00000] [id=7864]
  0x000002818d58e2f0 ConcurrentGCThread "G1 Refine#0" [stack: 0x000000cfdce00000,0x000000cfdcf00000] [id=3288]
  0x00000281fbdd55c0 ConcurrentGCThread "G1 Refine#1" [stack: 0x000000cfe6700000,0x000000cfe6800000] [id=6292]
  0x000002818d58ec30 ConcurrentGCThread "G1 Service" [stack: 0x000000cfdcf00000,0x000000cfdd000000] [id=11192]

Threads with active compile tasks:
C2 CompilerThread0    61697 17170       4       org.gradle.internal.classpath.DefaultClassPath$ImmutableUniqueList$Builder::add (57 bytes)
C2 CompilerThread1    61697 17198       4       org.gradle.api.internal.file.AbstractFileCollection$1::visitCollection (43 bytes)
C2 CompilerThread2    61697 17211       4       org.gradle.api.internal.attributes.HierarchicalAttributeContainer::asImmutable (72 bytes)

VM state: not at safepoint (normal execution)

VM Mutex/Monitor currently owned by a thread: None

Heap address: 0x0000000700000000, size: 4096 MB, Compressed Oops mode: Zero based, Oop shift amount: 3

CDS archive(s) mapped at: [0x00000281b1000000-0x00000281b1bb0000-0x00000281b1bb0000), size 12255232, SharedBaseAddress: 0x00000281b1000000, ArchiveRelocationMode: 1.
Compressed class space mapped at: 0x00000281b2000000-0x00000281f2000000, reserved size: 1073741824
Narrow klass base: 0x00000281b1000000, Narrow klass shift: 0, Narrow klass range: 0x100000000

GC Precious Log:
 CPUs: 8 total, 8 available
 Memory: 16082M
 Large Page Support: Disabled
 NUMA Support: Disabled
 Compressed Oops: Enabled (Zero based)
 Heap Region Size: 2M
 Heap Min Capacity: 8M
 Heap Initial Capacity: 252M
 Heap Max Capacity: 4G
 Pre-touch: Disabled
 Parallel Workers: 8
 Concurrent Workers: 2
 Concurrent Refinement Workers: 8
 Periodic GC: Disabled

Heap:
 garbage-first heap   total 618496K, used 323976K [0x0000000700000000, 0x0000000800000000)
  region size 2048K, 71 young (145408K), 17 survivors (34816K)
 Metaspace       used 93444K, committed 94656K, reserved 1179648K
  class space    used 12738K, committed 13312K, reserved 1048576K

Heap Regions: E=young(eden), S=young(survivor), O=old, HS=humongous(starts), HC=humongous(continues), CS=collection set, F=free, OA=open archive, CA=closed archive, TAMS=top-at-mark-start (previous, next)
|   0|0x0000000700000000, 0x0000000700200000, 0x0000000700200000|100%|HS|  |TAMS 0x0000000700200000, 0x0000000700000000| Complete 
|   1|0x0000000700200000, 0x0000000700400000, 0x0000000700400000|100%|HC|  |TAMS 0x0000000700400000, 0x0000000700200000| Complete 
|   2|0x0000000700400000, 0x0000000700600000, 0x0000000700600000|100%| O|  |TAMS 0x0000000700600000, 0x0000000700400000| Untracked 
|   3|0x0000000700600000, 0x0000000700800000, 0x0000000700800000|100%| O|  |TAMS 0x0000000700800000, 0x0000000700600000| Untracked 
|   4|0x0000000700800000, 0x00000007009ecc00, 0x0000000700a00000| 96%| O|  |TAMS 0x00000007009ecc00, 0x0000000700800000| Untracked 
|   5|0x0000000700a00000, 0x0000000700c00000, 0x0000000700c00000|100%| O|  |TAMS 0x0000000700c00000, 0x0000000700a00000| Untracked 
|   6|0x0000000700c00000, 0x0000000700e00000, 0x0000000700e00000|100%| O|  |TAMS 0x0000000700e00000, 0x0000000700c00000| Untracked 
|   7|0x0000000700e00000, 0x0000000701000000, 0x0000000701000000|100%| O|  |TAMS 0x0000000701000000, 0x0000000700e00000| Untracked 
|   8|0x0000000701000000, 0x0000000701200000, 0x0000000701200000|100%| O|  |TAMS 0x0000000701200000, 0x0000000701000000| Untracked 
|   9|0x0000000701200000, 0x0000000701400000, 0x0000000701400000|100%| O|  |TAMS 0x0000000701400000, 0x0000000701200000| Untracked 
|  10|0x0000000701400000, 0x0000000701600000, 0x0000000701600000|100%| O|  |TAMS 0x0000000701600000, 0x0000000701400000| Untracked 
|  11|0x0000000701600000, 0x0000000701800000, 0x0000000701800000|100%| O|  |TAMS 0x0000000701800000, 0x0000000701600000| Untracked 
|  12|0x0000000701800000, 0x0000000701a00000, 0x0000000701a00000|100%| O|  |TAMS 0x0000000701a00000, 0x0000000701800000| Untracked 
|  13|0x0000000701a00000, 0x0000000701c00000, 0x0000000701c00000|100%| O|  |TAMS 0x0000000701c00000, 0x0000000701a00000| Untracked 
|  14|0x0000000701c00000, 0x0000000701e00000, 0x0000000701e00000|100%| O|  |TAMS 0x0000000701e00000, 0x0000000701c00000| Untracked 
|  15|0x0000000701e00000, 0x0000000702000000, 0x0000000702000000|100%| O|  |TAMS 0x0000000702000000, 0x0000000701e00000| Untracked 
|  16|0x0000000702000000, 0x0000000702200000, 0x0000000702200000|100%| O|  |TAMS 0x0000000702200000, 0x0000000702000000| Untracked 
|  17|0x0000000702200000, 0x0000000702400000, 0x0000000702400000|100%|HS|  |TAMS 0x0000000702400000, 0x0000000702200000| Complete 
|  18|0x0000000702400000, 0x0000000702600000, 0x0000000702600000|100%| O|  |TAMS 0x0000000702600000, 0x0000000702400000| Untracked 
|  19|0x0000000702600000, 0x0000000702800000, 0x0000000702800000|100%| O|  |TAMS 0x0000000702800000, 0x0000000702600000| Untracked 
|  20|0x0000000702800000, 0x0000000702a00000, 0x0000000702a00000|100%| O|  |TAMS 0x0000000702a00000, 0x0000000702800000| Untracked 
|  21|0x0000000702a00000, 0x0000000702c00000, 0x0000000702c00000|100%| O|  |TAMS 0x0000000702c00000, 0x0000000702a00000| Untracked 
|  22|0x0000000702c00000, 0x0000000702e00000, 0x0000000702e00000|100%| O|  |TAMS 0x0000000702e00000, 0x0000000702c00000| Untracked 
|  23|0x0000000702e00000, 0x0000000703000000, 0x0000000703000000|100%| O|  |TAMS 0x0000000703000000, 0x0000000702e00000| Untracked 
|  24|0x0000000703000000, 0x0000000703200000, 0x0000000703200000|100%| O|  |TAMS 0x0000000703200000, 0x0000000703000000| Untracked 
|  25|0x0000000703200000, 0x0000000703400000, 0x0000000703400000|100%| O|  |TAMS 0x0000000703400000, 0x0000000703200000| Untracked 
|  26|0x0000000703400000, 0x0000000703600000, 0x0000000703600000|100%|HS|  |TAMS 0x0000000703600000, 0x0000000703400000| Complete 
|  27|0x0000000703600000, 0x0000000703800000, 0x0000000703800000|100%|HC|  |TAMS 0x0000000703800000, 0x0000000703600000| Complete 
|  28|0x0000000703800000, 0x0000000703a00000, 0x0000000703a00000|100%| O|  |TAMS 0x0000000703a00000, 0x0000000703800000| Untracked 
|  29|0x0000000703a00000, 0x0000000703c00000, 0x0000000703c00000|100%| O|  |TAMS 0x0000000703a00000, 0x0000000703a00000| Untracked 
|  30|0x0000000703c00000, 0x0000000703e00000, 0x0000000703e00000|100%| O|  |TAMS 0x0000000703e00000, 0x0000000703c00000| Untracked 
|  31|0x0000000703e00000, 0x0000000704000000, 0x0000000704000000|100%| O|  |TAMS 0x0000000704000000, 0x0000000703e00000| Untracked 
|  32|0x0000000704000000, 0x0000000704200000, 0x0000000704200000|100%| O|  |TAMS 0x0000000704200000, 0x0000000704000000| Untracked 
|  33|0x0000000704200000, 0x0000000704400000, 0x0000000704400000|100%| O|  |TAMS 0x0000000704400000, 0x0000000704200000| Untracked 
|  34|0x0000000704400000, 0x0000000704600000, 0x0000000704600000|100%| O|  |TAMS 0x0000000704600000, 0x0000000704400000| Untracked 
|  35|0x0000000704600000, 0x0000000704800000, 0x0000000704800000|100%| O|  |TAMS 0x0000000704800000, 0x0000000704600000| Untracked 
|  36|0x0000000704800000, 0x0000000704a00000, 0x0000000704a00000|100%| O|  |TAMS 0x0000000704a00000, 0x0000000704800000| Untracked 
|  37|0x0000000704a00000, 0x0000000704c00000, 0x0000000704c00000|100%|HS|  |TAMS 0x0000000704c00000, 0x0000000704a00000| Complete 
|  38|0x0000000704c00000, 0x0000000704e00000, 0x0000000704e00000|100%|HC|  |TAMS 0x0000000704e00000, 0x0000000704c00000| Complete 
|  39|0x0000000704e00000, 0x0000000705000000, 0x0000000705000000|100%| O|  |TAMS 0x0000000705000000, 0x0000000704e00000| Untracked 
|  40|0x0000000705000000, 0x0000000705200000, 0x0000000705200000|100%| O|  |TAMS 0x0000000705200000, 0x0000000705000000| Untracked 
|  41|0x0000000705200000, 0x0000000705400000, 0x0000000705400000|100%| O|  |TAMS 0x0000000705400000, 0x0000000705200000| Untracked 
|  42|0x0000000705400000, 0x0000000705600000, 0x0000000705600000|100%| O|  |TAMS 0x0000000705600000, 0x0000000705400000| Untracked 
|  43|0x0000000705600000, 0x0000000705800000, 0x0000000705800000|100%| O|  |TAMS 0x0000000705800000, 0x0000000705600000| Untracked 
|  44|0x0000000705800000, 0x0000000705a00000, 0x0000000705a00000|100%| O|  |TAMS 0x0000000705a00000, 0x0000000705800000| Untracked 
|  45|0x0000000705a00000, 0x0000000705c00000, 0x0000000705c00000|100%| O|  |TAMS 0x0000000705c00000, 0x0000000705a00000| Untracked 
|  46|0x0000000705c00000, 0x0000000705e00000, 0x0000000705e00000|100%| O|  |TAMS 0x0000000705e00000, 0x0000000705c00000| Untracked 
|  47|0x0000000705e00000, 0x0000000706000000, 0x0000000706000000|100%| O|  |TAMS 0x0000000706000000, 0x0000000705e00000| Untracked 
|  48|0x0000000706000000, 0x0000000706200000, 0x0000000706200000|100%| O|  |TAMS 0x0000000706200000, 0x0000000706000000| Untracked 
|  49|0x0000000706200000, 0x0000000706400000, 0x0000000706400000|100%| O|  |TAMS 0x0000000706400000, 0x0000000706200000| Untracked 
|  50|0x0000000706400000, 0x0000000706600000, 0x0000000706600000|100%| O|  |TAMS 0x0000000706600000, 0x0000000706400000| Untracked 
|  51|0x0000000706600000, 0x0000000706800000, 0x0000000706800000|100%| O|  |TAMS 0x0000000706800000, 0x0000000706600000| Untracked 
|  52|0x0000000706800000, 0x0000000706a00000, 0x0000000706a00000|100%| O|  |TAMS 0x0000000706a00000, 0x0000000706800000| Untracked 
|  53|0x0000000706a00000, 0x0000000706c00000, 0x0000000706c00000|100%| O|  |TAMS 0x0000000706c00000, 0x0000000706a00000| Untracked 
|  54|0x0000000706c00000, 0x0000000706e00000, 0x0000000706e00000|100%| O|  |TAMS 0x0000000706c00000, 0x0000000706c00000| Untracked 
|  55|0x0000000706e00000, 0x0000000707000000, 0x0000000707000000|100%|HS|  |TAMS 0x0000000707000000, 0x0000000706e00000| Complete 
|  56|0x0000000707000000, 0x0000000707200000, 0x0000000707200000|100%|HC|  |TAMS 0x0000000707200000, 0x0000000707000000| Complete 
|  57|0x0000000707200000, 0x0000000707400000, 0x0000000707400000|100%| O|  |TAMS 0x0000000707400000, 0x0000000707200000| Untracked 
|  58|0x0000000707400000, 0x0000000707600000, 0x0000000707600000|100%| O|  |TAMS 0x0000000707600000, 0x0000000707400000| Untracked 
|  59|0x0000000707600000, 0x0000000707800000, 0x0000000707800000|100%| O|  |TAMS 0x0000000707800000, 0x0000000707600000| Untracked 
|  60|0x0000000707800000, 0x0000000707a00000, 0x0000000707a00000|100%| O|  |TAMS 0x0000000707a00000, 0x0000000707800000| Untracked 
|  61|0x0000000707a00000, 0x0000000707c00000, 0x0000000707c00000|100%| O|  |TAMS 0x0000000707c00000, 0x0000000707a00000| Untracked 
|  62|0x0000000707c00000, 0x0000000707e00000, 0x0000000707e00000|100%| O|  |TAMS 0x0000000707e00000, 0x0000000707c00000| Untracked 
|  63|0x0000000707e00000, 0x0000000708000000, 0x0000000708000000|100%| O|  |TAMS 0x0000000708000000, 0x0000000707e00000| Untracked 
|  64|0x0000000708000000, 0x0000000708200000, 0x0000000708200000|100%| O|  |TAMS 0x0000000708200000, 0x0000000708000000| Untracked 
|  65|0x0000000708200000, 0x0000000708400000, 0x0000000708400000|100%| O|  |TAMS 0x000000070828b200, 0x0000000708200000| Untracked 
|  66|0x0000000708400000, 0x0000000708600000, 0x0000000708600000|100%| O|  |TAMS 0x0000000708400000, 0x0000000708400000| Untracked 
|  67|0x0000000708600000, 0x0000000708800000, 0x0000000708800000|100%| O|  |TAMS 0x0000000708600000, 0x0000000708600000| Untracked 
|  68|0x0000000708800000, 0x0000000708a00000, 0x0000000708a00000|100%| O|  |TAMS 0x0000000708800000, 0x0000000708800000| Untracked 
|  69|0x0000000708a00000, 0x0000000708c00000, 0x0000000708c00000|100%| O|  |TAMS 0x0000000708a00000, 0x0000000708a00000| Untracked 
|  70|0x0000000708c00000, 0x0000000708e00000, 0x0000000708e00000|100%| O|  |TAMS 0x0000000708c00000, 0x0000000708c00000| Untracked 
|  71|0x0000000708e00000, 0x0000000709000000, 0x0000000709000000|100%| O|  |TAMS 0x0000000708e00000, 0x0000000708e00000| Untracked 
|  72|0x0000000709000000, 0x0000000709200000, 0x0000000709200000|100%| O|  |TAMS 0x0000000709000000, 0x0000000709000000| Untracked 
|  73|0x0000000709200000, 0x0000000709400000, 0x0000000709400000|100%| O|  |TAMS 0x0000000709200000, 0x0000000709200000| Untracked 
|  74|0x0000000709400000, 0x0000000709600000, 0x0000000709600000|100%| O|  |TAMS 0x0000000709400000, 0x0000000709400000| Untracked 
|  75|0x0000000709600000, 0x0000000709800000, 0x0000000709800000|100%| O|  |TAMS 0x0000000709600000, 0x0000000709600000| Untracked 
|  76|0x0000000709800000, 0x0000000709a00000, 0x0000000709a00000|100%| O|  |TAMS 0x0000000709800000, 0x0000000709800000| Untracked 
|  77|0x0000000709a00000, 0x0000000709c00000, 0x0000000709c00000|100%| O|  |TAMS 0x0000000709a00000, 0x0000000709a00000| Untracked 
|  78|0x0000000709c00000, 0x0000000709e00000, 0x0000000709e00000|100%| O|  |TAMS 0x0000000709c00000, 0x0000000709c00000| Untracked 
|  79|0x0000000709e00000, 0x000000070a000000, 0x000000070a000000|100%| O|  |TAMS 0x0000000709e00000, 0x0000000709e00000| Untracked 
|  80|0x000000070a000000, 0x000000070a200000, 0x000000070a200000|100%| O|  |TAMS 0x000000070a000000, 0x000000070a000000| Untracked 
|  81|0x000000070a200000, 0x000000070a400000, 0x000000070a400000|100%| O|  |TAMS 0x000000070a200000, 0x000000070a200000| Untracked 
|  82|0x000000070a400000, 0x000000070a600000, 0x000000070a600000|100%| O|  |TAMS 0x000000070a400000, 0x000000070a400000| Untracked 
|  83|0x000000070a600000, 0x000000070a800000, 0x000000070a800000|100%| O|  |TAMS 0x000000070a600000, 0x000000070a600000| Untracked 
|  84|0x000000070a800000, 0x000000070aa00000, 0x000000070aa00000|100%| O|  |TAMS 0x000000070a800000, 0x000000070a800000| Untracked 
|  85|0x000000070aa00000, 0x000000070ac00000, 0x000000070ac00000|100%| O|  |TAMS 0x000000070aa00000, 0x000000070aa00000| Untracked 
|  86|0x000000070ac00000, 0x000000070ae00000, 0x000000070ae00000|100%| O|  |TAMS 0x000000070ac00000, 0x000000070ac00000| Untracked 
|  87|0x000000070ae00000, 0x000000070ae75400, 0x000000070b000000| 22%| O|  |TAMS 0x000000070ae00000, 0x000000070ae00000| Untracked 
|  88|0x000000070b000000, 0x000000070b000000, 0x000000070b200000|  0%| F|  |TAMS 0x000000070b000000, 0x000000070b000000| Untracked 
|  89|0x000000070b200000, 0x000000070b200000, 0x000000070b400000|  0%| F|  |TAMS 0x000000070b200000, 0x000000070b200000| Untracked 
|  90|0x000000070b400000, 0x000000070b400000, 0x000000070b600000|  0%| F|  |TAMS 0x000000070b400000, 0x000000070b400000| Untracked 
|  91|0x000000070b600000, 0x000000070b600000, 0x000000070b800000|  0%| F|  |TAMS 0x000000070b600000, 0x000000070b600000| Untracked 
|  92|0x000000070b800000, 0x000000070b800000, 0x000000070ba00000|  0%| F|  |TAMS 0x000000070b800000, 0x000000070b800000| Untracked 
|  93|0x000000070ba00000, 0x000000070ba00000, 0x000000070bc00000|  0%| F|  |TAMS 0x000000070ba00000, 0x000000070ba00000| Untracked 
|  94|0x000000070bc00000, 0x000000070bc00000, 0x000000070be00000|  0%| F|  |TAMS 0x000000070bc00000, 0x000000070bc00000| Untracked 
|  95|0x000000070be00000, 0x000000070be00000, 0x000000070c000000|  0%| F|  |TAMS 0x000000070be00000, 0x000000070be00000| Untracked 
|  96|0x000000070c000000, 0x000000070c000000, 0x000000070c200000|  0%| F|  |TAMS 0x000000070c000000, 0x000000070c000000| Untracked 
|  97|0x000000070c200000, 0x000000070c200000, 0x000000070c400000|  0%| F|  |TAMS 0x000000070c200000, 0x000000070c200000| Untracked 
|  98|0x000000070c400000, 0x000000070c400000, 0x000000070c600000|  0%| F|  |TAMS 0x000000070c400000, 0x000000070c400000| Untracked 
|  99|0x000000070c600000, 0x000000070c600000, 0x000000070c800000|  0%| F|  |TAMS 0x000000070c600000, 0x000000070c600000| Untracked 
| 100|0x000000070c800000, 0x000000070c800000, 0x000000070ca00000|  0%| F|  |TAMS 0x000000070c800000, 0x000000070c800000| Untracked 
| 101|0x000000070ca00000, 0x000000070ca00000, 0x000000070cc00000|  0%| F|  |TAMS 0x000000070ca00000, 0x000000070ca00000| Untracked 
| 102|0x000000070cc00000, 0x000000070cc00000, 0x000000070ce00000|  0%| F|  |TAMS 0x000000070cc00000, 0x000000070cc00000| Untracked 
| 103|0x000000070ce00000, 0x000000070ce00000, 0x000000070d000000|  0%| F|  |TAMS 0x000000070ce00000, 0x000000070ce00000| Untracked 
| 104|0x000000070d000000, 0x000000070d000000, 0x000000070d200000|  0%| F|  |TAMS 0x000000070d000000, 0x000000070d000000| Untracked 
| 105|0x000000070d200000, 0x000000070d200000, 0x000000070d400000|  0%| F|  |TAMS 0x000000070d200000, 0x000000070d200000| Untracked 
| 106|0x000000070d400000, 0x000000070d400000, 0x000000070d600000|  0%| F|  |TAMS 0x000000070d400000, 0x000000070d400000| Untracked 
| 107|0x000000070d600000, 0x000000070d600000, 0x000000070d800000|  0%| F|  |TAMS 0x000000070d600000, 0x000000070d600000| Untracked 
| 108|0x000000070d800000, 0x000000070d800000, 0x000000070da00000|  0%| F|  |TAMS 0x000000070d800000, 0x000000070d800000| Untracked 
| 109|0x000000070da00000, 0x000000070da00000, 0x000000070dc00000|  0%| F|  |TAMS 0x000000070da00000, 0x000000070da00000| Untracked 
| 110|0x000000070dc00000, 0x000000070dc00000, 0x000000070de00000|  0%| F|  |TAMS 0x000000070dc00000, 0x000000070dc00000| Untracked 
| 111|0x000000070de00000, 0x000000070de00000, 0x000000070e000000|  0%| F|  |TAMS 0x000000070de00000, 0x000000070de00000| Untracked 
| 112|0x000000070e000000, 0x000000070e000000, 0x000000070e200000|  0%| F|  |TAMS 0x000000070e000000, 0x000000070e000000| Untracked 
| 113|0x000000070e200000, 0x000000070e200000, 0x000000070e400000|  0%| F|  |TAMS 0x000000070e200000, 0x000000070e200000| Untracked 
| 114|0x000000070e400000, 0x000000070e400000, 0x000000070e600000|  0%| F|  |TAMS 0x000000070e400000, 0x000000070e400000| Untracked 
| 115|0x000000070e600000, 0x000000070e600000, 0x000000070e800000|  0%| F|  |TAMS 0x000000070e600000, 0x000000070e600000| Untracked 
| 116|0x000000070e800000, 0x000000070e800000, 0x000000070ea00000|  0%| F|  |TAMS 0x000000070e800000, 0x000000070e800000| Untracked 
| 117|0x000000070ea00000, 0x000000070ea00000, 0x000000070ec00000|  0%| F|  |TAMS 0x000000070ea00000, 0x000000070ea00000| Untracked 
| 118|0x000000070ec00000, 0x000000070ec00000, 0x000000070ee00000|  0%| F|  |TAMS 0x000000070ec00000, 0x000000070ec00000| Untracked 
| 119|0x000000070ee00000, 0x000000070ee00000, 0x000000070f000000|  0%| F|  |TAMS 0x000000070ee00000, 0x000000070ee00000| Untracked 
| 120|0x000000070f000000, 0x000000070f000000, 0x000000070f200000|  0%| F|  |TAMS 0x000000070f000000, 0x000000070f000000| Untracked 
| 121|0x000000070f200000, 0x000000070f200000, 0x000000070f400000|  0%| F|  |TAMS 0x000000070f200000, 0x000000070f200000| Untracked 
| 122|0x000000070f400000, 0x000000070f400000, 0x000000070f600000|  0%| F|  |TAMS 0x000000070f400000, 0x000000070f400000| Untracked 
| 123|0x000000070f600000, 0x000000070f600000, 0x000000070f800000|  0%| F|  |TAMS 0x000000070f600000, 0x000000070f600000| Untracked 
| 124|0x000000070f800000, 0x000000070f800000, 0x000000070fa00000|  0%| F|  |TAMS 0x000000070f800000, 0x000000070f800000| Untracked 
| 125|0x000000070fa00000, 0x000000070fa00000, 0x000000070fc00000|  0%| F|  |TAMS 0x000000070fa00000, 0x000000070fa00000| Untracked 
| 126|0x000000070fc00000, 0x000000070fc00000, 0x000000070fe00000|  0%| F|  |TAMS 0x000000070fc00000, 0x000000070fc00000| Untracked 
| 127|0x000000070fe00000, 0x000000070fe00000, 0x0000000710000000|  0%| F|  |TAMS 0x000000070fe00000, 0x000000070fe00000| Untracked 
| 128|0x0000000710000000, 0x0000000710000000, 0x0000000710200000|  0%| F|  |TAMS 0x0000000710000000, 0x0000000710000000| Untracked 
| 129|0x0000000710200000, 0x0000000710200000, 0x0000000710400000|  0%| F|  |TAMS 0x0000000710200000, 0x0000000710200000| Untracked 
| 130|0x0000000710400000, 0x0000000710400000, 0x0000000710600000|  0%| F|  |TAMS 0x0000000710400000, 0x0000000710400000| Untracked 
| 131|0x0000000710600000, 0x0000000710600000, 0x0000000710800000|  0%| F|  |TAMS 0x0000000710600000, 0x0000000710600000| Untracked 
| 132|0x0000000710800000, 0x0000000710800000, 0x0000000710a00000|  0%| F|  |TAMS 0x0000000710800000, 0x0000000710800000| Untracked 
| 133|0x0000000710a00000, 0x0000000710a00000, 0x0000000710c00000|  0%| F|  |TAMS 0x0000000710a00000, 0x0000000710a00000| Untracked 
| 134|0x0000000710c00000, 0x0000000710c00000, 0x0000000710e00000|  0%| F|  |TAMS 0x0000000710c00000, 0x0000000710c00000| Untracked 
| 135|0x0000000710e00000, 0x0000000710e00000, 0x0000000711000000|  0%| F|  |TAMS 0x0000000710e00000, 0x0000000710e00000| Untracked 
| 136|0x0000000711000000, 0x0000000711000000, 0x0000000711200000|  0%| F|  |TAMS 0x0000000711000000, 0x0000000711000000| Untracked 
| 137|0x0000000711200000, 0x0000000711200000, 0x0000000711400000|  0%| F|  |TAMS 0x0000000711200000, 0x0000000711200000| Untracked 
| 138|0x0000000711400000, 0x0000000711400000, 0x0000000711600000|  0%| F|  |TAMS 0x0000000711400000, 0x0000000711400000| Untracked 
| 139|0x0000000711600000, 0x0000000711600000, 0x0000000711800000|  0%| F|  |TAMS 0x0000000711600000, 0x0000000711600000| Untracked 
| 140|0x0000000711800000, 0x0000000711800000, 0x0000000711a00000|  0%| F|  |TAMS 0x0000000711800000, 0x0000000711800000| Untracked 
| 141|0x0000000711a00000, 0x0000000711a00000, 0x0000000711c00000|  0%| F|  |TAMS 0x0000000711a00000, 0x0000000711a00000| Untracked 
| 142|0x0000000711c00000, 0x0000000711c00000, 0x0000000711e00000|  0%| F|  |TAMS 0x0000000711c00000, 0x0000000711c00000| Untracked 
| 143|0x0000000711e00000, 0x0000000711e00000, 0x0000000712000000|  0%| F|  |TAMS 0x0000000711e00000, 0x0000000711e00000| Untracked 
| 144|0x0000000712000000, 0x0000000712000000, 0x0000000712200000|  0%| F|  |TAMS 0x0000000712000000, 0x0000000712000000| Untracked 
| 145|0x0000000712200000, 0x0000000712200000, 0x0000000712400000|  0%| F|  |TAMS 0x0000000712200000, 0x0000000712200000| Untracked 
| 146|0x0000000712400000, 0x0000000712400000, 0x0000000712600000|  0%| F|  |TAMS 0x0000000712400000, 0x0000000712400000| Untracked 
| 147|0x0000000712600000, 0x0000000712600000, 0x0000000712800000|  0%| F|  |TAMS 0x0000000712600000, 0x0000000712600000| Untracked 
| 148|0x0000000712800000, 0x0000000712800000, 0x0000000712a00000|  0%| F|  |TAMS 0x0000000712800000, 0x0000000712800000| Untracked 
| 149|0x0000000712a00000, 0x0000000712c00000, 0x0000000712c00000|100%| S|CS|TAMS 0x0000000712a00000, 0x0000000712a00000| Complete 
| 150|0x0000000712c00000, 0x0000000712c00000, 0x0000000712e00000|  0%| F|  |TAMS 0x0000000712c00000, 0x0000000712c00000| Untracked 
| 151|0x0000000712e00000, 0x0000000712e00000, 0x0000000713000000|  0%| F|  |TAMS 0x0000000712e00000, 0x0000000712e00000| Untracked 
| 152|0x0000000713000000, 0x0000000713000000, 0x0000000713200000|  0%| F|  |TAMS 0x0000000713000000, 0x0000000713000000| Untracked 
| 153|0x0000000713200000, 0x0000000713200000, 0x0000000713400000|  0%| F|  |TAMS 0x0000000713200000, 0x0000000713200000| Untracked 
| 154|0x0000000713400000, 0x0000000713400000, 0x0000000713600000|  0%| F|  |TAMS 0x0000000713400000, 0x0000000713400000| Untracked 
| 155|0x0000000713600000, 0x0000000713600000, 0x0000000713800000|  0%| F|  |TAMS 0x0000000713600000, 0x0000000713600000| Untracked 
| 156|0x0000000713800000, 0x0000000713800000, 0x0000000713a00000|  0%| F|  |TAMS 0x0000000713800000, 0x0000000713800000| Untracked 
| 157|0x0000000713a00000, 0x0000000713a00000, 0x0000000713c00000|  0%| F|  |TAMS 0x0000000713a00000, 0x0000000713a00000| Untracked 
| 158|0x0000000713c00000, 0x0000000713c00000, 0x0000000713e00000|  0%| F|  |TAMS 0x0000000713c00000, 0x0000000713c00000| Untracked 
| 159|0x0000000713e00000, 0x0000000713e00000, 0x0000000714000000|  0%| F|  |TAMS 0x0000000713e00000, 0x0000000713e00000| Untracked 
| 160|0x0000000714000000, 0x0000000714000000, 0x0000000714200000|  0%| F|  |TAMS 0x0000000714000000, 0x0000000714000000| Untracked 
| 161|0x0000000714200000, 0x0000000714200000, 0x0000000714400000|  0%| F|  |TAMS 0x0000000714200000, 0x0000000714200000| Untracked 
| 162|0x0000000714400000, 0x0000000714400000, 0x0000000714600000|  0%| F|  |TAMS 0x0000000714400000, 0x0000000714400000| Untracked 
| 163|0x0000000714600000, 0x0000000714600000, 0x0000000714800000|  0%| F|  |TAMS 0x0000000714600000, 0x0000000714600000| Untracked 
| 164|0x0000000714800000, 0x0000000714800000, 0x0000000714a00000|  0%| F|  |TAMS 0x0000000714800000, 0x0000000714800000| Untracked 
| 165|0x0000000714a00000, 0x0000000714a00000, 0x0000000714c00000|  0%| F|  |TAMS 0x0000000714a00000, 0x0000000714a00000| Untracked 
| 166|0x0000000714c00000, 0x0000000714c00000, 0x0000000714e00000|  0%| F|  |TAMS 0x0000000714c00000, 0x0000000714c00000| Untracked 
| 167|0x0000000714e00000, 0x0000000715000000, 0x0000000715000000|100%| S|CS|TAMS 0x0000000714e00000, 0x0000000714e00000| Complete 
| 168|0x0000000715000000, 0x0000000715200000, 0x0000000715200000|100%| S|CS|TAMS 0x0000000715000000, 0x0000000715000000| Complete 
| 169|0x0000000715200000, 0x0000000715400000, 0x0000000715400000|100%| S|CS|TAMS 0x0000000715200000, 0x0000000715200000| Complete 
| 170|0x0000000715400000, 0x0000000715600000, 0x0000000715600000|100%| S|CS|TAMS 0x0000000715400000, 0x0000000715400000| Complete 
| 171|0x0000000715600000, 0x0000000715800000, 0x0000000715800000|100%| S|CS|TAMS 0x0000000715600000, 0x0000000715600000| Complete 
| 172|0x0000000715800000, 0x0000000715a00000, 0x0000000715a00000|100%| S|CS|TAMS 0x0000000715800000, 0x0000000715800000| Complete 
| 173|0x0000000715a00000, 0x0000000715c00000, 0x0000000715c00000|100%| S|CS|TAMS 0x0000000715a00000, 0x0000000715a00000| Complete 
| 174|0x0000000715c00000, 0x0000000715e00000, 0x0000000715e00000|100%| S|CS|TAMS 0x0000000715c00000, 0x0000000715c00000| Complete 
| 175|0x0000000715e00000, 0x0000000716000000, 0x0000000716000000|100%| S|CS|TAMS 0x0000000715e00000, 0x0000000715e00000| Complete 
| 176|0x0000000716000000, 0x0000000716200000, 0x0000000716200000|100%| S|CS|TAMS 0x0000000716000000, 0x0000000716000000| Complete 
| 177|0x0000000716200000, 0x0000000716400000, 0x0000000716400000|100%| S|CS|TAMS 0x0000000716200000, 0x0000000716200000| Complete 
| 178|0x0000000716400000, 0x0000000716600000, 0x0000000716600000|100%| S|CS|TAMS 0x0000000716400000, 0x0000000716400000| Complete 
| 179|0x0000000716600000, 0x0000000716800000, 0x0000000716800000|100%| S|CS|TAMS 0x0000000716600000, 0x0000000716600000| Complete 
| 180|0x0000000716800000, 0x0000000716a00000, 0x0000000716a00000|100%| S|CS|TAMS 0x0000000716800000, 0x0000000716800000| Complete 
| 181|0x0000000716a00000, 0x0000000716c00000, 0x0000000716c00000|100%| S|CS|TAMS 0x0000000716a00000, 0x0000000716a00000| Complete 
| 182|0x0000000716c00000, 0x0000000716e00000, 0x0000000716e00000|100%| S|CS|TAMS 0x0000000716c00000, 0x0000000716c00000| Complete 
| 183|0x0000000716e00000, 0x0000000716e00000, 0x0000000717000000|  0%| F|  |TAMS 0x0000000716e00000, 0x0000000716e00000| Untracked 
| 184|0x0000000717000000, 0x0000000717000000, 0x0000000717200000|  0%| F|  |TAMS 0x0000000717000000, 0x0000000717000000| Untracked 
| 185|0x0000000717200000, 0x0000000717200000, 0x0000000717400000|  0%| F|  |TAMS 0x0000000717200000, 0x0000000717200000| Untracked 
| 186|0x0000000717400000, 0x0000000717400000, 0x0000000717600000|  0%| F|  |TAMS 0x0000000717400000, 0x0000000717400000| Untracked 
| 187|0x0000000717600000, 0x0000000717600000, 0x0000000717800000|  0%| F|  |TAMS 0x0000000717600000, 0x0000000717600000| Untracked 
| 188|0x0000000717800000, 0x0000000717800000, 0x0000000717a00000|  0%| F|  |TAMS 0x0000000717800000, 0x0000000717800000| Untracked 
| 189|0x0000000717a00000, 0x0000000717a00000, 0x0000000717c00000|  0%| F|  |TAMS 0x0000000717a00000, 0x0000000717a00000| Untracked 
| 190|0x0000000717c00000, 0x0000000717c00000, 0x0000000717e00000|  0%| F|  |TAMS 0x0000000717c00000, 0x0000000717c00000| Untracked 
| 191|0x0000000717e00000, 0x0000000717e00000, 0x0000000718000000|  0%| F|  |TAMS 0x0000000717e00000, 0x0000000717e00000| Untracked 
| 192|0x0000000718000000, 0x0000000718000000, 0x0000000718200000|  0%| F|  |TAMS 0x0000000718000000, 0x0000000718000000| Untracked 
| 193|0x0000000718200000, 0x0000000718200000, 0x0000000718400000|  0%| F|  |TAMS 0x0000000718200000, 0x0000000718200000| Untracked 
| 194|0x0000000718400000, 0x0000000718400000, 0x0000000718600000|  0%| F|  |TAMS 0x0000000718400000, 0x0000000718400000| Untracked 
| 195|0x0000000718600000, 0x0000000718600000, 0x0000000718800000|  0%| F|  |TAMS 0x0000000718600000, 0x0000000718600000| Untracked 
| 196|0x0000000718800000, 0x0000000718800000, 0x0000000718a00000|  0%| F|  |TAMS 0x0000000718800000, 0x0000000718800000| Untracked 
| 197|0x0000000718a00000, 0x0000000718a00000, 0x0000000718c00000|  0%| F|  |TAMS 0x0000000718a00000, 0x0000000718a00000| Untracked 
| 198|0x0000000718c00000, 0x0000000718c00000, 0x0000000718e00000|  0%| F|  |TAMS 0x0000000718c00000, 0x0000000718c00000| Untracked 
| 199|0x0000000718e00000, 0x0000000718e00000, 0x0000000719000000|  0%| F|  |TAMS 0x0000000718e00000, 0x0000000718e00000| Untracked 
| 200|0x0000000719000000, 0x0000000719000000, 0x0000000719200000|  0%| F|  |TAMS 0x0000000719000000, 0x0000000719000000| Untracked 
| 201|0x0000000719200000, 0x0000000719200000, 0x0000000719400000|  0%| F|  |TAMS 0x0000000719200000, 0x0000000719200000| Untracked 
| 202|0x0000000719400000, 0x0000000719400000, 0x0000000719600000|  0%| F|  |TAMS 0x0000000719400000, 0x0000000719400000| Untracked 
| 203|0x0000000719600000, 0x0000000719600000, 0x0000000719800000|  0%| F|  |TAMS 0x0000000719600000, 0x0000000719600000| Untracked 
| 204|0x0000000719800000, 0x0000000719800000, 0x0000000719a00000|  0%| F|  |TAMS 0x0000000719800000, 0x0000000719800000| Untracked 
| 205|0x0000000719a00000, 0x0000000719a00000, 0x0000000719c00000|  0%| F|  |TAMS 0x0000000719a00000, 0x0000000719a00000| Untracked 
| 206|0x0000000719c00000, 0x0000000719c00000, 0x0000000719e00000|  0%| F|  |TAMS 0x0000000719c00000, 0x0000000719c00000| Untracked 
| 207|0x0000000719e00000, 0x0000000719e00000, 0x000000071a000000|  0%| F|  |TAMS 0x0000000719e00000, 0x0000000719e00000| Untracked 
| 208|0x000000071a000000, 0x000000071a000000, 0x000000071a200000|  0%| F|  |TAMS 0x000000071a000000, 0x000000071a000000| Untracked 
| 209|0x000000071a200000, 0x000000071a200000, 0x000000071a400000|  0%| F|  |TAMS 0x000000071a200000, 0x000000071a200000| Untracked 
| 210|0x000000071a400000, 0x000000071a400000, 0x000000071a600000|  0%| F|  |TAMS 0x000000071a400000, 0x000000071a400000| Untracked 
| 211|0x000000071a600000, 0x000000071a600000, 0x000000071a800000|  0%| F|  |TAMS 0x000000071a600000, 0x000000071a600000| Untracked 
| 212|0x000000071a800000, 0x000000071a800000, 0x000000071aa00000|  0%| F|  |TAMS 0x000000071a800000, 0x000000071a800000| Untracked 
| 213|0x000000071aa00000, 0x000000071aa00000, 0x000000071ac00000|  0%| F|  |TAMS 0x000000071aa00000, 0x000000071aa00000| Untracked 
| 214|0x000000071ac00000, 0x000000071ac00000, 0x000000071ae00000|  0%| F|  |TAMS 0x000000071ac00000, 0x000000071ac00000| Untracked 
| 215|0x000000071ae00000, 0x000000071ae00000, 0x000000071b000000|  0%| F|  |TAMS 0x000000071ae00000, 0x000000071ae00000| Untracked 
| 216|0x000000071b000000, 0x000000071b000000, 0x000000071b200000|  0%| F|  |TAMS 0x000000071b000000, 0x000000071b000000| Untracked 
| 217|0x000000071b200000, 0x000000071b200000, 0x000000071b400000|  0%| F|  |TAMS 0x000000071b200000, 0x000000071b200000| Untracked 
| 218|0x000000071b400000, 0x000000071b400000, 0x000000071b600000|  0%| F|  |TAMS 0x000000071b400000, 0x000000071b400000| Untracked 
| 219|0x000000071b600000, 0x000000071b600000, 0x000000071b800000|  0%| F|  |TAMS 0x000000071b600000, 0x000000071b600000| Untracked 
| 220|0x000000071b800000, 0x000000071b800000, 0x000000071ba00000|  0%| F|  |TAMS 0x000000071b800000, 0x000000071b800000| Untracked 
| 221|0x000000071ba00000, 0x000000071ba00000, 0x000000071bc00000|  0%| F|  |TAMS 0x000000071ba00000, 0x000000071ba00000| Untracked 
| 222|0x000000071bc00000, 0x000000071bc00000, 0x000000071be00000|  0%| F|  |TAMS 0x000000071bc00000, 0x000000071bc00000| Untracked 
| 223|0x000000071be00000, 0x000000071be00000, 0x000000071c000000|  0%| F|  |TAMS 0x000000071be00000, 0x000000071be00000| Untracked 
| 224|0x000000071c000000, 0x000000071c000000, 0x000000071c200000|  0%| F|  |TAMS 0x000000071c000000, 0x000000071c000000| Untracked 
| 225|0x000000071c200000, 0x000000071c200000, 0x000000071c400000|  0%| F|  |TAMS 0x000000071c200000, 0x000000071c200000| Untracked 
| 226|0x000000071c400000, 0x000000071c400000, 0x000000071c600000|  0%| F|  |TAMS 0x000000071c400000, 0x000000071c400000| Untracked 
| 227|0x000000071c600000, 0x000000071c600000, 0x000000071c800000|  0%| F|  |TAMS 0x000000071c600000, 0x000000071c600000| Untracked 
| 228|0x000000071c800000, 0x000000071c800000, 0x000000071ca00000|  0%| F|  |TAMS 0x000000071c800000, 0x000000071c800000| Untracked 
| 229|0x000000071ca00000, 0x000000071ca00000, 0x000000071cc00000|  0%| F|  |TAMS 0x000000071ca00000, 0x000000071ca00000| Untracked 
| 230|0x000000071cc00000, 0x000000071cc00000, 0x000000071ce00000|  0%| F|  |TAMS 0x000000071cc00000, 0x000000071cc00000| Untracked 
| 231|0x000000071ce00000, 0x000000071ce00000, 0x000000071d000000|  0%| F|  |TAMS 0x000000071ce00000, 0x000000071ce00000| Untracked 
| 232|0x000000071d000000, 0x000000071d000000, 0x000000071d200000|  0%| F|  |TAMS 0x000000071d000000, 0x000000071d000000| Untracked 
| 233|0x000000071d200000, 0x000000071d200000, 0x000000071d400000|  0%| F|  |TAMS 0x000000071d200000, 0x000000071d200000| Untracked 
| 234|0x000000071d400000, 0x000000071d400000, 0x000000071d600000|  0%| F|  |TAMS 0x000000071d400000, 0x000000071d400000| Untracked 
| 235|0x000000071d600000, 0x000000071d600000, 0x000000071d800000|  0%| F|  |TAMS 0x000000071d600000, 0x000000071d600000| Untracked 
| 236|0x000000071d800000, 0x000000071d800000, 0x000000071da00000|  0%| F|  |TAMS 0x000000071d800000, 0x000000071d800000| Untracked 
| 237|0x000000071da00000, 0x000000071da00000, 0x000000071dc00000|  0%| F|  |TAMS 0x000000071da00000, 0x000000071da00000| Untracked 
| 238|0x000000071dc00000, 0x000000071dc00000, 0x000000071de00000|  0%| F|  |TAMS 0x000000071dc00000, 0x000000071dc00000| Untracked 
| 239|0x000000071de00000, 0x000000071de00000, 0x000000071e000000|  0%| F|  |TAMS 0x000000071de00000, 0x000000071de00000| Untracked 
| 240|0x000000071e000000, 0x000000071e000000, 0x000000071e200000|  0%| F|  |TAMS 0x000000071e000000, 0x000000071e000000| Untracked 
| 241|0x000000071e200000, 0x000000071e200000, 0x000000071e400000|  0%| F|  |TAMS 0x000000071e200000, 0x000000071e200000| Untracked 
| 242|0x000000071e400000, 0x000000071e400000, 0x000000071e600000|  0%| F|  |TAMS 0x000000071e400000, 0x000000071e400000| Untracked 
| 243|0x000000071e600000, 0x000000071e600000, 0x000000071e800000|  0%| F|  |TAMS 0x000000071e600000, 0x000000071e600000| Untracked 
| 244|0x000000071e800000, 0x000000071e800000, 0x000000071ea00000|  0%| F|  |TAMS 0x000000071e800000, 0x000000071e800000| Untracked 
| 245|0x000000071ea00000, 0x000000071ea00000, 0x000000071ec00000|  0%| F|  |TAMS 0x000000071ea00000, 0x000000071ea00000| Untracked 
| 246|0x000000071ec00000, 0x000000071ec3f270, 0x000000071ee00000| 12%| E|  |TAMS 0x000000071ec00000, 0x000000071ec00000| Complete 
| 247|0x000000071ee00000, 0x000000071f000000, 0x000000071f000000|100%| E|CS|TAMS 0x000000071ee00000, 0x000000071ee00000| Complete 
| 248|0x000000071f000000, 0x000000071f200000, 0x000000071f200000|100%| E|CS|TAMS 0x000000071f000000, 0x000000071f000000| Complete 
| 249|0x000000071f200000, 0x000000071f400000, 0x000000071f400000|100%| E|CS|TAMS 0x000000071f200000, 0x000000071f200000| Complete 
| 250|0x000000071f400000, 0x000000071f600000, 0x000000071f600000|100%| E|CS|TAMS 0x000000071f400000, 0x000000071f400000| Complete 
| 251|0x000000071f600000, 0x000000071f800000, 0x000000071f800000|100%| E|CS|TAMS 0x000000071f600000, 0x000000071f600000| Complete 
| 252|0x000000071f800000, 0x000000071fa00000, 0x000000071fa00000|100%| E|CS|TAMS 0x000000071f800000, 0x000000071f800000| Complete 
| 253|0x000000071fa00000, 0x000000071fc00000, 0x000000071fc00000|100%| E|CS|TAMS 0x000000071fa00000, 0x000000071fa00000| Complete 
| 254|0x000000071fc00000, 0x000000071fe00000, 0x000000071fe00000|100%| E|CS|TAMS 0x000000071fc00000, 0x000000071fc00000| Complete 
| 255|0x000000071fe00000, 0x0000000720000000, 0x0000000720000000|100%| E|CS|TAMS 0x000000071fe00000, 0x000000071fe00000| Complete 
| 256|0x0000000720000000, 0x0000000720200000, 0x0000000720200000|100%| E|CS|TAMS 0x0000000720000000, 0x0000000720000000| Complete 
| 257|0x0000000720200000, 0x0000000720400000, 0x0000000720400000|100%| E|CS|TAMS 0x0000000720200000, 0x0000000720200000| Complete 
| 258|0x0000000720400000, 0x0000000720600000, 0x0000000720600000|100%| E|CS|TAMS 0x0000000720400000, 0x0000000720400000| Complete 
| 259|0x0000000720600000, 0x0000000720800000, 0x0000000720800000|100%| E|CS|TAMS 0x0000000720600000, 0x0000000720600000| Complete 
| 260|0x0000000720800000, 0x0000000720a00000, 0x0000000720a00000|100%| E|CS|TAMS 0x0000000720800000, 0x0000000720800000| Complete 
| 261|0x0000000720a00000, 0x0000000720c00000, 0x0000000720c00000|100%| E|CS|TAMS 0x0000000720a00000, 0x0000000720a00000| Complete 
| 262|0x0000000720c00000, 0x0000000720e00000, 0x0000000720e00000|100%| E|CS|TAMS 0x0000000720c00000, 0x0000000720c00000| Complete 
| 263|0x0000000720e00000, 0x0000000721000000, 0x0000000721000000|100%| E|CS|TAMS 0x0000000720e00000, 0x0000000720e00000| Complete 
| 264|0x0000000721000000, 0x0000000721200000, 0x0000000721200000|100%| E|CS|TAMS 0x0000000721000000, 0x0000000721000000| Complete 
| 265|0x0000000721200000, 0x0000000721400000, 0x0000000721400000|100%| E|CS|TAMS 0x0000000721200000, 0x0000000721200000| Complete 
| 266|0x0000000721400000, 0x0000000721600000, 0x0000000721600000|100%| E|CS|TAMS 0x0000000721400000, 0x0000000721400000| Complete 
| 267|0x0000000721600000, 0x0000000721800000, 0x0000000721800000|100%| E|CS|TAMS 0x0000000721600000, 0x0000000721600000| Complete 
| 268|0x0000000721800000, 0x0000000721a00000, 0x0000000721a00000|100%| E|CS|TAMS 0x0000000721800000, 0x0000000721800000| Complete 
| 269|0x0000000721a00000, 0x0000000721c00000, 0x0000000721c00000|100%| E|CS|TAMS 0x0000000721a00000, 0x0000000721a00000| Complete 
| 270|0x0000000721c00000, 0x0000000721e00000, 0x0000000721e00000|100%| E|CS|TAMS 0x0000000721c00000, 0x0000000721c00000| Complete 
| 271|0x0000000721e00000, 0x0000000722000000, 0x0000000722000000|100%| E|CS|TAMS 0x0000000721e00000, 0x0000000721e00000| Complete 
| 272|0x0000000722000000, 0x0000000722200000, 0x0000000722200000|100%| E|CS|TAMS 0x0000000722000000, 0x0000000722000000| Complete 
| 273|0x0000000722200000, 0x0000000722400000, 0x0000000722400000|100%| E|CS|TAMS 0x0000000722200000, 0x0000000722200000| Complete 
| 274|0x0000000722400000, 0x0000000722600000, 0x0000000722600000|100%| E|CS|TAMS 0x0000000722400000, 0x0000000722400000| Complete 
| 275|0x0000000722600000, 0x0000000722800000, 0x0000000722800000|100%| E|CS|TAMS 0x0000000722600000, 0x0000000722600000| Complete 
| 276|0x0000000722800000, 0x0000000722a00000, 0x0000000722a00000|100%| E|CS|TAMS 0x0000000722800000, 0x0000000722800000| Complete 
| 277|0x0000000722a00000, 0x0000000722c00000, 0x0000000722c00000|100%| E|CS|TAMS 0x0000000722a00000, 0x0000000722a00000| Complete 
| 278|0x0000000722c00000, 0x0000000722e00000, 0x0000000722e00000|100%| E|CS|TAMS 0x0000000722c00000, 0x0000000722c00000| Complete 
| 279|0x0000000722e00000, 0x0000000723000000, 0x0000000723000000|100%| E|CS|TAMS 0x0000000722e00000, 0x0000000722e00000| Complete 
| 280|0x0000000723000000, 0x0000000723200000, 0x0000000723200000|100%| E|CS|TAMS 0x0000000723000000, 0x0000000723000000| Complete 
| 281|0x0000000723200000, 0x0000000723400000, 0x0000000723400000|100%| E|CS|TAMS 0x0000000723200000, 0x0000000723200000| Complete 
| 282|0x0000000723400000, 0x0000000723600000, 0x0000000723600000|100%| E|CS|TAMS 0x0000000723400000, 0x0000000723400000| Complete 
| 283|0x0000000723600000, 0x0000000723800000, 0x0000000723800000|100%| E|CS|TAMS 0x0000000723600000, 0x0000000723600000| Complete 
| 284|0x0000000723800000, 0x0000000723a00000, 0x0000000723a00000|100%| E|CS|TAMS 0x0000000723800000, 0x0000000723800000| Complete 
| 285|0x0000000723a00000, 0x0000000723c00000, 0x0000000723c00000|100%| E|CS|TAMS 0x0000000723a00000, 0x0000000723a00000| Complete 
| 286|0x0000000723c00000, 0x0000000723e00000, 0x0000000723e00000|100%| E|CS|TAMS 0x0000000723c00000, 0x0000000723c00000| Complete 
| 287|0x0000000723e00000, 0x0000000724000000, 0x0000000724000000|100%| E|CS|TAMS 0x0000000723e00000, 0x0000000723e00000| Complete 
| 288|0x0000000724000000, 0x0000000724200000, 0x0000000724200000|100%| E|CS|TAMS 0x0000000724000000, 0x0000000724000000| Complete 
| 289|0x0000000724200000, 0x0000000724400000, 0x0000000724400000|100%| E|CS|TAMS 0x0000000724200000, 0x0000000724200000| Complete 
| 290|0x0000000724400000, 0x0000000724600000, 0x0000000724600000|100%| E|CS|TAMS 0x0000000724400000, 0x0000000724400000| Complete 
| 291|0x0000000724600000, 0x0000000724800000, 0x0000000724800000|100%| E|CS|TAMS 0x0000000724600000, 0x0000000724600000| Complete 
| 292|0x0000000724800000, 0x0000000724a00000, 0x0000000724a00000|100%| E|CS|TAMS 0x0000000724800000, 0x0000000724800000| Complete 
| 293|0x0000000724a00000, 0x0000000724c00000, 0x0000000724c00000|100%| E|CS|TAMS 0x0000000724a00000, 0x0000000724a00000| Complete 
| 294|0x0000000724c00000, 0x0000000724e00000, 0x0000000724e00000|100%| E|CS|TAMS 0x0000000724c00000, 0x0000000724c00000| Complete 
| 295|0x0000000724e00000, 0x0000000725000000, 0x0000000725000000|100%| E|CS|TAMS 0x0000000724e00000, 0x0000000724e00000| Complete 
| 296|0x0000000725000000, 0x0000000725200000, 0x0000000725200000|100%| E|CS|TAMS 0x0000000725000000, 0x0000000725000000| Complete 
| 297|0x0000000725200000, 0x0000000725400000, 0x0000000725400000|100%| E|CS|TAMS 0x0000000725200000, 0x0000000725200000| Complete 
| 298|0x0000000725400000, 0x0000000725600000, 0x0000000725600000|100%| E|CS|TAMS 0x0000000725400000, 0x0000000725400000| Complete 
| 299|0x0000000725600000, 0x0000000725800000, 0x0000000725800000|100%| E|CS|TAMS 0x0000000725600000, 0x0000000725600000| Complete 
| 300|0x0000000725800000, 0x0000000725a00000, 0x0000000725a00000|100%| E|CS|TAMS 0x0000000725800000, 0x0000000725800000| Complete 
|2047|0x00000007ffe00000, 0x0000000800000000, 0x0000000800000000|100%| O|  |TAMS 0x0000000800000000, 0x00000007ffe00000| Untracked 

Card table byte_map: [0x00000281a4b20000,0x00000281a5320000] _byte_map_base: 0x00000281a1320000

Marking Bits (Prev, Next): (CMBitMap*) 0x000002818d53faf0, (CMBitMap*) 0x000002818d53fb30
 Prev Bits: [0x00000281a5b20000, 0x00000281a9b20000)
 Next Bits: [0x00000281a9b20000, 0x00000281adb20000)

Polling page: 0x000002818cc90000

Metaspace:

Usage:
  Non-class:     78.81 MB used.
      Class:     12.44 MB used.
       Both:     91.25 MB used.

Virtual space:
  Non-class space:      128.00 MB reserved,      79.44 MB ( 62%) committed,  2 nodes.
      Class space:        1.00 GB reserved,      13.00 MB (  1%) committed,  1 nodes.
             Both:        1.12 GB reserved,      92.44 MB (  8%) committed. 

Chunk freelists:
   Non-Class:  400.00 KB
       Class:  2.81 MB
        Both:  3.20 MB

MaxMetaspaceSize: unlimited
CompressedClassSpaceSize: 1.00 GB
Initial GC threshold: 21.00 MB
Current GC threshold: 146.50 MB
CDS: on
MetaspaceReclaimPolicy: balanced
 - commit_granule_bytes: 65536.
 - commit_granule_words: 8192.
 - virtual_space_node_default_size: 8388608.
 - enlarge_chunks_in_place: 1.
 - new_chunks_are_fully_committed: 0.
 - uncommit_free_chunks: 1.
 - use_allocation_guard: 0.
 - handle_deallocations: 1.


Internal statistics:

num_allocs_failed_limit: 12.
num_arena_births: 1728.
num_arena_deaths: 0.
num_vsnodes_births: 3.
num_vsnodes_deaths: 0.
num_space_committed: 1479.
num_space_uncommitted: 0.
num_chunks_returned_to_freelist: 12.
num_chunks_taken_from_freelist: 5820.
num_chunk_merges: 12.
num_chunk_splits: 3625.
num_chunks_enlarged: 2108.
num_inconsistent_stats: 0.

CodeHeap 'non-profiled nmethods': size=120000Kb used=11333Kb max_used=11333Kb free=108666Kb
 bounds [0x000002819cac0000, 0x000002819d5e0000, 0x00000281a3ff0000]
CodeHeap 'profiled nmethods': size=120000Kb used=28489Kb max_used=28489Kb free=91511Kb
 bounds [0x0000028194ff0000, 0x0000028196bd0000, 0x000002819c520000]
CodeHeap 'non-nmethods': size=5760Kb used=2462Kb max_used=2549Kb free=3297Kb
 bounds [0x000002819c520000, 0x000002819c7b0000, 0x000002819cac0000]
 total_blobs=15957 nmethods=14974 adapters=894
 compilation: enabled
              stopped_count=0, restarted_count=0
 full_count=0

Compilation events (20 events):
Event: 61.673 Thread 0x00000281b074a210 17199       3       org.gradle.internal.service.DefaultServiceRegistry::getFactoryService (177 bytes)
Event: 61.674 Thread 0x00000281fcdf6650 nmethod 17171 0x000002819d5c9310 code [0x000002819d5c9580, 0x000002819d5ca190]
Event: 61.674 Thread 0x00000281fcdf6650 17198       4       org.gradle.api.internal.file.AbstractFileCollection$1::visitCollection (43 bytes)
Event: 61.674 Thread 0x00000281b074a210 nmethod 17199 0x0000028196bb3810 code [0x0000028196bb3c00, 0x0000028196bb5d98]
Event: 61.674 Thread 0x00000281b074a210 17201       3       org.gradle.internal.component.external.model.ProjectDerivedCapability::getGroup (15 bytes)
Event: 61.674 Thread 0x00000281b074a210 nmethod 17201 0x0000028196bb6610 code [0x0000028196bb67c0, 0x0000028196bb69f8]
Event: 61.674 Thread 0x00000281b074a210 17202       1       com.google.common.collect.ImmutableMap::isHashCodeFast (2 bytes)
Event: 61.675 Thread 0x00000281b074a210 nmethod 17202 0x000002819d5ca910 code [0x000002819d5caaa0, 0x000002819d5cab78]
Event: 61.675 Thread 0x00000281b074a210 17200       1       org.gradle.api.tasks.compile.AbstractCompile::getDestinationDirectory (5 bytes)
Event: 61.675 Thread 0x00000281b074a210 nmethod 17200 0x000002819d5cac10 code [0x000002819d5cada0, 0x000002819d5cae78]
Event: 61.675 Thread 0x00000281b074a210 17203       1       org.gradle.api.internal.AbstractTask::setDescription (6 bytes)
Event: 61.675 Thread 0x00000281b074a210 nmethod 17203 0x000002819d5caf10 code [0x000002819d5cb0a0, 0x000002819d5cb1b8]
Event: 61.677 Thread 0x00000281b074a210 17205       3       org.gradle.api.internal.provider.AbstractMinimalProvider::getProducer (4 bytes)
Event: 61.677 Thread 0x00000281b074a210 nmethod 17205 0x0000028196bb6b10 code [0x0000028196bb6ca0, 0x0000028196bb6e18]
Event: 61.678 Thread 0x00000281b074a210 17206       3       org.gradle.internal.properties.bean.AbstractNestedRuntimeBeanNode$BeanPropertyValue::getTaskDependencies (38 bytes)
Event: 61.678 Thread 0x00000281b074a210 nmethod 17206 0x0000028196bb6f10 code [0x0000028196bb7120, 0x0000028196bb7718]
Event: 61.678 Thread 0x00000281b074a210 17207       3       org.gradle.internal.properties.bean.AbstractNestedRuntimeBeanNode$BeanPropertyValue::isProvider (13 bytes)
Event: 61.678 Thread 0x00000281b074a210 nmethod 17207 0x0000028196bb7910 code [0x0000028196bb7ac0, 0x0000028196bb7c28]
Event: 61.680 Thread 0x00000281b074a210 17212       1       org.gradle.api.tasks.compile.CompileOptions::getRelease (5 bytes)
Event: 61.680 Thread 0x00000281b074a210 nmethod 17212 0x000002819d5cb210 code [0x000002819d5cb3a0, 0x000002819d5cb478]

GC Heap History (20 events):
Event: 47.900 GC heap before
{Heap before GC invocations=42 (full 0):
 garbage-first heap   total 188416K, used 136235K [0x0000000700000000, 0x0000000800000000)
  region size 2048K, 17 young (34816K), 3 survivors (6144K)
 Metaspace       used 87042K, committed 87936K, reserved 1179648K
  class space    used 12058K, committed 12480K, reserved 1048576K
}
Event: 47.905 GC heap after
{Heap after GC invocations=43 (full 0):
 garbage-first heap   total 188416K, used 113178K [0x0000000700000000, 0x0000000800000000)
  region size 2048K, 3 young (6144K), 3 survivors (6144K)
 Metaspace       used 87042K, committed 87936K, reserved 1179648K
  class space    used 12058K, committed 12480K, reserved 1048576K
}
Event: 47.919 GC heap before
{Heap before GC invocations=43 (full 0):
 garbage-first heap   total 188416K, used 113178K [0x0000000700000000, 0x0000000800000000)
  region size 2048K, 4 young (8192K), 3 survivors (6144K)
 Metaspace       used 87045K, committed 87936K, reserved 1179648K
  class space    used 12058K, committed 12480K, reserved 1048576K
}
Event: 47.923 GC heap after
{Heap after GC invocations=44 (full 0):
 garbage-first heap   total 227328K, used 112720K [0x0000000700000000, 0x0000000800000000)
  region size 2048K, 1 young (2048K), 1 survivors (2048K)
 Metaspace       used 87045K, committed 87936K, reserved 1179648K
  class space    used 12058K, committed 12480K, reserved 1048576K
}
Event: 48.050 GC heap before
{Heap before GC invocations=44 (full 0):
 garbage-first heap   total 227328K, used 125008K [0x0000000700000000, 0x0000000800000000)
  region size 2048K, 9 young (18432K), 1 survivors (2048K)
 Metaspace       used 87129K, committed 88000K, reserved 1179648K
  class space    used 12069K, committed 12480K, reserved 1048576K
}
Event: 48.053 GC heap after
{Heap after GC invocations=45 (full 0):
 garbage-first heap   total 227328K, used 118234K [0x0000000700000000, 0x0000000800000000)
  region size 2048K, 4 young (8192K), 4 survivors (8192K)
 Metaspace       used 87129K, committed 88000K, reserved 1179648K
  class space    used 12069K, committed 12480K, reserved 1048576K
}
Event: 48.725 GC heap before
{Heap before GC invocations=46 (full 0):
 garbage-first heap   total 227328K, used 179674K [0x0000000700000000, 0x0000000800000000)
  region size 2048K, 32 young (65536K), 4 survivors (8192K)
 Metaspace       used 87923K, committed 88896K, reserved 1179648K
  class space    used 12166K, committed 12608K, reserved 1048576K
}
Event: 48.734 GC heap after
{Heap after GC invocations=47 (full 0):
 garbage-first heap   total 227328K, used 134064K [0x0000000700000000, 0x0000000800000000)
  region size 2048K, 4 young (8192K), 4 survivors (8192K)
 Metaspace       used 87923K, committed 88896K, reserved 1179648K
  class space    used 12166K, committed 12608K, reserved 1048576K
}
Event: 48.742 GC heap before
{Heap before GC invocations=47 (full 0):
 garbage-first heap   total 227328K, used 134064K [0x0000000700000000, 0x0000000800000000)
  region size 2048K, 5 young (10240K), 4 survivors (8192K)
 Metaspace       used 87923K, committed 88896K, reserved 1179648K
  class space    used 12166K, committed 12608K, reserved 1048576K
}
Event: 48.749 GC heap after
{Heap after GC invocations=48 (full 0):
 garbage-first heap   total 227328K, used 134954K [0x0000000700000000, 0x0000000800000000)
  region size 2048K, 1 young (2048K), 1 survivors (2048K)
 Metaspace       used 87923K, committed 88896K, reserved 1179648K
  class space    used 12166K, committed 12608K, reserved 1048576K
}
Event: 53.699 GC heap before
{Heap before GC invocations=48 (full 0):
 garbage-first heap   total 227328K, used 177962K [0x0000000700000000, 0x0000000800000000)
  region size 2048K, 22 young (45056K), 1 survivors (2048K)
 Metaspace       used 88936K, committed 89920K, reserved 1179648K
  class space    used 12310K, committed 12800K, reserved 1048576K
}
Event: 53.705 GC heap after
{Heap after GC invocations=49 (full 0):
 garbage-first heap   total 227328K, used 139743K [0x0000000700000000, 0x0000000800000000)
  region size 2048K, 3 young (6144K), 3 survivors (6144K)
 Metaspace       used 88936K, committed 89920K, reserved 1179648K
  class space    used 12310K, committed 12800K, reserved 1048576K
}
Event: 54.060 GC heap before
{Heap before GC invocations=50 (full 0):
 garbage-first heap   total 260096K, used 180703K [0x0000000700000000, 0x0000000800000000)
  region size 2048K, 23 young (47104K), 3 survivors (6144K)
 Metaspace       used 89164K, committed 90176K, reserved 1179648K
  class space    used 12324K, committed 12800K, reserved 1048576K
}
Event: 54.069 GC heap after
{Heap after GC invocations=51 (full 0):
 garbage-first heap   total 260096K, used 143891K [0x0000000700000000, 0x0000000800000000)
  region size 2048K, 3 young (6144K), 3 survivors (6144K)
 Metaspace       used 89164K, committed 90176K, reserved 1179648K
  class space    used 12324K, committed 12800K, reserved 1048576K
}
Event: 54.134 GC heap before
{Heap before GC invocations=51 (full 0):
 garbage-first heap   total 260096K, used 150035K [0x0000000700000000, 0x0000000800000000)
  region size 2048K, 6 young (12288K), 3 survivors (6144K)
 Metaspace       used 89187K, committed 90240K, reserved 1179648K
  class space    used 12325K, committed 12800K, reserved 1048576K
}
Event: 54.140 GC heap after
{Heap after GC invocations=52 (full 0):
 garbage-first heap   total 618496K, used 144444K [0x0000000700000000, 0x0000000800000000)
  region size 2048K, 1 young (2048K), 1 survivors (2048K)
 Metaspace       used 89187K, committed 90240K, reserved 1179648K
  class space    used 12325K, committed 12800K, reserved 1048576K
}
Event: 57.406 GC heap before
{Heap before GC invocations=52 (full 0):
 garbage-first heap   total 618496K, used 418876K [0x0000000700000000, 0x0000000800000000)
  region size 2048K, 135 young (276480K), 1 survivors (2048K)
 Metaspace       used 92101K, committed 93184K, reserved 1179648K
  class space    used 12641K, committed 13184K, reserved 1048576K
}
Event: 57.431 GC heap after
{Heap after GC invocations=53 (full 0):
 garbage-first heap   total 618496K, used 178731K [0x0000000700000000, 0x0000000800000000)
  region size 2048K, 17 young (34816K), 17 survivors (34816K)
 Metaspace       used 92101K, committed 93184K, reserved 1179648K
  class space    used 12641K, committed 13184K, reserved 1048576K
}
Event: 59.766 GC heap before
{Heap before GC invocations=53 (full 0):
 garbage-first heap   total 618496K, used 420395K [0x0000000700000000, 0x0000000800000000)
  region size 2048K, 135 young (276480K), 17 survivors (34816K)
 Metaspace       used 93136K, committed 94400K, reserved 1179648K
  class space    used 12722K, committed 13312K, reserved 1048576K
}
Event: 59.807 GC heap after
{Heap after GC invocations=54 (full 0):
 garbage-first heap   total 618496K, used 215432K [0x0000000700000000, 0x0000000800000000)
  region size 2048K, 17 young (34816K), 17 survivors (34816K)
 Metaspace       used 93136K, committed 94400K, reserved 1179648K
  class space    used 12722K, committed 13312K, reserved 1048576K
}

Dll operation events (13 events):
Event: 0.003 Loaded shared library C:\Program Files\Microsoft\jdk-17.0.10.7-hotspot\bin\java.dll
Event: 0.016 Loaded shared library C:\Program Files\Microsoft\jdk-17.0.10.7-hotspot\bin\jsvml.dll
Event: 0.037 Loaded shared library C:\Program Files\Microsoft\jdk-17.0.10.7-hotspot\bin\net.dll
Event: 0.038 Loaded shared library C:\Program Files\Microsoft\jdk-17.0.10.7-hotspot\bin\nio.dll
Event: 0.039 Loaded shared library C:\Program Files\Microsoft\jdk-17.0.10.7-hotspot\bin\zip.dll
Event: 0.094 Loaded shared library C:\Program Files\Microsoft\jdk-17.0.10.7-hotspot\bin\jimage.dll
Event: 0.126 Loaded shared library C:\Program Files\Microsoft\jdk-17.0.10.7-hotspot\bin\verify.dll
Event: 0.220 Loaded shared library C:\Users\Admin\.gradle\native\68d5fa5c4cc2d200863cafc0d521ce42e7d3e7ee720ec0a83991735586a16f82\windows-amd64\native-platform.dll
Event: 0.223 Loaded shared library C:\Users\Admin\.gradle\native\e376f236ea51e6404a007f0833ffe2c6e607c4080706a723a18a27aeea778392\windows-amd64\native-platform-file-events.dll
Event: 0.520 Loaded shared library C:\Program Files\Microsoft\jdk-17.0.10.7-hotspot\bin\management.dll
Event: 0.521 Loaded shared library C:\Program Files\Microsoft\jdk-17.0.10.7-hotspot\bin\management_ext.dll
Event: 0.650 Loaded shared library C:\Program Files\Microsoft\jdk-17.0.10.7-hotspot\bin\extnet.dll
Event: 0.813 Loaded shared library C:\Program Files\Microsoft\jdk-17.0.10.7-hotspot\bin\sunmscapi.dll

Deoptimization events (20 events):
Event: 61.611 Thread 0x00000281f63cf7b0 Uncommon trap: trap_request=0xffffffbe fr.pc=0x000002819d542598 relative=0x0000000000000278
Event: 61.611 Thread 0x00000281f63cf7b0 Uncommon trap: reason=profile_predicate action=maybe_recompile pc=0x000002819d542598 method=java.util.HashMap.keysToArray([Ljava/lang/Object;)[Ljava/lang/Object; @ 36 c2
Event: 61.612 Thread 0x00000281f63cf7b0 DEOPT PACKING pc=0x000002819d542598 sp=0x000000cfdeaf9360
Event: 61.612 Thread 0x00000281f63cf7b0 DEOPT UNPACKING pc=0x000002819c57a1a3 sp=0x000000cfdeaf92f0 mode 2
Event: 61.622 Thread 0x00000281f63cf7b0 Uncommon trap: trap_request=0xffffffbe fr.pc=0x000002819d542598 relative=0x0000000000000278
Event: 61.622 Thread 0x00000281f63cf7b0 Uncommon trap: reason=profile_predicate action=maybe_recompile pc=0x000002819d542598 method=java.util.HashMap.keysToArray([Ljava/lang/Object;)[Ljava/lang/Object; @ 36 c2
Event: 61.622 Thread 0x00000281f63cf7b0 DEOPT PACKING pc=0x000002819d542598 sp=0x000000cfdeaf8700
Event: 61.622 Thread 0x00000281f63cf7b0 DEOPT UNPACKING pc=0x000002819c57a1a3 sp=0x000000cfdeaf8690 mode 2
Event: 61.622 Thread 0x00000281f63cf7b0 Uncommon trap: trap_request=0xffffffbe fr.pc=0x000002819d542598 relative=0x0000000000000278
Event: 61.622 Thread 0x00000281f63cf7b0 Uncommon trap: reason=profile_predicate action=maybe_recompile pc=0x000002819d542598 method=java.util.HashMap.keysToArray([Ljava/lang/Object;)[Ljava/lang/Object; @ 36 c2
Event: 61.622 Thread 0x00000281f63cf7b0 DEOPT PACKING pc=0x000002819d542598 sp=0x000000cfdeaf8770
Event: 61.622 Thread 0x00000281f63cf7b0 DEOPT UNPACKING pc=0x000002819c57a1a3 sp=0x000000cfdeaf8700 mode 2
Event: 61.670 Thread 0x00000281f63cf7b0 Uncommon trap: trap_request=0xffffffbe fr.pc=0x000002819d4436c4 relative=0x0000000000000a04
Event: 61.670 Thread 0x00000281f63cf7b0 Uncommon trap: reason=profile_predicate action=maybe_recompile pc=0x000002819d4436c4 method=org.gradle.internal.Actions$CompositeAction.execute(Ljava/lang/Object;)V @ 16 c2
Event: 61.670 Thread 0x00000281f63cf7b0 DEOPT PACKING pc=0x000002819d4436c4 sp=0x000000cfdeaf8b70
Event: 61.670 Thread 0x00000281f63cf7b0 DEOPT UNPACKING pc=0x000002819c57a1a3 sp=0x000000cfdeaf8b40 mode 2
Event: 61.672 Thread 0x00000281f63cf7b0 Uncommon trap: trap_request=0xffffffbe fr.pc=0x000002819d4436c4 relative=0x0000000000000a04
Event: 61.672 Thread 0x00000281f63cf7b0 Uncommon trap: reason=profile_predicate action=maybe_recompile pc=0x000002819d4436c4 method=org.gradle.internal.Actions$CompositeAction.execute(Ljava/lang/Object;)V @ 16 c2
Event: 61.672 Thread 0x00000281f63cf7b0 DEOPT PACKING pc=0x000002819d4436c4 sp=0x000000cfdeaf8b70
Event: 61.672 Thread 0x00000281f63cf7b0 DEOPT UNPACKING pc=0x000002819c57a1a3 sp=0x000000cfdeaf8b40 mode 2

Classes unloaded (0 events):
No events

Classes redefined (0 events):
No events

Internal exceptions (20 events):
Event: 59.403 Thread 0x00000281f63cf7b0 Exception <a 'sun/nio/fs/WindowsException'{0x000000071bdb6288}> (0x000000071bdb6288) 
thrown [s\src\hotspot\share\prims\jni.cpp, line 516]
Event: 59.404 Thread 0x00000281f63cf7b0 Exception <a 'sun/nio/fs/WindowsException'{0x000000071bdb6550}> (0x000000071bdb6550) 
thrown [s\src\hotspot\share\prims\jni.cpp, line 516]
Event: 59.504 Thread 0x00000281f63cf7b0 Exception <a 'java/lang/NoClassDefFoundError'{0x000000071a552328}: org/jetbrains/kotlin/gradle/plugin/KotlinBasePluginWrapper> (0x000000071a552328) 
thrown [s\src\hotspot\share\oops\constantPool.cpp, line 835]
Event: 59.515 Thread 0x00000281f63cf7b0 Exception <a 'sun/nio/fs/WindowsException'{0x000000071a2c5288}> (0x000000071a2c5288) 
thrown [s\src\hotspot\share\prims\jni.cpp, line 516]
Event: 59.515 Thread 0x00000281f63cf7b0 Exception <a 'sun/nio/fs/WindowsException'{0x000000071a2c56c8}> (0x000000071a2c56c8) 
thrown [s\src\hotspot\share\prims\jni.cpp, line 516]
Event: 59.588 Thread 0x00000281f63cf7b0 Exception <a 'java/lang/NoClassDefFoundError'{0x000000071954db78}: org/jetbrains/kotlin/gradle/plugin/KotlinBasePluginWrapper> (0x000000071954db78) 
thrown [s\src\hotspot\share\oops\constantPool.cpp, line 835]
Event: 59.593 Thread 0x00000281f63cf7b0 Exception <a 'sun/nio/fs/WindowsException'{0x00000007195c81e8}> (0x00000007195c81e8) 
thrown [s\src\hotspot\share\prims\jni.cpp, line 516]
Event: 59.593 Thread 0x00000281f63cf7b0 Exception <a 'sun/nio/fs/WindowsException'{0x00000007195c85a8}> (0x00000007195c85a8) 
thrown [s\src\hotspot\share\prims\jni.cpp, line 516]
Event: 59.693 Thread 0x00000281f63cf7b0 Exception <a 'java/lang/NoClassDefFoundError'{0x0000000717cc1bc8}: org/jetbrains/kotlin/gradle/plugin/KotlinBasePluginWrapper> (0x0000000717cc1bc8) 
thrown [s\src\hotspot\share\oops\constantPool.cpp, line 835]
Event: 59.704 Thread 0x00000281f63cf7b0 Exception <a 'sun/nio/fs/WindowsException'{0x0000000717a7ffd0}> (0x0000000717a7ffd0) 
thrown [s\src\hotspot\share\prims\jni.cpp, line 516]
Event: 59.704 Thread 0x00000281f63cf7b0 Exception <a 'sun/nio/fs/WindowsException'{0x0000000717a803d8}> (0x0000000717a803d8) 
thrown [s\src\hotspot\share\prims\jni.cpp, line 516]
Event: 59.741 Thread 0x00000281f63cf7b0 Exception <a 'java/lang/NoClassDefFoundError'{0x00000007172b2888}: org/jetbrains/kotlin/gradle/plugin/KotlinBasePluginWrapper> (0x00000007172b2888) 
thrown [s\src\hotspot\share\oops\constantPool.cpp, line 835]
Event: 59.746 Thread 0x00000281f63cf7b0 Exception <a 'sun/nio/fs/WindowsException'{0x000000071732b358}> (0x000000071732b358) 
thrown [s\src\hotspot\share\prims\jni.cpp, line 516]
Event: 59.746 Thread 0x00000281f63cf7b0 Exception <a 'sun/nio/fs/WindowsException'{0x000000071732b748}> (0x000000071732b748) 
thrown [s\src\hotspot\share\prims\jni.cpp, line 516]
Event: 59.833 Thread 0x00000281f63cf7b0 Exception <a 'java/lang/NoClassDefFoundError'{0x0000000725337288}: org/jetbrains/kotlin/gradle/plugin/KotlinBasePluginWrapper> (0x0000000725337288) 
thrown [s\src\hotspot\share\oops\constantPool.cpp, line 835]
Event: 59.838 Thread 0x00000281f63cf7b0 Exception <a 'sun/nio/fs/WindowsException'{0x00000007253b3450}> (0x00000007253b3450) 
thrown [s\src\hotspot\share\prims\jni.cpp, line 516]
Event: 59.838 Thread 0x00000281f63cf7b0 Exception <a 'sun/nio/fs/WindowsException'{0x00000007253b3860}> (0x00000007253b3860) 
thrown [s\src\hotspot\share\prims\jni.cpp, line 516]
Event: 59.895 Thread 0x00000281f63cf7b0 Exception <a 'java/lang/NoClassDefFoundError'{0x000000072456af90}: org/jetbrains/kotlin/gradle/plugin/KotlinBasePluginWrapper> (0x000000072456af90) 
thrown [s\src\hotspot\share\oops\constantPool.cpp, line 835]
Event: 59.956 Thread 0x00000281841d67d0 Exception <a 'sun/nio/fs/WindowsException'{0x0000000723558e80}> (0x0000000723558e80) 
thrown [s\src\hotspot\share\prims\jni.cpp, line 516]
Event: 59.956 Thread 0x00000281841d67d0 Exception <a 'sun/nio/fs/WindowsException'{0x0000000723559260}> (0x0000000723559260) 
thrown [s\src\hotspot\share\prims\jni.cpp, line 516]

VM Operations (20 events):
Event: 57.406 Executing VM operation: G1CollectForAllocation
Event: 57.431 Executing VM operation: G1CollectForAllocation done
Event: 57.950 Executing VM operation: ICBufferFull
Event: 57.950 Executing VM operation: ICBufferFull done
Event: 58.003 Executing VM operation: HandshakeAllThreads
Event: 58.003 Executing VM operation: HandshakeAllThreads done
Event: 59.006 Executing VM operation: Cleanup
Event: 59.006 Executing VM operation: Cleanup done
Event: 59.403 Executing VM operation: ICBufferFull
Event: 59.403 Executing VM operation: ICBufferFull done
Event: 59.766 Executing VM operation: G1CollectForAllocation
Event: 59.807 Executing VM operation: G1CollectForAllocation done
Event: 60.012 Executing VM operation: HandshakeAllThreads
Event: 60.012 Executing VM operation: HandshakeAllThreads done
Event: 60.038 Executing VM operation: HandshakeAllThreads
Event: 60.038 Executing VM operation: HandshakeAllThreads done
Event: 60.260 Executing VM operation: ICBufferFull
Event: 60.260 Executing VM operation: ICBufferFull done
Event: 61.273 Executing VM operation: Cleanup
Event: 61.273 Executing VM operation: Cleanup done

Events (20 events):
Event: 60.463 Thread 0x00000281841d0290 Thread exited: 0x00000281841d0290
Event: 60.463 Thread 0x00000281841cf360 Thread exited: 0x00000281841cf360
Event: 60.479 Thread 0x00000281841d3020 Thread exited: 0x00000281841d3020
Event: 60.488 Thread 0x00000281841d58a0 Thread exited: 0x00000281841d58a0
Event: 60.622 Thread 0x00000281841d5390 Thread exited: 0x00000281841d5390
Event: 61.533 Thread 0x00000281f6e74900 Thread exited: 0x00000281f6e74900
Event: 61.534 Thread 0x00000281f816b8c0 Thread added: 0x00000281f816b8c0
Event: 61.576 Thread 0x00000281f6e6dec0 Thread exited: 0x00000281f6e6dec0
Event: 61.576 Thread 0x00000281f816cd00 Thread added: 0x00000281f816cd00
Event: 61.581 Thread 0x00000281f816bdd0 Thread added: 0x00000281f816bdd0
Event: 61.582 Thread 0x00000281f816d210 Thread added: 0x00000281f816d210
Event: 61.582 Thread 0x00000281fbab4070 Thread added: 0x00000281fbab4070
Event: 61.603 Thread 0x00000281fcdf6650 Thread added: 0x00000281fcdf6650
Event: 61.603 Thread 0x00000281fcdf7640 Thread added: 0x00000281fcdf7640
Event: 61.604 Thread 0x00000281fbab7820 Thread added: 0x00000281fbab7820
Event: 61.606 Thread 0x00000281fbab68f0 Thread added: 0x00000281fbab68f0
Event: 61.608 Thread 0x00000281fbab4a90 Thread added: 0x00000281fbab4a90
Event: 61.610 Thread 0x00000281fbab3b60 Thread added: 0x00000281fbab3b60
Event: 61.623 Thread 0x00000281fbab9b90 Thread added: 0x00000281fbab9b90
Event: 61.631 Thread 0x00000281fbab59c0 Thread added: 0x00000281fbab59c0


Dynamic libraries:
0x00007ff699e10000 - 0x00007ff699e1e000 	C:\Program Files\Microsoft\jdk-17.0.10.7-hotspot\bin\java.exe
0x00007ffe21370000 - 0x00007ffe21568000 	C:\Windows\SYSTEM32\ntdll.dll
0x00007ffe20380000 - 0x00007ffe20441000 	C:\Windows\System32\KERNEL32.DLL
0x00007ffe1ea20000 - 0x00007ffe1ed1d000 	C:\Windows\System32\KERNELBASE.dll
0x00007ffe1ee40000 - 0x00007ffe1ef40000 	C:\Windows\System32\ucrtbase.dll
0x00007ffdfcd20000 - 0x00007ffdfcd37000 	C:\Program Files\Microsoft\jdk-17.0.10.7-hotspot\bin\jli.dll
0x00007ffdfcd00000 - 0x00007ffdfcd1b000 	C:\Program Files\Microsoft\jdk-17.0.10.7-hotspot\bin\VCRUNTIME140.dll
0x00007ffe1f580000 - 0x00007ffe1f71d000 	C:\Windows\System32\USER32.dll
0x00007ffe06250000 - 0x00007ffe064ea000 	C:\Windows\WinSxS\amd64_microsoft.windows.common-controls_6595b64144ccf1df_6.0.19041.4355_none_60b8b9eb71f62e16\COMCTL32.dll
0x00007ffe1f340000 - 0x00007ffe1f362000 	C:\Windows\System32\win32u.dll
0x00007ffe1fab0000 - 0x00007ffe1fb4e000 	C:\Windows\System32\msvcrt.dll
0x00007ffe1f720000 - 0x00007ffe1f74b000 	C:\Windows\System32\GDI32.dll
0x00007ffe1ef40000 - 0x00007ffe1f057000 	C:\Windows\System32\gdi32full.dll
0x00007ffe1f1c0000 - 0x00007ffe1f25d000 	C:\Windows\System32\msvcp_win.dll
0x00007ffe1f550000 - 0x00007ffe1f57f000 	C:\Windows\System32\IMM32.DLL
0x00007ffe01d80000 - 0x00007ffe01d8c000 	C:\Program Files\Microsoft\jdk-17.0.10.7-hotspot\bin\vcruntime140_1.dll
0x00007ffdfb090000 - 0x00007ffdfb11d000 	C:\Program Files\Microsoft\jdk-17.0.10.7-hotspot\bin\msvcp140.dll
0x00007ffdfa420000 - 0x00007ffdfb085000 	C:\Program Files\Microsoft\jdk-17.0.10.7-hotspot\bin\server\jvm.dll
0x00007ffe21220000 - 0x00007ffe212d0000 	C:\Windows\System32\ADVAPI32.dll
0x00007ffe205f0000 - 0x00007ffe20690000 	C:\Windows\System32\sechost.dll
0x00007ffe20910000 - 0x00007ffe20a33000 	C:\Windows\System32\RPCRT4.dll
0x00007ffe1f370000 - 0x00007ffe1f397000 	C:\Windows\System32\bcrypt.dll
0x00007ffdfa410000 - 0x00007ffdfa419000 	C:\Windows\SYSTEM32\WSOCK32.dll
0x00007ffe1df20000 - 0x00007ffe1df6b000 	C:\Windows\SYSTEM32\POWRPROF.dll
0x00007ffe14f90000 - 0x00007ffe14f9a000 	C:\Windows\SYSTEM32\VERSION.dll
0x00007ffe20580000 - 0x00007ffe205eb000 	C:\Windows\System32\WS2_32.dll
0x00007ffe10230000 - 0x00007ffe10257000 	C:\Windows\SYSTEM32\WINMM.dll
0x00007ffe1dde0000 - 0x00007ffe1ddf2000 	C:\Windows\SYSTEM32\UMPDC.dll
0x00007ffe1d250000 - 0x00007ffe1d262000 	C:\Windows\SYSTEM32\kernel.appcore.dll
0x00007ffe01910000 - 0x00007ffe0191a000 	C:\Program Files\Microsoft\jdk-17.0.10.7-hotspot\bin\jimage.dll
0x00007ffe1c750000 - 0x00007ffe1c934000 	C:\Windows\SYSTEM32\DBGHELP.DLL
0x00007ffe0d320000 - 0x00007ffe0d354000 	C:\Windows\SYSTEM32\dbgcore.DLL
0x00007ffe1f260000 - 0x00007ffe1f2e2000 	C:\Windows\System32\bcryptPrimitives.dll
0x00007ffdfcc80000 - 0x00007ffdfcca5000 	C:\Program Files\Microsoft\jdk-17.0.10.7-hotspot\bin\java.dll
0x00007ffdf9220000 - 0x00007ffdf92f7000 	C:\Program Files\Microsoft\jdk-17.0.10.7-hotspot\bin\jsvml.dll
0x00007ffe1fb50000 - 0x00007ffe202bf000 	C:\Windows\System32\SHELL32.dll
0x00007ffe1ca40000 - 0x00007ffe1d1e3000 	C:\Windows\SYSTEM32\windows.storage.dll
0x00007ffe1f750000 - 0x00007ffe1faa3000 	C:\Windows\System32\combase.dll
0x00007ffe1e370000 - 0x00007ffe1e39e000 	C:\Windows\SYSTEM32\Wldp.dll
0x00007ffe20840000 - 0x00007ffe2090d000 	C:\Windows\System32\OLEAUT32.dll
0x00007ffe202c0000 - 0x00007ffe2036d000 	C:\Windows\System32\SHCORE.dll
0x00007ffe212d0000 - 0x00007ffe21325000 	C:\Windows\System32\shlwapi.dll
0x00007ffe1e950000 - 0x00007ffe1e974000 	C:\Windows\SYSTEM32\profapi.dll
0x00007ffdf9070000 - 0x00007ffdf9089000 	C:\Program Files\Microsoft\jdk-17.0.10.7-hotspot\bin\net.dll
0x00007ffe183f0000 - 0x00007ffe184fd000 	C:\Windows\SYSTEM32\WINHTTP.dll
0x00007ffe1e150000 - 0x00007ffe1e1ba000 	C:\Windows\system32\mswsock.dll
0x00007ffdf9000000 - 0x00007ffdf9016000 	C:\Program Files\Microsoft\jdk-17.0.10.7-hotspot\bin\nio.dll
0x00007ffdf8fe0000 - 0x00007ffdf8ff8000 	C:\Program Files\Microsoft\jdk-17.0.10.7-hotspot\bin\zip.dll
0x00007ffde5ed0000 - 0x00007ffde5ee0000 	C:\Program Files\Microsoft\jdk-17.0.10.7-hotspot\bin\verify.dll
0x00007ffde50d0000 - 0x00007ffde50f7000 	C:\Users\Admin\.gradle\native\68d5fa5c4cc2d200863cafc0d521ce42e7d3e7ee720ec0a83991735586a16f82\windows-amd64\native-platform.dll
0x00007ffde4ed0000 - 0x00007ffde5014000 	C:\Users\Admin\.gradle\native\e376f236ea51e6404a007f0833ffe2c6e607c4080706a723a18a27aeea778392\windows-amd64\native-platform-file-events.dll
0x00007ffe14ff0000 - 0x00007ffe14ff9000 	C:\Program Files\Microsoft\jdk-17.0.10.7-hotspot\bin\management.dll
0x00007ffe13020000 - 0x00007ffe1302b000 	C:\Program Files\Microsoft\jdk-17.0.10.7-hotspot\bin\management_ext.dll
0x00007ffe20cc0000 - 0x00007ffe20cc8000 	C:\Windows\System32\PSAPI.DLL
0x00007ffe1e3b0000 - 0x00007ffe1e3c8000 	C:\Windows\SYSTEM32\CRYPTSP.dll
0x00007ffe1da20000 - 0x00007ffe1da54000 	C:\Windows\system32\rsaenh.dll
0x00007ffe1e910000 - 0x00007ffe1e93e000 	C:\Windows\SYSTEM32\USERENV.dll
0x00007ffe1e2e0000 - 0x00007ffe1e2ec000 	C:\Windows\SYSTEM32\CRYPTBASE.dll
0x00007ffe1de00000 - 0x00007ffe1de3b000 	C:\Windows\SYSTEM32\IPHLPAPI.DLL
0x00007ffe20450000 - 0x00007ffe20458000 	C:\Windows\System32\NSI.dll
0x00007ffe17c50000 - 0x00007ffe17c67000 	C:\Windows\SYSTEM32\dhcpcsvc6.DLL
0x00007ffe17aa0000 - 0x00007ffe17abd000 	C:\Windows\SYSTEM32\dhcpcsvc.DLL
0x00007ffe1de40000 - 0x00007ffe1df0a000 	C:\Windows\SYSTEM32\DNSAPI.dll
0x00007ffdf9a30000 - 0x00007ffdf9a39000 	C:\Program Files\Microsoft\jdk-17.0.10.7-hotspot\bin\extnet.dll
0x00007ffdea160000 - 0x00007ffdea16e000 	C:\Program Files\Microsoft\jdk-17.0.10.7-hotspot\bin\sunmscapi.dll
0x00007ffe1f060000 - 0x00007ffe1f1bc000 	C:\Windows\System32\CRYPT32.dll
0x00007ffe1e4c0000 - 0x00007ffe1e4e9000 	C:\Windows\SYSTEM32\ncrypt.dll
0x00007ffe1e480000 - 0x00007ffe1e4bb000 	C:\Windows\SYSTEM32\NTASN1.dll
0x00007ffe0cdb0000 - 0x00007ffe0cdb7000 	C:\Windows\system32\wshunix.dll
0x00007ffe16660000 - 0x00007ffe1666a000 	C:\Windows\System32\rasadhlp.dll
0x00007ffe15c10000 - 0x00007ffe15c90000 	C:\Windows\System32\fwpuclnt.dll

dbghelp: loaded successfully - version: 4.0.5 - missing functions: none
symbol engine: initialized successfully - sym options: 0x614 - pdb path: .;C:\Program Files\Microsoft\jdk-17.0.10.7-hotspot\bin;C:\Windows\SYSTEM32;C:\Windows\WinSxS\amd64_microsoft.windows.common-controls_6595b64144ccf1df_6.0.19041.4355_none_60b8b9eb71f62e16;C:\Program Files\Microsoft\jdk-17.0.10.7-hotspot\bin\server;C:\Users\Admin\.gradle\native\68d5fa5c4cc2d200863cafc0d521ce42e7d3e7ee720ec0a83991735586a16f82\windows-amd64;C:\Users\Admin\.gradle\native\e376f236ea51e6404a007f0833ffe2c6e607c4080706a723a18a27aeea778392\windows-amd64

VM Arguments:
jvm_args: --add-opens=java.base/java.util=ALL-UNNAMED --add-opens=java.base/java.lang=ALL-UNNAMED --add-opens=java.base/java.lang.invoke=ALL-UNNAMED --add-opens=java.prefs/java.util.prefs=ALL-UNNAMED --add-opens=java.base/java.nio.charset=ALL-UNNAMED --add-opens=java.base/java.net=ALL-UNNAMED --add-opens=java.base/java.util.concurrent.atomic=ALL-UNNAMED -Xmx4G -Dfile.encoding=windows-1252 -Duser.country=US -Duser.language=en -Duser.variant 
java_command: org.gradle.launcher.daemon.bootstrap.GradleDaemon 8.0
java_class_path (initial): C:\Users\Admin\.gradle\wrapper\dists\gradle-8.0-bin\ca5e32bp14vu59qr306oxotwh\gradle-8.0\lib\gradle-launcher-8.0.jar
Launcher Type: SUN_STANDARD

[Global flags]
     intx CICompilerCount                          = 4                                         {product} {ergonomic}
     uint ConcGCThreads                            = 2                                         {product} {ergonomic}
     uint G1ConcRefinementThreads                  = 8                                         {product} {ergonomic}
   size_t G1HeapRegionSize                         = 2097152                                   {product} {ergonomic}
    uintx GCDrainStackTargetSize                   = 64                                        {product} {ergonomic}
   size_t InitialHeapSize                          = 264241152                                 {product} {ergonomic}
   size_t MarkStackSize                            = 4194304                                   {product} {ergonomic}
   size_t MaxHeapSize                              = 4294967296                                {product} {command line}
   size_t MaxNewSize                               = 2575302656                                {product} {ergonomic}
   size_t MinHeapDeltaBytes                        = 2097152                                   {product} {ergonomic}
   size_t MinHeapSize                              = 8388608                                   {product} {ergonomic}
    uintx NonNMethodCodeHeapSize                   = 5839372                                {pd product} {ergonomic}
    uintx NonProfiledCodeHeapSize                  = 122909434                              {pd product} {ergonomic}
    uintx ProfiledCodeHeapSize                     = 122909434                              {pd product} {ergonomic}
    uintx ReservedCodeCacheSize                    = 251658240                              {pd product} {ergonomic}
     bool SegmentedCodeCache                       = true                                      {product} {ergonomic}
   size_t SoftMaxHeapSize                          = 4294967296                             {manageable} {ergonomic}
     bool UseCompressedClassPointers               = true                           {product lp64_product} {ergonomic}
     bool UseCompressedOops                        = true                           {product lp64_product} {ergonomic}
     bool UseG1GC                                  = true                                      {product} {ergonomic}
     bool UseLargePagesIndividualAllocation        = false                                  {pd product} {ergonomic}

Logging:
Log output configuration:
 #0: stdout all=warning uptime,level,tags
 #1: stderr all=off uptime,level,tags

Environment Variables:
JAVA_HOME=C:\Program Files\Microsoft\jdk-17.0.10.7-hotspot\
CLASSPATH=C:\Users\Admin\Desktop\E-HandyHelp\android\\gradle\wrapper\gradle-wrapper.jar
PATH=C:\Users\Admin\AppData\Local\flutter\bin\;C:\Program Files\Microsoft\jdk-17.0.10.7-hotspot\bin;C:\Windows\system32;C:\Windows;C:\Windows\System32\Wbem;C:\Windows\System32\WindowsPowerShell\v1.0\;C:\Windows\System32\OpenSSH\;C:\Program Files\OpenVPN\bin;C:\Program Files\nodejs\;C:\ProgramData\chocolatey\bin;C:\Program Files\Git\cmd;C:\php-8.3.7;C:\xampp\php;;C:\Program Files\Docker\Docker\resources\bin;C:\Users\Admin\Flutter\bin;C:\Users\Admin\AppData\Local\Programs\Python\Python310\Scripts\;C:\Users\Admin\AppData\Local\Programs\Python\Python310\;C:\Users\Admin\AppData\Local\Programs\Python\Python312\Scripts\;C:\Users\Admin\AppData\Local\Programs\Python\Python312\;C:\Users\Admin\AppData\Local\Programs\Python\Launcher\;C:\Users\Admin\AppData\Local\flutter\bin;C:\Users\Admin\AppData\Local\Microsoft\WindowsApps;C:\Users\Admin\AppData\Local\Programs\Microsoft VS Code\bin;C:\Users\Admin\AppData\Roaming\npm;C:\Users\Admin\AppData\Local\Android\Sdk\platform-tools;C:\msys64\ucrt64\bin;C:\php-8.3.7;C:\xampp\php;
USERNAME=Admin
LANG=en_US.UTF-8
OS=Windows_NT
PROCESSOR_IDENTIFIER=Intel64 Family 6 Model 140 Stepping 1, GenuineIntel
TMP=C:\Users\Admin\AppData\Local\Temp
TEMP=C:\Users\Admin\AppData\Local\Temp



Periodic native trim disabled


---------------  S Y S T E M  ---------------

OS:
 Windows 10 , 64 bit Build 19041 (10.0.19041.4842)
OS uptime: 0 days 0:27 hours
Hyper-V role detected

CPU: total 8 (initial active 8) (4 cores per cpu, 2 threads per core) family 6 model 140 stepping 1 microcode 0x86, cx8, cmov, fxsr, ht, mmx, 3dnowpref, sse, sse2, sse3, ssse3, sse4.1, sse4.2, popcnt, lzcnt, tsc, tscinvbit, avx, avx2, aes, erms, clmul, bmi1, bmi2, adx, avx512f, avx512dq, avx512cd, avx512bw, avx512vl, sha, fma, vzeroupper, avx512_vpopcntdq, avx512_vpclmulqdq, avx512_vaes, avx512_vnni, clflush, clflushopt, clwb, avx512_vbmi2, avx512_vbmi, hv
Processor Information for all 8 processors :
  Max Mhz: 2803, Current Mhz: 2803, Mhz Limit: 2803

Memory: 4k page, system-wide physical 16082M (3856M free)
TotalPageFile size 16082M (AvailPageFile size 5M)
current process WorkingSet (physical memory assigned to process): 868M, peak: 904M
current process commit charge ("private bytes"): 977M, peak: 1011M

vm_info: OpenJDK 64-Bit Server VM (17.0.10+7-LTS) for windows-amd64 JRE (17.0.10+7-LTS), built on Jan 10 2024 19:47:12 by "MicrosoftCorporation" with MS VC++ 16.10 / 16.11 (VS2019)

END.
