#
# There is insufficient memory for the Java Runtime Environment to continue.
# Native memory allocation (malloc) failed to allocate 260848 bytes for Chunk::new
# Possible reasons:
#   The system is out of physical RAM or swap space
#   The process is running with CompressedOops enabled, and the Java Heap may be blocking the growth of the native heap
# Possible solutions:
#   Reduce memory load on the system
#   Increase physical memory or swap space
#   Check if swap backing store is full
#   Decrease Java heap size (-Xmx/-Xms)
#   Decrease number of Java threads
#   Decrease Java thread stack sizes (-Xss)
#   Set larger code cache with -XX:ReservedCodeCacheSize=
#   JVM is running with Zero Based Compressed Oops mode in which the Java heap is
#     placed in the first 32GB address space. The Java Heap base address is the
#     maximum limit for the native heap growth. Please use -XX:HeapBaseMinAddress
#     to set the Java Heap base and to place the Java Heap above 32GB virtual address.
# This output file may be truncated or incomplete.
#
#  Out of Memory Error (arena.cpp:191), pid=15124, tid=8472
#
# JRE version: OpenJDK Runtime Environment (17.0.9) (build 17.0.9+0--11185874)
# Java VM: OpenJDK 64-Bit Server VM (17.0.9+0--11185874, mixed mode, tiered, compressed oops, compressed class ptrs, g1 gc, windows-amd64)
# No core dump will be written. Minidumps are not enabled by default on client versions of Windows
#

---------------  S U M M A R Y ------------

Command Line: -Dorg.gradle.appname=gradlew org.gradle.wrapper.GradleWrapperMain -q -Ptarget-platform=android-arm64 -Ptarget=C:\Users\Admin\Desktop\E-HandyHelp\lib\main.dart -Pbase-application-name=android.app.Application -Pdart-obfuscation=false -Ptrack-widget-creation=true -Ptree-shake-icons=false -Pfilesystem-scheme=org-dartlang-root assembleDebug

Host: 11th Gen Intel(R) Core(TM) i7-1165G7 @ 2.80GHz, 8 cores, 15G,  Windows 10 , 64 bit Build 19041 (10.0.19041.4842)
Time: Fri Oct 18 01:32:25 2024 Malay Peninsula Standard Time elapsed time: 0.494002 seconds (0d 0h 0m 0s)

---------------  T H R E A D  ---------------

Current thread (0x000001735277e000):  JavaThread "C2 CompilerThread2" daemon [_thread_in_native, id=8472, stack(0x0000006cb9c00000,0x0000006cb9d00000)]


Current CompileTask:
C2:    494  894   !   4       java.util.concurrent.ConcurrentHashMap::putVal (432 bytes)

Stack: [0x0000006cb9c00000,0x0000006cb9d00000]
Native frames: (J=compiled Java code, j=interpreted, Vv=VM code, C=native code)
V  [jvm.dll+0x6886e9]
V  [jvm.dll+0x841e4a]
V  [jvm.dll+0x843a8e]
V  [jvm.dll+0x8440f3]
V  [jvm.dll+0x24c14f]
V  [jvm.dll+0xac44c]
V  [jvm.dll+0xaca9c]
V  [jvm.dll+0x36c1f7]
V  [jvm.dll+0x33651a]
V  [jvm.dll+0x3359ba]
V  [jvm.dll+0x21ddb1]
V  [jvm.dll+0x21d1d1]
V  [jvm.dll+0x1a674d]
V  [jvm.dll+0x22d088]
V  [jvm.dll+0x22b1c0]
V  [jvm.dll+0x7f62f7]
V  [jvm.dll+0x7f06aa]
V  [jvm.dll+0x687565]
C  [ucrtbase.dll+0x21bb2]
C  [KERNEL32.DLL+0x17374]
C  [ntdll.dll+0x4cc91]


---------------  P R O C E S S  ---------------

Threads class SMR info:
_java_thread_list=0x000001735750f790, length=15, elements={
0x0000017331961a20, 0x00000173521a3250, 0x00000173521a4220, 0x00000173520e7920,
0x00000173521da960, 0x00000173521db530, 0x00000173521d23c0, 0x00000173521d37e0,
0x00000173521e9be0, 0x000001735220cd10, 0x0000017352369dc0, 0x000001735237b9b0,
0x0000017352833260, 0x000001735277e000, 0x0000017357511a70
}

Java Threads: ( => current thread )
  0x0000017331961a20 JavaThread "main" [_thread_in_vm, id=6212, stack(0x0000006cb8800000,0x0000006cb8900000)]
  0x00000173521a3250 JavaThread "Reference Handler" daemon [_thread_blocked, id=11380, stack(0x0000006cb8f00000,0x0000006cb9000000)]
  0x00000173521a4220 JavaThread "Finalizer" daemon [_thread_blocked, id=11620, stack(0x0000006cb9000000,0x0000006cb9100000)]
  0x00000173520e7920 JavaThread "Signal Dispatcher" daemon [_thread_blocked, id=6052, stack(0x0000006cb9100000,0x0000006cb9200000)]
  0x00000173521da960 JavaThread "Attach Listener" daemon [_thread_blocked, id=8688, stack(0x0000006cb9200000,0x0000006cb9300000)]
  0x00000173521db530 JavaThread "Service Thread" daemon [_thread_blocked, id=13368, stack(0x0000006cb9300000,0x0000006cb9400000)]
  0x00000173521d23c0 JavaThread "Monitor Deflation Thread" daemon [_thread_blocked, id=12368, stack(0x0000006cb9400000,0x0000006cb9500000)]
  0x00000173521d37e0 JavaThread "C2 CompilerThread0" daemon [_thread_in_native, id=6548, stack(0x0000006cb9500000,0x0000006cb9600000)]
  0x00000173521e9be0 JavaThread "C1 CompilerThread0" daemon [_thread_blocked, id=8500, stack(0x0000006cb9600000,0x0000006cb9700000)]
  0x000001735220cd10 JavaThread "Sweeper thread" daemon [_thread_blocked, id=844, stack(0x0000006cb9700000,0x0000006cb9800000)]
  0x0000017352369dc0 JavaThread "Notification Thread" daemon [_thread_blocked, id=9772, stack(0x0000006cb9800000,0x0000006cb9900000)]
  0x000001735237b9b0 JavaThread "Common-Cleaner" daemon [_thread_blocked, id=6008, stack(0x0000006cb9a00000,0x0000006cb9b00000)]
  0x0000017352833260 JavaThread "C2 CompilerThread1" daemon [_thread_blocked, id=11392, stack(0x0000006cb9b00000,0x0000006cb9c00000)]
=>0x000001735277e000 JavaThread "C2 CompilerThread2" daemon [_thread_in_native, id=8472, stack(0x0000006cb9c00000,0x0000006cb9d00000)]
  0x0000017357511a70 JavaThread "pool-1-thread-1" [_thread_blocked, id=10188, stack(0x0000006cba200000,0x0000006cba300000)]

Other Threads:
  0x0000017352190a10 VMThread "VM Thread" [stack: 0x0000006cb8e00000,0x0000006cb8f00000] [id=12644]
  0x000001735236a2a0 WatcherThread [stack: 0x0000006cb9900000,0x0000006cb9a00000] [id=8556]
  0x00000173319cabf0 GCTaskThread "GC Thread#0" [stack: 0x0000006cb8900000,0x0000006cb8a00000] [id=11384]
  0x0000017352d88f80 GCTaskThread "GC Thread#1" [stack: 0x0000006cb9d00000,0x0000006cb9e00000] [id=11332]
  0x0000017352d89240 GCTaskThread "GC Thread#2" [stack: 0x0000006cb9e00000,0x0000006cb9f00000] [id=11592]
  0x0000017352bc7470 GCTaskThread "GC Thread#3" [stack: 0x0000006cb9f00000,0x0000006cba000000] [id=4592]
  0x0000017352bc7730 GCTaskThread "GC Thread#4" [stack: 0x0000006cba000000,0x0000006cba100000] [id=3220]
  0x0000017352bc79f0 GCTaskThread "GC Thread#5" [stack: 0x0000006cba100000,0x0000006cba200000] [id=10676]
  0x00000173319db690 ConcurrentGCThread "G1 Main Marker" [stack: 0x0000006cb8a00000,0x0000006cb8b00000] [id=168]
  0x00000173319dc0b0 ConcurrentGCThread "G1 Conc#0" [stack: 0x0000006cb8b00000,0x0000006cb8c00000] [id=3804]
  0x0000017351fc78f0 ConcurrentGCThread "G1 Refine#0" [stack: 0x0000006cb8c00000,0x0000006cb8d00000] [id=6692]
  0x0000017351fc8320 ConcurrentGCThread "G1 Service" [stack: 0x0000006cb8d00000,0x0000006cb8e00000] [id=1636]

Threads with active compile tasks:
C2 CompilerThread0      510  908       4       java.io.WinNTFileSystem::normalize (143 bytes)
C2 CompilerThread2      511  894   !   4       java.util.concurrent.ConcurrentHashMap::putVal (432 bytes)

VM state: not at safepoint (normal execution)

VM Mutex/Monitor currently owned by a thread:  ([mutex/lock_event])
[0x000001733172c880] Metaspace_lock - owner thread: 0x0000017331961a20

Heap address: 0x0000000704a00000, size: 4022 MB, Compressed Oops mode: Zero based, Oop shift amount: 3

CDS archive(s) not mapped
Compressed class space mapped at: 0x0000000800000000-0x0000000840000000, reserved size: 1073741824
Narrow klass base: 0x0000000800000000, Narrow klass shift: 0, Narrow klass range: 0x40000000

GC Precious Log:
 CPUs: 8 total, 8 available
 Memory: 16082M
 Large Page Support: Disabled
 NUMA Support: Disabled
 Compressed Oops: Enabled (Zero based)
 Heap Region Size: 2M
 Heap Min Capacity: 8M
 Heap Initial Capacity: 252M
 Heap Max Capacity: 4022M
 Pre-touch: Disabled
 Parallel Workers: 8
 Concurrent Workers: 2
 Concurrent Refinement Workers: 8
 Periodic GC: Disabled

Heap:
 garbage-first heap   total 258048K, used 14166K [0x0000000704a00000, 0x0000000800000000)
  region size 2048K, 5 young (10240K), 2 survivors (4096K)
 Metaspace       used 12377K, committed 12544K, reserved 1114112K
  class space    used 1368K, committed 1472K, reserved 1048576K

Heap Regions: E=young(eden), S=young(survivor), O=old, HS=humongous(starts), HC=humongous(continues), CS=collection set, F=free, OA=open archive, CA=closed archive, TAMS=top-at-mark-start (previous, next)
|   0|0x0000000704a00000, 0x0000000704c00000, 0x0000000704c00000|100%|HS|  |TAMS 0x0000000704a00000, 0x0000000704a00000| Complete 
|   1|0x0000000704c00000, 0x0000000704e00000, 0x0000000704e00000|100%|HC|  |TAMS 0x0000000704c00000, 0x0000000704c00000| Complete 
|   2|0x0000000704e00000, 0x0000000704fd5a00, 0x0000000705000000| 91%| O|  |TAMS 0x0000000704e00000, 0x0000000704e00000| Untracked 
|   3|0x0000000705000000, 0x0000000705000000, 0x0000000705200000|  0%| F|  |TAMS 0x0000000705000000, 0x0000000705000000| Untracked 
|   4|0x0000000705200000, 0x0000000705200000, 0x0000000705400000|  0%| F|  |TAMS 0x0000000705200000, 0x0000000705200000| Untracked 
|   5|0x0000000705400000, 0x0000000705400000, 0x0000000705600000|  0%| F|  |TAMS 0x0000000705400000, 0x0000000705400000| Untracked 
|   6|0x0000000705600000, 0x0000000705600000, 0x0000000705800000|  0%| F|  |TAMS 0x0000000705600000, 0x0000000705600000| Untracked 
|   7|0x0000000705800000, 0x0000000705800000, 0x0000000705a00000|  0%| F|  |TAMS 0x0000000705800000, 0x0000000705800000| Untracked 
|   8|0x0000000705a00000, 0x0000000705a00000, 0x0000000705c00000|  0%| F|  |TAMS 0x0000000705a00000, 0x0000000705a00000| Untracked 
|   9|0x0000000705c00000, 0x0000000705c00000, 0x0000000705e00000|  0%| F|  |TAMS 0x0000000705c00000, 0x0000000705c00000| Untracked 
|  10|0x0000000705e00000, 0x0000000705e00000, 0x0000000706000000|  0%| F|  |TAMS 0x0000000705e00000, 0x0000000705e00000| Untracked 
|  11|0x0000000706000000, 0x0000000706000000, 0x0000000706200000|  0%| F|  |TAMS 0x0000000706000000, 0x0000000706000000| Untracked 
|  12|0x0000000706200000, 0x0000000706200000, 0x0000000706400000|  0%| F|  |TAMS 0x0000000706200000, 0x0000000706200000| Untracked 
|  13|0x0000000706400000, 0x0000000706400000, 0x0000000706600000|  0%| F|  |TAMS 0x0000000706400000, 0x0000000706400000| Untracked 
|  14|0x0000000706600000, 0x0000000706600000, 0x0000000706800000|  0%| F|  |TAMS 0x0000000706600000, 0x0000000706600000| Untracked 
|  15|0x0000000706800000, 0x0000000706800000, 0x0000000706a00000|  0%| F|  |TAMS 0x0000000706800000, 0x0000000706800000| Untracked 
|  16|0x0000000706a00000, 0x0000000706a00000, 0x0000000706c00000|  0%| F|  |TAMS 0x0000000706a00000, 0x0000000706a00000| Untracked 
|  17|0x0000000706c00000, 0x0000000706c00000, 0x0000000706e00000|  0%| F|  |TAMS 0x0000000706c00000, 0x0000000706c00000| Untracked 
|  18|0x0000000706e00000, 0x0000000706e00000, 0x0000000707000000|  0%| F|  |TAMS 0x0000000706e00000, 0x0000000706e00000| Untracked 
|  19|0x0000000707000000, 0x0000000707000000, 0x0000000707200000|  0%| F|  |TAMS 0x0000000707000000, 0x0000000707000000| Untracked 
|  20|0x0000000707200000, 0x0000000707200000, 0x0000000707400000|  0%| F|  |TAMS 0x0000000707200000, 0x0000000707200000| Untracked 
|  21|0x0000000707400000, 0x0000000707400000, 0x0000000707600000|  0%| F|  |TAMS 0x0000000707400000, 0x0000000707400000| Untracked 
|  22|0x0000000707600000, 0x0000000707600000, 0x0000000707800000|  0%| F|  |TAMS 0x0000000707600000, 0x0000000707600000| Untracked 
|  23|0x0000000707800000, 0x0000000707800000, 0x0000000707a00000|  0%| F|  |TAMS 0x0000000707800000, 0x0000000707800000| Untracked 
|  24|0x0000000707a00000, 0x0000000707a00000, 0x0000000707c00000|  0%| F|  |TAMS 0x0000000707a00000, 0x0000000707a00000| Untracked 
|  25|0x0000000707c00000, 0x0000000707c00000, 0x0000000707e00000|  0%| F|  |TAMS 0x0000000707c00000, 0x0000000707c00000| Untracked 
|  26|0x0000000707e00000, 0x0000000707e00000, 0x0000000708000000|  0%| F|  |TAMS 0x0000000707e00000, 0x0000000707e00000| Untracked 
|  27|0x0000000708000000, 0x0000000708000000, 0x0000000708200000|  0%| F|  |TAMS 0x0000000708000000, 0x0000000708000000| Untracked 
|  28|0x0000000708200000, 0x0000000708200000, 0x0000000708400000|  0%| F|  |TAMS 0x0000000708200000, 0x0000000708200000| Untracked 
|  29|0x0000000708400000, 0x0000000708400000, 0x0000000708600000|  0%| F|  |TAMS 0x0000000708400000, 0x0000000708400000| Untracked 
|  30|0x0000000708600000, 0x0000000708600000, 0x0000000708800000|  0%| F|  |TAMS 0x0000000708600000, 0x0000000708600000| Untracked 
|  31|0x0000000708800000, 0x0000000708800000, 0x0000000708a00000|  0%| F|  |TAMS 0x0000000708800000, 0x0000000708800000| Untracked 
|  32|0x0000000708a00000, 0x0000000708a00000, 0x0000000708c00000|  0%| F|  |TAMS 0x0000000708a00000, 0x0000000708a00000| Untracked 
|  33|0x0000000708c00000, 0x0000000708c00000, 0x0000000708e00000|  0%| F|  |TAMS 0x0000000708c00000, 0x0000000708c00000| Untracked 
|  34|0x0000000708e00000, 0x0000000708e00000, 0x0000000709000000|  0%| F|  |TAMS 0x0000000708e00000, 0x0000000708e00000| Untracked 
|  35|0x0000000709000000, 0x0000000709000000, 0x0000000709200000|  0%| F|  |TAMS 0x0000000709000000, 0x0000000709000000| Untracked 
|  36|0x0000000709200000, 0x0000000709200000, 0x0000000709400000|  0%| F|  |TAMS 0x0000000709200000, 0x0000000709200000| Untracked 
|  37|0x0000000709400000, 0x0000000709400000, 0x0000000709600000|  0%| F|  |TAMS 0x0000000709400000, 0x0000000709400000| Untracked 
|  38|0x0000000709600000, 0x0000000709600000, 0x0000000709800000|  0%| F|  |TAMS 0x0000000709600000, 0x0000000709600000| Untracked 
|  39|0x0000000709800000, 0x0000000709800000, 0x0000000709a00000|  0%| F|  |TAMS 0x0000000709800000, 0x0000000709800000| Untracked 
|  40|0x0000000709a00000, 0x0000000709a00000, 0x0000000709c00000|  0%| F|  |TAMS 0x0000000709a00000, 0x0000000709a00000| Untracked 
|  41|0x0000000709c00000, 0x0000000709c00000, 0x0000000709e00000|  0%| F|  |TAMS 0x0000000709c00000, 0x0000000709c00000| Untracked 
|  42|0x0000000709e00000, 0x0000000709e00000, 0x000000070a000000|  0%| F|  |TAMS 0x0000000709e00000, 0x0000000709e00000| Untracked 
|  43|0x000000070a000000, 0x000000070a000000, 0x000000070a200000|  0%| F|  |TAMS 0x000000070a000000, 0x000000070a000000| Untracked 
|  44|0x000000070a200000, 0x000000070a200000, 0x000000070a400000|  0%| F|  |TAMS 0x000000070a200000, 0x000000070a200000| Untracked 
|  45|0x000000070a400000, 0x000000070a400000, 0x000000070a600000|  0%| F|  |TAMS 0x000000070a400000, 0x000000070a400000| Untracked 
|  46|0x000000070a600000, 0x000000070a600000, 0x000000070a800000|  0%| F|  |TAMS 0x000000070a600000, 0x000000070a600000| Untracked 
|  47|0x000000070a800000, 0x000000070a800000, 0x000000070aa00000|  0%| F|  |TAMS 0x000000070a800000, 0x000000070a800000| Untracked 
|  48|0x000000070aa00000, 0x000000070aa00000, 0x000000070ac00000|  0%| F|  |TAMS 0x000000070aa00000, 0x000000070aa00000| Untracked 
|  49|0x000000070ac00000, 0x000000070ac00000, 0x000000070ae00000|  0%| F|  |TAMS 0x000000070ac00000, 0x000000070ac00000| Untracked 
|  50|0x000000070ae00000, 0x000000070ae00000, 0x000000070b000000|  0%| F|  |TAMS 0x000000070ae00000, 0x000000070ae00000| Untracked 
|  51|0x000000070b000000, 0x000000070b000000, 0x000000070b200000|  0%| F|  |TAMS 0x000000070b000000, 0x000000070b000000| Untracked 
|  52|0x000000070b200000, 0x000000070b200000, 0x000000070b400000|  0%| F|  |TAMS 0x000000070b200000, 0x000000070b200000| Untracked 
|  53|0x000000070b400000, 0x000000070b400000, 0x000000070b600000|  0%| F|  |TAMS 0x000000070b400000, 0x000000070b400000| Untracked 
|  54|0x000000070b600000, 0x000000070b600000, 0x000000070b800000|  0%| F|  |TAMS 0x000000070b600000, 0x000000070b600000| Untracked 
|  55|0x000000070b800000, 0x000000070b800000, 0x000000070ba00000|  0%| F|  |TAMS 0x000000070b800000, 0x000000070b800000| Untracked 
|  56|0x000000070ba00000, 0x000000070ba00000, 0x000000070bc00000|  0%| F|  |TAMS 0x000000070ba00000, 0x000000070ba00000| Untracked 
|  57|0x000000070bc00000, 0x000000070bc00000, 0x000000070be00000|  0%| F|  |TAMS 0x000000070bc00000, 0x000000070bc00000| Untracked 
|  58|0x000000070be00000, 0x000000070be00000, 0x000000070c000000|  0%| F|  |TAMS 0x000000070be00000, 0x000000070be00000| Untracked 
|  59|0x000000070c000000, 0x000000070c000000, 0x000000070c200000|  0%| F|  |TAMS 0x000000070c000000, 0x000000070c000000| Untracked 
|  60|0x000000070c200000, 0x000000070c200000, 0x000000070c400000|  0%| F|  |TAMS 0x000000070c200000, 0x000000070c200000| Untracked 
|  61|0x000000070c400000, 0x000000070c400000, 0x000000070c600000|  0%| F|  |TAMS 0x000000070c400000, 0x000000070c400000| Untracked 
|  62|0x000000070c600000, 0x000000070c600000, 0x000000070c800000|  0%| F|  |TAMS 0x000000070c600000, 0x000000070c600000| Untracked 
|  63|0x000000070c800000, 0x000000070c800000, 0x000000070ca00000|  0%| F|  |TAMS 0x000000070c800000, 0x000000070c800000| Untracked 
|  64|0x000000070ca00000, 0x000000070ca00000, 0x000000070cc00000|  0%| F|  |TAMS 0x000000070ca00000, 0x000000070ca00000| Untracked 
|  65|0x000000070cc00000, 0x000000070cc00000, 0x000000070ce00000|  0%| F|  |TAMS 0x000000070cc00000, 0x000000070cc00000| Untracked 
|  66|0x000000070ce00000, 0x000000070ce00000, 0x000000070d000000|  0%| F|  |TAMS 0x000000070ce00000, 0x000000070ce00000| Untracked 
|  67|0x000000070d000000, 0x000000070d000000, 0x000000070d200000|  0%| F|  |TAMS 0x000000070d000000, 0x000000070d000000| Untracked 
|  68|0x000000070d200000, 0x000000070d200000, 0x000000070d400000|  0%| F|  |TAMS 0x000000070d200000, 0x000000070d200000| Untracked 
|  69|0x000000070d400000, 0x000000070d400000, 0x000000070d600000|  0%| F|  |TAMS 0x000000070d400000, 0x000000070d400000| Untracked 
|  70|0x000000070d600000, 0x000000070d600000, 0x000000070d800000|  0%| F|  |TAMS 0x000000070d600000, 0x000000070d600000| Untracked 
|  71|0x000000070d800000, 0x000000070d800000, 0x000000070da00000|  0%| F|  |TAMS 0x000000070d800000, 0x000000070d800000| Untracked 
|  72|0x000000070da00000, 0x000000070da00000, 0x000000070dc00000|  0%| F|  |TAMS 0x000000070da00000, 0x000000070da00000| Untracked 
|  73|0x000000070dc00000, 0x000000070dc00000, 0x000000070de00000|  0%| F|  |TAMS 0x000000070dc00000, 0x000000070dc00000| Untracked 
|  74|0x000000070de00000, 0x000000070de00000, 0x000000070e000000|  0%| F|  |TAMS 0x000000070de00000, 0x000000070de00000| Untracked 
|  75|0x000000070e000000, 0x000000070e000000, 0x000000070e200000|  0%| F|  |TAMS 0x000000070e000000, 0x000000070e000000| Untracked 
|  76|0x000000070e200000, 0x000000070e200000, 0x000000070e400000|  0%| F|  |TAMS 0x000000070e200000, 0x000000070e200000| Untracked 
|  77|0x000000070e400000, 0x000000070e400000, 0x000000070e600000|  0%| F|  |TAMS 0x000000070e400000, 0x000000070e400000| Untracked 
|  78|0x000000070e600000, 0x000000070e600000, 0x000000070e800000|  0%| F|  |TAMS 0x000000070e600000, 0x000000070e600000| Untracked 
|  79|0x000000070e800000, 0x000000070e800000, 0x000000070ea00000|  0%| F|  |TAMS 0x000000070e800000, 0x000000070e800000| Untracked 
|  80|0x000000070ea00000, 0x000000070ea00000, 0x000000070ec00000|  0%| F|  |TAMS 0x000000070ea00000, 0x000000070ea00000| Untracked 
|  81|0x000000070ec00000, 0x000000070ec00000, 0x000000070ee00000|  0%| F|  |TAMS 0x000000070ec00000, 0x000000070ec00000| Untracked 
|  82|0x000000070ee00000, 0x000000070ee00000, 0x000000070f000000|  0%| F|  |TAMS 0x000000070ee00000, 0x000000070ee00000| Untracked 
|  83|0x000000070f000000, 0x000000070f000000, 0x000000070f200000|  0%| F|  |TAMS 0x000000070f000000, 0x000000070f000000| Untracked 
|  84|0x000000070f200000, 0x000000070f200000, 0x000000070f400000|  0%| F|  |TAMS 0x000000070f200000, 0x000000070f200000| Untracked 
|  85|0x000000070f400000, 0x000000070f400000, 0x000000070f600000|  0%| F|  |TAMS 0x000000070f400000, 0x000000070f400000| Untracked 
|  86|0x000000070f600000, 0x000000070f600000, 0x000000070f800000|  0%| F|  |TAMS 0x000000070f600000, 0x000000070f600000| Untracked 
|  87|0x000000070f800000, 0x000000070f800000, 0x000000070fa00000|  0%| F|  |TAMS 0x000000070f800000, 0x000000070f800000| Untracked 
|  88|0x000000070fa00000, 0x000000070fa00000, 0x000000070fc00000|  0%| F|  |TAMS 0x000000070fa00000, 0x000000070fa00000| Untracked 
|  89|0x000000070fc00000, 0x000000070fc00000, 0x000000070fe00000|  0%| F|  |TAMS 0x000000070fc00000, 0x000000070fc00000| Untracked 
|  90|0x000000070fe00000, 0x000000070fe00000, 0x0000000710000000|  0%| F|  |TAMS 0x000000070fe00000, 0x000000070fe00000| Untracked 
|  91|0x0000000710000000, 0x0000000710000000, 0x0000000710200000|  0%| F|  |TAMS 0x0000000710000000, 0x0000000710000000| Untracked 
|  92|0x0000000710200000, 0x0000000710200000, 0x0000000710400000|  0%| F|  |TAMS 0x0000000710200000, 0x0000000710200000| Untracked 
|  93|0x0000000710400000, 0x0000000710400000, 0x0000000710600000|  0%| F|  |TAMS 0x0000000710400000, 0x0000000710400000| Untracked 
|  94|0x0000000710600000, 0x0000000710600000, 0x0000000710800000|  0%| F|  |TAMS 0x0000000710600000, 0x0000000710600000| Untracked 
|  95|0x0000000710800000, 0x0000000710800000, 0x0000000710a00000|  0%| F|  |TAMS 0x0000000710800000, 0x0000000710800000| Untracked 
|  96|0x0000000710a00000, 0x0000000710a00000, 0x0000000710c00000|  0%| F|  |TAMS 0x0000000710a00000, 0x0000000710a00000| Untracked 
|  97|0x0000000710c00000, 0x0000000710c00000, 0x0000000710e00000|  0%| F|  |TAMS 0x0000000710c00000, 0x0000000710c00000| Untracked 
|  98|0x0000000710e00000, 0x0000000710e00000, 0x0000000711000000|  0%| F|  |TAMS 0x0000000710e00000, 0x0000000710e00000| Untracked 
|  99|0x0000000711000000, 0x0000000711000000, 0x0000000711200000|  0%| F|  |TAMS 0x0000000711000000, 0x0000000711000000| Untracked 
| 100|0x0000000711200000, 0x0000000711200000, 0x0000000711400000|  0%| F|  |TAMS 0x0000000711200000, 0x0000000711200000| Untracked 
| 101|0x0000000711400000, 0x0000000711400000, 0x0000000711600000|  0%| F|  |TAMS 0x0000000711400000, 0x0000000711400000| Untracked 
| 102|0x0000000711600000, 0x0000000711600000, 0x0000000711800000|  0%| F|  |TAMS 0x0000000711600000, 0x0000000711600000| Untracked 
| 103|0x0000000711800000, 0x0000000711800000, 0x0000000711a00000|  0%| F|  |TAMS 0x0000000711800000, 0x0000000711800000| Untracked 
| 104|0x0000000711a00000, 0x0000000711a00000, 0x0000000711c00000|  0%| F|  |TAMS 0x0000000711a00000, 0x0000000711a00000| Untracked 
| 105|0x0000000711c00000, 0x0000000711c00000, 0x0000000711e00000|  0%| F|  |TAMS 0x0000000711c00000, 0x0000000711c00000| Untracked 
| 106|0x0000000711e00000, 0x0000000711e00000, 0x0000000712000000|  0%| F|  |TAMS 0x0000000711e00000, 0x0000000711e00000| Untracked 
| 107|0x0000000712000000, 0x0000000712000000, 0x0000000712200000|  0%| F|  |TAMS 0x0000000712000000, 0x0000000712000000| Untracked 
| 108|0x0000000712200000, 0x0000000712200000, 0x0000000712400000|  0%| F|  |TAMS 0x0000000712200000, 0x0000000712200000| Untracked 
| 109|0x0000000712400000, 0x0000000712400000, 0x0000000712600000|  0%| F|  |TAMS 0x0000000712400000, 0x0000000712400000| Untracked 
| 110|0x0000000712600000, 0x0000000712600000, 0x0000000712800000|  0%| F|  |TAMS 0x0000000712600000, 0x0000000712600000| Untracked 
| 111|0x0000000712800000, 0x0000000712800000, 0x0000000712a00000|  0%| F|  |TAMS 0x0000000712800000, 0x0000000712800000| Untracked 
| 112|0x0000000712a00000, 0x0000000712a00000, 0x0000000712c00000|  0%| F|  |TAMS 0x0000000712a00000, 0x0000000712a00000| Untracked 
| 113|0x0000000712c00000, 0x0000000712e00000, 0x0000000712e00000|100%| S|CS|TAMS 0x0000000712c00000, 0x0000000712c00000| Complete 
| 114|0x0000000712e00000, 0x0000000713000000, 0x0000000713000000|100%| S|CS|TAMS 0x0000000712e00000, 0x0000000712e00000| Complete 
| 115|0x0000000713000000, 0x0000000713000000, 0x0000000713200000|  0%| F|  |TAMS 0x0000000713000000, 0x0000000713000000| Untracked 
| 116|0x0000000713200000, 0x0000000713200000, 0x0000000713400000|  0%| F|  |TAMS 0x0000000713200000, 0x0000000713200000| Untracked 
| 117|0x0000000713400000, 0x0000000713400000, 0x0000000713600000|  0%| F|  |TAMS 0x0000000713400000, 0x0000000713400000| Untracked 
| 118|0x0000000713600000, 0x0000000713600000, 0x0000000713800000|  0%| F|  |TAMS 0x0000000713600000, 0x0000000713600000| Untracked 
| 119|0x0000000713800000, 0x0000000713800000, 0x0000000713a00000|  0%| F|  |TAMS 0x0000000713800000, 0x0000000713800000| Untracked 
| 120|0x0000000713a00000, 0x0000000713a00000, 0x0000000713c00000|  0%| F|  |TAMS 0x0000000713a00000, 0x0000000713a00000| Untracked 
| 121|0x0000000713c00000, 0x0000000713c00000, 0x0000000713e00000|  0%| F|  |TAMS 0x0000000713c00000, 0x0000000713c00000| Untracked 
| 122|0x0000000713e00000, 0x0000000713e00000, 0x0000000714000000|  0%| F|  |TAMS 0x0000000713e00000, 0x0000000713e00000| Untracked 
| 123|0x0000000714000000, 0x00000007140f6ca0, 0x0000000714200000| 48%| E|  |TAMS 0x0000000714000000, 0x0000000714000000| Complete 
| 124|0x0000000714200000, 0x0000000714400000, 0x0000000714400000|100%| E|CS|TAMS 0x0000000714200000, 0x0000000714200000| Complete 
| 125|0x0000000714400000, 0x0000000714600000, 0x0000000714600000|100%| E|CS|TAMS 0x0000000714400000, 0x0000000714400000| Complete 

Card table byte_map: [0x0000017346860000,0x0000017347040000] _byte_map_base: 0x000001734303b000

Marking Bits (Prev, Next): (CMBitMap*) 0x00000173319cb210, (CMBitMap*) 0x00000173319cb250
 Prev Bits: [0x0000017347820000, 0x000001734b6f8000)
 Next Bits: [0x000001734b700000, 0x000001734f5d8000)

Polling page: 0x0000017331a20000

Metaspace:

Usage:
  Non-class:     10.75 MB used.
      Class:      1.34 MB used.
       Both:     12.09 MB used.

Virtual space:
  Non-class space:       64.00 MB reserved,      10.81 MB ( 17%) committed,  1 nodes.
      Class space:        1.00 GB reserved,       1.44 MB ( <1%) committed,  1 nodes.
             Both:        1.06 GB reserved,      12.25 MB (  1%) committed. 

Chunk freelists:
   Non-Class:  4.36 MB
       Class:  14.45 MB
        Both:  18.81 MB

MaxMetaspaceSize: unlimited
CompressedClassSpaceSize: 1.00 GB
Initial GC threshold: 21.00 MB
Current GC threshold: 21.00 MB
CDS: off
MetaspaceReclaimPolicy: balanced
 - commit_granule_bytes: 65536.
 - commit_granule_words: 8192.
 - virtual_space_node_default_size: 8388608.
 - enlarge_chunks_in_place: 1.
 - new_chunks_are_fully_committed: 0.
 - uncommit_free_chunks: 1.
 - use_allocation_guard: 0.
 - handle_deallocations: 1.


Internal statistics:

num_allocs_failed_limit: 0.
num_arena_births: 60.
num_arena_deaths: 0.
num_vsnodes_births: 2.
num_vsnodes_deaths: 0.
num_space_committed: 196.
num_space_uncommitted: 0.
num_chunks_returned_to_freelist: 0.
num_chunks_taken_from_freelist: 205.
num_chunk_merges: 0.
num_chunk_splits: 131.
num_chunks_enlarged: 109.
num_inconsistent_stats: 0.

CodeHeap 'non-profiled nmethods': size=120000Kb used=365Kb max_used=365Kb free=119634Kb
 bounds [0x000001733e0f0000, 0x000001733e360000, 0x0000017345620000]
CodeHeap 'profiled nmethods': size=120000Kb used=1666Kb max_used=1666Kb free=118333Kb
 bounds [0x0000017336620000, 0x0000017336890000, 0x000001733db50000]
CodeHeap 'non-nmethods': size=5760Kb used=1141Kb max_used=1180Kb free=4618Kb
 bounds [0x000001733db50000, 0x000001733ddc0000, 0x000001733e0f0000]
 total_blobs=1337 nmethods=922 adapters=328
 compilation: enabled
              stopped_count=0, restarted_count=0
 full_count=0

Compilation events (20 events):
Event: 0.484 Thread 0x000001735277e000  894   !   4       java.util.concurrent.ConcurrentHashMap::putVal (432 bytes)
Event: 0.485 Thread 0x00000173521e9be0  895       1       java.lang.reflect.Method::getDeclaringClass (5 bytes)
Event: 0.485 Thread 0x00000173521e9be0 nmethod 895 0x000001733e149910 code [0x000001733e149aa0, 0x000001733e149b78]
Event: 0.486 Thread 0x00000173521e9be0  896       3       sun.invoke.util.VerifyAccess::isSamePackage (37 bytes)
Event: 0.486 Thread 0x00000173521e9be0 nmethod 896 0x00000173367b0d10 code [0x00000173367b1020, 0x00000173367b24b8]
Event: 0.487 Thread 0x00000173521e9be0  897   !   3       jdk.internal.loader.Resource::getBytes (244 bytes)
Event: 0.488 Thread 0x00000173521e9be0 nmethod 897 0x00000173367b2a90 code [0x00000173367b2da0, 0x00000173367b42d8]
Event: 0.488 Thread 0x00000173521e9be0  899       3       java.security.SecureClassLoader$CodeSourceKey::hashCode (21 bytes)
Event: 0.488 Thread 0x00000173521e9be0 nmethod 899 0x00000173367b4c90 code [0x00000173367b4e40, 0x00000173367b5028]
Event: 0.488 Thread 0x00000173521e9be0  898       3       java.util.zip.CRC32::update (51 bytes)
Event: 0.488 Thread 0x00000173521e9be0 nmethod 898 0x00000173367b5110 code [0x00000173367b5300, 0x00000173367b5788]
Event: 0.488 Thread 0x00000173521e9be0  900       3       java.lang.ClassLoader::defineClass (43 bytes)
Event: 0.488 Thread 0x00000173521e9be0 nmethod 900 0x00000173367b5990 code [0x00000173367b5b80, 0x00000173367b6098]
Event: 0.488 Thread 0x00000173521e9be0  901       3       java.lang.ClassLoader::preDefineClass (118 bytes)
Event: 0.489 Thread 0x00000173521e9be0 nmethod 901 0x00000173367b6310 code [0x00000173367b6680, 0x00000173367b7958]
Event: 0.489 Thread 0x00000173521e9be0  902       3       java.lang.ClassLoader::checkCerts (121 bytes)
Event: 0.489 Thread 0x00000173521d37e0  904 %     4       java.lang.StringLatin1::indexOf @ 30 (121 bytes)
Event: 0.489 Thread 0x00000173521e9be0 nmethod 902 0x00000173367b8010 code [0x00000173367b8300, 0x00000173367b9168]
Event: 0.489 Thread 0x00000173521e9be0  903       3       java.lang.ClassLoader::defineClassSourceLocation (28 bytes)
Event: 0.489 Thread 0x00000173521e9be0 nmethod 903 0x00000173367b9710 code [0x00000173367b98e0, 0x00000173367b9c68]

GC Heap History (2 events):
Event: 0.440 GC heap before
{Heap before GC invocations=0 (full 0):
 garbage-first heap   total 258048K, used 24576K [0x0000000704a00000, 0x0000000800000000)
  region size 2048K, 11 young (22528K), 0 survivors (0K)
 Metaspace       used 11045K, committed 11200K, reserved 1114112K
  class space    used 1148K, committed 1216K, reserved 1048576K
}
Event: 0.444 GC heap after
{Heap after GC invocations=1 (full 0):
 garbage-first heap   total 258048K, used 10070K [0x0000000704a00000, 0x0000000800000000)
  region size 2048K, 2 young (4096K), 2 survivors (4096K)
 Metaspace       used 11045K, committed 11200K, reserved 1114112K
  class space    used 1148K, committed 1216K, reserved 1048576K
}

Dll operation events (2 events):
Event: 0.003 Loaded shared library C:\Program Files\Android\Android Studio\jbr\bin\java.dll
Event: 0.106 Loaded shared library C:\Program Files\Android\Android Studio\jbr\bin\verify.dll

Deoptimization events (20 events):
Event: 0.396 Thread 0x0000017331961a20 Uncommon trap: trap_request=0xffffffde fr.pc=0x000001733e10c7c0 relative=0x00000000000003e0
Event: 0.396 Thread 0x0000017331961a20 Uncommon trap: reason=class_check action=maybe_recompile pc=0x000001733e10c7c0 method=java.util.regex.Matcher.match(II)Z @ 121 c2
Event: 0.396 Thread 0x0000017331961a20 DEOPT PACKING pc=0x000001733e10c7c0 sp=0x0000006cb88fce20
Event: 0.396 Thread 0x0000017331961a20 DEOPT UNPACKING pc=0x000001733dbaa1a3 sp=0x0000006cb88fcdc8 mode 2
Event: 0.397 Thread 0x0000017331961a20 Uncommon trap: trap_request=0xffffffde fr.pc=0x000001733e10c7c0 relative=0x00000000000003e0
Event: 0.397 Thread 0x0000017331961a20 Uncommon trap: reason=class_check action=maybe_recompile pc=0x000001733e10c7c0 method=java.util.regex.Matcher.match(II)Z @ 121 c2
Event: 0.397 Thread 0x0000017331961a20 DEOPT PACKING pc=0x000001733e10c7c0 sp=0x0000006cb88fcca0
Event: 0.397 Thread 0x0000017331961a20 DEOPT UNPACKING pc=0x000001733dbaa1a3 sp=0x0000006cb88fcc48 mode 2
Event: 0.397 Thread 0x0000017331961a20 Uncommon trap: trap_request=0xffffffde fr.pc=0x000001733e10c7c0 relative=0x00000000000003e0
Event: 0.397 Thread 0x0000017331961a20 Uncommon trap: reason=class_check action=maybe_recompile pc=0x000001733e10c7c0 method=java.util.regex.Matcher.match(II)Z @ 121 c2
Event: 0.397 Thread 0x0000017331961a20 DEOPT PACKING pc=0x000001733e10c7c0 sp=0x0000006cb88fcca0
Event: 0.397 Thread 0x0000017331961a20 DEOPT UNPACKING pc=0x000001733dbaa1a3 sp=0x0000006cb88fcc48 mode 2
Event: 0.427 Thread 0x0000017331961a20 Uncommon trap: trap_request=0xffffff45 fr.pc=0x000001733e13f634 relative=0x0000000000000294
Event: 0.427 Thread 0x0000017331961a20 Uncommon trap: reason=unstable_if action=reinterpret pc=0x000001733e13f634 method=java.lang.String.startsWith(Ljava/lang/String;I)Z @ 14 c2
Event: 0.427 Thread 0x0000017331961a20 DEOPT PACKING pc=0x000001733e13f634 sp=0x0000006cb88fbfa0
Event: 0.427 Thread 0x0000017331961a20 DEOPT UNPACKING pc=0x000001733dbaa1a3 sp=0x0000006cb88fbf00 mode 2
Event: 0.454 Thread 0x0000017331961a20 DEOPT PACKING pc=0x00000173366f208b sp=0x0000006cb88f84a0
Event: 0.454 Thread 0x0000017331961a20 DEOPT UNPACKING pc=0x000001733dbaace3 sp=0x0000006cb88f7900 mode 0
Event: 0.477 Thread 0x0000017331961a20 DEOPT PACKING pc=0x0000017336674cd6 sp=0x0000006cb88f9ec0
Event: 0.477 Thread 0x0000017331961a20 DEOPT UNPACKING pc=0x000001733dbaace3 sp=0x0000006cb88f9348 mode 0

Classes unloaded (0 events):
No events

Classes redefined (0 events):
No events

Internal exceptions (9 events):
Event: 0.182 Thread 0x0000017331961a20 Exception <a 'java/lang/NoSuchMethodError'{0x000000071437e6a0}: 'int java.lang.invoke.DirectMethodHandle$Holder.invokeStaticInit(java.lang.Object, java.lang.Object)'> (0x000000071437e6a0) 
thrown [s\src\hotspot\share\interpreter\linkResolver.cpp, line 771]
Event: 0.402 Thread 0x0000017331961a20 Exception <a 'java/lang/NoSuchMethodError'{0x0000000713089850}: 'void java.lang.invoke.DirectMethodHandle$Holder.invokeStatic(java.lang.Object, java.lang.Object)'> (0x0000000713089850) 
thrown [s\src\hotspot\share\interpreter\linkResolver.cpp, line 771]
Event: 0.423 Thread 0x0000017331961a20 Exception <a 'java/lang/NoClassDefFoundError'{0x00000007131154f8}: org/slf4j/impl/StaticMarkerBinder> (0x00000007131154f8) 
thrown [s\src\hotspot\share\classfile\systemDictionary.cpp, line 245]
Event: 0.431 Thread 0x0000017331961a20 Exception <a 'java/lang/NoSuchMethodError'{0x00000007131b04f0}: 'java.lang.Object java.lang.invoke.DirectMethodHandle$Holder.invokeVirtual(java.lang.Object, java.lang.Object, java.lang.Object, java.lang.Object, java.lang.Object, java.lang.Object, java.lang.Object)'> (0x00000007131b04f0) 
thrown [s\src\hotspot\share\interpreter\linkResolver.cpp, line 771]
Event: 0.433 Thread 0x0000017331961a20 Exception <a 'java/lang/NoSuchMethodError'{0x00000007131c2050}: 'java.lang.Object java.lang.invoke.Invokers$Holder.invoker(java.lang.Object, java.lang.Object, java.lang.Object)'> (0x00000007131c2050) 
thrown [s\src\hotspot\share\interpreter\linkResolver.cpp, line 771]
Event: 0.435 Thread 0x0000017331961a20 Exception <a 'java/lang/NoSuchMethodError'{0x00000007131cb338}: 'java.lang.Object java.lang.invoke.DirectMethodHandle$Holder.invokeStatic(java.lang.Object, java.lang.Object, int)'> (0x00000007131cb338) 
thrown [s\src\hotspot\share\interpreter\linkResolver.cpp, line 771]
Event: 0.436 Thread 0x0000017331961a20 Exception <a 'java/lang/NoSuchMethodError'{0x00000007131d7028}: 'void java.lang.invoke.DelegatingMethodHandle$Holder.delegate(java.lang.Object, java.lang.Object, int, java.lang.Object)'> (0x00000007131d7028) 
thrown [s\src\hotspot\share\interpreter\linkResolver.cpp, line 771]
Event: 0.436 Thread 0x0000017331961a20 Exception <a 'java/lang/NoSuchMethodError'{0x00000007131db170}: 'int java.lang.invoke.DirectMethodHandle$Holder.invokeSpecial(java.lang.Object, java.lang.Object, java.lang.Object)'> (0x00000007131db170) 
thrown [s\src\hotspot\share\interpreter\linkResolver.cpp, line 771]
Event: 0.439 Thread 0x0000017331961a20 Exception <a 'java/lang/NoSuchMethodError'{0x00000007131ee328}: 'java.lang.Object java.lang.invoke.Invokers$Holder.invokeExact_MT(java.lang.Object, java.lang.Object, java.lang.Object, java.lang.Object)'> (0x00000007131ee328) 
thrown [s\src\hotspot\share\interpreter\linkResolver.cpp, line 771]

VM Operations (8 events):
Event: 0.103 Executing VM operation: HandshakeAllThreads
Event: 0.103 Executing VM operation: HandshakeAllThreads done
Event: 0.413 Executing VM operation: ICBufferFull
Event: 0.413 Executing VM operation: ICBufferFull done
Event: 0.434 Executing VM operation: HandshakeAllThreads
Event: 0.434 Executing VM operation: HandshakeAllThreads done
Event: 0.440 Executing VM operation: G1CollectForAllocation
Event: 0.444 Executing VM operation: G1CollectForAllocation done

Events (20 events):
Event: 0.470 loading class sun/reflect/generics/scope/MethodScope
Event: 0.470 loading class sun/reflect/generics/scope/MethodScope done
Event: 0.470 loading class sun/reflect/generics/repository/MethodRepository
Event: 0.470 loading class sun/reflect/generics/repository/ConstructorRepository
Event: 0.470 loading class sun/reflect/generics/repository/ConstructorRepository done
Event: 0.470 loading class sun/reflect/generics/repository/MethodRepository done
Event: 0.470 loading class sun/reflect/generics/tree/MethodTypeSignature
Event: 0.470 loading class sun/reflect/generics/tree/MethodTypeSignature done
Event: 0.481 loading class java/lang/invoke/BoundMethodHandle$Species_LLLL
Event: 0.481 loading class java/lang/invoke/BoundMethodHandle$Species_LLLL done
Event: 0.482 loading class java/lang/invoke/BoundMethodHandle$Species_LLLLL
Event: 0.482 loading class java/lang/invoke/BoundMethodHandle$Species_LLLLL done
Event: 0.482 loading class java/lang/invoke/BoundMethodHandle$Species_LLLLLL
Event: 0.482 loading class java/lang/invoke/BoundMethodHandle$Species_LLLLLL done
Event: 0.483 loading class java/lang/invoke/BoundMethodHandle$Species_LLLLLLL
Event: 0.483 loading class java/lang/invoke/BoundMethodHandle$Species_LLLLLLL done
Event: 0.485 loading class java/io/FileNotFoundException
Event: 0.485 loading class java/io/FileNotFoundException done
Event: 0.489 loading class java/util/concurrent/CopyOnWriteArraySet
Event: 0.489 loading class java/util/concurrent/CopyOnWriteArraySet done


Dynamic libraries:
0x00007ff7d2390000 - 0x00007ff7d239a000 	C:\Program Files\Android\Android Studio\jbr\bin\java.exe
0x00007ffbe0610000 - 0x00007ffbe0808000 	C:\Windows\SYSTEM32\ntdll.dll
0x00007ffbdf7c0000 - 0x00007ffbdf881000 	C:\Windows\System32\KERNEL32.DLL
0x00007ffbdde60000 - 0x00007ffbde15d000 	C:\Windows\System32\KERNELBASE.dll
0x00007ffbde540000 - 0x00007ffbde640000 	C:\Windows\System32\ucrtbase.dll
0x00007ffb990b0000 - 0x00007ffb990c7000 	C:\Program Files\Android\Android Studio\jbr\bin\jli.dll
0x00007ffb98f90000 - 0x00007ffb98fab000 	C:\Program Files\Android\Android Studio\jbr\bin\VCRUNTIME140.dll
0x00007ffbdfcc0000 - 0x00007ffbdfe5d000 	C:\Windows\System32\USER32.dll
0x00007ffbde460000 - 0x00007ffbde482000 	C:\Windows\System32\win32u.dll
0x00007ffbdf2f0000 - 0x00007ffbdf31b000 	C:\Windows\System32\GDI32.dll
0x00007ffbc5670000 - 0x00007ffbc590a000 	C:\Windows\WinSxS\amd64_microsoft.windows.common-controls_6595b64144ccf1df_6.0.19041.4355_none_60b8b9eb71f62e16\COMCTL32.dll
0x00007ffbddcf0000 - 0x00007ffbdde07000 	C:\Windows\System32\gdi32full.dll
0x00007ffbdf9c0000 - 0x00007ffbdfa5e000 	C:\Windows\System32\msvcrt.dll
0x00007ffbde1d0000 - 0x00007ffbde26d000 	C:\Windows\System32\msvcp_win.dll
0x00007ffbdf100000 - 0x00007ffbdf12f000 	C:\Windows\System32\IMM32.DLL
0x00007ffbc0120000 - 0x00007ffbc012c000 	C:\Program Files\Android\Android Studio\jbr\bin\vcruntime140_1.dll
0x00007ffb95990000 - 0x00007ffb95a1d000 	C:\Program Files\Android\Android Studio\jbr\bin\msvcp140.dll
0x00007ffb94d00000 - 0x00007ffb95983000 	C:\Program Files\Android\Android Studio\jbr\bin\server\jvm.dll
0x00007ffbdf1d0000 - 0x00007ffbdf280000 	C:\Windows\System32\ADVAPI32.dll
0x00007ffbdf130000 - 0x00007ffbdf1d0000 	C:\Windows\System32\sechost.dll
0x00007ffbdf320000 - 0x00007ffbdf443000 	C:\Windows\System32\RPCRT4.dll
0x00007ffbddcc0000 - 0x00007ffbddce7000 	C:\Windows\System32\bcrypt.dll
0x00007ffbdd5c0000 - 0x00007ffbdd60b000 	C:\Windows\SYSTEM32\POWRPROF.dll
0x00007ffbbcd30000 - 0x00007ffbbcd39000 	C:\Windows\SYSTEM32\WSOCK32.dll
0x00007ffbdf280000 - 0x00007ffbdf2eb000 	C:\Windows\System32\WS2_32.dll
0x00007ffbcdce0000 - 0x00007ffbcdd07000 	C:\Windows\SYSTEM32\WINMM.dll
0x00007ffbd4420000 - 0x00007ffbd442a000 	C:\Windows\SYSTEM32\VERSION.dll
0x00007ffbdd550000 - 0x00007ffbdd562000 	C:\Windows\SYSTEM32\UMPDC.dll
0x00007ffbdc4a0000 - 0x00007ffbdc4b2000 	C:\Windows\SYSTEM32\kernel.appcore.dll
0x00007ffb992c0000 - 0x00007ffb992ca000 	C:\Program Files\Android\Android Studio\jbr\bin\jimage.dll
0x00007ffbdb8a0000 - 0x00007ffbdba84000 	C:\Windows\SYSTEM32\DBGHELP.DLL
0x00007ffbc8bf0000 - 0x00007ffbc8c24000 	C:\Windows\SYSTEM32\dbgcore.DLL
0x00007ffbde270000 - 0x00007ffbde2f2000 	C:\Windows\System32\bcryptPrimitives.dll
0x00007ffb94cd0000 - 0x00007ffb94cf5000 	C:\Program Files\Android\Android Studio\jbr\bin\java.dll
0x00007ffb94cb0000 - 0x00007ffb94cc8000 	C:\Program Files\Android\Android Studio\jbr\bin\zip.dll
0x00007ffbdfe60000 - 0x00007ffbe05cf000 	C:\Windows\System32\SHELL32.dll
0x00007ffbdbce0000 - 0x00007ffbdc483000 	C:\Windows\SYSTEM32\windows.storage.dll
0x00007ffbdf460000 - 0x00007ffbdf7b3000 	C:\Windows\System32\combase.dll
0x00007ffbdd610000 - 0x00007ffbdd63e000 	C:\Windows\SYSTEM32\Wldp.dll
0x00007ffbdf030000 - 0x00007ffbdf0fd000 	C:\Windows\System32\OLEAUT32.dll
0x00007ffbde640000 - 0x00007ffbde6ed000 	C:\Windows\System32\SHCORE.dll
0x00007ffbdfa60000 - 0x00007ffbdfab5000 	C:\Windows\System32\shlwapi.dll
0x00007ffbddbf0000 - 0x00007ffbddc14000 	C:\Windows\SYSTEM32\profapi.dll
0x00007ffb94c90000 - 0x00007ffb94ca9000 	C:\Program Files\Android\Android Studio\jbr\bin\net.dll
0x00007ffbd7800000 - 0x00007ffbd790d000 	C:\Windows\SYSTEM32\WINHTTP.dll
0x00007ffbdd380000 - 0x00007ffbdd3ea000 	C:\Windows\system32\mswsock.dll
0x00007ffb94c70000 - 0x00007ffb94c86000 	C:\Program Files\Android\Android Studio\jbr\bin\nio.dll
0x00007ffb98f80000 - 0x00007ffb98f90000 	C:\Program Files\Android\Android Studio\jbr\bin\verify.dll
0x00007ffbd1350000 - 0x00007ffbd1377000 	C:\Users\Admin\.gradle\native\68d5fa5c4cc2d200863cafc0d521ce42e7d3e7ee720ec0a83991735586a16f82\windows-amd64\native-platform.dll

dbghelp: loaded successfully - version: 4.0.5 - missing functions: none
symbol engine: initialized successfully - sym options: 0x614 - pdb path: .;C:\Program Files\Android\Android Studio\jbr\bin;C:\Windows\SYSTEM32;C:\Windows\WinSxS\amd64_microsoft.windows.common-controls_6595b64144ccf1df_6.0.19041.4355_none_60b8b9eb71f62e16;C:\Program Files\Android\Android Studio\jbr\bin\server;C:\Users\Admin\.gradle\native\68d5fa5c4cc2d200863cafc0d521ce42e7d3e7ee720ec0a83991735586a16f82\windows-amd64

VM Arguments:
jvm_args: -Dorg.gradle.appname=gradlew 
java_command: org.gradle.wrapper.GradleWrapperMain -q -Ptarget-platform=android-arm64 -Ptarget=C:\Users\Admin\Desktop\E-HandyHelp\lib\main.dart -Pbase-application-name=android.app.Application -Pdart-obfuscation=false -Ptrack-widget-creation=true -Ptree-shake-icons=false -Pfilesystem-scheme=org-dartlang-root assembleDebug
java_class_path (initial): C:\Users\Admin\Desktop\E-HandyHelp\android\\gradle\wrapper\gradle-wrapper.jar
Launcher Type: SUN_STANDARD

[Global flags]
     intx CICompilerCount                          = 4                                         {product} {ergonomic}
     uint ConcGCThreads                            = 2                                         {product} {ergonomic}
     uint G1ConcRefinementThreads                  = 8                                         {product} {ergonomic}
   size_t G1HeapRegionSize                         = 2097152                                   {product} {ergonomic}
    uintx GCDrainStackTargetSize                   = 64                                        {product} {ergonomic}
   size_t InitialHeapSize                          = 264241152                                 {product} {ergonomic}
   size_t MarkStackSize                            = 4194304                                   {product} {ergonomic}
   size_t MaxHeapSize                              = 4217372672                                {product} {ergonomic}
   size_t MaxNewSize                               = 2529165312                                {product} {ergonomic}
   size_t MinHeapDeltaBytes                        = 2097152                                   {product} {ergonomic}
   size_t MinHeapSize                              = 8388608                                   {product} {ergonomic}
    uintx NonNMethodCodeHeapSize                   = 5839372                                {pd product} {ergonomic}
    uintx NonProfiledCodeHeapSize                  = 122909434                              {pd product} {ergonomic}
    uintx ProfiledCodeHeapSize                     = 122909434                              {pd product} {ergonomic}
    uintx ReservedCodeCacheSize                    = 251658240                              {pd product} {ergonomic}
     bool SegmentedCodeCache                       = true                                      {product} {ergonomic}
   size_t SoftMaxHeapSize                          = 4217372672                             {manageable} {ergonomic}
     bool UseCompressedClassPointers               = true                           {product lp64_product} {ergonomic}
     bool UseCompressedOops                        = true                           {product lp64_product} {ergonomic}
     bool UseG1GC                                  = true                                      {product} {ergonomic}
     bool UseLargePagesIndividualAllocation        = false                                  {pd product} {ergonomic}

Logging:
Log output configuration:
 #0: stdout all=warning uptime,level,tags
 #1: stderr all=off uptime,level,tags

Environment Variables:
JAVA_HOME=C:\Program Files\Android\Android Studio\jbr
CLASSPATH=C:\Users\Admin\Desktop\E-HandyHelp\android\\gradle\wrapper\gradle-wrapper.jar
PATH=C:\Program Files\Android\Android Studio\jbr\bin;C:\Users\Admin\Flutter\bin\;C:\Program Files\Microsoft\jdk-17.0.10.7-hotspot\bin;C:\Windows\system32;C:\Windows;C:\Windows\System32\Wbem;C:\Windows\System32\WindowsPowerShell\v1.0\;C:\Windows\System32\OpenSSH\;C:\Program Files\OpenVPN\bin;C:\Program Files\nodejs\;C:\ProgramData\chocolatey\bin;C:\Program Files\Git\cmd;C:\php-8.3.7;C:\xampp\php;;C:\Program Files\Docker\Docker\resources\bin;C:\Users\Admin\Flutter\bin;C:\Users\Admin\AppData\Local\Programs\Python\Python310\Scripts\;C:\Users\Admin\AppData\Local\Programs\Python\Python310\;C:\Users\Admin\AppData\Local\Programs\Python\Python312\Scripts\;C:\Users\Admin\AppData\Local\Programs\Python\Python312\;C:\Users\Admin\AppData\Local\Programs\Python\Launcher\;C:\Users\Admin\AppData\Local\flutter\bin;C:\Users\Admin\AppData\Local\Microsoft\WindowsApps;C:\Users\Admin\AppData\Local\Programs\Microsoft VS Code\bin;C:\Users\Admin\AppData\Roaming\npm;C:\Users\Admin\AppData\Local\Android\Sdk\platform-tools;C:\msys64\ucrt64\bin;C:\php-8.3.7;C:\xampp\php;;C:\Users\Admin\Flutter\bin\mingit\cmd
USERNAME=Admin
LANG=en_US.UTF-8
OS=Windows_NT
PROCESSOR_IDENTIFIER=Intel64 Family 6 Model 140 Stepping 1, GenuineIntel
TMP=C:\Users\Admin\AppData\Local\Temp
TEMP=C:\Users\Admin\AppData\Local\Temp



Periodic native trim disabled

JNI global refs:
JNI global refs: 8, weak refs: 0

JNI global refs memory usage: 843, weak refs: 841

OOME stack traces (most recent first):
Classloader memory used:
