#
# There is insufficient memory for the Java Runtime Environment to continue.
# Native memory allocation (mmap) failed to map 8388608 bytes for G1 virtual space
# Possible reasons:
#   The system is out of physical RAM or swap space
#   The process is running with CompressedOops enabled, and the Java Heap may be blocking the growth of the native heap
# Possible solutions:
#   Reduce memory load on the system
#   Increase physical memory or swap space
#   Check if swap backing store is full
#   Decrease Java heap size (-Xmx/-Xms)
#   Decrease number of Java threads
#   Decrease Java thread stack sizes (-Xss)
#   Set larger code cache with -XX:ReservedCodeCacheSize=
#   JVM is running with Zero Based Compressed Oops mode in which the Java heap is
#     placed in the first 32GB address space. The Java Heap base address is the
#     maximum limit for the native heap growth. Please use -XX:HeapBaseMinAddress
#     to set the Java Heap base and to place the Java Heap above 32GB virtual address.
# This output file may be truncated or incomplete.
#
#  Out of Memory Error (os_windows.cpp:3613), pid=10132, tid=4108
#
# JRE version: OpenJDK Runtime Environment Microsoft-8902769 (17.0.10+7) (build 17.0.10+7-LTS)
# Java VM: OpenJDK 64-Bit Server VM Microsoft-8902769 (17.0.10+7-LTS, mixed mode, sharing, tiered, compressed oops, compressed class ptrs, g1 gc, windows-amd64)
# No core dump will be written. Minidumps are not enabled by default on client versions of Windows
#

---------------  S U M M A R Y ------------

Command Line: --add-opens=java.base/java.util=ALL-UNNAMED --add-opens=java.base/java.lang=ALL-UNNAMED --add-opens=java.base/java.lang.invoke=ALL-UNNAMED --add-opens=java.prefs/java.util.prefs=ALL-UNNAMED --add-opens=java.base/java.nio.charset=ALL-UNNAMED --add-opens=java.base/java.net=ALL-UNNAMED --add-opens=java.base/java.util.concurrent.atomic=ALL-UNNAMED -Xmx4G -Dfile.encoding=windows-1252 -Duser.country=US -Duser.language=en -Duser.variant org.gradle.launcher.daemon.bootstrap.GradleDaemon 8.0

Host: 11th Gen Intel(R) Core(TM) i7-1165G7 @ 2.80GHz, 8 cores, 15G,  Windows 10 , 64 bit Build 19041 (10.0.19041.4842)
Time: Wed Oct 16 15:58:25 2024 Malay Peninsula Standard Time elapsed time: 7.920528 seconds (0d 0h 0m 7s)

---------------  T H R E A D  ---------------

Current thread (0x000001ccdd942010):  VMThread "VM Thread" [stack: 0x0000003353200000,0x0000003353300000] [id=4108]

Stack: [0x0000003353200000,0x0000003353300000]
Native frames: (J=compiled Java code, j=interpreted, Vv=VM code, C=native code)
V  [jvm.dll+0x67f829]
V  [jvm.dll+0x83750a]
V  [jvm.dll+0x838fce]
V  [jvm.dll+0x839633]
V  [jvm.dll+0x247cbf]
V  [jvm.dll+0x67c669]
V  [jvm.dll+0x6710da]
V  [jvm.dll+0x309b8b]
V  [jvm.dll+0x311036]
V  [jvm.dll+0x360d5e]
V  [jvm.dll+0x360f8f]
V  [jvm.dll+0x2e0798]
V  [jvm.dll+0x2e3816]
V  [jvm.dll+0x2edf0a]
V  [jvm.dll+0x322220]
V  [jvm.dll+0x83db2b]
V  [jvm.dll+0x83e871]
V  [jvm.dll+0x83ed8d]
V  [jvm.dll+0x83f164]
V  [jvm.dll+0x83f230]
V  [jvm.dll+0x7e69da]
V  [jvm.dll+0x67e715]
C  [ucrtbase.dll+0x21bb2]
C  [KERNEL32.DLL+0x17374]
C  [ntdll.dll+0x4cc91]

VM_Operation (0x0000003352effa70): G1PauseRemark, mode: safepoint, requested by thread 0x000001ccba89dd40


---------------  P R O C E S S  ---------------

Threads class SMR info:
_java_thread_list=0x000001cd29a97d00, length=137, elements={
0x000001ccba820d60, 0x000001ccdd8e6430, 0x000001ccdd8e6e00, 0x000001ccdd8fbcc0,
0x000001ccdd8fe6a0, 0x000001ccdd943fd0, 0x000001ccdd9488c0, 0x000001ccdd9494c0,
0x000001ccdd949e80, 0x000001ccdd9527a0, 0x000001ccdda98ca0, 0x000001ccdda9bbd0,
0x000001ccddba5850, 0x000001ccddcb2290, 0x000001cd24cd1dc0, 0x000001cd246f1b90,
0x000001cd24b549f0, 0x000001cd25182260, 0x000001cd251d6290, 0x000001cd259d4000,
0x000001cd24a3d030, 0x000001cd23f870b0, 0x000001cd23f875c0, 0x000001cd23f88f10,
0x000001cd23f86690, 0x000001cd23f884f0, 0x000001cd23f86ba0, 0x000001cd23f88a00,
0x000001cd23f89420, 0x000001cd23f85c70, 0x000001cd23f86180, 0x000001cd25125a70,
0x000001cd25120460, 0x000001cd25126490, 0x000001cd251269a0, 0x000001cd25124b40,
0x000001cd25127de0, 0x000001cd25120e80, 0x000001cd25121390, 0x000001cd251222c0,
0x000001cd251227d0, 0x000001cd25122ce0, 0x000001cd25123700, 0x000001cd294fc240,
0x000001cd29500410, 0x000001cd294fe0a0, 0x000001cd294fefd0, 0x000001cd294fe5b0,
0x000001cd294feac0, 0x000001cd294fbd30, 0x000001cd294ff9f0, 0x000001cd29500920,
0x000001cd29500e30, 0x000001cd294ff4e0, 0x000001cd29501340, 0x000001cd29501850,
0x000001cd294fa3e0, 0x000001cd294fb310, 0x000001cd29501d60, 0x000001cd294fdb90,
0x000001cd294fa8f0, 0x000001cd294fb820, 0x000001cd294fcc60, 0x000001cd294fae00,
0x000001cd294fd170, 0x000001cd294fd680, 0x000001cd29487db0, 0x000001cd294840f0,
0x000001cd29483be0, 0x000001cd29486e80, 0x000001cd29485a40, 0x000001cd29485f50,
0x000001cd29486460, 0x000001cd29486970, 0x000001cd29484600, 0x000001cd29487390,
0x000001cd294878a0, 0x000001cd29488ce0, 0x000001cd294882c0, 0x000001cd29481d80,
0x000001cd29481870, 0x000001cd294887d0, 0x000001cd294891f0, 0x000001cd29482290,
0x000001cd294827a0, 0x000001cd29482cb0, 0x000001cd294831c0, 0x000001cd294836d0,
0x000001cd29484b10, 0x000001cd29485020, 0x000001cd29485530, 0x000001cd297235a0,
0x000001cd29723ab0, 0x000001cd29723fc0, 0x000001cd297249e0, 0x000001cd297244d0,
0x000001cd29723090, 0x000001cd29724ef0, 0x000001cd29725400, 0x000001cd29725910,
0x000001cd29725e20, 0x000001cd29726330, 0x000001cd29726840, 0x000001cd2933d310,
0x000001cd2933bed0, 0x000001cd2933aa90, 0x000001cd2933b4b0, 0x000001cd2933c3e0,
0x000001cd2933c8f0, 0x000001cd2933ce00, 0x000001cd2933b9c0, 0x000001cd2933d820,
0x000001cd2933a580, 0x000001cd2933a070, 0x000001cd2933afa0, 0x000001cd29353740,
0x000001cd293555a0, 0x000001cd293569e0, 0x000001cd29356ef0, 0x000001cd29355090,
0x000001cd29354670, 0x000001cd29355ab0, 0x000001cd29357400, 0x000001cd29358d50,
0x000001cd29354b80, 0x000001cd29358840, 0x000001cd29351df0, 0x000001cd29353230,
0x000001cd29355fc0, 0x000001cd29357910, 0x000001cd29358330, 0x000001cd293564d0,
0x000001cd29353c50, 0x000001cd29354160, 0x000001cd29357e20, 0x000001cd29352810,
0x000001cd29359260
}

Java Threads: ( => current thread )
  0x000001ccba820d60 JavaThread "main" [_thread_blocked, id=12284, stack(0x0000003352c00000,0x0000003352d00000)]
  0x000001ccdd8e6430 JavaThread "Reference Handler" daemon [_thread_blocked, id=12492, stack(0x0000003353300000,0x0000003353400000)]
  0x000001ccdd8e6e00 JavaThread "Finalizer" daemon [_thread_blocked, id=10332, stack(0x0000003353400000,0x0000003353500000)]
  0x000001ccdd8fbcc0 JavaThread "Signal Dispatcher" daemon [_thread_blocked, id=12048, stack(0x0000003353500000,0x0000003353600000)]
  0x000001ccdd8fe6a0 JavaThread "Attach Listener" daemon [_thread_blocked, id=2628, stack(0x0000003353600000,0x0000003353700000)]
  0x000001ccdd943fd0 JavaThread "Service Thread" daemon [_thread_blocked, id=11712, stack(0x0000003353700000,0x0000003353800000)]
  0x000001ccdd9488c0 JavaThread "Monitor Deflation Thread" daemon [_thread_blocked, id=7696, stack(0x0000003353800000,0x0000003353900000)]
  0x000001ccdd9494c0 JavaThread "C2 CompilerThread0" daemon [_thread_blocked, id=15116, stack(0x0000003353900000,0x0000003353a00000)]
  0x000001ccdd949e80 JavaThread "C1 CompilerThread0" daemon [_thread_blocked, id=7596, stack(0x0000003353a00000,0x0000003353b00000)]
  0x000001ccdd9527a0 JavaThread "Sweeper thread" daemon [_thread_blocked, id=13432, stack(0x0000003353b00000,0x0000003353c00000)]
  0x000001ccdda98ca0 JavaThread "Common-Cleaner" daemon [_thread_blocked, id=15680, stack(0x0000003353c00000,0x0000003353d00000)]
  0x000001ccdda9bbd0 JavaThread "Notification Thread" daemon [_thread_blocked, id=3156, stack(0x0000003353d00000,0x0000003353e00000)]
  0x000001ccddba5850 JavaThread "C2 CompilerThread1" daemon [_thread_in_native, id=12696, stack(0x0000003353f00000,0x0000003354000000)]
  0x000001ccddcb2290 JavaThread "C2 CompilerThread2" daemon [_thread_blocked, id=13376, stack(0x0000003354000000,0x0000003354100000)]
  0x000001cd24cd1dc0 JavaThread "Daemon health stats" [_thread_blocked, id=5284, stack(0x0000003354600000,0x0000003354700000)]
  0x000001cd246f1b90 JavaThread "Incoming local TCP Connector on port 52164" [_thread_in_native, id=16376, stack(0x0000003354700000,0x0000003354800000)]
  0x000001cd24b549f0 JavaThread "Daemon periodic checks" [_thread_blocked, id=12248, stack(0x0000003354800000,0x0000003354900000)]
  0x000001cd25182260 JavaThread "Daemon" [_thread_blocked, id=2420, stack(0x0000003354900000,0x0000003354a00000)]
  0x000001cd251d6290 JavaThread "Handler for socket connection from /127.0.0.1:52164 to /127.0.0.1:52165" [_thread_in_native, id=10944, stack(0x0000003354a00000,0x0000003354b00000)]
  0x000001cd259d4000 JavaThread "Cancel handler" [_thread_blocked, id=12828, stack(0x0000003354b00000,0x0000003354c00000)]
  0x000001cd24a3d030 JavaThread "Daemon worker" [_thread_blocked, id=11796, stack(0x0000003354c00000,0x0000003354d00000)]
  0x000001cd23f870b0 JavaThread "Asynchronous log dispatcher for DefaultDaemonConnection: socket connection from /127.0.0.1:52164 to /127.0.0.1:52165" [_thread_blocked, id=7784, stack(0x0000003354d00000,0x0000003354e00000)]
  0x000001cd23f875c0 JavaThread "Stdin handler" [_thread_blocked, id=15440, stack(0x0000003354e00000,0x0000003354f00000)]
  0x000001cd23f88f10 JavaThread "Daemon client event forwarder" [_thread_blocked, id=14248, stack(0x0000003354f00000,0x0000003355000000)]
  0x000001cd23f86690 JavaThread "Cache worker for journal cache (C:\Users\Admin\.gradle\caches\journal-1)" [_thread_blocked, id=11384, stack(0x0000003355000000,0x0000003355100000)]
  0x000001cd23f884f0 JavaThread "File lock request listener" [_thread_in_native, id=14220, stack(0x0000003355100000,0x0000003355200000)]
  0x000001cd23f86ba0 JavaThread "Cache worker for file hash cache (C:\Users\Admin\.gradle\caches\8.0\fileHashes)" [_thread_blocked, id=6808, stack(0x0000003355200000,0x0000003355300000)]
  0x000001cd23f88a00 JavaThread "File watcher server" daemon [_thread_in_native, id=16116, stack(0x0000003355300000,0x0000003355400000)]
  0x000001cd23f89420 JavaThread "File watcher consumer" daemon [_thread_blocked, id=14148, stack(0x0000003355400000,0x0000003355500000)]
  0x000001cd23f85c70 JavaThread "Cache worker for checksums cache (C:\Users\Admin\Desktop\E-HandyHelp\android\.gradle\8.0\checksums)" [_thread_blocked, id=15696, stack(0x0000003355500000,0x0000003355600000)]
  0x000001cd23f86180 JavaThread "Cache worker for cache directory md-rule (C:\Users\Admin\.gradle\caches\8.0\md-rule)" [_thread_blocked, id=6408, stack(0x0000003355600000,0x0000003355700000)]
  0x000001cd25125a70 JavaThread "Cache worker for file content cache (C:\Users\Admin\.gradle\caches\8.0\fileContent)" [_thread_blocked, id=13236, stack(0x0000003355700000,0x0000003355800000)]
  0x000001cd25120460 JavaThread "Cache worker for file hash cache (C:\Users\Admin\Desktop\E-HandyHelp\android\.gradle\8.0\fileHashes)" [_thread_blocked, id=12368, stack(0x0000003355800000,0x0000003355900000)]
  0x000001cd25126490 JavaThread "Cache worker for cache directory md-supplier (C:\Users\Admin\.gradle\caches\8.0\md-supplier)" [_thread_blocked, id=2032, stack(0x0000003355900000,0x0000003355a00000)]
  0x000001cd251269a0 JavaThread "Cache worker for execution history cache (C:\Users\Admin\.gradle\caches\8.0\executionHistory)" [_thread_blocked, id=8564, stack(0x0000003355d00000,0x0000003355e00000)]
  0x000001cd25124b40 JavaThread "jar transforms" [_thread_blocked, id=5352, stack(0x0000003355e00000,0x0000003355f00000)]
  0x000001cd25127de0 JavaThread "Cache worker for kotlin-dsl (C:\Users\Admin\.gradle\caches\8.0\kotlin-dsl)" [_thread_blocked, id=15316, stack(0x0000003355f00000,0x0000003356000000)]
  0x000001cd25120e80 JavaThread "jar transforms Thread 2" [_thread_blocked, id=6012, stack(0x0000003356100000,0x0000003356200000)]
  0x000001cd25121390 JavaThread "Cache worker for dependencies-accessors (C:\Users\Admin\Desktop\E-HandyHelp\android\.gradle\8.0\dependencies-accessors)" [_thread_blocked, id=11328, stack(0x0000003356200000,0x0000003356300000)]
  0x000001cd251222c0 JavaThread "Cache worker for Build Output Cleanup Cache (C:\Users\Admin\AppData\Local\flutter\packages\flutter_tools\gradle\.gradle\buildOutputCleanup)" [_thread_blocked, id=8868, stack(0x0000003356300000,0x0000003356400000)]
  0x000001cd251227d0 JavaThread "jar transforms Thread 3" [_thread_blocked, id=11604, stack(0x0000003356400000,0x0000003356500000)]
  0x000001cd25122ce0 JavaThread "Memory manager" [_thread_blocked, id=13796, stack(0x0000003356500000,0x0000003356600000)]
  0x000001cd25123700 JavaThread "jar transforms Thread 4" [_thread_blocked, id=12884, stack(0x0000003356600000,0x0000003356700000)]
  0x000001cd294fc240 JavaThread "included builds" [_thread_blocked, id=11164, stack(0x0000003356700000,0x0000003356800000)]
  0x000001cd29500410 JavaThread "Execution worker" [_thread_blocked, id=12716, stack(0x0000003356800000,0x0000003356900000)]
  0x000001cd294fe0a0 JavaThread "Execution worker Thread 2" [_thread_blocked, id=7208, stack(0x0000003356900000,0x0000003356a00000)]
  0x000001cd294fefd0 JavaThread "Execution worker Thread 3" [_thread_blocked, id=15436, stack(0x0000003356a00000,0x0000003356b00000)]
  0x000001cd294fe5b0 JavaThread "Execution worker Thread 4" [_thread_blocked, id=9076, stack(0x0000003356b00000,0x0000003356c00000)]
  0x000001cd294feac0 JavaThread "Execution worker Thread 5" [_thread_blocked, id=16272, stack(0x0000003356c00000,0x0000003356d00000)]
  0x000001cd294fbd30 JavaThread "Execution worker Thread 6" [_thread_blocked, id=10500, stack(0x0000003356d00000,0x0000003356e00000)]
  0x000001cd294ff9f0 JavaThread "Execution worker Thread 7" [_thread_blocked, id=6700, stack(0x0000003356e00000,0x0000003356f00000)]
  0x000001cd29500920 JavaThread "Cache worker for execution history cache (C:\Users\Admin\AppData\Local\flutter\packages\flutter_tools\gradle\.gradle\8.0\executionHistory)" [_thread_blocked, id=5720, stack(0x0000003356f00000,0x0000003357000000)]
  0x000001cd29500e30 JavaThread "Unconstrained build operations" [_thread_blocked, id=13316, stack(0x0000003357000000,0x0000003357100000)]
  0x000001cd294ff4e0 JavaThread "Unconstrained build operations Thread 2" [_thread_blocked, id=12652, stack(0x0000003357100000,0x0000003357200000)]
  0x000001cd29501340 JavaThread "Unconstrained build operations Thread 3" [_thread_blocked, id=7692, stack(0x0000003357200000,0x0000003357300000)]
  0x000001cd29501850 JavaThread "Unconstrained build operations Thread 4" [_thread_blocked, id=2128, stack(0x0000003357300000,0x0000003357400000)]
  0x000001cd294fa3e0 JavaThread "Unconstrained build operations Thread 5" [_thread_blocked, id=4340, stack(0x0000003357400000,0x0000003357500000)]
  0x000001cd294fb310 JavaThread "Unconstrained build operations Thread 6" [_thread_blocked, id=15092, stack(0x0000003357500000,0x0000003357600000)]
  0x000001cd29501d60 JavaThread "Unconstrained build operations Thread 7" [_thread_blocked, id=13064, stack(0x0000003357600000,0x0000003357700000)]
  0x000001cd294fdb90 JavaThread "Unconstrained build operations Thread 8" [_thread_blocked, id=12292, stack(0x0000003357700000,0x0000003357800000)]
  0x000001cd294fa8f0 JavaThread "Unconstrained build operations Thread 9" [_thread_blocked, id=15276, stack(0x0000003357800000,0x0000003357900000)]
  0x000001cd294fb820 JavaThread "Unconstrained build operations Thread 10" [_thread_blocked, id=7244, stack(0x0000003357900000,0x0000003357a00000)]
  0x000001cd294fcc60 JavaThread "Unconstrained build operations Thread 11" [_thread_blocked, id=14320, stack(0x0000003357a00000,0x0000003357b00000)]
  0x000001cd294fae00 JavaThread "Unconstrained build operations Thread 12" [_thread_blocked, id=11436, stack(0x0000003357b00000,0x0000003357c00000)]
  0x000001cd294fd170 JavaThread "Unconstrained build operations Thread 13" [_thread_blocked, id=1572, stack(0x0000003357c00000,0x0000003357d00000)]
  0x000001cd294fd680 JavaThread "Unconstrained build operations Thread 14" [_thread_blocked, id=4696, stack(0x0000003357d00000,0x0000003357e00000)]
  0x000001cd29487db0 JavaThread "Unconstrained build operations Thread 15" [_thread_blocked, id=11032, stack(0x0000003357e00000,0x0000003357f00000)]
  0x000001cd294840f0 JavaThread "Unconstrained build operations Thread 16" [_thread_blocked, id=1468, stack(0x0000003357f00000,0x0000003358000000)]
  0x000001cd29483be0 JavaThread "Unconstrained build operations Thread 17" [_thread_blocked, id=12796, stack(0x0000003358000000,0x0000003358100000)]
  0x000001cd29486e80 JavaThread "Unconstrained build operations Thread 18" [_thread_blocked, id=4280, stack(0x0000003358100000,0x0000003358200000)]
  0x000001cd29485a40 JavaThread "Unconstrained build operations Thread 19" [_thread_blocked, id=2848, stack(0x0000003358200000,0x0000003358300000)]
  0x000001cd29485f50 JavaThread "Unconstrained build operations Thread 20" [_thread_blocked, id=14456, stack(0x0000003358300000,0x0000003358400000)]
  0x000001cd29486460 JavaThread "Unconstrained build operations Thread 21" [_thread_blocked, id=9744, stack(0x0000003358400000,0x0000003358500000)]
  0x000001cd29486970 JavaThread "Unconstrained build operations Thread 22" [_thread_blocked, id=6588, stack(0x0000003358500000,0x0000003358600000)]
  0x000001cd29484600 JavaThread "Unconstrained build operations Thread 23" [_thread_blocked, id=8476, stack(0x0000003358600000,0x0000003358700000)]
  0x000001cd29487390 JavaThread "Unconstrained build operations Thread 24" [_thread_blocked, id=10624, stack(0x0000003358700000,0x0000003358800000)]
  0x000001cd294878a0 JavaThread "Unconstrained build operations Thread 25" [_thread_blocked, id=12164, stack(0x0000003358800000,0x0000003358900000)]
  0x000001cd29488ce0 JavaThread "Unconstrained build operations Thread 26" [_thread_blocked, id=1472, stack(0x0000003358900000,0x0000003358a00000)]
  0x000001cd294882c0 JavaThread "Unconstrained build operations Thread 27" [_thread_blocked, id=15256, stack(0x0000003358a00000,0x0000003358b00000)]
  0x000001cd29481d80 JavaThread "Unconstrained build operations Thread 28" [_thread_blocked, id=5556, stack(0x0000003358b00000,0x0000003358c00000)]
  0x000001cd29481870 JavaThread "Unconstrained build operations Thread 29" [_thread_blocked, id=596, stack(0x0000003358c00000,0x0000003358d00000)]
  0x000001cd294887d0 JavaThread "Unconstrained build operations Thread 30" [_thread_blocked, id=13256, stack(0x0000003358d00000,0x0000003358e00000)]
  0x000001cd294891f0 JavaThread "Unconstrained build operations Thread 31" [_thread_blocked, id=1628, stack(0x0000003358e00000,0x0000003358f00000)]
  0x000001cd29482290 JavaThread "Unconstrained build operations Thread 32" [_thread_blocked, id=7464, stack(0x0000003358f00000,0x0000003359000000)]
  0x000001cd294827a0 JavaThread "Unconstrained build operations Thread 33" [_thread_blocked, id=12660, stack(0x0000003359000000,0x0000003359100000)]
  0x000001cd29482cb0 JavaThread "Unconstrained build operations Thread 34" [_thread_blocked, id=6960, stack(0x0000003359100000,0x0000003359200000)]
  0x000001cd294831c0 JavaThread "Unconstrained build operations Thread 35" [_thread_blocked, id=4376, stack(0x0000003359200000,0x0000003359300000)]
  0x000001cd294836d0 JavaThread "Unconstrained build operations Thread 36" [_thread_blocked, id=13220, stack(0x0000003359300000,0x0000003359400000)]
  0x000001cd29484b10 JavaThread "Unconstrained build operations Thread 37" [_thread_blocked, id=15392, stack(0x0000003359400000,0x0000003359500000)]
  0x000001cd29485020 JavaThread "Unconstrained build operations Thread 38" [_thread_blocked, id=12704, stack(0x0000003359500000,0x0000003359600000)]
  0x000001cd29485530 JavaThread "Unconstrained build operations Thread 39" [_thread_blocked, id=14212, stack(0x0000003359600000,0x0000003359700000)]
  0x000001cd297235a0 JavaThread "Unconstrained build operations Thread 40" [_thread_blocked, id=13740, stack(0x0000003359700000,0x0000003359800000)]
  0x000001cd29723ab0 JavaThread "Unconstrained build operations Thread 41" [_thread_blocked, id=15656, stack(0x0000003359800000,0x0000003359900000)]
  0x000001cd29723fc0 JavaThread "Unconstrained build operations Thread 42" [_thread_blocked, id=13372, stack(0x0000003359900000,0x0000003359a00000)]
  0x000001cd297249e0 JavaThread "Unconstrained build operations Thread 43" [_thread_blocked, id=5008, stack(0x0000003359a00000,0x0000003359b00000)]
  0x000001cd297244d0 JavaThread "Unconstrained build operations Thread 44" [_thread_blocked, id=3408, stack(0x0000003359b00000,0x0000003359c00000)]
  0x000001cd29723090 JavaThread "Unconstrained build operations Thread 45" [_thread_blocked, id=928, stack(0x0000003359c00000,0x0000003359d00000)]
  0x000001cd29724ef0 JavaThread "Unconstrained build operations Thread 46" [_thread_blocked, id=2816, stack(0x0000003359d00000,0x0000003359e00000)]
  0x000001cd29725400 JavaThread "Unconstrained build operations Thread 47" [_thread_blocked, id=3504, stack(0x0000003359e00000,0x0000003359f00000)]
  0x000001cd29725910 JavaThread "Unconstrained build operations Thread 48" [_thread_blocked, id=4944, stack(0x0000003359f00000,0x000000335a000000)]
  0x000001cd29725e20 JavaThread "Unconstrained build operations Thread 49" [_thread_blocked, id=848, stack(0x000000335a000000,0x000000335a100000)]
  0x000001cd29726330 JavaThread "Unconstrained build operations Thread 50" [_thread_blocked, id=13364, stack(0x000000335a100000,0x000000335a200000)]
  0x000001cd29726840 JavaThread "Unconstrained build operations Thread 51" [_thread_blocked, id=4560, stack(0x000000335a200000,0x000000335a300000)]
  0x000001cd2933d310 JavaThread "Unconstrained build operations Thread 52" [_thread_blocked, id=9136, stack(0x000000335a300000,0x000000335a400000)]
  0x000001cd2933bed0 JavaThread "Unconstrained build operations Thread 53" [_thread_blocked, id=3860, stack(0x000000335a400000,0x000000335a500000)]
  0x000001cd2933aa90 JavaThread "Unconstrained build operations Thread 54" [_thread_blocked, id=14756, stack(0x000000335a500000,0x000000335a600000)]
  0x000001cd2933b4b0 JavaThread "Unconstrained build operations Thread 55" [_thread_blocked, id=3440, stack(0x000000335a600000,0x000000335a700000)]
  0x000001cd2933c3e0 JavaThread "Unconstrained build operations Thread 56" [_thread_blocked, id=3784, stack(0x000000335a700000,0x000000335a800000)]
  0x000001cd2933c8f0 JavaThread "Unconstrained build operations Thread 57" [_thread_blocked, id=1480, stack(0x000000335a800000,0x000000335a900000)]
  0x000001cd2933ce00 JavaThread "Unconstrained build operations Thread 58" [_thread_blocked, id=10384, stack(0x000000335a900000,0x000000335aa00000)]
  0x000001cd2933b9c0 JavaThread "Unconstrained build operations Thread 59" [_thread_blocked, id=2588, stack(0x000000335aa00000,0x000000335ab00000)]
  0x000001cd2933d820 JavaThread "Unconstrained build operations Thread 60" [_thread_blocked, id=10284, stack(0x000000335ab00000,0x000000335ac00000)]
  0x000001cd2933a580 JavaThread "Unconstrained build operations Thread 61" [_thread_blocked, id=12608, stack(0x000000335ac00000,0x000000335ad00000)]
  0x000001cd2933a070 JavaThread "Unconstrained build operations Thread 62" [_thread_blocked, id=15564, stack(0x000000335ad00000,0x000000335ae00000)]
  0x000001cd2933afa0 JavaThread "Unconstrained build operations Thread 63" [_thread_blocked, id=13136, stack(0x000000335ae00000,0x000000335af00000)]
  0x000001cd29353740 JavaThread "Unconstrained build operations Thread 64" [_thread_blocked, id=13324, stack(0x000000335af00000,0x000000335b000000)]
  0x000001cd293555a0 JavaThread "Unconstrained build operations Thread 65" [_thread_blocked, id=15284, stack(0x000000335b000000,0x000000335b100000)]
  0x000001cd293569e0 JavaThread "Unconstrained build operations Thread 66" [_thread_blocked, id=3132, stack(0x000000335b100000,0x000000335b200000)]
  0x000001cd29356ef0 JavaThread "Unconstrained build operations Thread 67" [_thread_blocked, id=15936, stack(0x000000335b200000,0x000000335b300000)]
  0x000001cd29355090 JavaThread "Unconstrained build operations Thread 68" [_thread_blocked, id=12324, stack(0x000000335b300000,0x000000335b400000)]
  0x000001cd29354670 JavaThread "Unconstrained build operations Thread 69" [_thread_blocked, id=2116, stack(0x000000335b400000,0x000000335b500000)]
  0x000001cd29355ab0 JavaThread "Unconstrained build operations Thread 70" [_thread_blocked, id=16236, stack(0x000000335b500000,0x000000335b600000)]
  0x000001cd29357400 JavaThread "Unconstrained build operations Thread 71" [_thread_blocked, id=14340, stack(0x000000335b600000,0x000000335b700000)]
  0x000001cd29358d50 JavaThread "Unconstrained build operations Thread 72" [_thread_blocked, id=5692, stack(0x000000335b700000,0x000000335b800000)]
  0x000001cd29354b80 JavaThread "Unconstrained build operations Thread 73" [_thread_blocked, id=15640, stack(0x000000335b800000,0x000000335b900000)]
  0x000001cd29358840 JavaThread "Unconstrained build operations Thread 74" [_thread_blocked, id=10592, stack(0x000000335b900000,0x000000335ba00000)]
  0x000001cd29351df0 JavaThread "Unconstrained build operations Thread 75" [_thread_blocked, id=16136, stack(0x000000335ba00000,0x000000335bb00000)]
  0x000001cd29353230 JavaThread "Unconstrained build operations Thread 76" [_thread_blocked, id=15952, stack(0x000000335bb00000,0x000000335bc00000)]
  0x000001cd29355fc0 JavaThread "Unconstrained build operations Thread 77" [_thread_blocked, id=9160, stack(0x000000335bc00000,0x000000335bd00000)]
  0x000001cd29357910 JavaThread "Unconstrained build operations Thread 78" [_thread_blocked, id=8504, stack(0x000000335bd00000,0x000000335be00000)]
  0x000001cd29358330 JavaThread "Unconstrained build operations Thread 79" [_thread_blocked, id=9872, stack(0x000000335be00000,0x000000335bf00000)]
  0x000001cd293564d0 JavaThread "Unconstrained build operations Thread 80" [_thread_blocked, id=7948, stack(0x000000335bf00000,0x000000335c000000)]
  0x000001cd29353c50 JavaThread "jar transforms Thread 5" [_thread_blocked, id=9676, stack(0x000000335c000000,0x000000335c100000)]
  0x000001cd29354160 JavaThread "jar transforms Thread 6" [_thread_blocked, id=10956, stack(0x000000335c100000,0x000000335c200000)]
  0x000001cd29357e20 JavaThread "jar transforms Thread 7" [_thread_blocked, id=1624, stack(0x000000335c200000,0x000000335c300000)]
  0x000001cd29352810 JavaThread "jar transforms Thread 8" [_thread_blocked, id=12268, stack(0x000000335c300000,0x000000335c400000)]
  0x000001cd29359260 JavaThread "Cache worker for Build Output Cleanup Cache (C:\Users\Admin\Desktop\E-HandyHelp\android\.gradle\buildOutputCleanup)" [_thread_blocked, id=1632, stack(0x000000335c400000,0x000000335c500000)]

Other Threads:
=>0x000001ccdd942010 VMThread "VM Thread" [stack: 0x0000003353200000,0x0000003353300000] [id=4108]
  0x000001ccdda9c0b0 WatcherThread [stack: 0x0000003353e00000,0x0000003353f00000] [id=9924]
  0x000001ccba88cee0 GCTaskThread "GC Thread#0" [stack: 0x0000003352d00000,0x0000003352e00000] [id=11020]
  0x000001cd23b80d90 GCTaskThread "GC Thread#1" [stack: 0x0000003354100000,0x0000003354200000] [id=9884]
  0x000001cd23b81050 GCTaskThread "GC Thread#2" [stack: 0x0000003354200000,0x0000003354300000] [id=2480]
  0x000001cd23e19020 GCTaskThread "GC Thread#3" [stack: 0x0000003354300000,0x0000003354400000] [id=5860]
  0x000001cd2345c170 GCTaskThread "GC Thread#4" [stack: 0x0000003354400000,0x0000003354500000] [id=9716]
  0x000001cd2345c430 GCTaskThread "GC Thread#5" [stack: 0x0000003354500000,0x0000003354600000] [id=6608]
  0x000001cd25f3d230 GCTaskThread "GC Thread#6" [stack: 0x0000003355a00000,0x0000003355b00000] [id=7236]
  0x000001cd25f3d4f0 GCTaskThread "GC Thread#7" [stack: 0x0000003355b00000,0x0000003355c00000] [id=14612]
  0x000001ccba89dd40 ConcurrentGCThread "G1 Main Marker" [stack: 0x0000003352e00000,0x0000003352f00000] [id=9044]
  0x000001ccba89f680 ConcurrentGCThread "G1 Conc#0" [stack: 0x0000003352f00000,0x0000003353000000] [id=12100]
  0x000001cd25f3d7b0 ConcurrentGCThread "G1 Conc#1" [stack: 0x0000003355c00000,0x0000003355d00000] [id=8568]
  0x000001ccdd79e540 ConcurrentGCThread "G1 Refine#0" [stack: 0x0000003353000000,0x0000003353100000] [id=8280]
  0x000001cd286b2220 ConcurrentGCThread "G1 Refine#1" [stack: 0x000000335c500000,0x000000335c600000] [id=10896]
  0x000001cd286b1080 ConcurrentGCThread "G1 Refine#2" [stack: 0x000000335c600000,0x000000335c700000] [id=9772]
  0x000001ccba8dde70 ConcurrentGCThread "G1 Service" [stack: 0x0000003353100000,0x0000003353200000] [id=2456]

Threads with active compile tasks:
C2 CompilerThread1     7932 9952   !   4       org.gradle.api.internal.attributes.DefaultImmutableAttributesFactory::doConcatIsolatable (128 bytes)

VM state: at safepoint (normal execution)

VM Mutex/Monitor currently owned by a thread:  ([mutex/lock_event])
[0x000001ccba81c020] Threads_lock - owner thread: 0x000001ccdd942010
[0x000001ccba81b8d0] Heap_lock - owner thread: 0x000001ccba89dd40

Heap address: 0x0000000700000000, size: 4096 MB, Compressed Oops mode: Zero based, Oop shift amount: 3

CDS archive(s) mapped at: [0x000001ccde000000-0x000001ccdebb0000-0x000001ccdebb0000), size 12255232, SharedBaseAddress: 0x000001ccde000000, ArchiveRelocationMode: 1.
Compressed class space mapped at: 0x000001ccdf000000-0x000001cd1f000000, reserved size: 1073741824
Narrow klass base: 0x000001ccde000000, Narrow klass shift: 0, Narrow klass range: 0x100000000

GC Precious Log:
 CPUs: 8 total, 8 available
 Memory: 16082M
 Large Page Support: Disabled
 NUMA Support: Disabled
 Compressed Oops: Enabled (Zero based)
 Heap Region Size: 2M
 Heap Min Capacity: 8M
 Heap Initial Capacity: 252M
 Heap Max Capacity: 4G
 Pre-touch: Disabled
 Parallel Workers: 8
 Concurrent Workers: 2
 Concurrent Refinement Workers: 8
 Periodic GC: Disabled

Heap:
 garbage-first heap   total 174080K, used 103250K [0x0000000700000000, 0x0000000800000000)
  region size 2048K, 10 young (20480K), 4 survivors (8192K)
 Metaspace       used 79822K, committed 80640K, reserved 1179648K
  class space    used 11131K, committed 11520K, reserved 1048576K

Heap Regions: E=young(eden), S=young(survivor), O=old, HS=humongous(starts), HC=humongous(continues), CS=collection set, F=free, OA=open archive, CA=closed archive, TAMS=top-at-mark-start (previous, next)
|   0|0x0000000700000000, 0x0000000700200000, 0x0000000700200000|100%|HS|  |TAMS 0x0000000700200000, 0x0000000700000000| Complete 
|   1|0x0000000700200000, 0x0000000700400000, 0x0000000700400000|100%|HC|  |TAMS 0x0000000700400000, 0x0000000700200000| Complete 
|   2|0x0000000700400000, 0x0000000700600000, 0x0000000700600000|100%| O|  |TAMS 0x0000000700600000, 0x0000000700400000| Untracked 
|   3|0x0000000700600000, 0x0000000700800000, 0x0000000700800000|100%| O|  |TAMS 0x0000000700800000, 0x0000000700600000| Untracked 
|   4|0x0000000700800000, 0x00000007009e9000, 0x0000000700a00000| 95%| O|  |TAMS 0x00000007009e9000, 0x0000000700800000| Untracked 
|   5|0x0000000700a00000, 0x0000000700c00000, 0x0000000700c00000|100%| O|  |TAMS 0x0000000700c00000, 0x0000000700a00000| Untracked 
|   6|0x0000000700c00000, 0x0000000700e00000, 0x0000000700e00000|100%| O|  |TAMS 0x0000000700e00000, 0x0000000700c00000| Untracked 
|   7|0x0000000700e00000, 0x0000000701000000, 0x0000000701000000|100%| O|  |TAMS 0x0000000701000000, 0x0000000700e00000| Untracked 
|   8|0x0000000701000000, 0x0000000701200000, 0x0000000701200000|100%| O|  |TAMS 0x0000000701200000, 0x0000000701000000| Untracked 
|   9|0x0000000701200000, 0x0000000701400000, 0x0000000701400000|100%| O|  |TAMS 0x0000000701400000, 0x0000000701200000| Untracked 
|  10|0x0000000701400000, 0x0000000701600000, 0x0000000701600000|100%| O|  |TAMS 0x0000000701600000, 0x0000000701400000| Untracked 
|  11|0x0000000701600000, 0x0000000701800000, 0x0000000701800000|100%| O|  |TAMS 0x0000000701800000, 0x0000000701600000| Untracked 
|  12|0x0000000701800000, 0x0000000701a00000, 0x0000000701a00000|100%| O|  |TAMS 0x0000000701a00000, 0x0000000701800000| Untracked 
|  13|0x0000000701a00000, 0x0000000701c00000, 0x0000000701c00000|100%| O|  |TAMS 0x0000000701c00000, 0x0000000701a00000| Untracked 
|  14|0x0000000701c00000, 0x0000000701e00000, 0x0000000701e00000|100%| O|  |TAMS 0x0000000701e00000, 0x0000000701c00000| Untracked 
|  15|0x0000000701e00000, 0x0000000702000000, 0x0000000702000000|100%| O|  |TAMS 0x0000000702000000, 0x0000000701e00000| Untracked 
|  16|0x0000000702000000, 0x0000000702200000, 0x0000000702200000|100%| O|  |TAMS 0x0000000702200000, 0x0000000702000000| Untracked 
|  17|0x0000000702200000, 0x0000000702400000, 0x0000000702400000|100%|HS|  |TAMS 0x0000000702400000, 0x0000000702200000| Complete 
|  18|0x0000000702400000, 0x0000000702600000, 0x0000000702600000|100%|HS|  |TAMS 0x0000000702600000, 0x0000000702400000| Complete 
|  19|0x0000000702600000, 0x0000000702800000, 0x0000000702800000|100%| O|  |TAMS 0x0000000702800000, 0x0000000702600000| Untracked 
|  20|0x0000000702800000, 0x0000000702a00000, 0x0000000702a00000|100%| O|  |TAMS 0x0000000702a00000, 0x0000000702800000| Untracked 
|  21|0x0000000702a00000, 0x0000000702c00000, 0x0000000702c00000|100%| O|  |TAMS 0x0000000702c00000, 0x0000000702a00000| Untracked 
|  22|0x0000000702c00000, 0x0000000702e00000, 0x0000000702e00000|100%| O|  |TAMS 0x0000000702e00000, 0x0000000702c00000| Untracked 
|  23|0x0000000702e00000, 0x0000000703000000, 0x0000000703000000|100%| O|  |TAMS 0x0000000703000000, 0x0000000702e00000| Untracked 
|  24|0x0000000703000000, 0x0000000703200000, 0x0000000703200000|100%| O|  |TAMS 0x0000000703200000, 0x0000000703000000| Untracked 
|  25|0x0000000703200000, 0x0000000703400000, 0x0000000703400000|100%| O|  |TAMS 0x0000000703400000, 0x0000000703200000| Untracked 
|  26|0x0000000703400000, 0x0000000703600000, 0x0000000703600000|100%|HS|  |TAMS 0x0000000703600000, 0x0000000703400000| Complete 
|  27|0x0000000703600000, 0x0000000703800000, 0x0000000703800000|100%|HC|  |TAMS 0x0000000703800000, 0x0000000703600000| Complete 
|  28|0x0000000703800000, 0x0000000703a00000, 0x0000000703a00000|100%| O|  |TAMS 0x0000000703a00000, 0x0000000703800000| Untracked 
|  29|0x0000000703a00000, 0x0000000703c00000, 0x0000000703c00000|100%| O|  |TAMS 0x0000000703c00000, 0x0000000703a00000| Untracked 
|  30|0x0000000703c00000, 0x0000000703e00000, 0x0000000703e00000|100%| O|  |TAMS 0x0000000703e00000, 0x0000000703c00000| Untracked 
|  31|0x0000000703e00000, 0x0000000704000000, 0x0000000704000000|100%|HS|  |TAMS 0x0000000704000000, 0x0000000703e00000| Complete 
|  32|0x0000000704000000, 0x0000000704200000, 0x0000000704200000|100%|HC|  |TAMS 0x0000000704200000, 0x0000000704000000| Complete 
|  33|0x0000000704200000, 0x0000000704400000, 0x0000000704400000|100%| O|  |TAMS 0x0000000704400000, 0x0000000704200000| Untracked 
|  34|0x0000000704400000, 0x0000000704600000, 0x0000000704600000|100%| O|  |TAMS 0x0000000704600000, 0x0000000704400000| Untracked 
|  35|0x0000000704600000, 0x0000000704800000, 0x0000000704800000|100%| O|  |TAMS 0x0000000704800000, 0x0000000704600000| Untracked 
|  36|0x0000000704800000, 0x0000000704a00000, 0x0000000704a00000|100%| O|  |TAMS 0x0000000704a00000, 0x0000000704800000| Updating 
|  37|0x0000000704a00000, 0x0000000704c00000, 0x0000000704c00000|100%| O|  |TAMS 0x0000000704c00000, 0x0000000704a00000| Untracked 
|  38|0x0000000704c00000, 0x0000000704e00000, 0x0000000704e00000|100%| O|  |TAMS 0x0000000704e00000, 0x0000000704c00000| Untracked 
|  39|0x0000000704e00000, 0x0000000705000000, 0x0000000705000000|100%| O|  |TAMS 0x0000000705000000, 0x0000000704e00000| Untracked 
|  40|0x0000000705000000, 0x0000000705200000, 0x0000000705200000|100%| O|  |TAMS 0x00000007050ea200, 0x0000000705000000| Updating 
|  41|0x0000000705200000, 0x00000007052eb800, 0x0000000705400000| 45%| O|  |TAMS 0x0000000705200000, 0x0000000705200000| Updating 
|  42|0x0000000705400000, 0x0000000705400000, 0x0000000705600000|  0%| F|  |TAMS 0x0000000705400000, 0x0000000705400000| Untracked 
|  43|0x0000000705600000, 0x0000000705600000, 0x0000000705800000|  0%| F|  |TAMS 0x0000000705600000, 0x0000000705600000| Untracked 
|  44|0x0000000705800000, 0x0000000705800000, 0x0000000705a00000|  0%| F|  |TAMS 0x0000000705800000, 0x0000000705800000| Untracked 
|  45|0x0000000705a00000, 0x0000000705a00000, 0x0000000705c00000|  0%| F|  |TAMS 0x0000000705a00000, 0x0000000705a00000| Untracked 
|  46|0x0000000705c00000, 0x0000000705c00000, 0x0000000705e00000|  0%| F|  |TAMS 0x0000000705c00000, 0x0000000705c00000| Untracked 
|  47|0x0000000705e00000, 0x0000000705e00000, 0x0000000706000000|  0%| F|  |TAMS 0x0000000705e00000, 0x0000000705e00000| Untracked 
|  48|0x0000000706000000, 0x0000000706000000, 0x0000000706200000|  0%| F|  |TAMS 0x0000000706000000, 0x0000000706000000| Untracked 
|  49|0x0000000706200000, 0x0000000706200000, 0x0000000706400000|  0%| F|  |TAMS 0x0000000706200000, 0x0000000706200000| Untracked 
|  50|0x0000000706400000, 0x0000000706400000, 0x0000000706600000|  0%| F|  |TAMS 0x0000000706400000, 0x0000000706400000| Untracked 
|  51|0x0000000706600000, 0x0000000706600000, 0x0000000706800000|  0%| F|  |TAMS 0x0000000706600000, 0x0000000706600000| Untracked 
|  52|0x0000000706800000, 0x0000000706800000, 0x0000000706a00000|  0%| F|  |TAMS 0x0000000706800000, 0x0000000706800000| Untracked 
|  53|0x0000000706a00000, 0x0000000706c00000, 0x0000000706c00000|100%| S|CS|TAMS 0x0000000706a00000, 0x0000000706a00000| Complete 
|  54|0x0000000706c00000, 0x0000000706e00000, 0x0000000706e00000|100%| S|CS|TAMS 0x0000000706c00000, 0x0000000706c00000| Complete 
|  55|0x0000000706e00000, 0x0000000707000000, 0x0000000707000000|100%| S|CS|TAMS 0x0000000706e00000, 0x0000000706e00000| Complete 
|  56|0x0000000707000000, 0x0000000707000000, 0x0000000707200000|  0%| F|  |TAMS 0x0000000707000000, 0x0000000707000000| Untracked 
|  57|0x0000000707200000, 0x0000000707200000, 0x0000000707400000|  0%| F|  |TAMS 0x0000000707200000, 0x0000000707200000| Untracked 
|  58|0x0000000707400000, 0x0000000707600000, 0x0000000707600000|100%| S|CS|TAMS 0x0000000707400000, 0x0000000707400000| Complete 
|  59|0x0000000707600000, 0x0000000707600000, 0x0000000707800000|  0%| F|  |TAMS 0x0000000707600000, 0x0000000707600000| Untracked 
|  60|0x0000000707800000, 0x0000000707800000, 0x0000000707a00000|  0%| F|  |TAMS 0x0000000707800000, 0x0000000707800000| Untracked 
|  61|0x0000000707a00000, 0x0000000707a00000, 0x0000000707c00000|  0%| F|  |TAMS 0x0000000707a00000, 0x0000000707a00000| Untracked 
|  62|0x0000000707c00000, 0x0000000707c00000, 0x0000000707e00000|  0%| F|  |TAMS 0x0000000707c00000, 0x0000000707c00000| Untracked 
|  63|0x0000000707e00000, 0x0000000707e00000, 0x0000000708000000|  0%| F|  |TAMS 0x0000000707e00000, 0x0000000707e00000| Untracked 
|  64|0x0000000708000000, 0x0000000708000000, 0x0000000708200000|  0%| F|  |TAMS 0x0000000708000000, 0x0000000708000000| Untracked 
|  65|0x0000000708200000, 0x0000000708200000, 0x0000000708400000|  0%| F|  |TAMS 0x0000000708200000, 0x0000000708200000| Untracked 
|  66|0x0000000708400000, 0x0000000708400000, 0x0000000708600000|  0%| F|  |TAMS 0x0000000708400000, 0x0000000708400000| Untracked 
|  67|0x0000000708600000, 0x0000000708600000, 0x0000000708800000|  0%| F|  |TAMS 0x0000000708600000, 0x0000000708600000| Untracked 
|  68|0x0000000708800000, 0x0000000708800000, 0x0000000708a00000|  0%| F|  |TAMS 0x0000000708800000, 0x0000000708800000| Untracked 
|  69|0x0000000708a00000, 0x0000000708a00000, 0x0000000708c00000|  0%| F|  |TAMS 0x0000000708a00000, 0x0000000708a00000| Untracked 
|  70|0x0000000708c00000, 0x0000000708c00000, 0x0000000708e00000|  0%| F|  |TAMS 0x0000000708c00000, 0x0000000708c00000| Untracked 
|  71|0x0000000708e00000, 0x0000000708e00000, 0x0000000709000000|  0%| F|  |TAMS 0x0000000708e00000, 0x0000000708e00000| Untracked 
|  72|0x0000000709000000, 0x0000000709000000, 0x0000000709200000|  0%| F|  |TAMS 0x0000000709000000, 0x0000000709000000| Untracked 
|  73|0x0000000709200000, 0x0000000709200000, 0x0000000709400000|  0%| F|  |TAMS 0x0000000709200000, 0x0000000709200000| Untracked 
|  74|0x0000000709400000, 0x0000000709400000, 0x0000000709600000|  0%| F|  |TAMS 0x0000000709400000, 0x0000000709400000| Untracked 
|  75|0x0000000709600000, 0x0000000709600000, 0x0000000709800000|  0%| F|  |TAMS 0x0000000709600000, 0x0000000709600000| Untracked 
|  76|0x0000000709800000, 0x0000000709800000, 0x0000000709a00000|  0%| F|  |TAMS 0x0000000709800000, 0x0000000709800000| Untracked 
|  77|0x0000000709a00000, 0x0000000709a00000, 0x0000000709c00000|  0%| F|  |TAMS 0x0000000709a00000, 0x0000000709a00000| Untracked 
|  78|0x0000000709c00000, 0x0000000709c9f378, 0x0000000709e00000| 31%| E|  |TAMS 0x0000000709c00000, 0x0000000709c00000| Complete 
|  79|0x0000000709e00000, 0x000000070a000000, 0x000000070a000000|100%| E|CS|TAMS 0x0000000709e00000, 0x0000000709e00000| Complete 
|  80|0x000000070a000000, 0x000000070a200000, 0x000000070a200000|100%| E|CS|TAMS 0x000000070a000000, 0x000000070a000000| Complete 
|  81|0x000000070a200000, 0x000000070a400000, 0x000000070a400000|100%| E|  |TAMS 0x000000070a200000, 0x000000070a200000| Complete 
|  82|0x000000070a400000, 0x000000070a600000, 0x000000070a600000|100%| E|CS|TAMS 0x000000070a400000, 0x000000070a400000| Complete 
| 125|0x000000070fa00000, 0x000000070fc00000, 0x000000070fc00000|100%| E|CS|TAMS 0x000000070fa00000, 0x000000070fa00000| Complete 
|2047|0x00000007ffe00000, 0x0000000800000000, 0x0000000800000000|100%| O|  |TAMS 0x0000000800000000, 0x00000007ffe00000| Untracked 

Card table byte_map: [0x000001ccd1e70000,0x000001ccd2670000] _byte_map_base: 0x000001ccce670000

Marking Bits (Prev, Next): (CMBitMap*) 0x000001ccba88d410, (CMBitMap*) 0x000001ccba88d450
 Prev Bits: [0x000001ccd2e70000, 0x000001ccd6e70000)
 Next Bits: [0x000001ccd6e70000, 0x000001ccdae70000)

Polling page: 0x000001ccb86f0000

Metaspace:

Usage:
  Non-class:     67.08 MB used.
      Class:     10.87 MB used.
       Both:     77.95 MB used.

Virtual space:
  Non-class space:      128.00 MB reserved,      67.50 MB ( 53%) committed,  2 nodes.
      Class space:        1.00 GB reserved,      11.25 MB (  1%) committed,  1 nodes.
             Both:        1.12 GB reserved,      78.75 MB (  7%) committed. 

Chunk freelists:
   Non-Class:  11.70 MB
       Class:  4.64 MB
        Both:  16.34 MB

MaxMetaspaceSize: unlimited
CompressedClassSpaceSize: 1.00 GB
Initial GC threshold: 21.00 MB
Current GC threshold: 108.44 MB
CDS: on
MetaspaceReclaimPolicy: balanced
 - commit_granule_bytes: 65536.
 - commit_granule_words: 8192.
 - virtual_space_node_default_size: 8388608.
 - enlarge_chunks_in_place: 1.
 - new_chunks_are_fully_committed: 0.
 - uncommit_free_chunks: 1.
 - use_allocation_guard: 0.
 - handle_deallocations: 1.


Internal statistics:

num_allocs_failed_limit: 6.
num_arena_births: 924.
num_arena_deaths: 0.
num_vsnodes_births: 3.
num_vsnodes_deaths: 0.
num_space_committed: 1260.
num_space_uncommitted: 0.
num_chunks_returned_to_freelist: 6.
num_chunks_taken_from_freelist: 4137.
num_chunk_merges: 6.
num_chunk_splits: 2795.
num_chunks_enlarged: 1921.
num_inconsistent_stats: 0.

CodeHeap 'non-profiled nmethods': size=120000Kb used=5521Kb max_used=5870Kb free=114478Kb
 bounds [0x000001ccc9e10000, 0x000001ccca3d0000, 0x000001ccd1340000]
CodeHeap 'profiled nmethods': size=120000Kb used=16768Kb max_used=17495Kb free=103231Kb
 bounds [0x000001ccc2340000, 0x000001ccc3460000, 0x000001ccc9870000]
CodeHeap 'non-nmethods': size=5760Kb used=2411Kb max_used=2484Kb free=3348Kb
 bounds [0x000001ccc9870000, 0x000001ccc9af0000, 0x000001ccc9e10000]
 total_blobs=9574 nmethods=8644 adapters=842
 compilation: enabled
              stopped_count=0, restarted_count=0
 full_count=0

Compilation events (20 events):
Event: 7.910 Thread 0x000001ccddcb2290 nmethod 10098 0x000001ccc9f04790 code [0x000001ccc9f04920, 0x000001ccc9f04b18]
Event: 7.910 Thread 0x000001ccddcb2290 10060       4       org.gradle.internal.snapshot.SnapshotUtil::getMetadataFromChildren (21 bytes)
Event: 7.911 Thread 0x000001ccdd9494c0 nmethod 10063 0x000001ccca26c910 code [0x000001ccca26cb20, 0x000001ccca26da78]
Event: 7.911 Thread 0x000001ccdd9494c0 10085       4       java.util.concurrent.locks.ReentrantLock$Sync::tryLock (63 bytes)
Event: 7.911 Thread 0x000001ccddcb2290 nmethod 10060 0x000001ccca0cb290 code [0x000001ccca0cb420, 0x000001ccca0cb558]
Event: 7.911 Thread 0x000001ccddcb2290 10056       4       com.google.common.cache.LocalCache$Segment::getFirst (21 bytes)
Event: 7.912 Thread 0x000001ccddcb2290 nmethod 10056 0x000001ccca142f90 code [0x000001ccca143120, 0x000001ccca143238]
Event: 7.912 Thread 0x000001ccdd9494c0 nmethod 10085 0x000001ccca142b10 code [0x000001ccca142c80, 0x000001ccca142e78]
Event: 7.912 Thread 0x000001ccddcb2290 10119       4       java.util.Optional::orElseGet (21 bytes)
Event: 7.912 Thread 0x000001ccdd9494c0 10075       4       java.lang.invoke.Invokers$Holder::linkToTargetMethod (11 bytes)
Event: 7.913 Thread 0x000001ccddcb2290 nmethod 10119 0x000001ccca0cae90 code [0x000001ccca0cb000, 0x000001ccca0cb0b8]
Event: 7.913 Thread 0x000001ccddcb2290 10076       4       java.lang.invoke.DirectMethodHandle$Holder::newInvokeSpecial (28 bytes)
Event: 7.913 Thread 0x000001ccdd9494c0 nmethod 10075 0x000001ccca142790 code [0x000001ccca142920, 0x000001ccca1429f8]
Event: 7.913 Thread 0x000001ccdd9494c0 10058       4       org.gradle.internal.snapshot.SnapshotUtil$1::handleAsDescendantOfChild (10 bytes)
Event: 7.914 Thread 0x000001ccddcb2290 nmethod 10076 0x000001ccc9e7e790 code [0x000001ccc9e7e920, 0x000001ccc9e7eb48]
Event: 7.914 Thread 0x000001ccddcb2290 10120       4       java.util.stream.ReferencePipeline$3::opWrapSink (10 bytes)
Event: 7.914 Thread 0x000001ccdd9494c0 nmethod 10058 0x000001ccc9e7e290 code [0x000001ccc9e7e420, 0x000001ccc9e7e598]
Event: 7.915 Thread 0x000001ccdd949e80 10121       3       org.gradle.internal.snapshot.AbstractListChildMap::withNewChild (36 bytes)
Event: 7.915 Thread 0x000001ccdd949e80 nmethod 10121 0x000001ccc27d5010 code [0x000001ccc27d51e0, 0x000001ccc27d5688]
Event: 7.916 Thread 0x000001ccddcb2290 nmethod 10120 0x000001ccc9e7dc10 code [0x000001ccc9e7dda0, 0x000001ccc9e7df78]

GC Heap History (20 events):
Event: 5.225 GC heap before
{Heap before GC invocations=17 (full 0):
 garbage-first heap   total 110592K, used 82127K [0x0000000700000000, 0x0000000800000000)
  region size 2048K, 13 young (26624K), 1 survivors (2048K)
 Metaspace       used 58333K, committed 58944K, reserved 1114112K
  class space    used 8209K, committed 8512K, reserved 1048576K
}
Event: 5.227 GC heap after
{Heap after GC invocations=18 (full 0):
 garbage-first heap   total 110592K, used 60936K [0x0000000700000000, 0x0000000800000000)
  region size 2048K, 1 young (2048K), 1 survivors (2048K)
 Metaspace       used 58333K, committed 58944K, reserved 1114112K
  class space    used 8209K, committed 8512K, reserved 1048576K
}
Event: 5.245 GC heap before
{Heap before GC invocations=18 (full 0):
 garbage-first heap   total 110592K, used 62984K [0x0000000700000000, 0x0000000800000000)
  region size 2048K, 2 young (4096K), 1 survivors (2048K)
 Metaspace       used 58677K, committed 59264K, reserved 1114112K
  class space    used 8240K, committed 8512K, reserved 1048576K
}
Event: 5.247 GC heap after
{Heap after GC invocations=19 (full 0):
 garbage-first heap   total 110592K, used 60779K [0x0000000700000000, 0x0000000800000000)
  region size 2048K, 1 young (2048K), 1 survivors (2048K)
 Metaspace       used 58677K, committed 59264K, reserved 1114112K
  class space    used 8240K, committed 8512K, reserved 1048576K
}
Event: 5.484 GC heap before
{Heap before GC invocations=19 (full 0):
 garbage-first heap   total 110592K, used 85355K [0x0000000700000000, 0x0000000800000000)
  region size 2048K, 13 young (26624K), 1 survivors (2048K)
 Metaspace       used 61903K, committed 62528K, reserved 1114112K
  class space    used 8622K, committed 8960K, reserved 1048576K
}
Event: 5.485 GC heap after
{Heap after GC invocations=20 (full 0):
 garbage-first heap   total 110592K, used 61486K [0x0000000700000000, 0x0000000800000000)
  region size 2048K, 1 young (2048K), 1 survivors (2048K)
 Metaspace       used 61903K, committed 62528K, reserved 1114112K
  class space    used 8622K, committed 8960K, reserved 1048576K
}
Event: 5.699 GC heap before
{Heap before GC invocations=21 (full 0):
 garbage-first heap   total 112640K, used 84014K [0x0000000700000000, 0x0000000800000000)
  region size 2048K, 13 young (26624K), 1 survivors (2048K)
 Metaspace       used 63713K, committed 64384K, reserved 1114112K
  class space    used 8841K, committed 9152K, reserved 1048576K
}
Event: 5.702 GC heap after
{Heap after GC invocations=22 (full 0):
 garbage-first heap   total 112640K, used 64567K [0x0000000700000000, 0x0000000800000000)
  region size 2048K, 2 young (4096K), 2 survivors (4096K)
 Metaspace       used 63713K, committed 64384K, reserved 1114112K
  class space    used 8841K, committed 9152K, reserved 1048576K
}
Event: 5.898 GC heap before
{Heap before GC invocations=22 (full 0):
 garbage-first heap   total 112640K, used 89143K [0x0000000700000000, 0x0000000800000000)
  region size 2048K, 14 young (28672K), 2 survivors (4096K)
 Metaspace       used 65807K, committed 66432K, reserved 1114112K
  class space    used 9102K, committed 9408K, reserved 1048576K
}
Event: 5.901 GC heap after
{Heap after GC invocations=23 (full 0):
 garbage-first heap   total 174080K, used 66421K [0x0000000700000000, 0x0000000800000000)
  region size 2048K, 1 young (2048K), 1 survivors (2048K)
 Metaspace       used 65807K, committed 66432K, reserved 1114112K
  class space    used 9102K, committed 9408K, reserved 1048576K
}
Event: 6.362 GC heap before
{Heap before GC invocations=24 (full 0):
 garbage-first heap   total 174080K, used 129909K [0x0000000700000000, 0x0000000800000000)
  region size 2048K, 33 young (67584K), 1 survivors (2048K)
 Metaspace       used 70368K, committed 71104K, reserved 1114112K
  class space    used 9674K, committed 10048K, reserved 1048576K
}
Event: 6.365 GC heap after
{Heap after GC invocations=25 (full 0):
 garbage-first heap   total 174080K, used 70057K [0x0000000700000000, 0x0000000800000000)
  region size 2048K, 3 young (6144K), 3 survivors (6144K)
 Metaspace       used 70368K, committed 71104K, reserved 1114112K
  class space    used 9674K, committed 10048K, reserved 1048576K
}
Event: 6.679 GC heap before
{Heap before GC invocations=25 (full 0):
 garbage-first heap   total 174080K, used 137641K [0x0000000700000000, 0x0000000800000000)
  region size 2048K, 35 young (71680K), 3 survivors (6144K)
 Metaspace       used 71120K, committed 71872K, reserved 1114112K
  class space    used 9763K, committed 10112K, reserved 1048576K
}
Event: 6.683 GC heap after
{Heap after GC invocations=26 (full 0):
 garbage-first heap   total 174080K, used 79846K [0x0000000700000000, 0x0000000800000000)
  region size 2048K, 5 young (10240K), 5 survivors (10240K)
 Metaspace       used 71120K, committed 71872K, reserved 1114112K
  class space    used 9763K, committed 10112K, reserved 1048576K
}
Event: 6.976 GC heap before
{Heap before GC invocations=26 (full 0):
 garbage-first heap   total 174080K, used 137190K [0x0000000700000000, 0x0000000800000000)
  region size 2048K, 33 young (67584K), 5 survivors (10240K)
 Metaspace       used 73235K, committed 74048K, reserved 1114112K
  class space    used 10074K, committed 10432K, reserved 1048576K
}
Event: 6.981 GC heap after
{Heap after GC invocations=27 (full 0):
 garbage-first heap   total 174080K, used 84607K [0x0000000700000000, 0x0000000800000000)
  region size 2048K, 5 young (10240K), 5 survivors (10240K)
 Metaspace       used 73235K, committed 74048K, reserved 1114112K
  class space    used 10074K, committed 10432K, reserved 1048576K
}
Event: 7.442 GC heap before
{Heap before GC invocations=27 (full 0):
 garbage-first heap   total 174080K, used 137855K [0x0000000700000000, 0x0000000800000000)
  region size 2048K, 31 young (63488K), 5 survivors (10240K)
 Metaspace       used 78221K, committed 79040K, reserved 1179648K
  class space    used 10927K, committed 11328K, reserved 1048576K
}
Event: 7.447 GC heap after
{Heap after GC invocations=28 (full 0):
 garbage-first heap   total 174080K, used 88316K [0x0000000700000000, 0x0000000800000000)
  region size 2048K, 2 young (4096K), 2 survivors (4096K)
 Metaspace       used 78221K, committed 79040K, reserved 1179648K
  class space    used 10927K, committed 11328K, reserved 1048576K
}
Event: 7.845 GC heap before
{Heap before GC invocations=28 (full 0):
 garbage-first heap   total 174080K, used 139516K [0x0000000700000000, 0x0000000800000000)
  region size 2048K, 27 young (55296K), 2 survivors (4096K)
 Metaspace       used 79722K, committed 80576K, reserved 1179648K
  class space    used 11131K, committed 11520K, reserved 1048576K
}
Event: 7.851 GC heap after
{Heap after GC invocations=29 (full 0):
 garbage-first heap   total 174080K, used 95058K [0x0000000700000000, 0x0000000800000000)
  region size 2048K, 4 young (8192K), 4 survivors (8192K)
 Metaspace       used 79722K, committed 80576K, reserved 1179648K
  class space    used 11131K, committed 11520K, reserved 1048576K
}

Dll operation events (13 events):
Event: 0.003 Loaded shared library C:\Program Files\Microsoft\jdk-17.0.10.7-hotspot\bin\java.dll
Event: 0.016 Loaded shared library C:\Program Files\Microsoft\jdk-17.0.10.7-hotspot\bin\jsvml.dll
Event: 0.038 Loaded shared library C:\Program Files\Microsoft\jdk-17.0.10.7-hotspot\bin\net.dll
Event: 0.038 Loaded shared library C:\Program Files\Microsoft\jdk-17.0.10.7-hotspot\bin\nio.dll
Event: 0.040 Loaded shared library C:\Program Files\Microsoft\jdk-17.0.10.7-hotspot\bin\zip.dll
Event: 0.094 Loaded shared library C:\Program Files\Microsoft\jdk-17.0.10.7-hotspot\bin\jimage.dll
Event: 0.125 Loaded shared library C:\Program Files\Microsoft\jdk-17.0.10.7-hotspot\bin\verify.dll
Event: 0.214 Loaded shared library C:\Users\Admin\.gradle\native\68d5fa5c4cc2d200863cafc0d521ce42e7d3e7ee720ec0a83991735586a16f82\windows-amd64\native-platform.dll
Event: 0.217 Loaded shared library C:\Users\Admin\.gradle\native\e376f236ea51e6404a007f0833ffe2c6e607c4080706a723a18a27aeea778392\windows-amd64\native-platform-file-events.dll
Event: 0.513 Loaded shared library C:\Program Files\Microsoft\jdk-17.0.10.7-hotspot\bin\management.dll
Event: 0.515 Loaded shared library C:\Program Files\Microsoft\jdk-17.0.10.7-hotspot\bin\management_ext.dll
Event: 0.645 Loaded shared library C:\Program Files\Microsoft\jdk-17.0.10.7-hotspot\bin\extnet.dll
Event: 0.820 Loaded shared library C:\Program Files\Microsoft\jdk-17.0.10.7-hotspot\bin\sunmscapi.dll

Deoptimization events (20 events):
Event: 7.745 Thread 0x000001cd24a3d030 Uncommon trap: trap_request=0xffffffde fr.pc=0x000001ccca2da7dc relative=0x000000000000005c
Event: 7.745 Thread 0x000001cd24a3d030 Uncommon trap: reason=class_check action=maybe_recompile pc=0x000001ccca2da7dc method=groovy.lang.MetaMethod.isStatic()Z @ 1 c2
Event: 7.745 Thread 0x000001cd24a3d030 DEOPT PACKING pc=0x000001ccca2da7dc sp=0x0000003354cf2890
Event: 7.745 Thread 0x000001cd24a3d030 DEOPT UNPACKING pc=0x000001ccc98ca1a3 sp=0x0000003354cf2820 mode 2
Event: 7.745 Thread 0x000001cd24a3d030 Uncommon trap: trap_request=0xffffffde fr.pc=0x000001ccca2da7dc relative=0x000000000000005c
Event: 7.746 Thread 0x000001cd24a3d030 Uncommon trap: reason=class_check action=maybe_recompile pc=0x000001ccca2da7dc method=groovy.lang.MetaMethod.isStatic()Z @ 1 c2
Event: 7.746 Thread 0x000001cd24a3d030 DEOPT PACKING pc=0x000001ccca2da7dc sp=0x0000003354cf2890
Event: 7.746 Thread 0x000001cd24a3d030 DEOPT UNPACKING pc=0x000001ccc98ca1a3 sp=0x0000003354cf2820 mode 2
Event: 7.746 Thread 0x000001cd24a3d030 Uncommon trap: trap_request=0xffffffde fr.pc=0x000001ccca2da7dc relative=0x000000000000005c
Event: 7.746 Thread 0x000001cd24a3d030 Uncommon trap: reason=class_check action=maybe_recompile pc=0x000001ccca2da7dc method=groovy.lang.MetaMethod.isStatic()Z @ 1 c2
Event: 7.746 Thread 0x000001cd24a3d030 DEOPT PACKING pc=0x000001ccca2da7dc sp=0x0000003354cf2890
Event: 7.746 Thread 0x000001cd24a3d030 DEOPT UNPACKING pc=0x000001ccc98ca1a3 sp=0x0000003354cf2820 mode 2
Event: 7.754 Thread 0x000001cd24a3d030 Uncommon trap: trap_request=0xffffff45 fr.pc=0x000001ccca3b8a40 relative=0x0000000000000580
Event: 7.754 Thread 0x000001cd24a3d030 Uncommon trap: reason=unstable_if action=reinterpret pc=0x000001ccca3b8a40 method=java.lang.ThreadLocal$ThreadLocalMap.remove(Ljava/lang/ThreadLocal;)V @ 26 c2
Event: 7.754 Thread 0x000001cd24a3d030 DEOPT PACKING pc=0x000001ccca3b8a40 sp=0x0000003354cf7940
Event: 7.754 Thread 0x000001cd24a3d030 DEOPT UNPACKING pc=0x000001ccc98ca1a3 sp=0x0000003354cf7878 mode 2
Event: 7.862 Thread 0x000001cd24a3d030 Uncommon trap: trap_request=0xffffff45 fr.pc=0x000001ccca1e31b0 relative=0x0000000000001490
Event: 7.862 Thread 0x000001cd24a3d030 Uncommon trap: reason=unstable_if action=reinterpret pc=0x000001ccca1e31b0 method=java.util.concurrent.ConcurrentHashMap.addCount(JI)V @ 97 c2
Event: 7.862 Thread 0x000001cd24a3d030 DEOPT PACKING pc=0x000001ccca1e31b0 sp=0x0000003354cf8410
Event: 7.862 Thread 0x000001cd24a3d030 DEOPT UNPACKING pc=0x000001ccc98ca1a3 sp=0x0000003354cf82e0 mode 2

Classes unloaded (0 events):
No events

Classes redefined (0 events):
No events

Internal exceptions (20 events):
Event: 7.612 Thread 0x000001cd24a3d030 Exception <a 'java/lang/ClassNotFoundException'{0x00000007089bade0}: com/android/build/gradle/internal/res/LinkApplicationAndroidResourcesTaskBeanInfo> (0x00000007089bade0) 
thrown [s\src\hotspot\share\classfile\systemDictionary.cpp, line 256]
Event: 7.612 Thread 0x000001cd24a3d030 Exception <a 'java/lang/ClassNotFoundException'{0x00000007089ccad0}: com/android/build/gradle/tasks/ProcessAndroidResourcesBeanInfo> (0x00000007089ccad0) 
thrown [s\src\hotspot\share\classfile\systemDictionary.cpp, line 256]
Event: 7.612 Thread 0x000001cd24a3d030 Exception <a 'java/lang/ClassNotFoundException'{0x00000007089de7f8}: com/android/build/gradle/tasks/ProcessAndroidResourcesCustomizer> (0x00000007089de7f8) 
thrown [s\src\hotspot\share\classfile\systemDictionary.cpp, line 256]
Event: 7.613 Thread 0x000001cd24a3d030 Exception <a 'java/lang/ClassNotFoundException'{0x0000000708607e90}: com/android/build/gradle/internal/res/LinkApplicationAndroidResourcesTaskCustomizer> (0x0000000708607e90) 
thrown [s\src\hotspot\share\classfile\systemDictionary.cpp, line 256]
Event: 7.614 Thread 0x000001cd24a3d030 Exception <a 'java/lang/ClassNotFoundException'{0x0000000708670318}: com/android/build/gradle/internal/res/LinkApplicationAndroidResourcesTask_DecoratedCustomizer> (0x0000000708670318) 
thrown [s\src\hotspot\share\classfile\systemDictionary.cpp, line 256]
Event: 7.620 Thread 0x000001cd24a3d030 Exception <a 'java/lang/ClassNotFoundException'{0x00000007087d0ae0}: com/android/build/gradle/internal/tasks/CompressAssetsTask_DecoratedBeanInfo> (0x00000007087d0ae0) 
thrown [s\src\hotspot\share\classfile\systemDictionary.cpp, line 256]
Event: 7.620 Thread 0x000001cd24a3d030 Exception <a 'java/lang/ClassNotFoundException'{0x00000007087e2938}: com/android/build/gradle/internal/tasks/CompressAssetsTaskBeanInfo> (0x00000007087e2938) 
thrown [s\src\hotspot\share\classfile\systemDictionary.cpp, line 256]
Event: 7.621 Thread 0x000001cd24a3d030 Exception <a 'java/lang/ClassNotFoundException'{0x00000007087f4a10}: com/android/build/gradle/internal/tasks/CompressAssetsTaskCustomizer> (0x00000007087f4a10) 
thrown [s\src\hotspot\share\classfile\systemDictionary.cpp, line 256]
Event: 7.621 Thread 0x000001cd24a3d030 Exception <a 'java/lang/ClassNotFoundException'{0x000000070841c2d8}: com/android/build/gradle/internal/tasks/CompressAssetsTask_DecoratedCustomizer> (0x000000070841c2d8) 
thrown [s\src\hotspot\share\classfile\systemDictionary.cpp, line 256]
Event: 7.626 Thread 0x000001cd24a3d030 Exception <a 'java/lang/ClassNotFoundException'{0x00000007084cf028}: org/gradle/api/DefaultTask_DecoratedBeanInfo> (0x00000007084cf028) 
thrown [s\src\hotspot\share\classfile\systemDictionary.cpp, line 256]
Event: 7.627 Thread 0x000001cd24a3d030 Exception <a 'java/lang/ClassNotFoundException'{0x00000007084eeb30}: org/gradle/api/DefaultTask_DecoratedCustomizer> (0x00000007084eeb30) 
thrown [s\src\hotspot\share\classfile\systemDictionary.cpp, line 256]
Event: 7.696 Thread 0x000001cd24a3d030 Exception <a 'java/lang/NoClassDefFoundError'{0x00000007083e3790}: org/jetbrains/kotlin/gradle/plugin/KotlinBasePluginWrapper> (0x00000007083e3790) 
thrown [s\src\hotspot\share\classfile\systemDictionary.cpp, line 245]
Event: 7.747 Thread 0x000001cd24a3d030 Exception <a 'java/lang/ClassNotFoundException'{0x0000000707c15f78}: java/lang/IntegerBeanInfo> (0x0000000707c15f78) 
thrown [s\src\hotspot\share\classfile\systemDictionary.cpp, line 256]
Event: 7.748 Thread 0x000001cd24a3d030 Exception <a 'java/lang/ClassNotFoundException'{0x0000000707c21d00}: java/lang/NumberBeanInfo> (0x0000000707c21d00) 
thrown [s\src\hotspot\share\classfile\systemDictionary.cpp, line 256]
Event: 7.748 Thread 0x000001cd24a3d030 Exception <a 'java/lang/ClassNotFoundException'{0x0000000707c2da88}: java/lang/NumberCustomizer> (0x0000000707c2da88) 
thrown [s\src\hotspot\share\classfile\systemDictionary.cpp, line 256]
Event: 7.748 Thread 0x000001cd24a3d030 Exception <a 'java/lang/ClassNotFoundException'{0x0000000707c3c338}: java/lang/IntegerCustomizer> (0x0000000707c3c338) 
thrown [s\src\hotspot\share\classfile\systemDictionary.cpp, line 256]
Event: 7.766 Thread 0x000001cd24a3d030 Exception <a 'java/lang/ClassNotFoundException'{0x0000000707da28c8}: build_3eb3a0hhao1pm9e609smg2ao8BeanInfo> (0x0000000707da28c8) 
thrown [s\src\hotspot\share\classfile\systemDictionary.cpp, line 256]
Event: 7.767 Thread 0x000001cd24a3d030 Exception <a 'java/lang/ClassNotFoundException'{0x0000000707da9118}: build_3eb3a0hhao1pm9e609smg2ao8Customizer> (0x0000000707da9118) 
thrown [s\src\hotspot\share\classfile\systemDictionary.cpp, line 256]
Event: 7.774 Thread 0x000001cd24a3d030 Exception <a 'sun/nio/fs/WindowsException'{0x0000000707deda60}> (0x0000000707deda60) 
thrown [s\src\hotspot\share\prims\jni.cpp, line 516]
Event: 7.774 Thread 0x000001cd24a3d030 Exception <a 'sun/nio/fs/WindowsException'{0x0000000707dedea0}> (0x0000000707dedea0) 
thrown [s\src\hotspot\share\prims\jni.cpp, line 516]

VM Operations (20 events):
Event: 6.844 Executing VM operation: HandshakeAllThreads done
Event: 6.975 Executing VM operation: G1CollectForAllocation
Event: 6.982 Executing VM operation: G1CollectForAllocation done
Event: 7.365 Executing VM operation: ICBufferFull
Event: 7.365 Executing VM operation: ICBufferFull done
Event: 7.431 Executing VM operation: HandshakeAllThreads
Event: 7.431 Executing VM operation: HandshakeAllThreads done
Event: 7.440 Executing VM operation: HandshakeAllThreads
Event: 7.440 Executing VM operation: HandshakeAllThreads done
Event: 7.442 Executing VM operation: G1CollectForAllocation
Event: 7.447 Executing VM operation: G1CollectForAllocation done
Event: 7.452 Executing VM operation: HandshakeAllThreads
Event: 7.452 Executing VM operation: HandshakeAllThreads done
Event: 7.487 Executing VM operation: HandshakeAllThreads
Event: 7.487 Executing VM operation: HandshakeAllThreads done
Event: 7.755 Executing VM operation: ICBufferFull
Event: 7.755 Executing VM operation: ICBufferFull done
Event: 7.845 Executing VM operation: G1CollectForAllocation
Event: 7.853 Executing VM operation: G1CollectForAllocation done
Event: 7.916 Executing VM operation: G1PauseRemark

Events (20 events):
Event: 7.747 loading class java/lang/IntegerBeanInfo
Event: 7.747 loading class java/lang/IntegerBeanInfo done
Event: 7.747 loading class java/lang/IntegerBeanInfo
Event: 7.747 loading class java/lang/IntegerBeanInfo done
Event: 7.747 loading class java/lang/NumberBeanInfo
Event: 7.747 loading class java/lang/NumberBeanInfo done
Event: 7.748 loading class java/lang/NumberBeanInfo
Event: 7.748 loading class java/lang/NumberBeanInfo done
Event: 7.748 loading class java/lang/NumberCustomizer
Event: 7.748 loading class java/lang/NumberCustomizer done
Event: 7.748 loading class java/lang/NumberCustomizer
Event: 7.748 loading class java/lang/NumberCustomizer done
Event: 7.748 loading class java/lang/IntegerCustomizer
Event: 7.748 loading class java/lang/IntegerCustomizer done
Event: 7.748 loading class java/lang/IntegerCustomizer
Event: 7.748 loading class java/lang/IntegerCustomizer done
Event: 7.748 loading class jdk/internal/ValueBased
Event: 7.749 loading class jdk/internal/ValueBased done
Event: 7.750 loading class jdk/internal/reflect/UnsafeQualifiedStaticIntegerFieldAccessorImpl
Event: 7.750 loading class jdk/internal/reflect/UnsafeQualifiedStaticIntegerFieldAccessorImpl done


Dynamic libraries:
0x00007ff699e10000 - 0x00007ff699e1e000 	C:\Program Files\Microsoft\jdk-17.0.10.7-hotspot\bin\java.exe
0x00007ffe21370000 - 0x00007ffe21568000 	C:\Windows\SYSTEM32\ntdll.dll
0x00007ffe20380000 - 0x00007ffe20441000 	C:\Windows\System32\KERNEL32.DLL
0x00007ffe1ea20000 - 0x00007ffe1ed1d000 	C:\Windows\System32\KERNELBASE.dll
0x00007ffe1ee40000 - 0x00007ffe1ef40000 	C:\Windows\System32\ucrtbase.dll
0x00007ffdfcd20000 - 0x00007ffdfcd37000 	C:\Program Files\Microsoft\jdk-17.0.10.7-hotspot\bin\jli.dll
0x00007ffdfcd00000 - 0x00007ffdfcd1b000 	C:\Program Files\Microsoft\jdk-17.0.10.7-hotspot\bin\VCRUNTIME140.dll
0x00007ffe1f580000 - 0x00007ffe1f71d000 	C:\Windows\System32\USER32.dll
0x00007ffe06250000 - 0x00007ffe064ea000 	C:\Windows\WinSxS\amd64_microsoft.windows.common-controls_6595b64144ccf1df_6.0.19041.4355_none_60b8b9eb71f62e16\COMCTL32.dll
0x00007ffe1f340000 - 0x00007ffe1f362000 	C:\Windows\System32\win32u.dll
0x00007ffe1f720000 - 0x00007ffe1f74b000 	C:\Windows\System32\GDI32.dll
0x00007ffe1fab0000 - 0x00007ffe1fb4e000 	C:\Windows\System32\msvcrt.dll
0x00007ffe1ef40000 - 0x00007ffe1f057000 	C:\Windows\System32\gdi32full.dll
0x00007ffe1f1c0000 - 0x00007ffe1f25d000 	C:\Windows\System32\msvcp_win.dll
0x00007ffe1f550000 - 0x00007ffe1f57f000 	C:\Windows\System32\IMM32.DLL
0x00007ffe01d80000 - 0x00007ffe01d8c000 	C:\Program Files\Microsoft\jdk-17.0.10.7-hotspot\bin\vcruntime140_1.dll
0x00007ffdfb090000 - 0x00007ffdfb11d000 	C:\Program Files\Microsoft\jdk-17.0.10.7-hotspot\bin\msvcp140.dll
0x00007ffdfa420000 - 0x00007ffdfb085000 	C:\Program Files\Microsoft\jdk-17.0.10.7-hotspot\bin\server\jvm.dll
0x00007ffe21220000 - 0x00007ffe212d0000 	C:\Windows\System32\ADVAPI32.dll
0x00007ffe205f0000 - 0x00007ffe20690000 	C:\Windows\System32\sechost.dll
0x00007ffe20910000 - 0x00007ffe20a33000 	C:\Windows\System32\RPCRT4.dll
0x00007ffe1f370000 - 0x00007ffe1f397000 	C:\Windows\System32\bcrypt.dll
0x00007ffe1df20000 - 0x00007ffe1df6b000 	C:\Windows\SYSTEM32\POWRPROF.dll
0x00007ffdfa410000 - 0x00007ffdfa419000 	C:\Windows\SYSTEM32\WSOCK32.dll
0x00007ffe20580000 - 0x00007ffe205eb000 	C:\Windows\System32\WS2_32.dll
0x00007ffe10230000 - 0x00007ffe10257000 	C:\Windows\SYSTEM32\WINMM.dll
0x00007ffe14f90000 - 0x00007ffe14f9a000 	C:\Windows\SYSTEM32\VERSION.dll
0x00007ffe1dde0000 - 0x00007ffe1ddf2000 	C:\Windows\SYSTEM32\UMPDC.dll
0x00007ffe1d250000 - 0x00007ffe1d262000 	C:\Windows\SYSTEM32\kernel.appcore.dll
0x00007ffe01910000 - 0x00007ffe0191a000 	C:\Program Files\Microsoft\jdk-17.0.10.7-hotspot\bin\jimage.dll
0x00007ffe1c750000 - 0x00007ffe1c934000 	C:\Windows\SYSTEM32\DBGHELP.DLL
0x00007ffe0d320000 - 0x00007ffe0d354000 	C:\Windows\SYSTEM32\dbgcore.DLL
0x00007ffe1f260000 - 0x00007ffe1f2e2000 	C:\Windows\System32\bcryptPrimitives.dll
0x00007ffdfcc80000 - 0x00007ffdfcca5000 	C:\Program Files\Microsoft\jdk-17.0.10.7-hotspot\bin\java.dll
0x00007ffdf9220000 - 0x00007ffdf92f7000 	C:\Program Files\Microsoft\jdk-17.0.10.7-hotspot\bin\jsvml.dll
0x00007ffe1fb50000 - 0x00007ffe202bf000 	C:\Windows\System32\SHELL32.dll
0x00007ffe1ca40000 - 0x00007ffe1d1e3000 	C:\Windows\SYSTEM32\windows.storage.dll
0x00007ffe1f750000 - 0x00007ffe1faa3000 	C:\Windows\System32\combase.dll
0x00007ffe1e370000 - 0x00007ffe1e39e000 	C:\Windows\SYSTEM32\Wldp.dll
0x00007ffe20840000 - 0x00007ffe2090d000 	C:\Windows\System32\OLEAUT32.dll
0x00007ffe202c0000 - 0x00007ffe2036d000 	C:\Windows\System32\SHCORE.dll
0x00007ffe212d0000 - 0x00007ffe21325000 	C:\Windows\System32\shlwapi.dll
0x00007ffe1e950000 - 0x00007ffe1e974000 	C:\Windows\SYSTEM32\profapi.dll
0x00007ffdf9070000 - 0x00007ffdf9089000 	C:\Program Files\Microsoft\jdk-17.0.10.7-hotspot\bin\net.dll
0x00007ffe183f0000 - 0x00007ffe184fd000 	C:\Windows\SYSTEM32\WINHTTP.dll
0x00007ffe1e150000 - 0x00007ffe1e1ba000 	C:\Windows\system32\mswsock.dll
0x00007ffdf9000000 - 0x00007ffdf9016000 	C:\Program Files\Microsoft\jdk-17.0.10.7-hotspot\bin\nio.dll
0x00007ffdf8fe0000 - 0x00007ffdf8ff8000 	C:\Program Files\Microsoft\jdk-17.0.10.7-hotspot\bin\zip.dll
0x00007ffde5ed0000 - 0x00007ffde5ee0000 	C:\Program Files\Microsoft\jdk-17.0.10.7-hotspot\bin\verify.dll
0x00007ffde50d0000 - 0x00007ffde50f7000 	C:\Users\Admin\.gradle\native\68d5fa5c4cc2d200863cafc0d521ce42e7d3e7ee720ec0a83991735586a16f82\windows-amd64\native-platform.dll
0x00007ffde4ed0000 - 0x00007ffde5014000 	C:\Users\Admin\.gradle\native\e376f236ea51e6404a007f0833ffe2c6e607c4080706a723a18a27aeea778392\windows-amd64\native-platform-file-events.dll
0x00007ffe14ff0000 - 0x00007ffe14ff9000 	C:\Program Files\Microsoft\jdk-17.0.10.7-hotspot\bin\management.dll
0x00007ffe13020000 - 0x00007ffe1302b000 	C:\Program Files\Microsoft\jdk-17.0.10.7-hotspot\bin\management_ext.dll
0x00007ffe20cc0000 - 0x00007ffe20cc8000 	C:\Windows\System32\PSAPI.DLL
0x00007ffe1e3b0000 - 0x00007ffe1e3c8000 	C:\Windows\SYSTEM32\CRYPTSP.dll
0x00007ffe1da20000 - 0x00007ffe1da54000 	C:\Windows\system32\rsaenh.dll
0x00007ffe1e910000 - 0x00007ffe1e93e000 	C:\Windows\SYSTEM32\USERENV.dll
0x00007ffe1e2e0000 - 0x00007ffe1e2ec000 	C:\Windows\SYSTEM32\CRYPTBASE.dll
0x00007ffe1de00000 - 0x00007ffe1de3b000 	C:\Windows\SYSTEM32\IPHLPAPI.DLL
0x00007ffe20450000 - 0x00007ffe20458000 	C:\Windows\System32\NSI.dll
0x00007ffe17c50000 - 0x00007ffe17c67000 	C:\Windows\SYSTEM32\dhcpcsvc6.DLL
0x00007ffe17aa0000 - 0x00007ffe17abd000 	C:\Windows\SYSTEM32\dhcpcsvc.DLL
0x00007ffe1de40000 - 0x00007ffe1df0a000 	C:\Windows\SYSTEM32\DNSAPI.dll
0x00007ffdf9a30000 - 0x00007ffdf9a39000 	C:\Program Files\Microsoft\jdk-17.0.10.7-hotspot\bin\extnet.dll
0x00007ffdea160000 - 0x00007ffdea16e000 	C:\Program Files\Microsoft\jdk-17.0.10.7-hotspot\bin\sunmscapi.dll
0x00007ffe1f060000 - 0x00007ffe1f1bc000 	C:\Windows\System32\CRYPT32.dll
0x00007ffe1e4c0000 - 0x00007ffe1e4e9000 	C:\Windows\SYSTEM32\ncrypt.dll
0x00007ffe1e480000 - 0x00007ffe1e4bb000 	C:\Windows\SYSTEM32\NTASN1.dll
0x00007ffe0cdb0000 - 0x00007ffe0cdb7000 	C:\Windows\system32\wshunix.dll

dbghelp: loaded successfully - version: 4.0.5 - missing functions: none
symbol engine: initialized successfully - sym options: 0x614 - pdb path: .;C:\Program Files\Microsoft\jdk-17.0.10.7-hotspot\bin;C:\Windows\SYSTEM32;C:\Windows\WinSxS\amd64_microsoft.windows.common-controls_6595b64144ccf1df_6.0.19041.4355_none_60b8b9eb71f62e16;C:\Program Files\Microsoft\jdk-17.0.10.7-hotspot\bin\server;C:\Users\Admin\.gradle\native\68d5fa5c4cc2d200863cafc0d521ce42e7d3e7ee720ec0a83991735586a16f82\windows-amd64;C:\Users\Admin\.gradle\native\e376f236ea51e6404a007f0833ffe2c6e607c4080706a723a18a27aeea778392\windows-amd64

VM Arguments:
jvm_args: --add-opens=java.base/java.util=ALL-UNNAMED --add-opens=java.base/java.lang=ALL-UNNAMED --add-opens=java.base/java.lang.invoke=ALL-UNNAMED --add-opens=java.prefs/java.util.prefs=ALL-UNNAMED --add-opens=java.base/java.nio.charset=ALL-UNNAMED --add-opens=java.base/java.net=ALL-UNNAMED --add-opens=java.base/java.util.concurrent.atomic=ALL-UNNAMED -Xmx4G -Dfile.encoding=windows-1252 -Duser.country=US -Duser.language=en -Duser.variant 
java_command: org.gradle.launcher.daemon.bootstrap.GradleDaemon 8.0
java_class_path (initial): C:\Users\Admin\.gradle\wrapper\dists\gradle-8.0-bin\ca5e32bp14vu59qr306oxotwh\gradle-8.0\lib\gradle-launcher-8.0.jar
Launcher Type: SUN_STANDARD

[Global flags]
     intx CICompilerCount                          = 4                                         {product} {ergonomic}
     uint ConcGCThreads                            = 2                                         {product} {ergonomic}
     uint G1ConcRefinementThreads                  = 8                                         {product} {ergonomic}
   size_t G1HeapRegionSize                         = 2097152                                   {product} {ergonomic}
    uintx GCDrainStackTargetSize                   = 64                                        {product} {ergonomic}
   size_t InitialHeapSize                          = 264241152                                 {product} {ergonomic}
   size_t MarkStackSize                            = 4194304                                   {product} {ergonomic}
   size_t MaxHeapSize                              = 4294967296                                {product} {command line}
   size_t MaxNewSize                               = 2575302656                                {product} {ergonomic}
   size_t MinHeapDeltaBytes                        = 2097152                                   {product} {ergonomic}
   size_t MinHeapSize                              = 8388608                                   {product} {ergonomic}
    uintx NonNMethodCodeHeapSize                   = 5839372                                {pd product} {ergonomic}
    uintx NonProfiledCodeHeapSize                  = 122909434                              {pd product} {ergonomic}
    uintx ProfiledCodeHeapSize                     = 122909434                              {pd product} {ergonomic}
    uintx ReservedCodeCacheSize                    = 251658240                              {pd product} {ergonomic}
     bool SegmentedCodeCache                       = true                                      {product} {ergonomic}
   size_t SoftMaxHeapSize                          = 4294967296                             {manageable} {ergonomic}
     bool UseCompressedClassPointers               = true                           {product lp64_product} {ergonomic}
     bool UseCompressedOops                        = true                           {product lp64_product} {ergonomic}
     bool UseG1GC                                  = true                                      {product} {ergonomic}
     bool UseLargePagesIndividualAllocation        = false                                  {pd product} {ergonomic}

Logging:
Log output configuration:
 #0: stdout all=warning uptime,level,tags
 #1: stderr all=off uptime,level,tags

Environment Variables:
JAVA_HOME=C:\Program Files\Microsoft\jdk-17.0.10.7-hotspot\
CLASSPATH=C:\Users\Admin\Desktop\E-HandyHelp\android\\gradle\wrapper\gradle-wrapper.jar
PATH=C:\Program Files\Microsoft\jdk-17.0.10.7-hotspot\bin;C:\Windows\system32;C:\Windows;C:\Windows\System32\Wbem;C:\Windows\System32\WindowsPowerShell\v1.0\;C:\Windows\System32\OpenSSH\;C:\Program Files\OpenVPN\bin;C:\Program Files\nodejs\;C:\ProgramData\chocolatey\bin;C:\Program Files\Git\cmd;C:\php-8.3.7;C:\xampp\php;;C:\Program Files\Docker\Docker\resources\bin;C:\Users\Admin\Flutter\bin;C:\Users\Admin\AppData\Local\Programs\Python\Python310\Scripts\;C:\Users\Admin\AppData\Local\Programs\Python\Python310\;C:\Users\Admin\AppData\Local\Programs\Python\Python312\Scripts\;C:\Users\Admin\AppData\Local\Programs\Python\Python312\;C:\Users\Admin\AppData\Local\Programs\Python\Launcher\;C:\Users\Admin\AppData\Local\flutter\bin;C:\Users\Admin\AppData\Local\Microsoft\WindowsApps;C:\Users\Admin\AppData\Local\Programs\Microsoft VS Code\bin;C:\Users\Admin\AppData\Roaming\npm;C:\Users\Admin\AppData\Local\Android\Sdk\platform-tools;C:\msys64\ucrt64\bin;C:\php-8.3.7;C:\xampp\php;
USERNAME=Admin
OS=Windows_NT
PROCESSOR_IDENTIFIER=Intel64 Family 6 Model 140 Stepping 1, GenuineIntel
TMP=C:\Users\Admin\AppData\Local\Temp
TEMP=C:\Users\Admin\AppData\Local\Temp



Periodic native trim disabled


---------------  S Y S T E M  ---------------

OS:
 Windows 10 , 64 bit Build 19041 (10.0.19041.4842)
OS uptime: 0 days 0:24 hours
Hyper-V role detected

CPU: total 8 (initial active 8) (4 cores per cpu, 2 threads per core) family 6 model 140 stepping 1 microcode 0x86, cx8, cmov, fxsr, ht, mmx, 3dnowpref, sse, sse2, sse3, ssse3, sse4.1, sse4.2, popcnt, lzcnt, tsc, tscinvbit, avx, avx2, aes, erms, clmul, bmi1, bmi2, adx, avx512f, avx512dq, avx512cd, avx512bw, avx512vl, sha, fma, vzeroupper, avx512_vpopcntdq, avx512_vpclmulqdq, avx512_vaes, avx512_vnni, clflush, clflushopt, clwb, avx512_vbmi2, avx512_vbmi, hv
Processor Information for all 8 processors :
  Max Mhz: 2803, Current Mhz: 2803, Mhz Limit: 2803

Memory: 4k page, system-wide physical 16082M (3625M free)
TotalPageFile size 16082M (AvailPageFile size 121M)
current process WorkingSet (physical memory assigned to process): 429M, peak: 435M
current process commit charge ("private bytes"): 473M, peak: 481M

vm_info: OpenJDK 64-Bit Server VM (17.0.10+7-LTS) for windows-amd64 JRE (17.0.10+7-LTS), built on Jan 10 2024 19:47:12 by "MicrosoftCorporation" with MS VC++ 16.10 / 16.11 (VS2019)

END.
