#
# There is insufficient memory for the Java Runtime Environment to continue.
# Native memory allocation (mmap) failed to map 371195904 bytes for G1 virtual space
# Possible reasons:
#   The system is out of physical RAM or swap space
#   The process is running with CompressedOops enabled, and the Java Heap may be blocking the growth of the native heap
# Possible solutions:
#   Reduce memory load on the system
#   Increase physical memory or swap space
#   Check if swap backing store is full
#   Decrease Java heap size (-Xmx/-Xms)
#   Decrease number of Java threads
#   Decrease Java thread stack sizes (-Xss)
#   Set larger code cache with -XX:ReservedCodeCacheSize=
#   JVM is running with Zero Based Compressed Oops mode in which the Java heap is
#     placed in the first 32GB address space. The Java Heap base address is the
#     maximum limit for the native heap growth. Please use -XX:HeapBaseMinAddress
#     to set the Java Heap base and to place the Java Heap above 32GB virtual address.
# This output file may be truncated or incomplete.
#
#  Out of Memory Error (os_windows.cpp:3613), pid=6496, tid=3016
#
# JRE version: OpenJDK Runtime Environment Microsoft-8902769 (17.0.10+7) (build 17.0.10+7-LTS)
# Java VM: OpenJDK 64-Bit Server VM Microsoft-8902769 (17.0.10+7-LTS, mixed mode, sharing, tiered, compressed oops, compressed class ptrs, g1 gc, windows-amd64)
# No core dump will be written. Minidumps are not enabled by default on client versions of Windows
#

---------------  S U M M A R Y ------------

Command Line: --add-opens=java.base/java.util=ALL-UNNAMED --add-opens=java.base/java.lang=ALL-UNNAMED --add-opens=java.base/java.lang.invoke=ALL-UNNAMED --add-opens=java.prefs/java.util.prefs=ALL-UNNAMED --add-opens=java.base/java.nio.charset=ALL-UNNAMED --add-opens=java.base/java.net=ALL-UNNAMED --add-opens=java.base/java.util.concurrent.atomic=ALL-UNNAMED -Xmx4G -Dfile.encoding=windows-1252 -Duser.country=US -Duser.language=en -Duser.variant org.gradle.launcher.daemon.bootstrap.GradleDaemon 8.0

Host: 11th Gen Intel(R) Core(TM) i7-1165G7 @ 2.80GHz, 8 cores, 15G,  Windows 10 , 64 bit Build 19041 (10.0.19041.4842)
Time: Wed Oct 16 15:58:09 2024 Malay Peninsula Standard Time elapsed time: 405.200422 seconds (0d 0h 6m 45s)

---------------  T H R E A D  ---------------

Current thread (0x000002be7fdf10e0):  VMThread "VM Thread" [stack: 0x000000db6ea00000,0x000000db6eb00000] [id=3016]

Stack: [0x000000db6ea00000,0x000000db6eb00000]
Native frames: (J=compiled Java code, j=interpreted, Vv=VM code, C=native code)
V  [jvm.dll+0x67f829]
V  [jvm.dll+0x83750a]
V  [jvm.dll+0x838fce]
V  [jvm.dll+0x839633]
V  [jvm.dll+0x247cbf]
V  [jvm.dll+0x67c669]
V  [jvm.dll+0x6710da]
V  [jvm.dll+0x309b8b]
V  [jvm.dll+0x311036]
V  [jvm.dll+0x360d5e]
V  [jvm.dll+0x360f8f]
V  [jvm.dll+0x2e0798]
V  [jvm.dll+0x2de974]
V  [jvm.dll+0x2ddf7c]
V  [jvm.dll+0x32200b]
V  [jvm.dll+0x83db2b]
V  [jvm.dll+0x83e871]
V  [jvm.dll+0x83ed8d]
V  [jvm.dll+0x83f164]
V  [jvm.dll+0x83f230]
V  [jvm.dll+0x7e69da]
V  [jvm.dll+0x67e715]
C  [ucrtbase.dll+0x21bb2]
C  [KERNEL32.DLL+0x17374]
C  [ntdll.dll+0x4cc91]

VM_Operation (0x000000db778fdf90): G1CollectForAllocation, mode: safepoint, requested by thread 0x000002be62b785b0


---------------  P R O C E S S  ---------------

Threads class SMR info:
_java_thread_list=0x000002be64b15710, length=138, elements={
0x000002be75d31c40, 0x000002be7fdf5260, 0x000002be7fdf5d30, 0x000002be7fe0bb60,
0x000002be7fe0e540, 0x000002be5e010080, 0x000002be5e012960, 0x000002be5e013560,
0x000002be5e013e70, 0x000002be5e014780, 0x000002be5e082dd0, 0x000002be5e0eef20,
0x000002be5f6b8b80, 0x000002be5e5a0de0, 0x000002be5fa195c0, 0x000002be5f11eaa0,
0x000002be5f122250, 0x000002be5f120900, 0x000002be5f120e10, 0x000002be5f121830,
0x000002be62ed0990, 0x000002be62ed4140, 0x000002be62ed0480, 0x000002be62ece620,
0x000002be62ed4650, 0x000002be62ecd6f0, 0x000002be62ed3720, 0x000002be62ecdc00,
0x000002be62b780a0, 0x000002be62b785b0, 0x000002be62b74e00, 0x000002be62b75310,
0x000002be5e2fc090, 0x000002be5e2fcfc0, 0x000002be5e2fc5a0, 0x000002be5e3025d0,
0x000002be5e300260, 0x000002be5e2fd4d0, 0x000002be5e2fcab0, 0x000002be5e302ae0,
0x000002be5e2fb670, 0x000002be5e302ff0, 0x000002be5e2ff840, 0x000002be5e2fbb80,
0x000002be5e2fe400, 0x000002be5e2fd9e0, 0x000002be5e2fe910, 0x000002be5e2fee20,
0x000002be5e2ffd50, 0x000002be5e300770, 0x000002be5e300c80, 0x000002be5e3016a0,
0x000002be5e301190, 0x000002be5e301bb0, 0x000002be5e3020c0, 0x000002be62ed13b0,
0x000002be62ecf550, 0x000002be62ed4b60, 0x000002be62ed3210, 0x000002be62ecfa60,
0x000002be62ece110, 0x000002be62eceb30, 0x000002be62ecf040, 0x000002be62ecff70,
0x000002be62ed0ea0, 0x000002be62ed18c0, 0x000002be62ed1dd0, 0x000002be62ed3c30,
0x000002be664d9a30, 0x000002be664d80e0, 0x000002be664dd6f0, 0x000002be664dfa60,
0x000002be664da960, 0x000002be664db380, 0x000002be664dbda0, 0x000002be664ddc00,
0x000002be664dc2b0, 0x000002be664dd1e0, 0x000002be664de620, 0x000002be664de110,
0x000002be62b75d30, 0x000002be62b77b90, 0x000002be62b76240, 0x000002be62b75820,
0x000002be62b76750, 0x000002be62b76c60, 0x000002be62b77170, 0x000002be62b77680,
0x000002be5f11f4c0, 0x000002be5f11f9d0, 0x000002be5f121d40, 0x000002be5f121320,
0x000002be5f11efb0, 0x000002be5f1203f0, 0x000002be66c80570, 0x000002be66c80f90,
0x000002be66c7fb50, 0x000002be66c80a80, 0x000002be66c7dcf0, 0x000002be66c81ec0,
0x000002be66c814a0, 0x000002be66c83300, 0x000002be66c819b0, 0x000002be66c7f640,
0x000002be66c7ec20, 0x000002be66c823d0, 0x000002be66c82df0, 0x000002be66c828e0,
0x000002be66c83810, 0x000002be66c7cdc0, 0x000002be66c83d20, 0x000002be66c84230,
0x000002be66c7f130, 0x000002be66c84740, 0x000002be66c7e200, 0x000002be66c7d2d0,
0x000002be66c7d7e0, 0x000002be66c7e710, 0x000002be66c80060, 0x000002be5edef020,
0x000002be5edf0460, 0x000002be5edeff50, 0x000002be5edf3700, 0x000002be5edeccb0,
0x000002be5edf22c0, 0x000002be5eded6d0, 0x000002be5edec7a0, 0x000002be5edf2ce0,
0x000002be5edf1db0, 0x000002be5edf3c10, 0x000002be5edf4120, 0x000002be5edf27d0,
0x000002be5edf31f0, 0x000002be5edf0970, 0x000002be5eded1c0, 0x000002be5ededbe0,
0x000002be60b97510, 0x000002be63533020
}

Java Threads: ( => current thread )
  0x000002be75d31c40 JavaThread "main" [_thread_blocked, id=1028, stack(0x000000db6e300000,0x000000db6e400000)]
  0x000002be7fdf5260 JavaThread "Reference Handler" daemon [_thread_blocked, id=1752, stack(0x000000db6eb00000,0x000000db6ec00000)]
  0x000002be7fdf5d30 JavaThread "Finalizer" daemon [_thread_blocked, id=11028, stack(0x000000db6ec00000,0x000000db6ed00000)]
  0x000002be7fe0bb60 JavaThread "Signal Dispatcher" daemon [_thread_blocked, id=14968, stack(0x000000db6ed00000,0x000000db6ee00000)]
  0x000002be7fe0e540 JavaThread "Attach Listener" daemon [_thread_blocked, id=11404, stack(0x000000db6ee00000,0x000000db6ef00000)]
  0x000002be5e010080 JavaThread "Service Thread" daemon [_thread_blocked, id=15452, stack(0x000000db6ef00000,0x000000db6f000000)]
  0x000002be5e012960 JavaThread "Monitor Deflation Thread" daemon [_thread_blocked, id=10004, stack(0x000000db6f000000,0x000000db6f100000)]
  0x000002be5e013560 JavaThread "C2 CompilerThread0" daemon [_thread_blocked, id=8496, stack(0x000000db6f100000,0x000000db6f200000)]
  0x000002be5e013e70 JavaThread "C1 CompilerThread0" daemon [_thread_blocked, id=2464, stack(0x000000db6f200000,0x000000db6f300000)]
  0x000002be5e014780 JavaThread "Sweeper thread" daemon [_thread_blocked, id=7996, stack(0x000000db6f300000,0x000000db6f400000)]
  0x000002be5e082dd0 JavaThread "Common-Cleaner" daemon [_thread_blocked, id=10920, stack(0x000000db6f400000,0x000000db6f500000)]
  0x000002be5e0eef20 JavaThread "Notification Thread" daemon [_thread_blocked, id=15396, stack(0x000000db6f500000,0x000000db6f600000)]
  0x000002be5f6b8b80 JavaThread "Daemon health stats" [_thread_blocked, id=13144, stack(0x000000db6fe00000,0x000000db6ff00000)]
  0x000002be5e5a0de0 JavaThread "Incoming local TCP Connector on port 51865" [_thread_in_native, id=12908, stack(0x000000db6f700000,0x000000db6f800000)]
  0x000002be5fa195c0 JavaThread "Daemon periodic checks" [_thread_blocked, id=8836, stack(0x000000db6ff00000,0x000000db70000000)]
  0x000002be5f11eaa0 JavaThread "Cache worker for journal cache (C:\Users\Admin\.gradle\caches\journal-1)" [_thread_blocked, id=7976, stack(0x000000db70600000,0x000000db70700000)]
  0x000002be5f122250 JavaThread "File lock request listener" [_thread_in_native, id=14072, stack(0x000000db70700000,0x000000db70800000)]
  0x000002be5f120900 JavaThread "Cache worker for file hash cache (C:\Users\Admin\.gradle\caches\8.0\fileHashes)" [_thread_blocked, id=9376, stack(0x000000db70900000,0x000000db70a00000)]
  0x000002be5f120e10 JavaThread "File watcher server" daemon [_thread_in_native, id=7380, stack(0x000000db70b00000,0x000000db70c00000)]
  0x000002be5f121830 JavaThread "File watcher consumer" daemon [_thread_blocked, id=15928, stack(0x000000db70c00000,0x000000db70d00000)]
  0x000002be62ed0990 JavaThread "Cache worker for file content cache (C:\Users\Admin\.gradle\caches\8.0\fileContent)" [_thread_blocked, id=11400, stack(0x000000db70f00000,0x000000db71000000)]
  0x000002be62ed4140 JavaThread "Cache worker for execution history cache (C:\Users\Admin\.gradle\caches\8.0\executionHistory)" [_thread_blocked, id=5036, stack(0x000000db71500000,0x000000db71600000)]
  0x000002be62ed0480 JavaThread "jar transforms" [_thread_blocked, id=6580, stack(0x000000db71600000,0x000000db71700000)]
  0x000002be62ece620 JavaThread "Cache worker for kotlin-dsl (C:\Users\Admin\.gradle\caches\8.0\kotlin-dsl)" [_thread_blocked, id=12316, stack(0x000000db71700000,0x000000db71800000)]
  0x000002be62ed4650 JavaThread "jar transforms Thread 2" [_thread_blocked, id=14640, stack(0x000000db71800000,0x000000db71900000)]
  0x000002be62ecd6f0 JavaThread "jar transforms Thread 3" [_thread_blocked, id=9488, stack(0x000000db71b00000,0x000000db71c00000)]
  0x000002be62ed3720 JavaThread "Memory manager" [_thread_blocked, id=10848, stack(0x000000db71c00000,0x000000db71d00000)]
  0x000002be62ecdc00 JavaThread "jar transforms Thread 4" [_thread_blocked, id=15864, stack(0x000000db71d00000,0x000000db71e00000)]
  0x000002be62b780a0 JavaThread "jar transforms Thread 5" [_thread_blocked, id=16156, stack(0x000000db77700000,0x000000db77800000)]
  0x000002be62b785b0 JavaThread "jar transforms Thread 6" [_thread_blocked, id=5428, stack(0x000000db77800000,0x000000db77900000)]
  0x000002be62b74e00 JavaThread "jar transforms Thread 7" [_thread_blocked, id=16228, stack(0x000000db77900000,0x000000db77a00000)]
  0x000002be62b75310 JavaThread "jar transforms Thread 8" [_thread_blocked, id=1972, stack(0x000000db77a00000,0x000000db77b00000)]
  0x000002be5e2fc090 JavaThread "Daemon Thread 2" [_thread_blocked, id=7612, stack(0x000000db6f800000,0x000000db6f900000)]
  0x000002be5e2fcfc0 JavaThread "Handler for socket connection from /127.0.0.1:51865 to /127.0.0.1:52118" [_thread_in_native, id=8372, stack(0x000000db70000000,0x000000db70100000)]
  0x000002be5e2fc5a0 JavaThread "Cancel handler" [_thread_blocked, id=9148, stack(0x000000db70100000,0x000000db70200000)]
  0x000002be5e3025d0 JavaThread "Daemon worker Thread 2" [_thread_blocked, id=8624, stack(0x000000db70200000,0x000000db70300000)]
  0x000002be5e300260 JavaThread "Asynchronous log dispatcher for DefaultDaemonConnection: socket connection from /127.0.0.1:51865 to /127.0.0.1:52118" [_thread_blocked, id=14860, stack(0x000000db70300000,0x000000db70400000)]
  0x000002be5e2fd4d0 JavaThread "Stdin handler" [_thread_blocked, id=10856, stack(0x000000db70400000,0x000000db70500000)]
  0x000002be5e2fcab0 JavaThread "Daemon client event forwarder" [_thread_blocked, id=16368, stack(0x000000db70500000,0x000000db70600000)]
  0x000002be5e302ae0 JavaThread "Cache worker for checksums cache (C:\Users\Admin\Desktop\E-HandyHelp\android\.gradle\8.0\checksums)" [_thread_blocked, id=14160, stack(0x000000db70a00000,0x000000db70b00000)]
  0x000002be5e2fb670 JavaThread "Cache worker for cache directory md-rule (C:\Users\Admin\.gradle\caches\8.0\md-rule)" [_thread_blocked, id=7544, stack(0x000000db70d00000,0x000000db70e00000)]
  0x000002be5e302ff0 JavaThread "Cache worker for file hash cache (C:\Users\Admin\Desktop\E-HandyHelp\android\.gradle\8.0\fileHashes)" [_thread_blocked, id=7616, stack(0x000000db70e00000,0x000000db70f00000)]
  0x000002be5e2ff840 JavaThread "Cache worker for cache directory md-supplier (C:\Users\Admin\.gradle\caches\8.0\md-supplier)" [_thread_blocked, id=1100, stack(0x000000db71000000,0x000000db71100000)]
  0x000002be5e2fbb80 JavaThread "Cache worker for dependencies-accessors (C:\Users\Admin\Desktop\E-HandyHelp\android\.gradle\8.0\dependencies-accessors)" [_thread_blocked, id=10648, stack(0x000000db71100000,0x000000db71200000)]
  0x000002be5e2fe400 JavaThread "Cache worker for Build Output Cleanup Cache (C:\Users\Admin\AppData\Local\flutter\packages\flutter_tools\gradle\.gradle\buildOutputCleanup)" [_thread_blocked, id=13888, stack(0x000000db71900000,0x000000db71a00000)]
  0x000002be5e2fd9e0 JavaThread "included builds" [_thread_blocked, id=3312, stack(0x000000db71e00000,0x000000db71f00000)]
  0x000002be5e2fe910 JavaThread "Execution worker" [_thread_blocked, id=7264, stack(0x000000db71f00000,0x000000db72000000)]
  0x000002be5e2fee20 JavaThread "Execution worker Thread 2" [_thread_blocked, id=924, stack(0x000000db72000000,0x000000db72100000)]
  0x000002be5e2ffd50 JavaThread "Execution worker Thread 3" [_thread_blocked, id=2948, stack(0x000000db72100000,0x000000db72200000)]
  0x000002be5e300770 JavaThread "Execution worker Thread 4" [_thread_blocked, id=7348, stack(0x000000db72200000,0x000000db72300000)]
  0x000002be5e300c80 JavaThread "Execution worker Thread 5" [_thread_blocked, id=16160, stack(0x000000db72300000,0x000000db72400000)]
  0x000002be5e3016a0 JavaThread "Execution worker Thread 6" [_thread_blocked, id=11308, stack(0x000000db72400000,0x000000db72500000)]
  0x000002be5e301190 JavaThread "Execution worker Thread 7" [_thread_blocked, id=15000, stack(0x000000db72500000,0x000000db72600000)]
  0x000002be5e301bb0 JavaThread "Cache worker for execution history cache (C:\Users\Admin\AppData\Local\flutter\packages\flutter_tools\gradle\.gradle\8.0\executionHistory)" [_thread_blocked, id=14900, stack(0x000000db72600000,0x000000db72700000)]
  0x000002be5e3020c0 JavaThread "Unconstrained build operations" [_thread_blocked, id=14092, stack(0x000000db72700000,0x000000db72800000)]
  0x000002be62ed13b0 JavaThread "Unconstrained build operations Thread 2" [_thread_blocked, id=11276, stack(0x000000db72800000,0x000000db72900000)]
  0x000002be62ecf550 JavaThread "Unconstrained build operations Thread 3" [_thread_blocked, id=11876, stack(0x000000db72900000,0x000000db72a00000)]
  0x000002be62ed4b60 JavaThread "Unconstrained build operations Thread 4" [_thread_blocked, id=15244, stack(0x000000db72a00000,0x000000db72b00000)]
  0x000002be62ed3210 JavaThread "Unconstrained build operations Thread 5" [_thread_blocked, id=10616, stack(0x000000db72b00000,0x000000db72c00000)]
  0x000002be62ecfa60 JavaThread "Unconstrained build operations Thread 6" [_thread_blocked, id=4444, stack(0x000000db72c00000,0x000000db72d00000)]
  0x000002be62ece110 JavaThread "Unconstrained build operations Thread 7" [_thread_blocked, id=14816, stack(0x000000db72d00000,0x000000db72e00000)]
  0x000002be62eceb30 JavaThread "Unconstrained build operations Thread 8" [_thread_blocked, id=13636, stack(0x000000db72e00000,0x000000db72f00000)]
  0x000002be62ecf040 JavaThread "Unconstrained build operations Thread 9" [_thread_blocked, id=8024, stack(0x000000db72f00000,0x000000db73000000)]
  0x000002be62ecff70 JavaThread "Unconstrained build operations Thread 10" [_thread_blocked, id=4976, stack(0x000000db73000000,0x000000db73100000)]
  0x000002be62ed0ea0 JavaThread "Unconstrained build operations Thread 11" [_thread_blocked, id=14200, stack(0x000000db73100000,0x000000db73200000)]
  0x000002be62ed18c0 JavaThread "Unconstrained build operations Thread 12" [_thread_blocked, id=7052, stack(0x000000db73200000,0x000000db73300000)]
  0x000002be62ed1dd0 JavaThread "Unconstrained build operations Thread 13" [_thread_blocked, id=13484, stack(0x000000db73300000,0x000000db73400000)]
  0x000002be62ed3c30 JavaThread "Unconstrained build operations Thread 14" [_thread_blocked, id=4952, stack(0x000000db73400000,0x000000db73500000)]
  0x000002be664d9a30 JavaThread "Unconstrained build operations Thread 15" [_thread_blocked, id=14452, stack(0x000000db73500000,0x000000db73600000)]
  0x000002be664d80e0 JavaThread "Unconstrained build operations Thread 16" [_thread_blocked, id=16140, stack(0x000000db73600000,0x000000db73700000)]
  0x000002be664dd6f0 JavaThread "Unconstrained build operations Thread 17" [_thread_blocked, id=13124, stack(0x000000db73700000,0x000000db73800000)]
  0x000002be664dfa60 JavaThread "Unconstrained build operations Thread 18" [_thread_blocked, id=2648, stack(0x000000db73800000,0x000000db73900000)]
  0x000002be664da960 JavaThread "Unconstrained build operations Thread 19" [_thread_blocked, id=4292, stack(0x000000db73900000,0x000000db73a00000)]
  0x000002be664db380 JavaThread "Unconstrained build operations Thread 20" [_thread_blocked, id=7740, stack(0x000000db73a00000,0x000000db73b00000)]
  0x000002be664dbda0 JavaThread "Unconstrained build operations Thread 21" [_thread_blocked, id=6424, stack(0x000000db73b00000,0x000000db73c00000)]
  0x000002be664ddc00 JavaThread "Unconstrained build operations Thread 22" [_thread_blocked, id=4816, stack(0x000000db73c00000,0x000000db73d00000)]
  0x000002be664dc2b0 JavaThread "Unconstrained build operations Thread 23" [_thread_blocked, id=14648, stack(0x000000db73d00000,0x000000db73e00000)]
  0x000002be664dd1e0 JavaThread "Unconstrained build operations Thread 24" [_thread_blocked, id=5508, stack(0x000000db73e00000,0x000000db73f00000)]
  0x000002be664de620 JavaThread "Unconstrained build operations Thread 25" [_thread_blocked, id=15808, stack(0x000000db73f00000,0x000000db74000000)]
  0x000002be664de110 JavaThread "Unconstrained build operations Thread 26" [_thread_blocked, id=10796, stack(0x000000db74000000,0x000000db74100000)]
  0x000002be62b75d30 JavaThread "Unconstrained build operations Thread 27" [_thread_blocked, id=13640, stack(0x000000db74100000,0x000000db74200000)]
  0x000002be62b77b90 JavaThread "Unconstrained build operations Thread 28" [_thread_blocked, id=12776, stack(0x000000db74200000,0x000000db74300000)]
  0x000002be62b76240 JavaThread "Unconstrained build operations Thread 29" [_thread_blocked, id=1192, stack(0x000000db74300000,0x000000db74400000)]
  0x000002be62b75820 JavaThread "Unconstrained build operations Thread 30" [_thread_blocked, id=9844, stack(0x000000db74400000,0x000000db74500000)]
  0x000002be62b76750 JavaThread "Unconstrained build operations Thread 31" [_thread_blocked, id=11664, stack(0x000000db74500000,0x000000db74600000)]
  0x000002be62b76c60 JavaThread "Unconstrained build operations Thread 32" [_thread_blocked, id=6488, stack(0x000000db74600000,0x000000db74700000)]
  0x000002be62b77170 JavaThread "Unconstrained build operations Thread 33" [_thread_blocked, id=9544, stack(0x000000db74700000,0x000000db74800000)]
  0x000002be62b77680 JavaThread "Unconstrained build operations Thread 34" [_thread_blocked, id=15956, stack(0x000000db74800000,0x000000db74900000)]
  0x000002be5f11f4c0 JavaThread "Unconstrained build operations Thread 35" [_thread_blocked, id=14560, stack(0x000000db74900000,0x000000db74a00000)]
  0x000002be5f11f9d0 JavaThread "Unconstrained build operations Thread 36" [_thread_blocked, id=12216, stack(0x000000db74a00000,0x000000db74b00000)]
  0x000002be5f121d40 JavaThread "Unconstrained build operations Thread 37" [_thread_blocked, id=10748, stack(0x000000db74b00000,0x000000db74c00000)]
  0x000002be5f121320 JavaThread "Unconstrained build operations Thread 38" [_thread_blocked, id=9672, stack(0x000000db74c00000,0x000000db74d00000)]
  0x000002be5f11efb0 JavaThread "Unconstrained build operations Thread 39" [_thread_blocked, id=15400, stack(0x000000db74d00000,0x000000db74e00000)]
  0x000002be5f1203f0 JavaThread "Unconstrained build operations Thread 40" [_thread_blocked, id=15216, stack(0x000000db74e00000,0x000000db74f00000)]
  0x000002be66c80570 JavaThread "Unconstrained build operations Thread 41" [_thread_blocked, id=9976, stack(0x000000db74f00000,0x000000db75000000)]
  0x000002be66c80f90 JavaThread "Unconstrained build operations Thread 42" [_thread_blocked, id=8728, stack(0x000000db75000000,0x000000db75100000)]
  0x000002be66c7fb50 JavaThread "Unconstrained build operations Thread 43" [_thread_blocked, id=5792, stack(0x000000db75100000,0x000000db75200000)]
  0x000002be66c80a80 JavaThread "Unconstrained build operations Thread 44" [_thread_blocked, id=9052, stack(0x000000db75200000,0x000000db75300000)]
  0x000002be66c7dcf0 JavaThread "Unconstrained build operations Thread 45" [_thread_blocked, id=2856, stack(0x000000db75300000,0x000000db75400000)]
  0x000002be66c81ec0 JavaThread "Unconstrained build operations Thread 46" [_thread_blocked, id=13452, stack(0x000000db75400000,0x000000db75500000)]
  0x000002be66c814a0 JavaThread "Unconstrained build operations Thread 47" [_thread_blocked, id=8100, stack(0x000000db75500000,0x000000db75600000)]
  0x000002be66c83300 JavaThread "Unconstrained build operations Thread 48" [_thread_blocked, id=11220, stack(0x000000db75600000,0x000000db75700000)]
  0x000002be66c819b0 JavaThread "Unconstrained build operations Thread 49" [_thread_blocked, id=4348, stack(0x000000db75700000,0x000000db75800000)]
  0x000002be66c7f640 JavaThread "Unconstrained build operations Thread 50" [_thread_blocked, id=12308, stack(0x000000db75800000,0x000000db75900000)]
  0x000002be66c7ec20 JavaThread "Unconstrained build operations Thread 51" [_thread_blocked, id=9372, stack(0x000000db75900000,0x000000db75a00000)]
  0x000002be66c823d0 JavaThread "Unconstrained build operations Thread 52" [_thread_blocked, id=12168, stack(0x000000db75a00000,0x000000db75b00000)]
  0x000002be66c82df0 JavaThread "Unconstrained build operations Thread 53" [_thread_blocked, id=11620, stack(0x000000db75b00000,0x000000db75c00000)]
  0x000002be66c828e0 JavaThread "Unconstrained build operations Thread 54" [_thread_blocked, id=15472, stack(0x000000db75c00000,0x000000db75d00000)]
  0x000002be66c83810 JavaThread "Unconstrained build operations Thread 55" [_thread_blocked, id=8780, stack(0x000000db75d00000,0x000000db75e00000)]
  0x000002be66c7cdc0 JavaThread "Unconstrained build operations Thread 56" [_thread_blocked, id=6088, stack(0x000000db75e00000,0x000000db75f00000)]
  0x000002be66c83d20 JavaThread "Unconstrained build operations Thread 57" [_thread_blocked, id=11540, stack(0x000000db75f00000,0x000000db76000000)]
  0x000002be66c84230 JavaThread "Unconstrained build operations Thread 58" [_thread_blocked, id=10632, stack(0x000000db76000000,0x000000db76100000)]
  0x000002be66c7f130 JavaThread "Unconstrained build operations Thread 59" [_thread_blocked, id=14940, stack(0x000000db76100000,0x000000db76200000)]
  0x000002be66c84740 JavaThread "Unconstrained build operations Thread 60" [_thread_blocked, id=9340, stack(0x000000db76200000,0x000000db76300000)]
  0x000002be66c7e200 JavaThread "Unconstrained build operations Thread 61" [_thread_blocked, id=15332, stack(0x000000db76300000,0x000000db76400000)]
  0x000002be66c7d2d0 JavaThread "Unconstrained build operations Thread 62" [_thread_blocked, id=13604, stack(0x000000db76400000,0x000000db76500000)]
  0x000002be66c7d7e0 JavaThread "Unconstrained build operations Thread 63" [_thread_blocked, id=9688, stack(0x000000db76500000,0x000000db76600000)]
  0x000002be66c7e710 JavaThread "Unconstrained build operations Thread 64" [_thread_blocked, id=15664, stack(0x000000db76600000,0x000000db76700000)]
  0x000002be66c80060 JavaThread "Unconstrained build operations Thread 65" [_thread_blocked, id=12244, stack(0x000000db76700000,0x000000db76800000)]
  0x000002be5edef020 JavaThread "Unconstrained build operations Thread 66" [_thread_blocked, id=12264, stack(0x000000db76800000,0x000000db76900000)]
  0x000002be5edf0460 JavaThread "Unconstrained build operations Thread 67" [_thread_blocked, id=12676, stack(0x000000db76900000,0x000000db76a00000)]
  0x000002be5edeff50 JavaThread "Unconstrained build operations Thread 68" [_thread_blocked, id=10160, stack(0x000000db76a00000,0x000000db76b00000)]
  0x000002be5edf3700 JavaThread "Unconstrained build operations Thread 69" [_thread_blocked, id=5940, stack(0x000000db76b00000,0x000000db76c00000)]
  0x000002be5edeccb0 JavaThread "Unconstrained build operations Thread 70" [_thread_blocked, id=15932, stack(0x000000db76c00000,0x000000db76d00000)]
  0x000002be5edf22c0 JavaThread "Unconstrained build operations Thread 71" [_thread_blocked, id=5936, stack(0x000000db76d00000,0x000000db76e00000)]
  0x000002be5eded6d0 JavaThread "Unconstrained build operations Thread 72" [_thread_blocked, id=15112, stack(0x000000db76e00000,0x000000db76f00000)]
  0x000002be5edec7a0 JavaThread "Unconstrained build operations Thread 73" [_thread_blocked, id=14972, stack(0x000000db76f00000,0x000000db77000000)]
  0x000002be5edf2ce0 JavaThread "Unconstrained build operations Thread 74" [_thread_blocked, id=5336, stack(0x000000db77000000,0x000000db77100000)]
  0x000002be5edf1db0 JavaThread "Unconstrained build operations Thread 75" [_thread_blocked, id=12976, stack(0x000000db77100000,0x000000db77200000)]
  0x000002be5edf3c10 JavaThread "Unconstrained build operations Thread 76" [_thread_blocked, id=3448, stack(0x000000db77200000,0x000000db77300000)]
  0x000002be5edf4120 JavaThread "Unconstrained build operations Thread 77" [_thread_blocked, id=14716, stack(0x000000db77300000,0x000000db77400000)]
  0x000002be5edf27d0 JavaThread "Unconstrained build operations Thread 78" [_thread_blocked, id=10808, stack(0x000000db77400000,0x000000db77500000)]
  0x000002be5edf31f0 JavaThread "Unconstrained build operations Thread 79" [_thread_blocked, id=11208, stack(0x000000db77500000,0x000000db77600000)]
  0x000002be5edf0970 JavaThread "Unconstrained build operations Thread 80" [_thread_blocked, id=2632, stack(0x000000db77600000,0x000000db77700000)]
  0x000002be5eded1c0 JavaThread "Cache worker for Build Output Cleanup Cache (C:\Users\Admin\Desktop\E-HandyHelp\android\.gradle\buildOutputCleanup)" [_thread_blocked, id=16200, stack(0x000000db77b00000,0x000000db77c00000)]
  0x000002be5ededbe0 JavaThread "File lock release action executor Thread 2" [_thread_blocked, id=5820, stack(0x000000db71a00000,0x000000db71b00000)]
  0x000002be60b97510 JavaThread "C2 CompilerThread1" daemon [_thread_blocked, id=5460, stack(0x000000db6e200000,0x000000db6e300000)]
  0x000002be63533020 JavaThread "C2 CompilerThread2" daemon [_thread_in_native, id=13208, stack(0x000000db70800000,0x000000db70900000)]

Other Threads:
=>0x000002be7fdf10e0 VMThread "VM Thread" [stack: 0x000000db6ea00000,0x000000db6eb00000] [id=3016]
  0x000002be5e0ef400 WatcherThread [stack: 0x000000db6f600000,0x000000db6f700000] [id=14556]
  0x000002be75d9d2e0 GCTaskThread "GC Thread#0" [stack: 0x000000db6e500000,0x000000db6e600000] [id=15748]
  0x000002be5f001020 GCTaskThread "GC Thread#1" [stack: 0x000000db6f900000,0x000000db6fa00000] [id=12988]
  0x000002be5f2791c0 GCTaskThread "GC Thread#2" [stack: 0x000000db6fa00000,0x000000db6fb00000] [id=16040]
  0x000002be5f279480 GCTaskThread "GC Thread#3" [stack: 0x000000db6fb00000,0x000000db6fc00000] [id=9572]
  0x000002be5f279740 GCTaskThread "GC Thread#4" [stack: 0x000000db6fc00000,0x000000db6fd00000] [id=13580]
  0x000002be5f279a00 GCTaskThread "GC Thread#5" [stack: 0x000000db6fd00000,0x000000db6fe00000] [id=8548]
  0x000002be62aa4490 GCTaskThread "GC Thread#6" [stack: 0x000000db71200000,0x000000db71300000] [id=12340]
  0x000002be62aa3990 GCTaskThread "GC Thread#7" [stack: 0x000000db71300000,0x000000db71400000] [id=4652]
  0x000002be75dae140 ConcurrentGCThread "G1 Main Marker" [stack: 0x000000db6e600000,0x000000db6e700000] [id=2384]
  0x000002be75daea70 ConcurrentGCThread "G1 Conc#0" [stack: 0x000000db6e700000,0x000000db6e800000] [id=2016]
  0x000002be62aa4750 ConcurrentGCThread "G1 Conc#1" [stack: 0x000000db71400000,0x000000db71500000] [id=4928]
  0x000002be75ded000 ConcurrentGCThread "G1 Refine#0" [stack: 0x000000db6e800000,0x000000db6e900000] [id=3928]
  0x000002be75ded940 ConcurrentGCThread "G1 Service" [stack: 0x000000db6e900000,0x000000db6ea00000] [id=14824]

Threads with active compile tasks:
C2 CompilerThread0   405211 14215       4       org.objectweb.asm.MethodWriter::computeMethodInfoSize (571 bytes)
C2 CompilerThread1   405211 13962       4       org.objectweb.asm.ClassReader::readCode (5109 bytes)
C2 CompilerThread2   405211 14212       4       org.objectweb.asm.MethodWriter::putMethodInfo (1274 bytes)

VM state: at safepoint (normal execution)

VM Mutex/Monitor currently owned by a thread:  ([mutex/lock_event])
[0x000002be73c9a070] Threads_lock - owner thread: 0x000002be7fdf10e0
[0x000002be73c9b1e0] Heap_lock - owner thread: 0x000002be62b785b0

Heap address: 0x0000000700000000, size: 4096 MB, Compressed Oops mode: Zero based, Oop shift amount: 3

CDS archive(s) mapped at: [0x000002be19000000-0x000002be19bb0000-0x000002be19bb0000), size 12255232, SharedBaseAddress: 0x000002be19000000, ArchiveRelocationMode: 1.
Compressed class space mapped at: 0x000002be1a000000-0x000002be5a000000, reserved size: 1073741824
Narrow klass base: 0x000002be19000000, Narrow klass shift: 0, Narrow klass range: 0x100000000

GC Precious Log:
 CPUs: 8 total, 8 available
 Memory: 16082M
 Large Page Support: Disabled
 NUMA Support: Disabled
 Compressed Oops: Enabled (Zero based)
 Heap Region Size: 2M
 Heap Min Capacity: 8M
 Heap Initial Capacity: 252M
 Heap Max Capacity: 4G
 Pre-touch: Disabled
 Parallel Workers: 8
 Concurrent Workers: 2
 Concurrent Refinement Workers: 8
 Periodic GC: Disabled

Heap:
 garbage-first heap   total 315392K, used 135799K [0x0000000700000000, 0x0000000800000000)
  region size 2048K, 1 young (2048K), 1 survivors (2048K)
 Metaspace       used 90222K, committed 91200K, reserved 1179648K
  class space    used 12436K, committed 12928K, reserved 1048576K

Heap Regions: E=young(eden), S=young(survivor), O=old, HS=humongous(starts), HC=humongous(continues), CS=collection set, F=free, OA=open archive, CA=closed archive, TAMS=top-at-mark-start (previous, next)
|   0|0x0000000700000000, 0x0000000700200000, 0x0000000700200000|100%|HS|  |TAMS 0x0000000700200000, 0x0000000700000000| Complete 
|   1|0x0000000700200000, 0x0000000700400000, 0x0000000700400000|100%|HC|  |TAMS 0x0000000700400000, 0x0000000700200000| Complete 
|   2|0x0000000700400000, 0x0000000700600000, 0x0000000700600000|100%| O|  |TAMS 0x0000000700600000, 0x0000000700400000| Untracked 
|   3|0x0000000700600000, 0x0000000700800000, 0x0000000700800000|100%| O|  |TAMS 0x0000000700800000, 0x0000000700600000| Untracked 
|   4|0x0000000700800000, 0x00000007009f9600, 0x0000000700a00000| 98%| O|  |TAMS 0x00000007009f9600, 0x0000000700800000| Untracked 
|   5|0x0000000700a00000, 0x0000000700c00000, 0x0000000700c00000|100%| O|  |TAMS 0x0000000700c00000, 0x0000000700a00000| Untracked 
|   6|0x0000000700c00000, 0x0000000700e00000, 0x0000000700e00000|100%| O|  |TAMS 0x0000000700e00000, 0x0000000700c00000| Untracked 
|   7|0x0000000700e00000, 0x0000000701000000, 0x0000000701000000|100%| O|  |TAMS 0x0000000701000000, 0x0000000700e00000| Untracked 
|   8|0x0000000701000000, 0x0000000701200000, 0x0000000701200000|100%| O|  |TAMS 0x0000000701200000, 0x0000000701000000| Untracked 
|   9|0x0000000701200000, 0x0000000701400000, 0x0000000701400000|100%| O|  |TAMS 0x0000000701400000, 0x0000000701200000| Untracked 
|  10|0x0000000701400000, 0x0000000701600000, 0x0000000701600000|100%| O|  |TAMS 0x0000000701600000, 0x0000000701400000| Untracked 
|  11|0x0000000701600000, 0x0000000701800000, 0x0000000701800000|100%| O|  |TAMS 0x0000000701800000, 0x0000000701600000| Untracked 
|  12|0x0000000701800000, 0x0000000701a00000, 0x0000000701a00000|100%| O|  |TAMS 0x0000000701a00000, 0x0000000701800000| Untracked 
|  13|0x0000000701a00000, 0x0000000701c00000, 0x0000000701c00000|100%| O|  |TAMS 0x0000000701c00000, 0x0000000701a00000| Untracked 
|  14|0x0000000701c00000, 0x0000000701e00000, 0x0000000701e00000|100%| O|  |TAMS 0x0000000701e00000, 0x0000000701c00000| Untracked 
|  15|0x0000000701e00000, 0x0000000702000000, 0x0000000702000000|100%| O|  |TAMS 0x0000000702000000, 0x0000000701e00000| Untracked 
|  16|0x0000000702000000, 0x0000000702200000, 0x0000000702200000|100%| O|  |TAMS 0x0000000702200000, 0x0000000702000000| Untracked 
|  17|0x0000000702200000, 0x0000000702400000, 0x0000000702400000|100%| O|  |TAMS 0x0000000702400000, 0x0000000702200000| Untracked 
|  18|0x0000000702400000, 0x0000000702600000, 0x0000000702600000|100%|HS|  |TAMS 0x0000000702600000, 0x0000000702400000| Complete 
|  19|0x0000000702600000, 0x0000000702800000, 0x0000000702800000|100%| O|  |TAMS 0x0000000702800000, 0x0000000702600000| Untracked 
|  20|0x0000000702800000, 0x0000000702a00000, 0x0000000702a00000|100%| O|  |TAMS 0x0000000702800000, 0x0000000702800000| Untracked 
|  21|0x0000000702a00000, 0x0000000702c00000, 0x0000000702c00000|100%| O|  |TAMS 0x0000000702c00000, 0x0000000702a00000| Untracked 
|  22|0x0000000702c00000, 0x0000000702e00000, 0x0000000702e00000|100%| O|  |TAMS 0x0000000702e00000, 0x0000000702c00000| Untracked 
|  23|0x0000000702e00000, 0x0000000703000000, 0x0000000703000000|100%| O|  |TAMS 0x0000000703000000, 0x0000000702e00000| Untracked 
|  24|0x0000000703000000, 0x0000000703200000, 0x0000000703200000|100%| O|  |TAMS 0x0000000703200000, 0x0000000703000000| Untracked 
|  25|0x0000000703200000, 0x0000000703400000, 0x0000000703400000|100%|HS|  |TAMS 0x0000000703400000, 0x0000000703200000| Complete 
|  26|0x0000000703400000, 0x0000000703600000, 0x0000000703600000|100%|HS|  |TAMS 0x0000000703600000, 0x0000000703400000| Complete 
|  27|0x0000000703600000, 0x0000000703800000, 0x0000000703800000|100%|HC|  |TAMS 0x0000000703800000, 0x0000000703600000| Complete 
|  28|0x0000000703800000, 0x0000000703a00000, 0x0000000703a00000|100%| O|  |TAMS 0x0000000703a00000, 0x0000000703800000| Untracked 
|  29|0x0000000703a00000, 0x0000000703c00000, 0x0000000703c00000|100%| O|  |TAMS 0x0000000703c00000, 0x0000000703a00000| Untracked 
|  30|0x0000000703c00000, 0x0000000703c00000, 0x0000000703e00000|  0%| F|  |TAMS 0x0000000703c00000, 0x0000000703c00000| Untracked 
|  31|0x0000000703e00000, 0x0000000704000000, 0x0000000704000000|100%| O|  |TAMS 0x0000000704000000, 0x0000000703e00000| Untracked 
|  32|0x0000000704000000, 0x0000000704200000, 0x0000000704200000|100%| O|  |TAMS 0x0000000704200000, 0x0000000704000000| Untracked 
|  33|0x0000000704200000, 0x0000000704400000, 0x0000000704400000|100%| O|  |TAMS 0x0000000704400000, 0x0000000704200000| Untracked 
|  34|0x0000000704400000, 0x0000000704600000, 0x0000000704600000|100%| O|  |TAMS 0x0000000704600000, 0x0000000704400000| Untracked 
|  35|0x0000000704600000, 0x0000000704800000, 0x0000000704800000|100%| O|  |TAMS 0x0000000704800000, 0x0000000704600000| Untracked 
|  36|0x0000000704800000, 0x0000000704a00000, 0x0000000704a00000|100%| O|  |TAMS 0x0000000704a00000, 0x0000000704800000| Untracked 
|  37|0x0000000704a00000, 0x0000000704c00000, 0x0000000704c00000|100%|HS|  |TAMS 0x0000000704c00000, 0x0000000704a00000| Complete 
|  38|0x0000000704c00000, 0x0000000704e00000, 0x0000000704e00000|100%|HC|  |TAMS 0x0000000704e00000, 0x0000000704c00000| Complete 
|  39|0x0000000704e00000, 0x0000000705000000, 0x0000000705000000|100%| O|  |TAMS 0x0000000705000000, 0x0000000704e00000| Untracked 
|  40|0x0000000705000000, 0x0000000705200000, 0x0000000705200000|100%| O|  |TAMS 0x0000000705200000, 0x0000000705000000| Untracked 
|  41|0x0000000705200000, 0x0000000705400000, 0x0000000705400000|100%| O|  |TAMS 0x0000000705400000, 0x0000000705200000| Untracked 
|  42|0x0000000705400000, 0x0000000705600000, 0x0000000705600000|100%| O|  |TAMS 0x0000000705600000, 0x0000000705400000| Untracked 
|  43|0x0000000705600000, 0x0000000705800000, 0x0000000705800000|100%| O|  |TAMS 0x0000000705800000, 0x0000000705600000| Untracked 
|  44|0x0000000705800000, 0x0000000705a00000, 0x0000000705a00000|100%| O|  |TAMS 0x0000000705a00000, 0x0000000705800000| Untracked 
|  45|0x0000000705a00000, 0x0000000705c00000, 0x0000000705c00000|100%| O|  |TAMS 0x0000000705c00000, 0x0000000705a00000| Untracked 
|  46|0x0000000705c00000, 0x0000000705e00000, 0x0000000705e00000|100%| O|  |TAMS 0x0000000705e00000, 0x0000000705c00000| Untracked 
|  47|0x0000000705e00000, 0x0000000706000000, 0x0000000706000000|100%| O|  |TAMS 0x0000000706000000, 0x0000000705e00000| Untracked 
|  48|0x0000000706000000, 0x0000000706198a00, 0x0000000706200000| 79%| O|  |TAMS 0x0000000706000000, 0x0000000706000000| Untracked 
|  49|0x0000000706200000, 0x0000000706200000, 0x0000000706400000|  0%| F|  |TAMS 0x0000000706200000, 0x0000000706200000| Untracked 
|  50|0x0000000706400000, 0x0000000706600000, 0x0000000706600000|100%|HS|  |TAMS 0x0000000706600000, 0x0000000706400000| Complete 
|  51|0x0000000706600000, 0x0000000706800000, 0x0000000706800000|100%| O|  |TAMS 0x0000000706800000, 0x0000000706600000| Untracked 
|  52|0x0000000706800000, 0x0000000706a00000, 0x0000000706a00000|100%| O|  |TAMS 0x0000000706a00000, 0x0000000706800000| Untracked 
|  53|0x0000000706a00000, 0x0000000706c00000, 0x0000000706c00000|100%| O|  |TAMS 0x0000000706c00000, 0x0000000706a00000| Untracked 
|  54|0x0000000706c00000, 0x0000000706e00000, 0x0000000706e00000|100%|HS|  |TAMS 0x0000000706e00000, 0x0000000706c00000| Complete 
|  55|0x0000000706e00000, 0x0000000707000000, 0x0000000707000000|100%|HC|  |TAMS 0x0000000707000000, 0x0000000706e00000| Complete 
|  56|0x0000000707000000, 0x0000000707200000, 0x0000000707200000|100%| O|  |TAMS 0x0000000707200000, 0x0000000707000000| Untracked 
|  57|0x0000000707200000, 0x0000000707400000, 0x0000000707400000|100%| O|  |TAMS 0x0000000707400000, 0x0000000707200000| Untracked 
|  58|0x0000000707400000, 0x0000000707400000, 0x0000000707600000|  0%| F|  |TAMS 0x0000000707400000, 0x0000000707400000| Untracked 
|  59|0x0000000707600000, 0x0000000707600000, 0x0000000707800000|  0%| F|  |TAMS 0x0000000707600000, 0x0000000707600000| Untracked 
|  60|0x0000000707800000, 0x0000000707800000, 0x0000000707a00000|  0%| F|  |TAMS 0x0000000707800000, 0x0000000707800000| Untracked 
|  61|0x0000000707a00000, 0x0000000707c00000, 0x0000000707c00000|100%| O|  |TAMS 0x0000000707c00000, 0x0000000707a00000| Untracked 
|  62|0x0000000707c00000, 0x0000000707c00000, 0x0000000707e00000|  0%| F|  |TAMS 0x0000000707c00000, 0x0000000707c00000| Untracked 
|  63|0x0000000707e00000, 0x0000000707e00000, 0x0000000708000000|  0%| F|  |TAMS 0x0000000707e00000, 0x0000000707e00000| Untracked 
|  64|0x0000000708000000, 0x0000000708000000, 0x0000000708200000|  0%| F|  |TAMS 0x0000000708000000, 0x0000000708000000| Untracked 
|  65|0x0000000708200000, 0x0000000708200000, 0x0000000708400000|  0%| F|  |TAMS 0x0000000708200000, 0x0000000708200000| Untracked 
|  66|0x0000000708400000, 0x0000000708400000, 0x0000000708600000|  0%| F|  |TAMS 0x0000000708400000, 0x0000000708400000| Untracked 
|  67|0x0000000708600000, 0x0000000708600000, 0x0000000708800000|  0%| F|  |TAMS 0x0000000708600000, 0x0000000708600000| Untracked 
|  68|0x0000000708800000, 0x0000000708a00000, 0x0000000708a00000|100%| O|  |TAMS 0x0000000708a00000, 0x0000000708800000| Untracked 
|  69|0x0000000708a00000, 0x0000000708c00000, 0x0000000708c00000|100%| O|  |TAMS 0x0000000708c00000, 0x0000000708a00000| Untracked 
|  70|0x0000000708c00000, 0x0000000708e00000, 0x0000000708e00000|100%| O|  |TAMS 0x0000000708e00000, 0x0000000708c00000| Untracked 
|  71|0x0000000708e00000, 0x0000000708e00000, 0x0000000709000000|  0%| F|  |TAMS 0x0000000708e00000, 0x0000000708e00000| Untracked 
|  72|0x0000000709000000, 0x0000000709000000, 0x0000000709200000|  0%| F|  |TAMS 0x0000000709000000, 0x0000000709000000| Untracked 
|  73|0x0000000709200000, 0x0000000709200000, 0x0000000709400000|  0%| F|  |TAMS 0x0000000709200000, 0x0000000709200000| Untracked 
|  74|0x0000000709400000, 0x0000000709600000, 0x0000000709600000|100%|HS|  |TAMS 0x0000000709600000, 0x0000000709400000| Complete 
|  75|0x0000000709600000, 0x0000000709800000, 0x0000000709800000|100%|HC|  |TAMS 0x0000000709800000, 0x0000000709600000| Complete 
|  76|0x0000000709800000, 0x0000000709a00000, 0x0000000709a00000|100%| O|  |TAMS 0x0000000709a00000, 0x0000000709800000| Untracked 
|  77|0x0000000709a00000, 0x0000000709c00000, 0x0000000709c00000|100%| O|  |TAMS 0x0000000709c00000, 0x0000000709a00000| Untracked 
|  78|0x0000000709c00000, 0x0000000709e00000, 0x0000000709e00000|100%| O|  |TAMS 0x0000000709de6400, 0x0000000709c00000| Untracked 
|  79|0x0000000709e00000, 0x0000000709e00000, 0x000000070a000000|  0%| F|  |TAMS 0x0000000709e00000, 0x0000000709e00000| Untracked 
|  80|0x000000070a000000, 0x000000070a000000, 0x000000070a200000|  0%| F|  |TAMS 0x000000070a000000, 0x000000070a000000| Untracked 
|  81|0x000000070a200000, 0x000000070a200000, 0x000000070a400000|  0%| F|  |TAMS 0x000000070a200000, 0x000000070a200000| Untracked 
|  82|0x000000070a400000, 0x000000070a400000, 0x000000070a600000|  0%| F|  |TAMS 0x000000070a400000, 0x000000070a400000| Untracked 
|  83|0x000000070a600000, 0x000000070a600000, 0x000000070a800000|  0%| F|  |TAMS 0x000000070a600000, 0x000000070a600000| Untracked 
|  84|0x000000070a800000, 0x000000070a800000, 0x000000070aa00000|  0%| F|  |TAMS 0x000000070a800000, 0x000000070a800000| Untracked 
|  85|0x000000070aa00000, 0x000000070aa00000, 0x000000070ac00000|  0%| F|  |TAMS 0x000000070aa00000, 0x000000070aa00000| Untracked 
|  86|0x000000070ac00000, 0x000000070ac00000, 0x000000070ae00000|  0%| F|  |TAMS 0x000000070ac00000, 0x000000070ac00000| Untracked 
|  87|0x000000070ae00000, 0x000000070ae00000, 0x000000070b000000|  0%| F|  |TAMS 0x000000070ae00000, 0x000000070ae00000| Untracked 
|  88|0x000000070b000000, 0x000000070b000000, 0x000000070b200000|  0%| F|  |TAMS 0x000000070b000000, 0x000000070b000000| Untracked 
|  89|0x000000070b200000, 0x000000070b200000, 0x000000070b400000|  0%| F|  |TAMS 0x000000070b200000, 0x000000070b200000| Untracked 
|  90|0x000000070b400000, 0x000000070b400000, 0x000000070b600000|  0%| F|  |TAMS 0x000000070b400000, 0x000000070b400000| Untracked 
|  91|0x000000070b600000, 0x000000070b600000, 0x000000070b800000|  0%| F|  |TAMS 0x000000070b600000, 0x000000070b600000| Untracked 
|  92|0x000000070b800000, 0x000000070b800000, 0x000000070ba00000|  0%| F|  |TAMS 0x000000070b800000, 0x000000070b800000| Untracked 
|  93|0x000000070ba00000, 0x000000070ba00000, 0x000000070bc00000|  0%| F|  |TAMS 0x000000070ba00000, 0x000000070ba00000| Untracked 
|  94|0x000000070bc00000, 0x000000070bc00000, 0x000000070be00000|  0%| F|  |TAMS 0x000000070bc00000, 0x000000070bc00000| Untracked 
|  95|0x000000070be00000, 0x000000070be00000, 0x000000070c000000|  0%| F|  |TAMS 0x000000070be00000, 0x000000070be00000| Untracked 
|  96|0x000000070c000000, 0x000000070c000000, 0x000000070c200000|  0%| F|  |TAMS 0x000000070c000000, 0x000000070c000000| Untracked 
|  97|0x000000070c200000, 0x000000070c200000, 0x000000070c400000|  0%| F|  |TAMS 0x000000070c200000, 0x000000070c200000| Untracked 
|  98|0x000000070c400000, 0x000000070c400000, 0x000000070c600000|  0%| F|  |TAMS 0x000000070c400000, 0x000000070c400000| Untracked 
|  99|0x000000070c600000, 0x000000070c600000, 0x000000070c800000|  0%| F|  |TAMS 0x000000070c600000, 0x000000070c600000| Untracked 
| 100|0x000000070c800000, 0x000000070c800000, 0x000000070ca00000|  0%| F|  |TAMS 0x000000070c800000, 0x000000070c800000| Untracked 
| 101|0x000000070ca00000, 0x000000070ca00000, 0x000000070cc00000|  0%| F|  |TAMS 0x000000070ca00000, 0x000000070ca00000| Untracked 
| 102|0x000000070cc00000, 0x000000070cc00000, 0x000000070ce00000|  0%| F|  |TAMS 0x000000070cc00000, 0x000000070cc00000| Untracked 
| 103|0x000000070ce00000, 0x000000070ce00000, 0x000000070d000000|  0%| F|  |TAMS 0x000000070ce00000, 0x000000070ce00000| Untracked 
| 104|0x000000070d000000, 0x000000070d000000, 0x000000070d200000|  0%| F|  |TAMS 0x000000070d000000, 0x000000070d000000| Untracked 
| 105|0x000000070d200000, 0x000000070d200000, 0x000000070d400000|  0%| F|  |TAMS 0x000000070d200000, 0x000000070d200000| Untracked 
| 106|0x000000070d400000, 0x000000070d400000, 0x000000070d600000|  0%| F|  |TAMS 0x000000070d400000, 0x000000070d400000| Untracked 
| 107|0x000000070d600000, 0x000000070d600000, 0x000000070d800000|  0%| F|  |TAMS 0x000000070d600000, 0x000000070d600000| Untracked 
| 108|0x000000070d800000, 0x000000070d800000, 0x000000070da00000|  0%| F|  |TAMS 0x000000070d800000, 0x000000070d800000| Untracked 
| 109|0x000000070da00000, 0x000000070da00000, 0x000000070dc00000|  0%| F|  |TAMS 0x000000070da00000, 0x000000070da00000| Untracked 
| 110|0x000000070dc00000, 0x000000070dc00000, 0x000000070de00000|  0%| F|  |TAMS 0x000000070dc00000, 0x000000070dc00000| Untracked 
| 111|0x000000070de00000, 0x000000070de00000, 0x000000070e000000|  0%| F|  |TAMS 0x000000070de00000, 0x000000070de00000| Untracked 
| 112|0x000000070e000000, 0x000000070e000000, 0x000000070e200000|  0%| F|  |TAMS 0x000000070e000000, 0x000000070e000000| Untracked 
| 113|0x000000070e200000, 0x000000070e200000, 0x000000070e400000|  0%| F|  |TAMS 0x000000070e200000, 0x000000070e200000| Untracked 
| 114|0x000000070e400000, 0x000000070e400000, 0x000000070e600000|  0%| F|  |TAMS 0x000000070e400000, 0x000000070e400000| Untracked 
| 115|0x000000070e600000, 0x000000070e600000, 0x000000070e800000|  0%| F|  |TAMS 0x000000070e600000, 0x000000070e600000| Untracked 
| 116|0x000000070e800000, 0x000000070e800000, 0x000000070ea00000|  0%| F|  |TAMS 0x000000070e800000, 0x000000070e800000| Untracked 
| 117|0x000000070ea00000, 0x000000070ea00000, 0x000000070ec00000|  0%| F|  |TAMS 0x000000070ea00000, 0x000000070ea00000| Untracked 
| 118|0x000000070ec00000, 0x000000070ec00000, 0x000000070ee00000|  0%| F|  |TAMS 0x000000070ec00000, 0x000000070ec00000| Untracked 
| 119|0x000000070ee00000, 0x000000070ee00000, 0x000000070f000000|  0%| F|  |TAMS 0x000000070ee00000, 0x000000070ee00000| Untracked 
| 120|0x000000070f000000, 0x000000070f000000, 0x000000070f200000|  0%| F|  |TAMS 0x000000070f000000, 0x000000070f000000| Untracked 
| 121|0x000000070f200000, 0x000000070f200000, 0x000000070f400000|  0%| F|  |TAMS 0x000000070f200000, 0x000000070f200000| Untracked 
| 122|0x000000070f400000, 0x000000070f400000, 0x000000070f600000|  0%| F|  |TAMS 0x000000070f400000, 0x000000070f400000| Untracked 
| 123|0x000000070f600000, 0x000000070f600000, 0x000000070f800000|  0%| F|  |TAMS 0x000000070f600000, 0x000000070f600000| Untracked 
| 124|0x000000070f800000, 0x000000070f800000, 0x000000070fa00000|  0%| F|  |TAMS 0x000000070f800000, 0x000000070f800000| Untracked 
| 125|0x000000070fa00000, 0x000000070fa00000, 0x000000070fc00000|  0%| F|  |TAMS 0x000000070fa00000, 0x000000070fa00000| Untracked 
| 126|0x000000070fc00000, 0x000000070fc00000, 0x000000070fe00000|  0%| F|  |TAMS 0x000000070fc00000, 0x000000070fc00000| Untracked 
| 127|0x000000070fe00000, 0x000000070fe00000, 0x0000000710000000|  0%| F|  |TAMS 0x000000070fe00000, 0x000000070fe00000| Untracked 
| 128|0x0000000710000000, 0x0000000710000000, 0x0000000710200000|  0%| F|  |TAMS 0x0000000710000000, 0x0000000710000000| Untracked 
| 129|0x0000000710200000, 0x0000000710200000, 0x0000000710400000|  0%| F|  |TAMS 0x0000000710200000, 0x0000000710200000| Untracked 
| 130|0x0000000710400000, 0x0000000710400000, 0x0000000710600000|  0%| F|  |TAMS 0x0000000710400000, 0x0000000710400000| Untracked 
| 131|0x0000000710600000, 0x0000000710600000, 0x0000000710800000|  0%| F|  |TAMS 0x0000000710600000, 0x0000000710600000| Untracked 
| 132|0x0000000710800000, 0x0000000710800000, 0x0000000710a00000|  0%| F|  |TAMS 0x0000000710800000, 0x0000000710800000| Untracked 
| 133|0x0000000710a00000, 0x0000000710a00000, 0x0000000710c00000|  0%| F|  |TAMS 0x0000000710a00000, 0x0000000710a00000| Untracked 
| 134|0x0000000710c00000, 0x0000000710c00000, 0x0000000710e00000|  0%| F|  |TAMS 0x0000000710c00000, 0x0000000710c00000| Untracked 
| 135|0x0000000710e00000, 0x0000000710e00000, 0x0000000711000000|  0%| F|  |TAMS 0x0000000710e00000, 0x0000000710e00000| Untracked 
| 136|0x0000000711000000, 0x0000000711000000, 0x0000000711200000|  0%| F|  |TAMS 0x0000000711000000, 0x0000000711000000| Untracked 
| 137|0x0000000711200000, 0x0000000711200000, 0x0000000711400000|  0%| F|  |TAMS 0x0000000711200000, 0x0000000711200000| Untracked 
| 138|0x0000000711400000, 0x0000000711400000, 0x0000000711600000|  0%| F|  |TAMS 0x0000000711400000, 0x0000000711400000| Untracked 
| 139|0x0000000711600000, 0x0000000711600000, 0x0000000711800000|  0%| F|  |TAMS 0x0000000711600000, 0x0000000711600000| Untracked 
| 140|0x0000000711800000, 0x0000000711800000, 0x0000000711a00000|  0%| F|  |TAMS 0x0000000711800000, 0x0000000711800000| Untracked 
| 141|0x0000000711a00000, 0x0000000711a00000, 0x0000000711c00000|  0%| F|  |TAMS 0x0000000711a00000, 0x0000000711a00000| Untracked 
| 142|0x0000000711c00000, 0x0000000711c00000, 0x0000000711e00000|  0%| F|  |TAMS 0x0000000711c00000, 0x0000000711c00000| Untracked 
| 143|0x0000000711e00000, 0x0000000711e00000, 0x0000000712000000|  0%| F|  |TAMS 0x0000000711e00000, 0x0000000711e00000| Untracked 
| 144|0x0000000712000000, 0x0000000712000000, 0x0000000712200000|  0%| F|  |TAMS 0x0000000712000000, 0x0000000712000000| Untracked 
| 145|0x0000000712200000, 0x0000000712200000, 0x0000000712400000|  0%| F|  |TAMS 0x0000000712200000, 0x0000000712200000| Untracked 
| 146|0x0000000712400000, 0x000000071250bff0, 0x0000000712600000| 52%| S|CS|TAMS 0x0000000712400000, 0x0000000712400000| Complete 
| 147|0x0000000712600000, 0x0000000712600000, 0x0000000712800000|  0%| F|  |TAMS 0x0000000712600000, 0x0000000712600000| Untracked 
| 148|0x0000000712800000, 0x0000000712800000, 0x0000000712a00000|  0%| F|  |TAMS 0x0000000712800000, 0x0000000712800000| Untracked 
| 149|0x0000000712a00000, 0x0000000712a00000, 0x0000000712c00000|  0%| F|  |TAMS 0x0000000712a00000, 0x0000000712a00000| Untracked 
| 150|0x0000000712c00000, 0x0000000712c00000, 0x0000000712e00000|  0%| F|  |TAMS 0x0000000712c00000, 0x0000000712c00000| Untracked 
| 151|0x0000000712e00000, 0x0000000712e00000, 0x0000000713000000|  0%| F|  |TAMS 0x0000000712e00000, 0x0000000712e00000| Untracked 
| 152|0x0000000713000000, 0x0000000713000000, 0x0000000713200000|  0%| F|  |TAMS 0x0000000713000000, 0x0000000713000000| Untracked 
|2047|0x00000007ffe00000, 0x0000000800000000, 0x0000000800000000|100%| O|  |TAMS 0x0000000800000000, 0x00000007ffe00000| Untracked 

Card table byte_map: [0x000002be7e380000,0x000002be7eb80000] _byte_map_base: 0x000002be7ab80000

Marking Bits (Prev, Next): (CMBitMap*) 0x000002be75d9d850, (CMBitMap*) 0x000002be75d9d810
 Prev Bits: [0x000002be13000000, 0x000002be17000000)
 Next Bits: [0x000002be0f000000, 0x000002be13000000)

Polling page: 0x000002be73ce0000

Metaspace:

Usage:
  Non-class:     75.96 MB used.
      Class:     12.15 MB used.
       Both:     88.11 MB used.

Virtual space:
  Non-class space:      128.00 MB reserved,      76.44 MB ( 60%) committed,  2 nodes.
      Class space:        1.00 GB reserved,      12.62 MB (  1%) committed,  1 nodes.
             Both:        1.12 GB reserved,      89.06 MB (  8%) committed. 

Chunk freelists:
   Non-Class:  2.75 MB
       Class:  3.23 MB
        Both:  5.98 MB

MaxMetaspaceSize: unlimited
CompressedClassSpaceSize: 1.00 GB
Initial GC threshold: 21.00 MB
Current GC threshold: 148.44 MB
CDS: on
MetaspaceReclaimPolicy: balanced
 - commit_granule_bytes: 65536.
 - commit_granule_words: 8192.
 - virtual_space_node_default_size: 8388608.
 - enlarge_chunks_in_place: 1.
 - new_chunks_are_fully_committed: 0.
 - uncommit_free_chunks: 1.
 - use_allocation_guard: 0.
 - handle_deallocations: 1.


Internal statistics:

num_allocs_failed_limit: 6.
num_arena_births: 1222.
num_arena_deaths: 0.
num_vsnodes_births: 3.
num_vsnodes_deaths: 0.
num_space_committed: 1425.
num_space_uncommitted: 0.
num_chunks_returned_to_freelist: 6.
num_chunks_taken_from_freelist: 5001.
num_chunk_merges: 6.
num_chunk_splits: 3233.
num_chunks_enlarged: 2055.
num_inconsistent_stats: 0.

CodeHeap 'non-profiled nmethods': size=120000Kb used=8127Kb max_used=8127Kb free=111872Kb
 bounds [0x000002be07ad0000, 0x000002be082c0000, 0x000002be0f000000]
CodeHeap 'profiled nmethods': size=120000Kb used=23569Kb max_used=23812Kb free=96430Kb
 bounds [0x000002be00000000, 0x000002be01760000, 0x000002be07530000]
CodeHeap 'non-nmethods': size=5760Kb used=2451Kb max_used=2497Kb free=3308Kb
 bounds [0x000002be07530000, 0x000002be077c0000, 0x000002be07ad0000]
 total_blobs=12977 nmethods=11999 adapters=890
 compilation: enabled
              stopped_count=0, restarted_count=0
 full_count=0

Compilation events (20 events):
Event: 405.173 Thread 0x000002be5e013560 14215       4       org.objectweb.asm.MethodWriter::computeMethodInfoSize (571 bytes)
Event: 405.174 Thread 0x000002be5e013e70 14218       2       org.objectweb.asm.ByteVector::put112 (80 bytes)
Event: 405.175 Thread 0x000002be5e013e70 nmethod 14218 0x000002be0070e810 code [0x000002be0070e9c0, 0x000002be0070ebe8]
Event: 405.176 Thread 0x000002be5e013e70 14219       2       org.objectweb.asm.SymbolTable::hash (19 bytes)
Event: 405.176 Thread 0x000002be5e013e70 nmethod 14219 0x000002be00bd0510 code [0x000002be00bd06c0, 0x000002be00bd0818]
Event: 405.176 Thread 0x000002be5e013e70 14220       2       org.gradle.internal.classpath.InstrumentingBackwardsCompatibilityVisitor$BackwardCompatibilityMethodVisitor::visitInvokeDynamicInsn (31 bytes)
Event: 405.177 Thread 0x000002be5e013e70 nmethod 14220 0x000002be00bd0010 code [0x000002be00bd01c0, 0x000002be00bd0378]
Event: 405.177 Thread 0x000002be5e013e70 14223       2       org.gradle.internal.classpath.InstrumentingBackwardsCompatibilityVisitor::fixAsmObjectsForBackwardsCompatibility (31 bytes)
Event: 405.177 Thread 0x000002be5e013e70 nmethod 14223 0x000002be00914d10 code [0x000002be00914ec0, 0x000002be00915208]
Event: 405.177 Thread 0x000002be5e013e70 14224       2       org.gradle.internal.classpath.InstrumentingTransformer::access$600 (4 bytes)
Event: 405.177 Thread 0x000002be5e013e70 nmethod 14224 0x000002be00d05a10 code [0x000002be00d05ba0, 0x000002be00d05c98]
Event: 405.177 Thread 0x000002be5e013e70 14221       2       org.gradle.internal.classpath.InstrumentingBackwardsCompatibilityVisitor::access$300 (5 bytes)
Event: 405.177 Thread 0x000002be5e013e70 nmethod 14221 0x000002be009f7d10 code [0x000002be009f7ea0, 0x000002be009f7fa8]
Event: 405.177 Thread 0x000002be5e013e70 14222       2       org.gradle.internal.classpath.InstrumentingBackwardsCompatibilityVisitor::access$400 (5 bytes)
Event: 405.177 Thread 0x000002be5e013e70 nmethod 14222 0x000002be00914990 code [0x000002be00914b20, 0x000002be00914c28]
Event: 405.178 Thread 0x000002be5e013e70 14225       2       org.objectweb.asm.MethodVisitor::visitLookupSwitchInsn (18 bytes)
Event: 405.178 Thread 0x000002be5e013e70 nmethod 14225 0x000002be00914610 code [0x000002be009147a0, 0x000002be009148e8]
Event: 405.184 Thread 0x000002be5e013e70 14228       3       org.objectweb.asm.MethodWriter::visitTryCatchBlock (67 bytes)
Event: 405.184 Thread 0x000002be5e013e70 nmethod 14228 0x000002be00913b10 code [0x000002be00913d00, 0x000002be009143e8]
Event: 405.185 Thread 0x000002be5e013560 nmethod 14215 0x000002be082be390 code [0x000002be082be640, 0x000002be082bf188]

GC Heap History (20 events):
Event: 19.318 GC heap after
{Heap after GC invocations=42 (full 0):
 garbage-first heap   total 223232K, used 132315K [0x0000000700000000, 0x0000000800000000)
  region size 2048K, 3 young (6144K), 3 survivors (6144K)
 Metaspace       used 82547K, committed 83520K, reserved 1179648K
  class space    used 11528K, committed 11968K, reserved 1048576K
}
Event: 19.340 GC heap before
{Heap before GC invocations=42 (full 0):
 garbage-first heap   total 223232K, used 136411K [0x0000000700000000, 0x0000000800000000)
  region size 2048K, 5 young (10240K), 3 survivors (6144K)
 Metaspace       used 82594K, committed 83520K, reserved 1179648K
  class space    used 11536K, committed 11968K, reserved 1048576K
}
Event: 19.345 GC heap after
{Heap after GC invocations=43 (full 0):
 garbage-first heap   total 268288K, used 132487K [0x0000000700000000, 0x0000000800000000)
  region size 2048K, 1 young (2048K), 1 survivors (2048K)
 Metaspace       used 82594K, committed 83520K, reserved 1179648K
  class space    used 11536K, committed 11968K, reserved 1048576K
}
Event: 346.554 GC heap before
{Heap before GC invocations=43 (full 0):
 garbage-first heap   total 268288K, used 195975K [0x0000000700000000, 0x0000000800000000)
  region size 2048K, 32 young (65536K), 1 survivors (2048K)
 Metaspace       used 84080K, committed 85056K, reserved 1179648K
  class space    used 11698K, committed 12160K, reserved 1048576K
}
Event: 346.560 GC heap after
{Heap after GC invocations=44 (full 0):
 garbage-first heap   total 268288K, used 140875K [0x0000000700000000, 0x0000000800000000)
  region size 2048K, 4 young (8192K), 4 survivors (8192K)
 Metaspace       used 84080K, committed 85056K, reserved 1179648K
  class space    used 11698K, committed 12160K, reserved 1048576K
}
Event: 347.435 GC heap before
{Heap before GC invocations=45 (full 0):
 garbage-first heap   total 268288K, used 200267K [0x0000000700000000, 0x0000000800000000)
  region size 2048K, 34 young (69632K), 4 survivors (8192K)
 Metaspace       used 88527K, committed 89600K, reserved 1179648K
  class space    used 12275K, committed 12800K, reserved 1048576K
}
Event: 347.443 GC heap after
{Heap after GC invocations=46 (full 0):
 garbage-first heap   total 268288K, used 148153K [0x0000000700000000, 0x0000000800000000)
  region size 2048K, 4 young (8192K), 4 survivors (8192K)
 Metaspace       used 88527K, committed 89600K, reserved 1179648K
  class space    used 12275K, committed 12800K, reserved 1048576K
}
Event: 349.409 GC heap before
{Heap before GC invocations=46 (full 0):
 garbage-first heap   total 268288K, used 152249K [0x0000000700000000, 0x0000000800000000)
  region size 2048K, 6 young (12288K), 4 survivors (8192K)
 Metaspace       used 89726K, committed 90752K, reserved 1179648K
  class space    used 12413K, committed 12928K, reserved 1048576K
}
Event: 349.413 GC heap after
{Heap after GC invocations=47 (full 0):
 garbage-first heap   total 268288K, used 146394K [0x0000000700000000, 0x0000000800000000)
  region size 2048K, 1 young (2048K), 1 survivors (2048K)
 Metaspace       used 89726K, committed 90752K, reserved 1179648K
  class space    used 12413K, committed 12928K, reserved 1048576K
}
Event: 404.785 GC heap before
{Heap before GC invocations=47 (full 0):
 garbage-first heap   total 268288K, used 173018K [0x0000000700000000, 0x0000000800000000)
  region size 2048K, 15 young (30720K), 1 survivors (2048K)
 Metaspace       used 90110K, committed 91136K, reserved 1179648K
  class space    used 12434K, committed 12928K, reserved 1048576K
}
Event: 404.787 GC heap after
{Heap after GC invocations=48 (full 0):
 garbage-first heap   total 268288K, used 146524K [0x0000000700000000, 0x0000000800000000)
  region size 2048K, 1 young (2048K), 1 survivors (2048K)
 Metaspace       used 90110K, committed 91136K, reserved 1179648K
  class space    used 12434K, committed 12928K, reserved 1048576K
}
Event: 404.937 GC heap before
{Heap before GC invocations=49 (full 0):
 garbage-first heap   total 290816K, used 214108K [0x0000000700000000, 0x0000000800000000)
  region size 2048K, 31 young (63488K), 1 survivors (2048K)
 Metaspace       used 90183K, committed 91200K, reserved 1179648K
  class space    used 12435K, committed 12928K, reserved 1048576K
}
Event: 404.939 GC heap after
{Heap after GC invocations=50 (full 0):
 garbage-first heap   total 290816K, used 154045K [0x0000000700000000, 0x0000000800000000)
  region size 2048K, 2 young (4096K), 2 survivors (4096K)
 Metaspace       used 90183K, committed 91200K, reserved 1179648K
  class space    used 12435K, committed 12928K, reserved 1048576K
}
Event: 404.950 GC heap before
{Heap before GC invocations=50 (full 0):
 garbage-first heap   total 290816K, used 168381K [0x0000000700000000, 0x0000000800000000)
  region size 2048K, 8 young (16384K), 2 survivors (4096K)
 Metaspace       used 90184K, committed 91200K, reserved 1179648K
  class space    used 12435K, committed 12928K, reserved 1048576K
}
Event: 404.955 GC heap after
{Heap after GC invocations=51 (full 0):
 garbage-first heap   total 290816K, used 138236K [0x0000000700000000, 0x0000000800000000)
  region size 2048K, 1 young (2048K), 1 survivors (2048K)
 Metaspace       used 90184K, committed 91200K, reserved 1179648K
  class space    used 12435K, committed 12928K, reserved 1048576K
}
Event: 405.036 GC heap before
{Heap before GC invocations=51 (full 0):
 garbage-first heap   total 290816K, used 220156K [0x0000000700000000, 0x0000000800000000)
  region size 2048K, 42 young (86016K), 1 survivors (2048K)
 Metaspace       used 90209K, committed 91200K, reserved 1179648K
  class space    used 12436K, committed 12928K, reserved 1048576K
}
Event: 405.038 GC heap after
{Heap after GC invocations=52 (full 0):
 garbage-first heap   total 290816K, used 139070K [0x0000000700000000, 0x0000000800000000)
  region size 2048K, 1 young (2048K), 1 survivors (2048K)
 Metaspace       used 90209K, committed 91200K, reserved 1179648K
  class space    used 12436K, committed 12928K, reserved 1048576K
}
Event: 405.167 GC heap before
{Heap before GC invocations=53 (full 0):
 garbage-first heap   total 315392K, used 225086K [0x0000000700000000, 0x0000000800000000)
  region size 2048K, 44 young (90112K), 1 survivors (2048K)
 Metaspace       used 90220K, committed 91200K, reserved 1179648K
  class space    used 12436K, committed 12928K, reserved 1048576K
}
Event: 405.169 GC heap after
{Heap after GC invocations=54 (full 0):
 garbage-first heap   total 315392K, used 138590K [0x0000000700000000, 0x0000000800000000)
  region size 2048K, 1 young (2048K), 1 survivors (2048K)
 Metaspace       used 90220K, committed 91200K, reserved 1179648K
  class space    used 12436K, committed 12928K, reserved 1048576K
}
Event: 405.185 GC heap before
{Heap before GC invocations=54 (full 0):
 garbage-first heap   total 315392K, used 150878K [0x0000000700000000, 0x0000000800000000)
  region size 2048K, 7 young (14336K), 1 survivors (2048K)
 Metaspace       used 90222K, committed 91200K, reserved 1179648K
  class space    used 12436K, committed 12928K, reserved 1048576K
}

Dll operation events (13 events):
Event: 0.007 Loaded shared library C:\Program Files\Microsoft\jdk-17.0.10.7-hotspot\bin\java.dll
Event: 0.116 Loaded shared library C:\Program Files\Microsoft\jdk-17.0.10.7-hotspot\bin\jsvml.dll
Event: 0.766 Loaded shared library C:\Program Files\Microsoft\jdk-17.0.10.7-hotspot\bin\net.dll
Event: 0.844 Loaded shared library C:\Program Files\Microsoft\jdk-17.0.10.7-hotspot\bin\nio.dll
Event: 0.848 Loaded shared library C:\Program Files\Microsoft\jdk-17.0.10.7-hotspot\bin\zip.dll
Event: 1.082 Loaded shared library C:\Program Files\Microsoft\jdk-17.0.10.7-hotspot\bin\jimage.dll
Event: 1.231 Loaded shared library C:\Program Files\Microsoft\jdk-17.0.10.7-hotspot\bin\verify.dll
Event: 1.588 Loaded shared library C:\Users\Admin\.gradle\native\68d5fa5c4cc2d200863cafc0d521ce42e7d3e7ee720ec0a83991735586a16f82\windows-amd64\native-platform.dll
Event: 1.595 Loaded shared library C:\Users\Admin\.gradle\native\e376f236ea51e6404a007f0833ffe2c6e607c4080706a723a18a27aeea778392\windows-amd64\native-platform-file-events.dll
Event: 2.973 Loaded shared library C:\Program Files\Microsoft\jdk-17.0.10.7-hotspot\bin\management.dll
Event: 2.978 Loaded shared library C:\Program Files\Microsoft\jdk-17.0.10.7-hotspot\bin\management_ext.dll
Event: 3.364 Loaded shared library C:\Program Files\Microsoft\jdk-17.0.10.7-hotspot\bin\extnet.dll
Event: 4.300 Loaded shared library C:\Program Files\Microsoft\jdk-17.0.10.7-hotspot\bin\sunmscapi.dll

Deoptimization events (20 events):
Event: 405.142 Thread 0x000002be62b785b0 DEOPT PACKING pc=0x000002be00c2ec08 sp=0x000000db778fe4a0
Event: 405.142 Thread 0x000002be62b785b0 DEOPT UNPACKING pc=0x000002be0758ace3 sp=0x000000db778fd980 mode 0
Event: 405.147 Thread 0x000002be62ed4650 DEOPT PACKING pc=0x000002be007fe413 sp=0x000000db718fdc00
Event: 405.148 Thread 0x000002be62b74e00 DEOPT PACKING pc=0x000002be00c2ec08 sp=0x000000db779fe780
Event: 405.148 Thread 0x000002be62b74e00 DEOPT UNPACKING pc=0x000002be0758ace3 sp=0x000000db779fdc60 mode 0
Event: 405.148 Thread 0x000002be62ed4650 DEOPT UNPACKING pc=0x000002be0758ace3 sp=0x000000db718fd118 mode 0
Event: 405.153 Thread 0x000002be62b74e00 DEOPT PACKING pc=0x000002be00c2ec08 sp=0x000000db779fe780
Event: 405.153 Thread 0x000002be62b74e00 DEOPT UNPACKING pc=0x000002be0758ace3 sp=0x000000db779fdc60 mode 0
Event: 405.157 Thread 0x000002be62ed4650 DEOPT PACKING pc=0x000002be00c2ec08 sp=0x000000db718fe3f0
Event: 405.157 Thread 0x000002be62ed4650 DEOPT UNPACKING pc=0x000002be0758ace3 sp=0x000000db718fd8d0 mode 0
Event: 405.160 Thread 0x000002be62b75310 DEOPT PACKING pc=0x000002be00c2ec08 sp=0x000000db77afea20
Event: 405.160 Thread 0x000002be62b75310 DEOPT UNPACKING pc=0x000002be0758ace3 sp=0x000000db77afdf00 mode 0
Event: 405.165 Thread 0x000002be62b75310 DEOPT PACKING pc=0x000002be00c2ec08 sp=0x000000db77afea20
Event: 405.165 Thread 0x000002be62b75310 DEOPT UNPACKING pc=0x000002be0758ace3 sp=0x000000db77afdf00 mode 0
Event: 405.172 Thread 0x000002be62ed4650 DEOPT PACKING pc=0x000002be00c2ec08 sp=0x000000db718fe3f0
Event: 405.172 Thread 0x000002be62ed4650 DEOPT UNPACKING pc=0x000002be0758ace3 sp=0x000000db718fd8d0 mode 0
Event: 405.177 Thread 0x000002be62b785b0 DEOPT PACKING pc=0x000002be00c2ec08 sp=0x000000db778fe4a0
Event: 405.177 Thread 0x000002be62b785b0 DEOPT UNPACKING pc=0x000002be0758ace3 sp=0x000000db778fd980 mode 0
Event: 405.183 Thread 0x000002be62b75310 DEOPT PACKING pc=0x000002be00c2ec08 sp=0x000000db77afea20
Event: 405.183 Thread 0x000002be62b75310 DEOPT UNPACKING pc=0x000002be0758ace3 sp=0x000000db77afdf00 mode 0

Classes unloaded (0 events):
No events

Classes redefined (0 events):
No events

Internal exceptions (20 events):
Event: 405.007 Thread 0x000002be62ecd6f0 Exception <a 'sun/nio/fs/WindowsException'{0x000000070e0f9e50}> (0x000000070e0f9e50) 
thrown [s\src\hotspot\share\prims\jni.cpp, line 516]
Event: 405.008 Thread 0x000002be62ecdc00 Exception <a 'sun/nio/fs/WindowsException'{0x000000070e177d68}> (0x000000070e177d68) 
thrown [s\src\hotspot\share\prims\jni.cpp, line 516]
Event: 405.008 Thread 0x000002be62ecdc00 Exception <a 'sun/nio/fs/WindowsException'{0x000000070e177f70}> (0x000000070e177f70) 
thrown [s\src\hotspot\share\prims\jni.cpp, line 516]
Event: 405.011 Thread 0x000002be62ecd6f0 Exception <a 'sun/nio/fs/WindowsException'{0x000000070dfba530}> (0x000000070dfba530) 
thrown [s\src\hotspot\share\prims\jni.cpp, line 516]
Event: 405.011 Thread 0x000002be62ecdc00 Exception <a 'sun/nio/fs/WindowsException'{0x000000070df13f08}> (0x000000070df13f08) 
thrown [s\src\hotspot\share\prims\jni.cpp, line 516]
Event: 405.021 Thread 0x000002be62ed0480 Exception <a 'sun/nio/fs/WindowsException'{0x000000070d461588}> (0x000000070d461588) 
thrown [s\src\hotspot\share\prims\jni.cpp, line 516]
Event: 405.027 Thread 0x000002be62b74e00 Exception <a 'sun/nio/fs/WindowsException'{0x000000070cf79038}> (0x000000070cf79038) 
thrown [s\src\hotspot\share\prims\jni.cpp, line 516]
Event: 405.027 Thread 0x000002be62b74e00 Exception <a 'sun/nio/fs/WindowsException'{0x000000070cf79210}> (0x000000070cf79210) 
thrown [s\src\hotspot\share\prims\jni.cpp, line 516]
Event: 405.032 Thread 0x000002be62b74e00 Exception <a 'sun/nio/fs/WindowsException'{0x000000070cdf71b0}> (0x000000070cdf71b0) 
thrown [s\src\hotspot\share\prims\jni.cpp, line 516]
Event: 405.034 Thread 0x000002be62b780a0 Exception <a 'sun/nio/fs/WindowsException'{0x000000070e84dde0}> (0x000000070e84dde0) 
thrown [s\src\hotspot\share\prims\jni.cpp, line 516]
Event: 405.063 Thread 0x000002be62b780a0 Exception <a 'sun/nio/fs/WindowsException'{0x00000007109873f0}> (0x00000007109873f0) 
thrown [s\src\hotspot\share\prims\jni.cpp, line 516]
Event: 405.063 Thread 0x000002be62b780a0 Exception <a 'sun/nio/fs/WindowsException'{0x00000007109875a0}> (0x00000007109875a0) 
thrown [s\src\hotspot\share\prims\jni.cpp, line 516]
Event: 405.074 Thread 0x000002be62ecdc00 Exception <a 'sun/nio/fs/WindowsException'{0x0000000710092e90}> (0x0000000710092e90) 
thrown [s\src\hotspot\share\prims\jni.cpp, line 516]
Event: 405.074 Thread 0x000002be62ecdc00 Exception <a 'sun/nio/fs/WindowsException'{0x0000000710093058}> (0x0000000710093058) 
thrown [s\src\hotspot\share\prims\jni.cpp, line 516]
Event: 405.110 Thread 0x000002be62ecd6f0 Exception <a 'sun/nio/fs/WindowsException'{0x000000070eae83f8}> (0x000000070eae83f8) 
thrown [s\src\hotspot\share\prims\jni.cpp, line 516]
Event: 405.116 Thread 0x000002be62ecd6f0 Exception <a 'sun/nio/fs/WindowsException'{0x000000070eae85c0}> (0x000000070eae85c0) 
thrown [s\src\hotspot\share\prims\jni.cpp, line 516]
Event: 405.152 Thread 0x000002be62ed0480 Exception <a 'sun/nio/fs/WindowsException'{0x0000000711b5e478}> (0x0000000711b5e478) 
thrown [s\src\hotspot\share\prims\jni.cpp, line 516]
Event: 405.153 Thread 0x000002be62ed0480 Exception <a 'sun/nio/fs/WindowsException'{0x0000000711b5e650}> (0x0000000711b5e650) 
thrown [s\src\hotspot\share\prims\jni.cpp, line 516]
Event: 405.163 Thread 0x000002be62b74e00 Exception <a 'sun/nio/fs/WindowsException'{0x000000070de28178}> (0x000000070de28178) 
thrown [s\src\hotspot\share\prims\jni.cpp, line 516]
Event: 405.163 Thread 0x000002be62b74e00 Exception <a 'sun/nio/fs/WindowsException'{0x000000070de28348}> (0x000000070de28348) 
thrown [s\src\hotspot\share\prims\jni.cpp, line 516]

VM Operations (20 events):
Event: 404.873 Executing VM operation: G1PauseRemark done
Event: 404.904 Executing VM operation: G1PauseCleanup
Event: 404.907 Executing VM operation: G1PauseCleanup done
Event: 404.937 Executing VM operation: G1CollectForAllocation
Event: 404.941 Executing VM operation: G1CollectForAllocation done
Event: 404.950 Executing VM operation: G1CollectForAllocation
Event: 404.950 Executing VM operation: G1CollectForAllocation done
Event: 404.950 Executing VM operation: G1CollectForAllocation
Event: 404.955 Executing VM operation: G1CollectForAllocation done
Event: 405.036 Executing VM operation: G1CollectForAllocation
Event: 405.040 Executing VM operation: G1CollectForAllocation done
Event: 405.110 Executing VM operation: G1PauseRemark
Event: 405.117 Executing VM operation: G1PauseRemark done
Event: 405.150 Executing VM operation: G1PauseCleanup
Event: 405.151 Executing VM operation: G1PauseCleanup done
Event: 405.167 Executing VM operation: G1CollectForAllocation
Event: 405.169 Executing VM operation: G1CollectForAllocation done
Event: 405.185 Executing VM operation: G1CollectForAllocation
Event: 405.185 Executing VM operation: G1CollectForAllocation done
Event: 405.185 Executing VM operation: G1CollectForAllocation

Events (20 events):
Event: 348.257 loading class javax/crypto/NullCipher done
Event: 348.697 Thread 0x000002be60b97510 Thread exited: 0x000002be60b97510
Event: 348.825 loading class sun/security/ssl/NewSessionTicket$T12NewSessionTicketMessage
Event: 348.826 loading class sun/security/ssl/NewSessionTicket$NewSessionTicketMessage
Event: 348.826 loading class sun/security/ssl/NewSessionTicket$NewSessionTicketMessage done
Event: 348.826 loading class sun/security/ssl/NewSessionTicket$T12NewSessionTicketMessage done
Event: 348.826 loading class sun/security/ssl/SSLCipher$T12CC20P1305ReadCipherGenerator$CC20P1305ReadCipher
Event: 348.826 loading class sun/security/ssl/SSLCipher$T12CC20P1305ReadCipherGenerator$CC20P1305ReadCipher done
Event: 348.826 loading class com/sun/crypto/provider/ChaCha20Cipher$EngineAEADDec
Event: 348.826 loading class com/sun/crypto/provider/ChaCha20Cipher$EngineAEADDec done
Event: 348.826 loading class jdk/internal/event/TLSHandshakeEvent
Event: 348.826 loading class jdk/internal/event/TLSHandshakeEvent done
Event: 348.826 loading class javax/net/ssl/SSLEngineResult$HandshakeStatus
Event: 348.826 loading class javax/net/ssl/SSLEngineResult$HandshakeStatus done
Event: 349.420 loading class java/text/CalendarBuilder
Event: 349.420 loading class java/text/CalendarBuilder done
Event: 382.525 loading class jdk/internal/misc/ScopedMemoryAccess$Scope$Handle
Event: 382.525 loading class jdk/internal/misc/ScopedMemoryAccess$Scope$Handle done
Event: 404.794 Thread 0x000002be60b97510 Thread added: 0x000002be60b97510
Event: 404.794 Thread 0x000002be63533020 Thread added: 0x000002be63533020


Dynamic libraries:
0x00007ff699e10000 - 0x00007ff699e1e000 	C:\Program Files\Microsoft\jdk-17.0.10.7-hotspot\bin\java.exe
0x00007ffe21370000 - 0x00007ffe21568000 	C:\Windows\SYSTEM32\ntdll.dll
0x00007ffe20380000 - 0x00007ffe20441000 	C:\Windows\System32\KERNEL32.DLL
0x00007ffe1ea20000 - 0x00007ffe1ed1d000 	C:\Windows\System32\KERNELBASE.dll
0x00007ffe1ee40000 - 0x00007ffe1ef40000 	C:\Windows\System32\ucrtbase.dll
0x00007ffdfcd20000 - 0x00007ffdfcd37000 	C:\Program Files\Microsoft\jdk-17.0.10.7-hotspot\bin\jli.dll
0x00007ffe1f580000 - 0x00007ffe1f71d000 	C:\Windows\System32\USER32.dll
0x00007ffe1f340000 - 0x00007ffe1f362000 	C:\Windows\System32\win32u.dll
0x00007ffe1f720000 - 0x00007ffe1f74b000 	C:\Windows\System32\GDI32.dll
0x00007ffe1ef40000 - 0x00007ffe1f057000 	C:\Windows\System32\gdi32full.dll
0x00007ffe1f1c0000 - 0x00007ffe1f25d000 	C:\Windows\System32\msvcp_win.dll
0x00007ffdfcd00000 - 0x00007ffdfcd1b000 	C:\Program Files\Microsoft\jdk-17.0.10.7-hotspot\bin\VCRUNTIME140.dll
0x00007ffe06250000 - 0x00007ffe064ea000 	C:\Windows\WinSxS\amd64_microsoft.windows.common-controls_6595b64144ccf1df_6.0.19041.4355_none_60b8b9eb71f62e16\COMCTL32.dll
0x00007ffe1fab0000 - 0x00007ffe1fb4e000 	C:\Windows\System32\msvcrt.dll
0x00007ffe1f550000 - 0x00007ffe1f57f000 	C:\Windows\System32\IMM32.DLL
0x00007ffe01d80000 - 0x00007ffe01d8c000 	C:\Program Files\Microsoft\jdk-17.0.10.7-hotspot\bin\vcruntime140_1.dll
0x00007ffdfb090000 - 0x00007ffdfb11d000 	C:\Program Files\Microsoft\jdk-17.0.10.7-hotspot\bin\msvcp140.dll
0x00007ffdfa420000 - 0x00007ffdfb085000 	C:\Program Files\Microsoft\jdk-17.0.10.7-hotspot\bin\server\jvm.dll
0x00007ffe21220000 - 0x00007ffe212d0000 	C:\Windows\System32\ADVAPI32.dll
0x00007ffe205f0000 - 0x00007ffe20690000 	C:\Windows\System32\sechost.dll
0x00007ffe20910000 - 0x00007ffe20a33000 	C:\Windows\System32\RPCRT4.dll
0x00007ffe1f370000 - 0x00007ffe1f397000 	C:\Windows\System32\bcrypt.dll
0x00007ffe1df20000 - 0x00007ffe1df6b000 	C:\Windows\SYSTEM32\POWRPROF.dll
0x00007ffdfa410000 - 0x00007ffdfa419000 	C:\Windows\SYSTEM32\WSOCK32.dll
0x00007ffe20580000 - 0x00007ffe205eb000 	C:\Windows\System32\WS2_32.dll
0x00007ffe10230000 - 0x00007ffe10257000 	C:\Windows\SYSTEM32\WINMM.dll
0x00007ffe14f90000 - 0x00007ffe14f9a000 	C:\Windows\SYSTEM32\VERSION.dll
0x00007ffe1dde0000 - 0x00007ffe1ddf2000 	C:\Windows\SYSTEM32\UMPDC.dll
0x00007ffe1d250000 - 0x00007ffe1d262000 	C:\Windows\SYSTEM32\kernel.appcore.dll
0x00007ffe01910000 - 0x00007ffe0191a000 	C:\Program Files\Microsoft\jdk-17.0.10.7-hotspot\bin\jimage.dll
0x00007ffe1c750000 - 0x00007ffe1c934000 	C:\Windows\SYSTEM32\DBGHELP.DLL
0x00007ffe0d320000 - 0x00007ffe0d354000 	C:\Windows\SYSTEM32\dbgcore.DLL
0x00007ffe1f260000 - 0x00007ffe1f2e2000 	C:\Windows\System32\bcryptPrimitives.dll
0x00007ffdfcc80000 - 0x00007ffdfcca5000 	C:\Program Files\Microsoft\jdk-17.0.10.7-hotspot\bin\java.dll
0x00007ffdf9220000 - 0x00007ffdf92f7000 	C:\Program Files\Microsoft\jdk-17.0.10.7-hotspot\bin\jsvml.dll
0x00007ffe1fb50000 - 0x00007ffe202bf000 	C:\Windows\System32\SHELL32.dll
0x00007ffe1ca40000 - 0x00007ffe1d1e3000 	C:\Windows\SYSTEM32\windows.storage.dll
0x00007ffe1f750000 - 0x00007ffe1faa3000 	C:\Windows\System32\combase.dll
0x00007ffe1e370000 - 0x00007ffe1e39e000 	C:\Windows\SYSTEM32\Wldp.dll
0x00007ffe20840000 - 0x00007ffe2090d000 	C:\Windows\System32\OLEAUT32.dll
0x00007ffe202c0000 - 0x00007ffe2036d000 	C:\Windows\System32\SHCORE.dll
0x00007ffe212d0000 - 0x00007ffe21325000 	C:\Windows\System32\shlwapi.dll
0x00007ffe1e950000 - 0x00007ffe1e974000 	C:\Windows\SYSTEM32\profapi.dll
0x00007ffdf9070000 - 0x00007ffdf9089000 	C:\Program Files\Microsoft\jdk-17.0.10.7-hotspot\bin\net.dll
0x00007ffe183f0000 - 0x00007ffe184fd000 	C:\Windows\SYSTEM32\WINHTTP.dll
0x00007ffe1e150000 - 0x00007ffe1e1ba000 	C:\Windows\system32\mswsock.dll
0x00007ffdf9000000 - 0x00007ffdf9016000 	C:\Program Files\Microsoft\jdk-17.0.10.7-hotspot\bin\nio.dll
0x00007ffdf8fe0000 - 0x00007ffdf8ff8000 	C:\Program Files\Microsoft\jdk-17.0.10.7-hotspot\bin\zip.dll
0x00007ffde5ed0000 - 0x00007ffde5ee0000 	C:\Program Files\Microsoft\jdk-17.0.10.7-hotspot\bin\verify.dll
0x00007ffde50d0000 - 0x00007ffde50f7000 	C:\Users\Admin\.gradle\native\68d5fa5c4cc2d200863cafc0d521ce42e7d3e7ee720ec0a83991735586a16f82\windows-amd64\native-platform.dll
0x00007ffde4ed0000 - 0x00007ffde5014000 	C:\Users\Admin\.gradle\native\e376f236ea51e6404a007f0833ffe2c6e607c4080706a723a18a27aeea778392\windows-amd64\native-platform-file-events.dll
0x00007ffe14ff0000 - 0x00007ffe14ff9000 	C:\Program Files\Microsoft\jdk-17.0.10.7-hotspot\bin\management.dll
0x00007ffe13020000 - 0x00007ffe1302b000 	C:\Program Files\Microsoft\jdk-17.0.10.7-hotspot\bin\management_ext.dll
0x00007ffe20cc0000 - 0x00007ffe20cc8000 	C:\Windows\System32\PSAPI.DLL
0x00007ffe1e3b0000 - 0x00007ffe1e3c8000 	C:\Windows\SYSTEM32\CRYPTSP.dll
0x00007ffe1da20000 - 0x00007ffe1da54000 	C:\Windows\system32\rsaenh.dll
0x00007ffe1e910000 - 0x00007ffe1e93e000 	C:\Windows\SYSTEM32\USERENV.dll
0x00007ffe1e2e0000 - 0x00007ffe1e2ec000 	C:\Windows\SYSTEM32\CRYPTBASE.dll
0x00007ffe1de00000 - 0x00007ffe1de3b000 	C:\Windows\SYSTEM32\IPHLPAPI.DLL
0x00007ffe20450000 - 0x00007ffe20458000 	C:\Windows\System32\NSI.dll
0x00007ffe17c50000 - 0x00007ffe17c67000 	C:\Windows\SYSTEM32\dhcpcsvc6.DLL
0x00007ffe17aa0000 - 0x00007ffe17abd000 	C:\Windows\SYSTEM32\dhcpcsvc.DLL
0x00007ffe1de40000 - 0x00007ffe1df0a000 	C:\Windows\SYSTEM32\DNSAPI.dll
0x00007ffdf9a30000 - 0x00007ffdf9a39000 	C:\Program Files\Microsoft\jdk-17.0.10.7-hotspot\bin\extnet.dll
0x00007ffdea160000 - 0x00007ffdea16e000 	C:\Program Files\Microsoft\jdk-17.0.10.7-hotspot\bin\sunmscapi.dll
0x00007ffe1f060000 - 0x00007ffe1f1bc000 	C:\Windows\System32\CRYPT32.dll
0x00007ffe1e4c0000 - 0x00007ffe1e4e9000 	C:\Windows\SYSTEM32\ncrypt.dll
0x00007ffe1e480000 - 0x00007ffe1e4bb000 	C:\Windows\SYSTEM32\NTASN1.dll
0x00007ffe0cdb0000 - 0x00007ffe0cdb7000 	C:\Windows\system32\wshunix.dll
0x00007ffe16660000 - 0x00007ffe1666a000 	C:\Windows\System32\rasadhlp.dll
0x00007ffe15c10000 - 0x00007ffe15c90000 	C:\Windows\System32\fwpuclnt.dll

dbghelp: loaded successfully - version: 4.0.5 - missing functions: none
symbol engine: initialized successfully - sym options: 0x614 - pdb path: .;C:\Program Files\Microsoft\jdk-17.0.10.7-hotspot\bin;C:\Windows\SYSTEM32;C:\Windows\WinSxS\amd64_microsoft.windows.common-controls_6595b64144ccf1df_6.0.19041.4355_none_60b8b9eb71f62e16;C:\Program Files\Microsoft\jdk-17.0.10.7-hotspot\bin\server;C:\Users\Admin\.gradle\native\68d5fa5c4cc2d200863cafc0d521ce42e7d3e7ee720ec0a83991735586a16f82\windows-amd64;C:\Users\Admin\.gradle\native\e376f236ea51e6404a007f0833ffe2c6e607c4080706a723a18a27aeea778392\windows-amd64

VM Arguments:
jvm_args: --add-opens=java.base/java.util=ALL-UNNAMED --add-opens=java.base/java.lang=ALL-UNNAMED --add-opens=java.base/java.lang.invoke=ALL-UNNAMED --add-opens=java.prefs/java.util.prefs=ALL-UNNAMED --add-opens=java.base/java.nio.charset=ALL-UNNAMED --add-opens=java.base/java.net=ALL-UNNAMED --add-opens=java.base/java.util.concurrent.atomic=ALL-UNNAMED -Xmx4G -Dfile.encoding=windows-1252 -Duser.country=US -Duser.language=en -Duser.variant 
java_command: org.gradle.launcher.daemon.bootstrap.GradleDaemon 8.0
java_class_path (initial): C:\Users\Admin\.gradle\wrapper\dists\gradle-8.0-bin\ca5e32bp14vu59qr306oxotwh\gradle-8.0\lib\gradle-launcher-8.0.jar
Launcher Type: SUN_STANDARD

[Global flags]
     intx CICompilerCount                          = 4                                         {product} {ergonomic}
     uint ConcGCThreads                            = 2                                         {product} {ergonomic}
     uint G1ConcRefinementThreads                  = 8                                         {product} {ergonomic}
   size_t G1HeapRegionSize                         = 2097152                                   {product} {ergonomic}
    uintx GCDrainStackTargetSize                   = 64                                        {product} {ergonomic}
   size_t InitialHeapSize                          = 264241152                                 {product} {ergonomic}
   size_t MarkStackSize                            = 4194304                                   {product} {ergonomic}
   size_t MaxHeapSize                              = 4294967296                                {product} {command line}
   size_t MaxNewSize                               = 2575302656                                {product} {ergonomic}
   size_t MinHeapDeltaBytes                        = 2097152                                   {product} {ergonomic}
   size_t MinHeapSize                              = 8388608                                   {product} {ergonomic}
    uintx NonNMethodCodeHeapSize                   = 5839372                                {pd product} {ergonomic}
    uintx NonProfiledCodeHeapSize                  = 122909434                              {pd product} {ergonomic}
    uintx ProfiledCodeHeapSize                     = 122909434                              {pd product} {ergonomic}
    uintx ReservedCodeCacheSize                    = 251658240                              {pd product} {ergonomic}
     bool SegmentedCodeCache                       = true                                      {product} {ergonomic}
   size_t SoftMaxHeapSize                          = 4294967296                             {manageable} {ergonomic}
     bool UseCompressedClassPointers               = true                           {product lp64_product} {ergonomic}
     bool UseCompressedOops                        = true                           {product lp64_product} {ergonomic}
     bool UseG1GC                                  = true                                      {product} {ergonomic}
     bool UseLargePagesIndividualAllocation        = false                                  {pd product} {ergonomic}

Logging:
Log output configuration:
 #0: stdout all=warning uptime,level,tags
 #1: stderr all=off uptime,level,tags

Environment Variables:
JAVA_HOME=C:\Program Files\Microsoft\jdk-17.0.10.7-hotspot\
CLASSPATH=C:\Users\Admin\Desktop\E-HandyHelp\android\\gradle\wrapper\gradle-wrapper.jar
PATH=C:\Users\Admin\AppData\Local\flutter\bin\;C:\Program Files\Microsoft\jdk-17.0.10.7-hotspot\bin;C:\Windows\system32;C:\Windows;C:\Windows\System32\Wbem;C:\Windows\System32\WindowsPowerShell\v1.0\;C:\Windows\System32\OpenSSH\;C:\Program Files\OpenVPN\bin;C:\Program Files\nodejs\;C:\ProgramData\chocolatey\bin;C:\Program Files\Git\cmd;C:\php-8.3.7;C:\xampp\php;;C:\Program Files\Docker\Docker\resources\bin;C:\Users\Admin\Flutter\bin;C:\Users\Admin\AppData\Local\Programs\Python\Python310\Scripts\;C:\Users\Admin\AppData\Local\Programs\Python\Python310\;C:\Users\Admin\AppData\Local\Programs\Python\Python312\Scripts\;C:\Users\Admin\AppData\Local\Programs\Python\Python312\;C:\Users\Admin\AppData\Local\Programs\Python\Launcher\;C:\Users\Admin\AppData\Local\flutter\bin;C:\Users\Admin\AppData\Local\Microsoft\WindowsApps;C:\Users\Admin\AppData\Local\Programs\Microsoft VS Code\bin;C:\Users\Admin\AppData\Roaming\npm;C:\Users\Admin\AppData\Local\Android\Sdk\platform-tools;C:\msys64\ucrt64\bin;C:\php-8.3.7;C:\xampp\php;
USERNAME=Admin
LANG=en_US.UTF-8
OS=Windows_NT
PROCESSOR_IDENTIFIER=Intel64 Family 6 Model 140 Stepping 1, GenuineIntel
TMP=C:\Users\Admin\AppData\Local\Temp
TEMP=C:\Users\Admin\AppData\Local\Temp



Periodic native trim disabled


---------------  S Y S T E M  ---------------

OS:
 Windows 10 , 64 bit Build 19041 (10.0.19041.4842)
OS uptime: 0 days 0:23 hours
Hyper-V role detected

CPU: total 8 (initial active 8) (4 cores per cpu, 2 threads per core) family 6 model 140 stepping 1 microcode 0x86, cx8, cmov, fxsr, ht, mmx, 3dnowpref, sse, sse2, sse3, ssse3, sse4.1, sse4.2, popcnt, lzcnt, tsc, tscinvbit, avx, avx2, aes, erms, clmul, bmi1, bmi2, adx, avx512f, avx512dq, avx512cd, avx512bw, avx512vl, sha, fma, vzeroupper, avx512_vpopcntdq, avx512_vpclmulqdq, avx512_vaes, avx512_vnni, clflush, clflushopt, clwb, avx512_vbmi2, avx512_vbmi, hv
Processor Information for all 8 processors :
  Max Mhz: 2803, Current Mhz: 2803, Mhz Limit: 2803

Memory: 4k page, system-wide physical 16082M (3664M free)
TotalPageFile size 16082M (AvailPageFile size 145M)
current process WorkingSet (physical memory assigned to process): 604M, peak: 609M
current process commit charge ("private bytes"): 653M, peak: 1011M

vm_info: OpenJDK 64-Bit Server VM (17.0.10+7-LTS) for windows-amd64 JRE (17.0.10+7-LTS), built on Jan 10 2024 19:47:12 by "MicrosoftCorporation" with MS VC++ 16.10 / 16.11 (VS2019)

END.
