#
# There is insufficient memory for the Java Runtime Environment to continue.
# Native memory allocation (mmap) failed to map 352321536 bytes for G1 virtual space
# Possible reasons:
#   The system is out of physical RAM or swap space
#   The process is running with CompressedOops enabled, and the Java Heap may be blocking the growth of the native heap
# Possible solutions:
#   Reduce memory load on the system
#   Increase physical memory or swap space
#   Check if swap backing store is full
#   Decrease Java heap size (-Xmx/-Xms)
#   Decrease number of Java threads
#   Decrease Java thread stack sizes (-Xss)
#   Set larger code cache with -XX:ReservedCodeCacheSize=
#   JVM is running with Zero Based Compressed Oops mode in which the Java heap is
#     placed in the first 32GB address space. The Java Heap base address is the
#     maximum limit for the native heap growth. Please use -XX:HeapBaseMinAddress
#     to set the Java Heap base and to place the Java Heap above 32GB virtual address.
# This output file may be truncated or incomplete.
#
#  Out of Memory Error (os_windows.cpp:3613), pid=14880, tid=412
#
# JRE version: OpenJDK Runtime Environment Microsoft-8902769 (17.0.10+7) (build 17.0.10+7-LTS)
# Java VM: OpenJDK 64-Bit Server VM Microsoft-8902769 (17.0.10+7-LTS, mixed mode, sharing, tiered, compressed oops, compressed class ptrs, g1 gc, windows-amd64)
# No core dump will be written. Minidumps are not enabled by default on client versions of Windows
#

---------------  S U M M A R Y ------------

Command Line: --add-opens=java.base/java.util=ALL-UNNAMED --add-opens=java.base/java.lang=ALL-UNNAMED --add-opens=java.base/java.lang.invoke=ALL-UNNAMED --add-opens=java.prefs/java.util.prefs=ALL-UNNAMED --add-opens=java.base/java.nio.charset=ALL-UNNAMED --add-opens=java.base/java.net=ALL-UNNAMED --add-opens=java.base/java.util.concurrent.atomic=ALL-UNNAMED -Xmx4G -Dfile.encoding=windows-1252 -Duser.country=US -Duser.language=en -Duser.variant org.gradle.launcher.daemon.bootstrap.GradleDaemon 8.0

Host: 11th Gen Intel(R) Core(TM) i7-1165G7 @ 2.80GHz, 8 cores, 15G,  Windows 10 , 64 bit Build 19041 (10.0.19041.4842)
Time: Wed Oct 16 16:13:43 2024 Malay Peninsula Standard Time elapsed time: 747.096806 seconds (0d 0h 12m 27s)

---------------  T H R E A D  ---------------

Current thread (0x000001c74ad56bb0):  VMThread "VM Thread" [stack: 0x0000007d27900000,0x0000007d27a00000] [id=412]

Stack: [0x0000007d27900000,0x0000007d27a00000]
Native frames: (J=compiled Java code, j=interpreted, Vv=VM code, C=native code)
V  [jvm.dll+0x67f829]
V  [jvm.dll+0x83750a]
V  [jvm.dll+0x838fce]
V  [jvm.dll+0x839633]
V  [jvm.dll+0x247cbf]
V  [jvm.dll+0x67c669]
V  [jvm.dll+0x6710da]
V  [jvm.dll+0x309b8b]
V  [jvm.dll+0x311036]
V  [jvm.dll+0x360d5e]
V  [jvm.dll+0x360f8f]
V  [jvm.dll+0x2e0798]
V  [jvm.dll+0x2de974]
V  [jvm.dll+0x2ddf7c]
V  [jvm.dll+0x32200b]
V  [jvm.dll+0x83db2b]
V  [jvm.dll+0x83e871]
V  [jvm.dll+0x83ed8d]
V  [jvm.dll+0x83f164]
V  [jvm.dll+0x83f230]
V  [jvm.dll+0x7e69da]
V  [jvm.dll+0x67e715]
C  [ucrtbase.dll+0x21bb2]
C  [KERNEL32.DLL+0x17374]
C  [ntdll.dll+0x4cc91]

VM_Operation (0x0000007d29fff070): G1CollectForAllocation, mode: safepoint, requested by thread 0x000001c795c06c70


---------------  P R O C E S S  ---------------

Threads class SMR info:
_java_thread_list=0x000001c78c854c90, length=138, elements={
0x000001c725f61b70, 0x000001c74ad5a570, 0x000001c74ad5b040, 0x000001c74ad73900,
0x000001c74ad782f0, 0x000001c74ad7bfb0, 0x000001c74ad7b080, 0x000001c74ad7fdb0,
0x000001c74ad80770, 0x000001c74ad84580, 0x000001c74ad79c40, 0x000001c74ad7c4c0,
0x000001c74ad7a150, 0x000001c74ad7a660, 0x000001c74ad7b590, 0x000001c7922d3590,
0x000001c7922d5900, 0x000001c7922d6830, 0x000001c7922d44c0, 0x000001c7922d3080,
0x000001c7922d3aa0, 0x000001c791e9d7d0, 0x000001c791ea0a70, 0x000001c791ea19a0,
0x000001c791e9b460, 0x000001c791e9c390, 0x000001c791ea1eb0, 0x000001c791ea1490,
0x000001c7958f05d0, 0x000001c7958f0ae0, 0x000001c7958f00c0, 0x000001c7958eafc0,
0x000001c795c04900, 0x000001c795c0ae40, 0x000001c795c05d40, 0x000001c795c043f0,
0x000001c795c06250, 0x000001c795c08ad0, 0x000001c795c08fe0, 0x000001c7935f37e0,
0x000001c795c094f0, 0x000001c795c09a00, 0x000001c795c0a420, 0x000001c795c03ee0,
0x000001c795c0a930, 0x000001c795c06760, 0x000001c795c06c70, 0x000001c795c07180,
0x000001c795c0b350, 0x000001c795c07690, 0x000001c795c07ba0, 0x000001c795c0b860,
0x000001c795c04e10, 0x000001c795c080b0, 0x000001c795c085c0, 0x000001c791e9dce0,
0x000001c791ea23c0, 0x000001c791ea28d0, 0x000001c791ea0560, 0x000001c791e9e1f0,
0x000001c791ea2de0, 0x000001c791e9be80, 0x000001c791e9e700, 0x000001c791e9ec10,
0x000001c791e9f120, 0x000001c7935f02c0, 0x000001c791e9cdb0, 0x000001c791e9f630,
0x000001c791e9d2c0, 0x000001c7958f1a10, 0x000001c7958ea5a0, 0x000001c7958eaab0,
0x000001c7958ef190, 0x000001c7958ec910, 0x000001c7958ece20, 0x000001c7958ee260,
0x000001c7958ee770, 0x000001c7958ef6a0, 0x000001c7958efbb0, 0x000001c7922d3fb0,
0x000001c7922d49d0, 0x000001c7922d4ee0, 0x000001c7922d53f0, 0x000001c7922d5e10,
0x000001c7922d6320, 0x000001c74ad79220, 0x000001c74ad7baa0, 0x000001c74ad7c9d0,
0x000001c74ad79730, 0x000001c74ad7ab70, 0x000001c79747fb80, 0x000001c79747a570,
0x000001c7974805a0, 0x000001c79747a060, 0x000001c79747f670, 0x000001c79747aa80,
0x000001c79747cdf0, 0x000001c79747f160, 0x000001c7974814d0, 0x000001c79747af90,
0x000001c79747ec50, 0x000001c797480090, 0x000001c797480ab0, 0x000001c79747b4a0,
0x000001c79747c3d0, 0x000001c79747b9b0, 0x000001c7974819e0, 0x000001c79747dd20,
0x000001c797480fc0, 0x000001c79747bec0, 0x000001c79747c8e0, 0x000001c79747e740,
0x000001c79747d300, 0x000001c79747d810, 0x000001c79747e230, 0x000001c78cb17970,
0x000001c78cb16020, 0x000001c78cb11940, 0x000001c78cb17e80, 0x000001c78cb12870,
0x000001c78cb18390, 0x000001c78cb141c0, 0x000001c78cb188a0, 0x000001c78cb12d80,
0x000001c78cb13cb0, 0x000001c78cb13290, 0x000001c78cb146d0, 0x000001c78cb16530,
0x000001c78cb137a0, 0x000001c78cb150f0, 0x000001c78cb14be0, 0x000001c78cb15600,
0x000001c78cb15b10, 0x000001c78cb11430, 0x000001c78cb18db0, 0x000001c78cb16a40,
0x000001c78cb11e50, 0x000001c78cb17460
}

Java Threads: ( => current thread )
  0x000001c725f61b70 JavaThread "main" [_thread_blocked, id=15524, stack(0x0000007d27300000,0x0000007d27400000)]
  0x000001c74ad5a570 JavaThread "Reference Handler" daemon [_thread_blocked, id=652, stack(0x0000007d27a00000,0x0000007d27b00000)]
  0x000001c74ad5b040 JavaThread "Finalizer" daemon [_thread_blocked, id=16320, stack(0x0000007d27b00000,0x0000007d27c00000)]
  0x000001c74ad73900 JavaThread "Signal Dispatcher" daemon [_thread_blocked, id=8040, stack(0x0000007d27c00000,0x0000007d27d00000)]
  0x000001c74ad782f0 JavaThread "Attach Listener" daemon [_thread_blocked, id=12948, stack(0x0000007d27d00000,0x0000007d27e00000)]
  0x000001c74ad7bfb0 JavaThread "Service Thread" daemon [_thread_blocked, id=10036, stack(0x0000007d27e00000,0x0000007d27f00000)]
  0x000001c74ad7b080 JavaThread "Monitor Deflation Thread" daemon [_thread_blocked, id=11644, stack(0x0000007d27f00000,0x0000007d28000000)]
  0x000001c74ad7fdb0 JavaThread "C2 CompilerThread0" daemon [_thread_blocked, id=14936, stack(0x0000007d28000000,0x0000007d28100000)]
  0x000001c74ad80770 JavaThread "C1 CompilerThread0" daemon [_thread_blocked, id=9980, stack(0x0000007d28100000,0x0000007d28200000)]
  0x000001c74ad84580 JavaThread "Sweeper thread" daemon [_thread_blocked, id=1436, stack(0x0000007d28200000,0x0000007d28300000)]
  0x000001c74ad79c40 JavaThread "Common-Cleaner" daemon [_thread_blocked, id=7328, stack(0x0000007d28300000,0x0000007d28400000)]
  0x000001c74ad7c4c0 JavaThread "Notification Thread" daemon [_thread_blocked, id=10752, stack(0x0000007d28400000,0x0000007d28500000)]
  0x000001c74ad7a150 JavaThread "Daemon health stats" [_thread_blocked, id=11716, stack(0x0000007d28d00000,0x0000007d28e00000)]
  0x000001c74ad7a660 JavaThread "Incoming local TCP Connector on port 52376" [_thread_in_native, id=5740, stack(0x0000007d28e00000,0x0000007d28f00000)]
  0x000001c74ad7b590 JavaThread "Daemon periodic checks" [_thread_blocked, id=15692, stack(0x0000007d28f00000,0x0000007d29000000)]
  0x000001c7922d3590 JavaThread "Cache worker for journal cache (C:\Users\Admin\.gradle\caches\journal-1)" [_thread_blocked, id=3676, stack(0x0000007d29700000,0x0000007d29800000)]
  0x000001c7922d5900 JavaThread "File lock request listener" [_thread_in_native, id=3620, stack(0x0000007d29800000,0x0000007d29900000)]
  0x000001c7922d6830 JavaThread "Cache worker for file hash cache (C:\Users\Admin\.gradle\caches\8.0\fileHashes)" [_thread_blocked, id=10872, stack(0x0000007d29900000,0x0000007d29a00000)]
  0x000001c7922d44c0 JavaThread "File watcher server" daemon [_thread_in_native, id=9144, stack(0x0000007d29a00000,0x0000007d29b00000)]
  0x000001c7922d3080 JavaThread "File watcher consumer" daemon [_thread_blocked, id=1984, stack(0x0000007d29b00000,0x0000007d29c00000)]
  0x000001c7922d3aa0 JavaThread "Cache worker for file content cache (C:\Users\Admin\.gradle\caches\8.0\fileContent)" [_thread_blocked, id=11064, stack(0x0000007d29e00000,0x0000007d29f00000)]
  0x000001c791e9d7d0 JavaThread "Cache worker for execution history cache (C:\Users\Admin\.gradle\caches\8.0\executionHistory)" [_thread_blocked, id=7900, stack(0x0000007d2a400000,0x0000007d2a500000)]
  0x000001c791ea0a70 JavaThread "jar transforms" [_thread_blocked, id=12392, stack(0x0000007d2a500000,0x0000007d2a600000)]
  0x000001c791ea19a0 JavaThread "Cache worker for kotlin-dsl (C:\Users\Admin\.gradle\caches\8.0\kotlin-dsl)" [_thread_blocked, id=15628, stack(0x0000007d2a600000,0x0000007d2a700000)]
  0x000001c791e9b460 JavaThread "jar transforms Thread 2" [_thread_blocked, id=14812, stack(0x0000007d2a700000,0x0000007d2a800000)]
  0x000001c791e9c390 JavaThread "jar transforms Thread 3" [_thread_blocked, id=2488, stack(0x0000007d2aa00000,0x0000007d2ab00000)]
  0x000001c791ea1eb0 JavaThread "Memory manager" [_thread_blocked, id=11800, stack(0x0000007d2ab00000,0x0000007d2ac00000)]
  0x000001c791ea1490 JavaThread "jar transforms Thread 4" [_thread_blocked, id=4004, stack(0x0000007d2ac00000,0x0000007d2ad00000)]
  0x000001c7958f05d0 JavaThread "jar transforms Thread 5" [_thread_blocked, id=8300, stack(0x0000007d30600000,0x0000007d30700000)]
  0x000001c7958f0ae0 JavaThread "jar transforms Thread 6" [_thread_blocked, id=1832, stack(0x0000007d30700000,0x0000007d30800000)]
  0x000001c7958f00c0 JavaThread "jar transforms Thread 7" [_thread_blocked, id=13148, stack(0x0000007d30800000,0x0000007d30900000)]
  0x000001c7958eafc0 JavaThread "jar transforms Thread 8" [_thread_blocked, id=5872, stack(0x0000007d30900000,0x0000007d30a00000)]
  0x000001c795c04900 JavaThread "Daemon Thread 2" [_thread_blocked, id=7160, stack(0x0000007d27000000,0x0000007d27100000)]
  0x000001c795c0ae40 JavaThread "Handler for socket connection from /127.0.0.1:52376 to /127.0.0.1:53471" [_thread_in_native, id=14576, stack(0x0000007d27100000,0x0000007d27200000)]
  0x000001c795c05d40 JavaThread "Cancel handler" [_thread_blocked, id=10948, stack(0x0000007d27200000,0x0000007d27300000)]
  0x000001c795c043f0 JavaThread "Daemon worker Thread 2" [_thread_blocked, id=32, stack(0x0000007d28600000,0x0000007d28700000)]
  0x000001c795c06250 JavaThread "Asynchronous log dispatcher for DefaultDaemonConnection: socket connection from /127.0.0.1:52376 to /127.0.0.1:53471" [_thread_blocked, id=13232, stack(0x0000007d28700000,0x0000007d28800000)]
  0x000001c795c08ad0 JavaThread "Stdin handler" [_thread_blocked, id=8344, stack(0x0000007d29000000,0x0000007d29100000)]
  0x000001c795c08fe0 JavaThread "Daemon client event forwarder" [_thread_blocked, id=7544, stack(0x0000007d29100000,0x0000007d29200000)]
  0x000001c7935f37e0 JavaThread "C2 CompilerThread1" daemon [_thread_blocked, id=16140, stack(0x0000007d29200000,0x0000007d29300000)]
  0x000001c795c094f0 JavaThread "Cache worker for checksums cache (C:\Users\Admin\Desktop\E-HandyHelp\android\.gradle\8.0\checksums)" [_thread_blocked, id=14720, stack(0x0000007d29300000,0x0000007d29400000)]
  0x000001c795c09a00 JavaThread "Cache worker for cache directory md-rule (C:\Users\Admin\.gradle\caches\8.0\md-rule)" [_thread_blocked, id=13640, stack(0x0000007d29400000,0x0000007d29500000)]
  0x000001c795c0a420 JavaThread "Cache worker for file hash cache (C:\Users\Admin\Desktop\E-HandyHelp\android\.gradle\8.0\fileHashes)" [_thread_blocked, id=4684, stack(0x0000007d29500000,0x0000007d29600000)]
  0x000001c795c03ee0 JavaThread "Cache worker for cache directory md-supplier (C:\Users\Admin\.gradle\caches\8.0\md-supplier)" [_thread_blocked, id=6056, stack(0x0000007d29600000,0x0000007d29700000)]
  0x000001c795c0a930 JavaThread "Cache worker for dependencies-accessors (C:\Users\Admin\Desktop\E-HandyHelp\android\.gradle\8.0\dependencies-accessors)" [_thread_blocked, id=5672, stack(0x0000007d29c00000,0x0000007d29d00000)]
  0x000001c795c06760 JavaThread "Cache worker for Build Output Cleanup Cache (C:\Users\Admin\Flutter\packages\flutter_tools\gradle\.gradle\buildOutputCleanup)" [_thread_blocked, id=5752, stack(0x0000007d29d00000,0x0000007d29e00000)]
  0x000001c795c06c70 JavaThread "included builds" [_thread_blocked, id=10176, stack(0x0000007d29f00000,0x0000007d2a000000)]
  0x000001c795c07180 JavaThread "Execution worker" [_thread_blocked, id=9132, stack(0x0000007d2a000000,0x0000007d2a100000)]
  0x000001c795c0b350 JavaThread "Execution worker Thread 2" [_thread_blocked, id=15348, stack(0x0000007d2a800000,0x0000007d2a900000)]
  0x000001c795c07690 JavaThread "Execution worker Thread 3" [_thread_blocked, id=13208, stack(0x0000007d2a900000,0x0000007d2aa00000)]
  0x000001c795c07ba0 JavaThread "Execution worker Thread 4" [_thread_blocked, id=11244, stack(0x0000007d2ad00000,0x0000007d2ae00000)]
  0x000001c795c0b860 JavaThread "Execution worker Thread 5" [_thread_blocked, id=11400, stack(0x0000007d2ae00000,0x0000007d2af00000)]
  0x000001c795c04e10 JavaThread "Execution worker Thread 6" [_thread_blocked, id=15284, stack(0x0000007d2af00000,0x0000007d2b000000)]
  0x000001c795c080b0 JavaThread "Execution worker Thread 7" [_thread_blocked, id=3544, stack(0x0000007d2b000000,0x0000007d2b100000)]
  0x000001c795c085c0 JavaThread "Cache worker for execution history cache (C:\Users\Admin\Flutter\packages\flutter_tools\gradle\.gradle\8.0\executionHistory)" [_thread_blocked, id=2108, stack(0x0000007d2b100000,0x0000007d2b200000)]
  0x000001c791e9dce0 JavaThread "Unconstrained build operations" [_thread_blocked, id=9916, stack(0x0000007d2b200000,0x0000007d2b300000)]
  0x000001c791ea23c0 JavaThread "Unconstrained build operations Thread 2" [_thread_blocked, id=8972, stack(0x0000007d2b300000,0x0000007d2b400000)]
  0x000001c791ea28d0 JavaThread "Unconstrained build operations Thread 3" [_thread_blocked, id=8868, stack(0x0000007d2b400000,0x0000007d2b500000)]
  0x000001c791ea0560 JavaThread "Unconstrained build operations Thread 4" [_thread_blocked, id=1904, stack(0x0000007d2b500000,0x0000007d2b600000)]
  0x000001c791e9e1f0 JavaThread "Unconstrained build operations Thread 5" [_thread_blocked, id=12556, stack(0x0000007d2b600000,0x0000007d2b700000)]
  0x000001c791ea2de0 JavaThread "Unconstrained build operations Thread 6" [_thread_blocked, id=7636, stack(0x0000007d2b700000,0x0000007d2b800000)]
  0x000001c791e9be80 JavaThread "Unconstrained build operations Thread 7" [_thread_blocked, id=10128, stack(0x0000007d2b800000,0x0000007d2b900000)]
  0x000001c791e9e700 JavaThread "Unconstrained build operations Thread 8" [_thread_blocked, id=9808, stack(0x0000007d2b900000,0x0000007d2ba00000)]
  0x000001c791e9ec10 JavaThread "Unconstrained build operations Thread 9" [_thread_blocked, id=12744, stack(0x0000007d2ba00000,0x0000007d2bb00000)]
  0x000001c791e9f120 JavaThread "Unconstrained build operations Thread 10" [_thread_blocked, id=11436, stack(0x0000007d2bb00000,0x0000007d2bc00000)]
  0x000001c7935f02c0 JavaThread "C2 CompilerThread2" daemon [_thread_blocked, id=12368, stack(0x0000007d2bc00000,0x0000007d2bd00000)]
  0x000001c791e9cdb0 JavaThread "Unconstrained build operations Thread 11" [_thread_blocked, id=1572, stack(0x0000007d2bd00000,0x0000007d2be00000)]
  0x000001c791e9f630 JavaThread "Unconstrained build operations Thread 12" [_thread_blocked, id=7740, stack(0x0000007d2be00000,0x0000007d2bf00000)]
  0x000001c791e9d2c0 JavaThread "Unconstrained build operations Thread 13" [_thread_blocked, id=9832, stack(0x0000007d2bf00000,0x0000007d2c000000)]
  0x000001c7958f1a10 JavaThread "Unconstrained build operations Thread 14" [_thread_blocked, id=9884, stack(0x0000007d2c000000,0x0000007d2c100000)]
  0x000001c7958ea5a0 JavaThread "Unconstrained build operations Thread 15" [_thread_blocked, id=3920, stack(0x0000007d2c100000,0x0000007d2c200000)]
  0x000001c7958eaab0 JavaThread "Unconstrained build operations Thread 16" [_thread_blocked, id=7700, stack(0x0000007d2c200000,0x0000007d2c300000)]
  0x000001c7958ef190 JavaThread "Unconstrained build operations Thread 17" [_thread_blocked, id=1484, stack(0x0000007d2c300000,0x0000007d2c400000)]
  0x000001c7958ec910 JavaThread "Unconstrained build operations Thread 18" [_thread_blocked, id=10388, stack(0x0000007d2c400000,0x0000007d2c500000)]
  0x000001c7958ece20 JavaThread "Unconstrained build operations Thread 19" [_thread_blocked, id=6624, stack(0x0000007d2c500000,0x0000007d2c600000)]
  0x000001c7958ee260 JavaThread "Unconstrained build operations Thread 20" [_thread_blocked, id=2556, stack(0x0000007d2c600000,0x0000007d2c700000)]
  0x000001c7958ee770 JavaThread "Unconstrained build operations Thread 21" [_thread_blocked, id=3428, stack(0x0000007d2c700000,0x0000007d2c800000)]
  0x000001c7958ef6a0 JavaThread "Unconstrained build operations Thread 22" [_thread_blocked, id=11872, stack(0x0000007d2c800000,0x0000007d2c900000)]
  0x000001c7958efbb0 JavaThread "Unconstrained build operations Thread 23" [_thread_blocked, id=9320, stack(0x0000007d2c900000,0x0000007d2ca00000)]
  0x000001c7922d3fb0 JavaThread "Unconstrained build operations Thread 24" [_thread_blocked, id=252, stack(0x0000007d2ca00000,0x0000007d2cb00000)]
  0x000001c7922d49d0 JavaThread "Unconstrained build operations Thread 25" [_thread_blocked, id=8024, stack(0x0000007d2cb00000,0x0000007d2cc00000)]
  0x000001c7922d4ee0 JavaThread "Unconstrained build operations Thread 26" [_thread_blocked, id=3264, stack(0x0000007d2cc00000,0x0000007d2cd00000)]
  0x000001c7922d53f0 JavaThread "Unconstrained build operations Thread 27" [_thread_blocked, id=13164, stack(0x0000007d2cd00000,0x0000007d2ce00000)]
  0x000001c7922d5e10 JavaThread "Unconstrained build operations Thread 28" [_thread_blocked, id=15548, stack(0x0000007d2ce00000,0x0000007d2cf00000)]
  0x000001c7922d6320 JavaThread "Unconstrained build operations Thread 29" [_thread_blocked, id=4068, stack(0x0000007d2cf00000,0x0000007d2d000000)]
  0x000001c74ad79220 JavaThread "Unconstrained build operations Thread 30" [_thread_blocked, id=3580, stack(0x0000007d2d000000,0x0000007d2d100000)]
  0x000001c74ad7baa0 JavaThread "Unconstrained build operations Thread 31" [_thread_blocked, id=8824, stack(0x0000007d2d100000,0x0000007d2d200000)]
  0x000001c74ad7c9d0 JavaThread "Unconstrained build operations Thread 32" [_thread_blocked, id=9432, stack(0x0000007d2d200000,0x0000007d2d300000)]
  0x000001c74ad79730 JavaThread "Unconstrained build operations Thread 33" [_thread_blocked, id=8784, stack(0x0000007d2d300000,0x0000007d2d400000)]
  0x000001c74ad7ab70 JavaThread "Unconstrained build operations Thread 34" [_thread_blocked, id=6080, stack(0x0000007d2d400000,0x0000007d2d500000)]
  0x000001c79747fb80 JavaThread "Unconstrained build operations Thread 35" [_thread_blocked, id=14380, stack(0x0000007d2d500000,0x0000007d2d600000)]
  0x000001c79747a570 JavaThread "Unconstrained build operations Thread 36" [_thread_blocked, id=11276, stack(0x0000007d2d600000,0x0000007d2d700000)]
  0x000001c7974805a0 JavaThread "Unconstrained build operations Thread 37" [_thread_blocked, id=15660, stack(0x0000007d2d700000,0x0000007d2d800000)]
  0x000001c79747a060 JavaThread "Unconstrained build operations Thread 38" [_thread_blocked, id=13128, stack(0x0000007d2d800000,0x0000007d2d900000)]
  0x000001c79747f670 JavaThread "Unconstrained build operations Thread 39" [_thread_blocked, id=14120, stack(0x0000007d2d900000,0x0000007d2da00000)]
  0x000001c79747aa80 JavaThread "Unconstrained build operations Thread 40" [_thread_blocked, id=15100, stack(0x0000007d2da00000,0x0000007d2db00000)]
  0x000001c79747cdf0 JavaThread "Unconstrained build operations Thread 41" [_thread_blocked, id=3440, stack(0x0000007d2db00000,0x0000007d2dc00000)]
  0x000001c79747f160 JavaThread "Unconstrained build operations Thread 42" [_thread_blocked, id=5828, stack(0x0000007d2dc00000,0x0000007d2dd00000)]
  0x000001c7974814d0 JavaThread "Unconstrained build operations Thread 43" [_thread_blocked, id=5352, stack(0x0000007d2dd00000,0x0000007d2de00000)]
  0x000001c79747af90 JavaThread "Unconstrained build operations Thread 44" [_thread_blocked, id=13028, stack(0x0000007d2de00000,0x0000007d2df00000)]
  0x000001c79747ec50 JavaThread "Unconstrained build operations Thread 45" [_thread_blocked, id=12340, stack(0x0000007d2df00000,0x0000007d2e000000)]
  0x000001c797480090 JavaThread "Unconstrained build operations Thread 46" [_thread_blocked, id=2848, stack(0x0000007d2e000000,0x0000007d2e100000)]
  0x000001c797480ab0 JavaThread "Unconstrained build operations Thread 47" [_thread_blocked, id=16348, stack(0x0000007d2e100000,0x0000007d2e200000)]
  0x000001c79747b4a0 JavaThread "Unconstrained build operations Thread 48" [_thread_blocked, id=5616, stack(0x0000007d2e200000,0x0000007d2e300000)]
  0x000001c79747c3d0 JavaThread "Unconstrained build operations Thread 49" [_thread_blocked, id=12828, stack(0x0000007d2e300000,0x0000007d2e400000)]
  0x000001c79747b9b0 JavaThread "Unconstrained build operations Thread 50" [_thread_blocked, id=3032, stack(0x0000007d2e400000,0x0000007d2e500000)]
  0x000001c7974819e0 JavaThread "Unconstrained build operations Thread 51" [_thread_blocked, id=2416, stack(0x0000007d2e500000,0x0000007d2e600000)]
  0x000001c79747dd20 JavaThread "Unconstrained build operations Thread 52" [_thread_blocked, id=13772, stack(0x0000007d2e600000,0x0000007d2e700000)]
  0x000001c797480fc0 JavaThread "Unconstrained build operations Thread 53" [_thread_blocked, id=4256, stack(0x0000007d2e700000,0x0000007d2e800000)]
  0x000001c79747bec0 JavaThread "Unconstrained build operations Thread 54" [_thread_blocked, id=9964, stack(0x0000007d2e800000,0x0000007d2e900000)]
  0x000001c79747c8e0 JavaThread "Unconstrained build operations Thread 55" [_thread_blocked, id=5520, stack(0x0000007d2e900000,0x0000007d2ea00000)]
  0x000001c79747e740 JavaThread "Unconstrained build operations Thread 56" [_thread_blocked, id=15872, stack(0x0000007d2ea00000,0x0000007d2eb00000)]
  0x000001c79747d300 JavaThread "Unconstrained build operations Thread 57" [_thread_blocked, id=11232, stack(0x0000007d2eb00000,0x0000007d2ec00000)]
  0x000001c79747d810 JavaThread "Unconstrained build operations Thread 58" [_thread_blocked, id=7780, stack(0x0000007d2ec00000,0x0000007d2ed00000)]
  0x000001c79747e230 JavaThread "Unconstrained build operations Thread 59" [_thread_blocked, id=11664, stack(0x0000007d2ed00000,0x0000007d2ee00000)]
  0x000001c78cb17970 JavaThread "Unconstrained build operations Thread 60" [_thread_blocked, id=13752, stack(0x0000007d2ee00000,0x0000007d2ef00000)]
  0x000001c78cb16020 JavaThread "Unconstrained build operations Thread 61" [_thread_blocked, id=10596, stack(0x0000007d2ef00000,0x0000007d2f000000)]
  0x000001c78cb11940 JavaThread "Unconstrained build operations Thread 62" [_thread_blocked, id=5004, stack(0x0000007d2f000000,0x0000007d2f100000)]
  0x000001c78cb17e80 JavaThread "Unconstrained build operations Thread 63" [_thread_blocked, id=3168, stack(0x0000007d2f100000,0x0000007d2f200000)]
  0x000001c78cb12870 JavaThread "Unconstrained build operations Thread 64" [_thread_blocked, id=13160, stack(0x0000007d2f200000,0x0000007d2f300000)]
  0x000001c78cb18390 JavaThread "Unconstrained build operations Thread 65" [_thread_blocked, id=6376, stack(0x0000007d2f300000,0x0000007d2f400000)]
  0x000001c78cb141c0 JavaThread "Unconstrained build operations Thread 66" [_thread_blocked, id=5676, stack(0x0000007d2f400000,0x0000007d2f500000)]
  0x000001c78cb188a0 JavaThread "Unconstrained build operations Thread 67" [_thread_blocked, id=12228, stack(0x0000007d2f500000,0x0000007d2f600000)]
  0x000001c78cb12d80 JavaThread "Unconstrained build operations Thread 68" [_thread_blocked, id=12936, stack(0x0000007d2f600000,0x0000007d2f700000)]
  0x000001c78cb13cb0 JavaThread "Unconstrained build operations Thread 69" [_thread_blocked, id=8348, stack(0x0000007d2f700000,0x0000007d2f800000)]
  0x000001c78cb13290 JavaThread "Unconstrained build operations Thread 70" [_thread_blocked, id=9408, stack(0x0000007d2f800000,0x0000007d2f900000)]
  0x000001c78cb146d0 JavaThread "Unconstrained build operations Thread 71" [_thread_blocked, id=12520, stack(0x0000007d2f900000,0x0000007d2fa00000)]
  0x000001c78cb16530 JavaThread "Unconstrained build operations Thread 72" [_thread_blocked, id=11456, stack(0x0000007d2fa00000,0x0000007d2fb00000)]
  0x000001c78cb137a0 JavaThread "Unconstrained build operations Thread 73" [_thread_blocked, id=7460, stack(0x0000007d2fb00000,0x0000007d2fc00000)]
  0x000001c78cb150f0 JavaThread "Unconstrained build operations Thread 74" [_thread_blocked, id=10972, stack(0x0000007d2fc00000,0x0000007d2fd00000)]
  0x000001c78cb14be0 JavaThread "Unconstrained build operations Thread 75" [_thread_blocked, id=13420, stack(0x0000007d2fd00000,0x0000007d2fe00000)]
  0x000001c78cb15600 JavaThread "Unconstrained build operations Thread 76" [_thread_blocked, id=14904, stack(0x0000007d2fe00000,0x0000007d2ff00000)]
  0x000001c78cb15b10 JavaThread "Unconstrained build operations Thread 77" [_thread_blocked, id=15928, stack(0x0000007d2ff00000,0x0000007d30000000)]
  0x000001c78cb11430 JavaThread "Unconstrained build operations Thread 78" [_thread_blocked, id=10904, stack(0x0000007d30000000,0x0000007d30100000)]
  0x000001c78cb18db0 JavaThread "Unconstrained build operations Thread 79" [_thread_blocked, id=14072, stack(0x0000007d30100000,0x0000007d30200000)]
  0x000001c78cb16a40 JavaThread "Unconstrained build operations Thread 80" [_thread_blocked, id=13888, stack(0x0000007d30200000,0x0000007d30300000)]
  0x000001c78cb11e50 JavaThread "Cache worker for Build Output Cleanup Cache (C:\Users\Admin\Desktop\E-HandyHelp\android\.gradle\buildOutputCleanup)" [_thread_blocked, id=10988, stack(0x0000007d30300000,0x0000007d30400000)]
  0x000001c78cb17460 JavaThread "build event listener" [_thread_blocked, id=9800, stack(0x0000007d30400000,0x0000007d30500000)]

Other Threads:
=>0x000001c74ad56bb0 VMThread "VM Thread" [stack: 0x0000007d27900000,0x0000007d27a00000] [id=412]
  0x000001c78c1901a0 WatcherThread [stack: 0x0000007d28500000,0x0000007d28600000] [id=15780]
  0x000001c725fcbde0 GCTaskThread "GC Thread#0" [stack: 0x0000007d27400000,0x0000007d27500000] [id=15600]
  0x000001c78c93bcb0 GCTaskThread "GC Thread#1" [stack: 0x0000007d28800000,0x0000007d28900000] [id=13644]
  0x000001c78c6d7050 GCTaskThread "GC Thread#2" [stack: 0x0000007d28900000,0x0000007d28a00000] [id=2408]
  0x000001c78c6d7310 GCTaskThread "GC Thread#3" [stack: 0x0000007d28a00000,0x0000007d28b00000] [id=11304]
  0x000001c78cc8e100 GCTaskThread "GC Thread#4" [stack: 0x0000007d28b00000,0x0000007d28c00000] [id=14924]
  0x000001c7912c95c0 GCTaskThread "GC Thread#5" [stack: 0x0000007d28c00000,0x0000007d28d00000] [id=8284]
  0x000001c7916e4360 GCTaskThread "GC Thread#6" [stack: 0x0000007d2a100000,0x0000007d2a200000] [id=15760]
  0x000001c7916e4ba0 GCTaskThread "GC Thread#7" [stack: 0x0000007d2a200000,0x0000007d2a300000] [id=4504]
  0x000001c725fdcc40 ConcurrentGCThread "G1 Main Marker" [stack: 0x0000007d27500000,0x0000007d27600000] [id=11728]
  0x000001c725fde580 ConcurrentGCThread "G1 Conc#0" [stack: 0x0000007d27600000,0x0000007d27700000] [id=16188]
  0x000001c7916e48e0 ConcurrentGCThread "G1 Conc#1" [stack: 0x0000007d2a300000,0x0000007d2a400000] [id=6148]
  0x000001c72601d7c0 ConcurrentGCThread "G1 Refine#0" [stack: 0x0000007d27700000,0x0000007d27800000] [id=3916]
  0x000001c72601e100 ConcurrentGCThread "G1 Service" [stack: 0x0000007d27800000,0x0000007d27900000] [id=3196]

Threads with active compile tasks:
C2 CompilerThread0   747107 17347       4       org.gradle.api.internal.artifacts.result.DefaultResolutionResult::eachElement (92 bytes)
C2 CompilerThread1   747107 17186       4       org.gradle.api.internal.artifacts.ivyservice.resolveengine.graph.builder.DependencyGraphBuilder::resolveEdges (43 bytes)
C2 CompilerThread2   747107 17359       4       org.gradle.api.internal.artifacts.ivyservice.resolveengine.graph.builder.NodeState::createAndLinkEdgeState (64 bytes)

VM state: at safepoint (normal execution)

VM Mutex/Monitor currently owned by a thread:  ([mutex/lock_event])
[0x000001c725f5be40] Threads_lock - owner thread: 0x000001c74ad56bb0
[0x000001c725f5d790] Heap_lock - owner thread: 0x000001c795c06c70

Heap address: 0x0000000700000000, size: 4096 MB, Compressed Oops mode: Zero based, Oop shift amount: 3

CDS archive(s) mapped at: [0x000001c74b000000-0x000001c74bbb0000-0x000001c74bbb0000), size 12255232, SharedBaseAddress: 0x000001c74b000000, ArchiveRelocationMode: 1.
Compressed class space mapped at: 0x000001c74c000000-0x000001c78c000000, reserved size: 1073741824
Narrow klass base: 0x000001c74b000000, Narrow klass shift: 0, Narrow klass range: 0x100000000

GC Precious Log:
 CPUs: 8 total, 8 available
 Memory: 16082M
 Large Page Support: Disabled
 NUMA Support: Disabled
 Compressed Oops: Enabled (Zero based)
 Heap Region Size: 2M
 Heap Min Capacity: 8M
 Heap Initial Capacity: 252M
 Heap Max Capacity: 4G
 Pre-touch: Disabled
 Parallel Workers: 8
 Concurrent Workers: 2
 Concurrent Refinement Workers: 8
 Periodic GC: Disabled

Heap:
 garbage-first heap   total 344064K, used 185149K [0x0000000700000000, 0x0000000800000000)
  region size 2048K, 7 young (14336K), 7 survivors (14336K)
 Metaspace       used 118308K, committed 119680K, reserved 1179648K
  class space    used 16316K, committed 16896K, reserved 1048576K

Heap Regions: E=young(eden), S=young(survivor), O=old, HS=humongous(starts), HC=humongous(continues), CS=collection set, F=free, OA=open archive, CA=closed archive, TAMS=top-at-mark-start (previous, next)
|   0|0x0000000700000000, 0x0000000700200000, 0x0000000700200000|100%|HS|  |TAMS 0x0000000700200000, 0x0000000700200000| Complete 
|   1|0x0000000700200000, 0x0000000700400000, 0x0000000700400000|100%|HC|  |TAMS 0x0000000700400000, 0x0000000700400000| Complete 
|   2|0x0000000700400000, 0x0000000700600000, 0x0000000700600000|100%| O|  |TAMS 0x0000000700600000, 0x0000000700600000| Untracked 
|   3|0x0000000700600000, 0x0000000700800000, 0x0000000700800000|100%| O|  |TAMS 0x0000000700800000, 0x0000000700800000| Untracked 
|   4|0x0000000700800000, 0x00000007009e6e00, 0x0000000700a00000| 95%| O|  |TAMS 0x00000007009e6e00, 0x00000007009e6e00| Untracked 
|   5|0x0000000700a00000, 0x0000000700c00000, 0x0000000700c00000|100%| O|  |TAMS 0x0000000700c00000, 0x0000000700c00000| Untracked 
|   6|0x0000000700c00000, 0x0000000700e00000, 0x0000000700e00000|100%| O|  |TAMS 0x0000000700e00000, 0x0000000700e00000| Untracked 
|   7|0x0000000700e00000, 0x0000000701000000, 0x0000000701000000|100%| O|  |TAMS 0x0000000701000000, 0x0000000701000000| Untracked 
|   8|0x0000000701000000, 0x0000000701200000, 0x0000000701200000|100%| O|  |TAMS 0x0000000701200000, 0x0000000701200000| Untracked 
|   9|0x0000000701200000, 0x0000000701400000, 0x0000000701400000|100%| O|  |TAMS 0x0000000701400000, 0x0000000701400000| Untracked 
|  10|0x0000000701400000, 0x0000000701600000, 0x0000000701600000|100%| O|  |TAMS 0x0000000701600000, 0x0000000701600000| Untracked 
|  11|0x0000000701600000, 0x0000000701800000, 0x0000000701800000|100%| O|  |TAMS 0x0000000701800000, 0x0000000701800000| Untracked 
|  12|0x0000000701800000, 0x0000000701a00000, 0x0000000701a00000|100%| O|  |TAMS 0x0000000701a00000, 0x0000000701a00000| Untracked 
|  13|0x0000000701a00000, 0x0000000701c00000, 0x0000000701c00000|100%| O|  |TAMS 0x0000000701c00000, 0x0000000701c00000| Untracked 
|  14|0x0000000701c00000, 0x0000000701e00000, 0x0000000701e00000|100%| O|  |TAMS 0x0000000701e00000, 0x0000000701e00000| Untracked 
|  15|0x0000000701e00000, 0x0000000702000000, 0x0000000702000000|100%| O|  |TAMS 0x0000000702000000, 0x0000000702000000| Untracked 
|  16|0x0000000702000000, 0x0000000702200000, 0x0000000702200000|100%|HS|  |TAMS 0x0000000702200000, 0x0000000702200000| Complete 
|  17|0x0000000702200000, 0x0000000702400000, 0x0000000702400000|100%| O|  |TAMS 0x0000000702400000, 0x0000000702400000| Untracked 
|  18|0x0000000702400000, 0x0000000702600000, 0x0000000702600000|100%| O|  |TAMS 0x0000000702600000, 0x0000000702600000| Untracked 
|  19|0x0000000702600000, 0x0000000702800000, 0x0000000702800000|100%| O|  |TAMS 0x0000000702800000, 0x0000000702800000| Untracked 
|  20|0x0000000702800000, 0x0000000702a00000, 0x0000000702a00000|100%| O|  |TAMS 0x0000000702a00000, 0x0000000702a00000| Untracked 
|  21|0x0000000702a00000, 0x0000000702c00000, 0x0000000702c00000|100%| O|  |TAMS 0x0000000702c00000, 0x0000000702c00000| Untracked 
|  22|0x0000000702c00000, 0x0000000702e00000, 0x0000000702e00000|100%| O|  |TAMS 0x0000000702e00000, 0x0000000702e00000| Untracked 
|  23|0x0000000702e00000, 0x0000000703000000, 0x0000000703000000|100%| O|  |TAMS 0x0000000703000000, 0x0000000703000000| Untracked 
|  24|0x0000000703000000, 0x0000000703200000, 0x0000000703200000|100%| O|  |TAMS 0x0000000703200000, 0x0000000703200000| Untracked 
|  25|0x0000000703200000, 0x0000000703400000, 0x0000000703400000|100%|HS|  |TAMS 0x0000000703400000, 0x0000000703400000| Complete 
|  26|0x0000000703400000, 0x0000000703600000, 0x0000000703600000|100%|HC|  |TAMS 0x0000000703600000, 0x0000000703600000| Complete 
|  27|0x0000000703600000, 0x0000000703800000, 0x0000000703800000|100%| O|  |TAMS 0x0000000703800000, 0x0000000703800000| Untracked 
|  28|0x0000000703800000, 0x0000000703a00000, 0x0000000703a00000|100%| O|  |TAMS 0x0000000703a00000, 0x0000000703a00000| Untracked 
|  29|0x0000000703a00000, 0x0000000703c00000, 0x0000000703c00000|100%|HS|  |TAMS 0x0000000703c00000, 0x0000000703c00000| Complete 
|  30|0x0000000703c00000, 0x0000000703e00000, 0x0000000703e00000|100%|HC|  |TAMS 0x0000000703e00000, 0x0000000703e00000| Complete 
|  31|0x0000000703e00000, 0x0000000704000000, 0x0000000704000000|100%| O|  |TAMS 0x0000000704000000, 0x0000000704000000| Untracked 
|  32|0x0000000704000000, 0x0000000704200000, 0x0000000704200000|100%| O|  |TAMS 0x0000000704200000, 0x0000000704200000| Untracked 
|  33|0x0000000704200000, 0x0000000704400000, 0x0000000704400000|100%| O|  |TAMS 0x0000000704400000, 0x0000000704400000| Untracked 
|  34|0x0000000704400000, 0x0000000704600000, 0x0000000704600000|100%| O|  |TAMS 0x0000000704600000, 0x0000000704600000| Untracked 
|  35|0x0000000704600000, 0x0000000704800000, 0x0000000704800000|100%| O|  |TAMS 0x0000000704800000, 0x0000000704800000| Untracked 
|  36|0x0000000704800000, 0x0000000704a00000, 0x0000000704a00000|100%| O|  |TAMS 0x0000000704a00000, 0x0000000704a00000| Untracked 
|  37|0x0000000704a00000, 0x0000000704c00000, 0x0000000704c00000|100%| O|  |TAMS 0x0000000704c00000, 0x0000000704c00000| Untracked 
|  38|0x0000000704c00000, 0x0000000704e00000, 0x0000000704e00000|100%| O|  |TAMS 0x0000000704e00000, 0x0000000704e00000| Untracked 
|  39|0x0000000704e00000, 0x0000000705000000, 0x0000000705000000|100%| O|  |TAMS 0x0000000705000000, 0x0000000705000000| Untracked 
|  40|0x0000000705000000, 0x0000000705200000, 0x0000000705200000|100%|HS|  |TAMS 0x0000000705200000, 0x0000000705200000| Complete 
|  41|0x0000000705200000, 0x0000000705400000, 0x0000000705400000|100%|HC|  |TAMS 0x0000000705400000, 0x0000000705400000| Complete 
|  42|0x0000000705400000, 0x0000000705600000, 0x0000000705600000|100%| O|  |TAMS 0x0000000705600000, 0x0000000705600000| Untracked 
|  43|0x0000000705600000, 0x0000000705800000, 0x0000000705800000|100%| O|  |TAMS 0x0000000705800000, 0x0000000705800000| Untracked 
|  44|0x0000000705800000, 0x0000000705a00000, 0x0000000705a00000|100%| O|  |TAMS 0x0000000705a00000, 0x0000000705a00000| Untracked 
|  45|0x0000000705a00000, 0x0000000705c00000, 0x0000000705c00000|100%| O|  |TAMS 0x0000000705c00000, 0x0000000705c00000| Untracked 
|  46|0x0000000705c00000, 0x0000000705e00000, 0x0000000705e00000|100%| O|  |TAMS 0x0000000705e00000, 0x0000000705e00000| Untracked 
|  47|0x0000000705e00000, 0x0000000706000000, 0x0000000706000000|100%| O|  |TAMS 0x0000000706000000, 0x0000000706000000| Untracked 
|  48|0x0000000706000000, 0x0000000706200000, 0x0000000706200000|100%| O|  |TAMS 0x0000000706000000, 0x0000000706000000| Untracked 
|  49|0x0000000706200000, 0x0000000706400000, 0x0000000706400000|100%| O|  |TAMS 0x0000000706200000, 0x0000000706317e00| Untracked 
|  50|0x0000000706400000, 0x0000000706600000, 0x0000000706600000|100%| O|  |TAMS 0x0000000706400000, 0x0000000706400000| Untracked 
|  51|0x0000000706600000, 0x00000007066e8600, 0x0000000706800000| 45%| O|  |TAMS 0x0000000706600000, 0x0000000706600000| Untracked 
|  52|0x0000000706800000, 0x0000000706a00000, 0x0000000706a00000|100%| O|  |TAMS 0x0000000706a00000, 0x0000000706a00000| Untracked 
|  53|0x0000000706a00000, 0x0000000706c00000, 0x0000000706c00000|100%| O|  |TAMS 0x0000000706c00000, 0x0000000706c00000| Untracked 
|  54|0x0000000706c00000, 0x0000000706e00000, 0x0000000706e00000|100%| O|  |TAMS 0x0000000706e00000, 0x0000000706e00000| Untracked 
|  55|0x0000000706e00000, 0x0000000707000000, 0x0000000707000000|100%| O|  |TAMS 0x0000000707000000, 0x0000000707000000| Untracked 
|  56|0x0000000707000000, 0x0000000707200000, 0x0000000707200000|100%| O|  |TAMS 0x0000000707200000, 0x0000000707200000| Untracked 
|  57|0x0000000707200000, 0x0000000707400000, 0x0000000707400000|100%| O|  |TAMS 0x0000000707200000, 0x0000000707400000| Untracked 
|  58|0x0000000707400000, 0x0000000707400000, 0x0000000707600000|  0%| F|  |TAMS 0x0000000707400000, 0x0000000707400000| Untracked 
|  59|0x0000000707600000, 0x0000000707800000, 0x0000000707800000|100%| O|  |TAMS 0x0000000707800000, 0x0000000707800000| Untracked 
|  60|0x0000000707800000, 0x0000000707800000, 0x0000000707a00000|  0%| F|  |TAMS 0x0000000707800000, 0x0000000707800000| Untracked 
|  61|0x0000000707a00000, 0x0000000707a00000, 0x0000000707c00000|  0%| F|  |TAMS 0x0000000707a00000, 0x0000000707a00000| Untracked 
|  62|0x0000000707c00000, 0x0000000707c00000, 0x0000000707e00000|  0%| F|  |TAMS 0x0000000707c00000, 0x0000000707c00000| Untracked 
|  63|0x0000000707e00000, 0x0000000707e00000, 0x0000000708000000|  0%| F|  |TAMS 0x0000000707e00000, 0x0000000707e00000| Untracked 
|  64|0x0000000708000000, 0x0000000708200000, 0x0000000708200000|100%| O|  |TAMS 0x0000000708200000, 0x0000000708200000| Untracked 
|  65|0x0000000708200000, 0x0000000708200000, 0x0000000708400000|  0%| F|  |TAMS 0x0000000708200000, 0x0000000708200000| Untracked 
|  66|0x0000000708400000, 0x0000000708400000, 0x0000000708600000|  0%| F|  |TAMS 0x0000000708400000, 0x0000000708400000| Untracked 
|  67|0x0000000708600000, 0x0000000708800000, 0x0000000708800000|100%| O|  |TAMS 0x0000000708800000, 0x0000000708800000| Untracked 
|  68|0x0000000708800000, 0x0000000708a00000, 0x0000000708a00000|100%| O|  |TAMS 0x0000000708a00000, 0x0000000708a00000| Untracked 
|  69|0x0000000708a00000, 0x0000000708a00000, 0x0000000708c00000|  0%| F|  |TAMS 0x0000000708a00000, 0x0000000708a00000| Untracked 
|  70|0x0000000708c00000, 0x0000000708c00000, 0x0000000708e00000|  0%| F|  |TAMS 0x0000000708c00000, 0x0000000708c00000| Untracked 
|  71|0x0000000708e00000, 0x0000000708e00000, 0x0000000709000000|  0%| F|  |TAMS 0x0000000708e00000, 0x0000000708e00000| Untracked 
|  72|0x0000000709000000, 0x0000000709000000, 0x0000000709200000|  0%| F|  |TAMS 0x0000000709000000, 0x0000000709000000| Untracked 
|  73|0x0000000709200000, 0x0000000709200000, 0x0000000709400000|  0%| F|  |TAMS 0x0000000709200000, 0x0000000709200000| Untracked 
|  74|0x0000000709400000, 0x0000000709400000, 0x0000000709600000|  0%| F|  |TAMS 0x0000000709400000, 0x0000000709400000| Untracked 
|  75|0x0000000709600000, 0x0000000709600000, 0x0000000709800000|  0%| F|  |TAMS 0x0000000709600000, 0x0000000709600000| Untracked 
|  76|0x0000000709800000, 0x0000000709a00000, 0x0000000709a00000|100%| O|  |TAMS 0x0000000709a00000, 0x0000000709a00000| Untracked 
|  77|0x0000000709a00000, 0x0000000709c00000, 0x0000000709c00000|100%|HS|  |TAMS 0x0000000709c00000, 0x0000000709c00000| Complete 
|  78|0x0000000709c00000, 0x0000000709e00000, 0x0000000709e00000|100%|HS|  |TAMS 0x0000000709e00000, 0x0000000709e00000| Complete 
|  79|0x0000000709e00000, 0x000000070a000000, 0x000000070a000000|100%|HC|  |TAMS 0x000000070a000000, 0x000000070a000000| Complete 
|  80|0x000000070a000000, 0x000000070a200000, 0x000000070a200000|100%| O|  |TAMS 0x000000070a200000, 0x000000070a200000| Untracked 
|  81|0x000000070a200000, 0x000000070a400000, 0x000000070a400000|100%| O|  |TAMS 0x000000070a400000, 0x000000070a400000| Untracked 
|  82|0x000000070a400000, 0x000000070a600000, 0x000000070a600000|100%| O|  |TAMS 0x000000070a600000, 0x000000070a600000| Untracked 
|  83|0x000000070a600000, 0x000000070a800000, 0x000000070a800000|100%| O|  |TAMS 0x000000070a6fc800, 0x000000070a800000| Untracked 
|  84|0x000000070a800000, 0x000000070aa00000, 0x000000070aa00000|100%| O|  |TAMS 0x000000070a800000, 0x000000070aa00000| Untracked 
|  85|0x000000070aa00000, 0x000000070ac00000, 0x000000070ac00000|100%| O|  |TAMS 0x000000070aa00000, 0x000000070ac00000| Untracked 
|  86|0x000000070ac00000, 0x000000070ae00000, 0x000000070ae00000|100%| O|  |TAMS 0x000000070ac00000, 0x000000070ae00000| Untracked 
|  87|0x000000070ae00000, 0x000000070b000000, 0x000000070b000000|100%| O|  |TAMS 0x000000070ae00000, 0x000000070b000000| Untracked 
|  88|0x000000070b000000, 0x000000070b200000, 0x000000070b200000|100%| O|  |TAMS 0x000000070b000000, 0x000000070b200000| Untracked 
|  89|0x000000070b200000, 0x000000070b400000, 0x000000070b400000|100%| O|  |TAMS 0x000000070b200000, 0x000000070b400000| Untracked 
|  90|0x000000070b400000, 0x000000070b600000, 0x000000070b600000|100%| O|  |TAMS 0x000000070b400000, 0x000000070b600000| Untracked 
|  91|0x000000070b600000, 0x000000070b800000, 0x000000070b800000|100%| O|  |TAMS 0x000000070b600000, 0x000000070b800000| Untracked 
|  92|0x000000070b800000, 0x000000070ba00000, 0x000000070ba00000|100%| O|  |TAMS 0x000000070b800000, 0x000000070ba00000| Untracked 
|  93|0x000000070ba00000, 0x000000070bc00000, 0x000000070bc00000|100%| O|  |TAMS 0x000000070ba00000, 0x000000070bc00000| Untracked 
|  94|0x000000070bc00000, 0x000000070be00000, 0x000000070be00000|100%| O|  |TAMS 0x000000070bc00000, 0x000000070be00000| Untracked 
|  95|0x000000070be00000, 0x000000070c000000, 0x000000070c000000|100%| O|  |TAMS 0x000000070be00000, 0x000000070c000000| Untracked 
|  96|0x000000070c000000, 0x000000070c000000, 0x000000070c200000|  0%| F|  |TAMS 0x000000070c000000, 0x000000070c000000| Untracked 
|  97|0x000000070c200000, 0x000000070c200000, 0x000000070c400000|  0%| F|  |TAMS 0x000000070c200000, 0x000000070c200000| Untracked 
|  98|0x000000070c400000, 0x000000070c400000, 0x000000070c600000|  0%| F|  |TAMS 0x000000070c400000, 0x000000070c400000| Untracked 
|  99|0x000000070c600000, 0x000000070c600000, 0x000000070c800000|  0%| F|  |TAMS 0x000000070c600000, 0x000000070c600000| Untracked 
| 100|0x000000070c800000, 0x000000070c800000, 0x000000070ca00000|  0%| F|  |TAMS 0x000000070c800000, 0x000000070c800000| Untracked 
| 101|0x000000070ca00000, 0x000000070ca00000, 0x000000070cc00000|  0%| F|  |TAMS 0x000000070ca00000, 0x000000070ca00000| Untracked 
| 102|0x000000070cc00000, 0x000000070cc00000, 0x000000070ce00000|  0%| F|  |TAMS 0x000000070cc00000, 0x000000070cc00000| Untracked 
| 103|0x000000070ce00000, 0x000000070ce00000, 0x000000070d000000|  0%| F|  |TAMS 0x000000070ce00000, 0x000000070ce00000| Untracked 
| 104|0x000000070d000000, 0x000000070d200000, 0x000000070d200000|100%| S|CS|TAMS 0x000000070d000000, 0x000000070d000000| Complete 
| 105|0x000000070d200000, 0x000000070d400000, 0x000000070d400000|100%| S|CS|TAMS 0x000000070d200000, 0x000000070d200000| Complete 
| 106|0x000000070d400000, 0x000000070d600000, 0x000000070d600000|100%| S|CS|TAMS 0x000000070d400000, 0x000000070d400000| Complete 
| 107|0x000000070d600000, 0x000000070d800000, 0x000000070d800000|100%| S|CS|TAMS 0x000000070d600000, 0x000000070d600000| Complete 
| 108|0x000000070d800000, 0x000000070da00000, 0x000000070da00000|100%| S|CS|TAMS 0x000000070d800000, 0x000000070d800000| Complete 
| 109|0x000000070da00000, 0x000000070dc00000, 0x000000070dc00000|100%| S|CS|TAMS 0x000000070da00000, 0x000000070da00000| Complete 
| 110|0x000000070dc00000, 0x000000070de00000, 0x000000070de00000|100%| S|CS|TAMS 0x000000070dc00000, 0x000000070dc00000| Complete 
| 111|0x000000070de00000, 0x000000070de00000, 0x000000070e000000|  0%| F|  |TAMS 0x000000070de00000, 0x000000070de00000| Untracked 
| 112|0x000000070e000000, 0x000000070e000000, 0x000000070e200000|  0%| F|  |TAMS 0x000000070e000000, 0x000000070e000000| Untracked 
| 113|0x000000070e200000, 0x000000070e200000, 0x000000070e400000|  0%| F|  |TAMS 0x000000070e200000, 0x000000070e200000| Untracked 
| 114|0x000000070e400000, 0x000000070e400000, 0x000000070e600000|  0%| F|  |TAMS 0x000000070e400000, 0x000000070e400000| Untracked 
| 115|0x000000070e600000, 0x000000070e600000, 0x000000070e800000|  0%| F|  |TAMS 0x000000070e600000, 0x000000070e600000| Untracked 
| 116|0x000000070e800000, 0x000000070e800000, 0x000000070ea00000|  0%| F|  |TAMS 0x000000070e800000, 0x000000070e800000| Untracked 
| 117|0x000000070ea00000, 0x000000070ea00000, 0x000000070ec00000|  0%| F|  |TAMS 0x000000070ea00000, 0x000000070ea00000| Untracked 
| 118|0x000000070ec00000, 0x000000070ec00000, 0x000000070ee00000|  0%| F|  |TAMS 0x000000070ec00000, 0x000000070ec00000| Untracked 
| 119|0x000000070ee00000, 0x000000070ee00000, 0x000000070f000000|  0%| F|  |TAMS 0x000000070ee00000, 0x000000070ee00000| Untracked 
| 120|0x000000070f000000, 0x000000070f000000, 0x000000070f200000|  0%| F|  |TAMS 0x000000070f000000, 0x000000070f000000| Untracked 
| 121|0x000000070f200000, 0x000000070f200000, 0x000000070f400000|  0%| F|  |TAMS 0x000000070f200000, 0x000000070f200000| Untracked 
| 122|0x000000070f400000, 0x000000070f400000, 0x000000070f600000|  0%| F|  |TAMS 0x000000070f400000, 0x000000070f400000| Untracked 
| 123|0x000000070f600000, 0x000000070f600000, 0x000000070f800000|  0%| F|  |TAMS 0x000000070f600000, 0x000000070f600000| Untracked 
| 124|0x000000070f800000, 0x000000070f800000, 0x000000070fa00000|  0%| F|  |TAMS 0x000000070f800000, 0x000000070f800000| Untracked 
| 125|0x000000070fa00000, 0x000000070fa00000, 0x000000070fc00000|  0%| F|  |TAMS 0x000000070fa00000, 0x000000070fa00000| Untracked 
| 126|0x000000070fc00000, 0x000000070fc00000, 0x000000070fe00000|  0%| F|  |TAMS 0x000000070fc00000, 0x000000070fc00000| Untracked 
| 127|0x000000070fe00000, 0x000000070fe00000, 0x0000000710000000|  0%| F|  |TAMS 0x000000070fe00000, 0x000000070fe00000| Untracked 
| 128|0x0000000710000000, 0x0000000710000000, 0x0000000710200000|  0%| F|  |TAMS 0x0000000710000000, 0x0000000710000000| Untracked 
| 129|0x0000000710200000, 0x0000000710200000, 0x0000000710400000|  0%| F|  |TAMS 0x0000000710200000, 0x0000000710200000| Untracked 
| 130|0x0000000710400000, 0x0000000710400000, 0x0000000710600000|  0%| F|  |TAMS 0x0000000710400000, 0x0000000710400000| Untracked 
| 131|0x0000000710600000, 0x0000000710600000, 0x0000000710800000|  0%| F|  |TAMS 0x0000000710600000, 0x0000000710600000| Untracked 
| 132|0x0000000710800000, 0x0000000710800000, 0x0000000710a00000|  0%| F|  |TAMS 0x0000000710800000, 0x0000000710800000| Untracked 
| 133|0x0000000710a00000, 0x0000000710a00000, 0x0000000710c00000|  0%| F|  |TAMS 0x0000000710a00000, 0x0000000710a00000| Untracked 
| 134|0x0000000710c00000, 0x0000000710c00000, 0x0000000710e00000|  0%| F|  |TAMS 0x0000000710c00000, 0x0000000710c00000| Untracked 
| 135|0x0000000710e00000, 0x0000000710e00000, 0x0000000711000000|  0%| F|  |TAMS 0x0000000710e00000, 0x0000000710e00000| Untracked 
| 136|0x0000000711000000, 0x0000000711000000, 0x0000000711200000|  0%| F|  |TAMS 0x0000000711000000, 0x0000000711000000| Untracked 
| 137|0x0000000711200000, 0x0000000711200000, 0x0000000711400000|  0%| F|  |TAMS 0x0000000711200000, 0x0000000711200000| Untracked 
| 138|0x0000000711400000, 0x0000000711400000, 0x0000000711600000|  0%| F|  |TAMS 0x0000000711400000, 0x0000000711400000| Untracked 
| 139|0x0000000711600000, 0x0000000711600000, 0x0000000711800000|  0%| F|  |TAMS 0x0000000711600000, 0x0000000711600000| Untracked 
| 140|0x0000000711800000, 0x0000000711800000, 0x0000000711a00000|  0%| F|  |TAMS 0x0000000711800000, 0x0000000711800000| Untracked 
| 141|0x0000000711a00000, 0x0000000711a00000, 0x0000000711c00000|  0%| F|  |TAMS 0x0000000711a00000, 0x0000000711a00000| Untracked 
| 142|0x0000000711c00000, 0x0000000711c00000, 0x0000000711e00000|  0%| F|  |TAMS 0x0000000711c00000, 0x0000000711c00000| Untracked 
| 143|0x0000000711e00000, 0x0000000711e00000, 0x0000000712000000|  0%| F|  |TAMS 0x0000000711e00000, 0x0000000711e00000| Untracked 
| 144|0x0000000712000000, 0x0000000712000000, 0x0000000712200000|  0%| F|  |TAMS 0x0000000712000000, 0x0000000712000000| Untracked 
| 145|0x0000000712200000, 0x0000000712200000, 0x0000000712400000|  0%| F|  |TAMS 0x0000000712200000, 0x0000000712200000| Untracked 
| 146|0x0000000712400000, 0x0000000712400000, 0x0000000712600000|  0%| F|  |TAMS 0x0000000712400000, 0x0000000712400000| Untracked 
| 147|0x0000000712600000, 0x0000000712600000, 0x0000000712800000|  0%| F|  |TAMS 0x0000000712600000, 0x0000000712600000| Untracked 
| 148|0x0000000712800000, 0x0000000712800000, 0x0000000712a00000|  0%| F|  |TAMS 0x0000000712800000, 0x0000000712800000| Untracked 
| 149|0x0000000712a00000, 0x0000000712a00000, 0x0000000712c00000|  0%| F|  |TAMS 0x0000000712a00000, 0x0000000712a00000| Untracked 
| 150|0x0000000712c00000, 0x0000000712c00000, 0x0000000712e00000|  0%| F|  |TAMS 0x0000000712c00000, 0x0000000712c00000| Untracked 
| 151|0x0000000712e00000, 0x0000000712e00000, 0x0000000713000000|  0%| F|  |TAMS 0x0000000712e00000, 0x0000000712e00000| Untracked 
| 152|0x0000000713000000, 0x0000000713000000, 0x0000000713200000|  0%| F|  |TAMS 0x0000000713000000, 0x0000000713000000| Untracked 
| 153|0x0000000713200000, 0x0000000713200000, 0x0000000713400000|  0%| F|  |TAMS 0x0000000713200000, 0x0000000713200000| Untracked 
| 154|0x0000000713400000, 0x0000000713400000, 0x0000000713600000|  0%| F|  |TAMS 0x0000000713400000, 0x0000000713400000| Untracked 
| 155|0x0000000713600000, 0x0000000713600000, 0x0000000713800000|  0%| F|  |TAMS 0x0000000713600000, 0x0000000713600000| Untracked 
| 156|0x0000000713800000, 0x0000000713800000, 0x0000000713a00000|  0%| F|  |TAMS 0x0000000713800000, 0x0000000713800000| Untracked 
| 157|0x0000000713a00000, 0x0000000713a00000, 0x0000000713c00000|  0%| F|  |TAMS 0x0000000713a00000, 0x0000000713a00000| Untracked 
| 158|0x0000000713c00000, 0x0000000713c00000, 0x0000000713e00000|  0%| F|  |TAMS 0x0000000713c00000, 0x0000000713c00000| Untracked 
| 159|0x0000000713e00000, 0x0000000713e00000, 0x0000000714000000|  0%| F|  |TAMS 0x0000000713e00000, 0x0000000713e00000| Untracked 
| 160|0x0000000714000000, 0x0000000714000000, 0x0000000714200000|  0%| F|  |TAMS 0x0000000714000000, 0x0000000714000000| Untracked 
| 161|0x0000000714200000, 0x0000000714200000, 0x0000000714400000|  0%| F|  |TAMS 0x0000000714200000, 0x0000000714200000| Untracked 
| 162|0x0000000714400000, 0x0000000714400000, 0x0000000714600000|  0%| F|  |TAMS 0x0000000714400000, 0x0000000714400000| Untracked 
| 163|0x0000000714600000, 0x0000000714600000, 0x0000000714800000|  0%| F|  |TAMS 0x0000000714600000, 0x0000000714600000| Untracked 
| 164|0x0000000714800000, 0x0000000714800000, 0x0000000714a00000|  0%| F|  |TAMS 0x0000000714800000, 0x0000000714800000| Untracked 
| 165|0x0000000714a00000, 0x0000000714a00000, 0x0000000714c00000|  0%| F|  |TAMS 0x0000000714a00000, 0x0000000714a00000| Untracked 
|2046|0x00000007ffc00000, 0x00000007ffe00000, 0x00000007ffe00000|100%| O|  |TAMS 0x00000007ffe00000, 0x00000007ffe00000| Untracked 
|2047|0x00000007ffe00000, 0x0000000800000000, 0x0000000800000000|100%| O|  |TAMS 0x0000000800000000, 0x0000000800000000| Untracked 

Card table byte_map: [0x000001c73f4d0000,0x000001c73fcd0000] _byte_map_base: 0x000001c73bcd0000

Marking Bits (Prev, Next): (CMBitMap*) 0x000001c725fcc310, (CMBitMap*) 0x000001c725fcc350
 Prev Bits: [0x000001c7404d0000, 0x000001c7444d0000)
 Next Bits: [0x000001c7444d0000, 0x000001c7484d0000)

Polling page: 0x000001c726020000

Metaspace:

Usage:
  Non-class:     99.60 MB used.
      Class:     15.93 MB used.
       Both:    115.54 MB used.

Virtual space:
  Non-class space:      128.00 MB reserved,     100.38 MB ( 78%) committed,  2 nodes.
      Class space:        1.00 GB reserved,      16.50 MB (  2%) committed,  1 nodes.
             Both:        1.12 GB reserved,     116.88 MB ( 10%) committed. 

Chunk freelists:
   Non-Class:  11.15 MB
       Class:  15.51 MB
        Both:  26.66 MB

MaxMetaspaceSize: unlimited
CompressedClassSpaceSize: 1.00 GB
Initial GC threshold: 21.00 MB
Current GC threshold: 179.19 MB
CDS: on
MetaspaceReclaimPolicy: balanced
 - commit_granule_bytes: 65536.
 - commit_granule_words: 8192.
 - virtual_space_node_default_size: 8388608.
 - enlarge_chunks_in_place: 1.
 - new_chunks_are_fully_committed: 0.
 - uncommit_free_chunks: 1.
 - use_allocation_guard: 0.
 - handle_deallocations: 1.


Internal statistics:

num_allocs_failed_limit: 6.
num_arena_births: 1518.
num_arena_deaths: 0.
num_vsnodes_births: 3.
num_vsnodes_deaths: 0.
num_space_committed: 1870.
num_space_uncommitted: 0.
num_chunks_returned_to_freelist: 6.
num_chunks_taken_from_freelist: 6545.
num_chunk_merges: 6.
num_chunk_splits: 4282.
num_chunks_enlarged: 2783.
num_inconsistent_stats: 0.

CodeHeap 'non-profiled nmethods': size=120000Kb used=10615Kb max_used=10772Kb free=109384Kb
 bounds [0x000001c736d40000, 0x000001c737800000, 0x000001c73e270000]
CodeHeap 'profiled nmethods': size=120000Kb used=27972Kb max_used=29521Kb free=92027Kb
 bounds [0x000001c72f270000, 0x000001c730f50000, 0x000001c7367a0000]
CodeHeap 'non-nmethods': size=5760Kb used=2473Kb max_used=2532Kb free=3286Kb
 bounds [0x000001c7367a0000, 0x000001c736a20000, 0x000001c736d40000]
 total_blobs=15277 nmethods=14281 adapters=907
 compilation: enabled
              stopped_count=0, restarted_count=0
 full_count=0

Compilation events (20 events):
Event: 747.070 Thread 0x000001c7935f02c0 nmethod 17177 0x000001c7372b4a10 code [0x000001c7372b4b80, 0x000001c7372b5418]
Event: 747.070 Thread 0x000001c7935f02c0 17357       4       org.gradle.internal.logging.slf4j.BuildOperationAwareLogger::debug (19 bytes)
Event: 747.072 Thread 0x000001c7935f02c0 nmethod 17357 0x000001c737083c10 code [0x000001c737083dc0, 0x000001c737083fc8]
Event: 747.072 Thread 0x000001c7935f02c0 17359       4       org.gradle.api.internal.artifacts.ivyservice.resolveengine.graph.builder.NodeState::createAndLinkEdgeState (64 bytes)
Event: 747.078 Thread 0x000001c74ad80770 17365       1       org.gradle.api.tasks.compile.JavaCompile::getOptions (5 bytes)
Event: 747.078 Thread 0x000001c74ad80770 nmethod 17365 0x000001c7373d3110 code [0x000001c7373d32a0, 0x000001c7373d3378]
Event: 747.080 Thread 0x000001c74ad80770 17366       1       com.android.build.api.component.impl.ComponentImpl::getGlobal (5 bytes)
Event: 747.081 Thread 0x000001c74ad80770 nmethod 17366 0x000001c7373d2e10 code [0x000001c7373d2fa0, 0x000001c7373d3078]
Event: 747.082 Thread 0x000001c74ad80770 17367       3       com.android.build.api.variant.impl.LayeredSourceDirectoriesImpl$addSources$1$1$1::invoke (5 bytes)
Event: 747.082 Thread 0x000001c74ad80770 nmethod 17367 0x000001c73008ce90 code [0x000001c73008d040, 0x000001c73008d348]
Event: 747.082 Thread 0x000001c74ad80770 17368       3       com.android.build.api.variant.impl.LayeredSourceDirectoriesImpl$addSources$1$1$1::invoke (13 bytes)
Event: 747.082 Thread 0x000001c74ad80770 nmethod 17368 0x000001c72f86d010 code [0x000001c72f86d1c0, 0x000001c72f86d468]
Event: 747.082 Thread 0x000001c74ad80770 17369       3       com.android.build.gradle.internal.core.VariantSources::getSortedSourceProviders (197 bytes)
Event: 747.083 Thread 0x000001c74ad80770 nmethod 17369 0x000001c7306e7890 code [0x000001c7306e7c00, 0x000001c7306e99a8]
Event: 747.084 Thread 0x000001c74ad80770 17371       3       org.gradle.api.internal.project.DefaultProjectStateRegistry$ProjectStateImpl$$Lambda$570/0x000001c74c4fea70::apply (10 bytes)
Event: 747.084 Thread 0x000001c74ad80770 nmethod 17371 0x000001c72f8b4890 code [0x000001c72f8b4a40, 0x000001c72f8b4cd8]
Event: 747.084 Thread 0x000001c74ad80770 17370       3       org.codehaus.groovy.runtime.callsite.AbstractCallSite::createPogoGetPropertySite (25 bytes)
Event: 747.084 Thread 0x000001c74ad80770 nmethod 17370 0x000001c72fa1c990 code [0x000001c72fa1cb60, 0x000001c72fa1cfa8]
Event: 747.084 Thread 0x000001c74ad80770 17372       1       org.gradle.api.internal.project.DefaultProjectStateRegistry::access$400 (5 bytes)
Event: 747.084 Thread 0x000001c74ad80770 nmethod 17372 0x000001c7373d2a90 code [0x000001c7373d2c20, 0x000001c7373d2cd8]

GC Heap History (20 events):
Event: 16.215 GC heap after
{Heap after GC invocations=32 (full 0):
 garbage-first heap   total 256000K, used 152150K [0x0000000700000000, 0x0000000800000000)
  region size 2048K, 3 young (6144K), 3 survivors (6144K)
 Metaspace       used 91488K, committed 92480K, reserved 1179648K
  class space    used 12583K, committed 13056K, reserved 1048576K
}
Event: 16.296 GC heap before
{Heap before GC invocations=32 (full 0):
 garbage-first heap   total 256000K, used 158294K [0x0000000700000000, 0x0000000800000000)
  region size 2048K, 6 young (12288K), 3 survivors (6144K)
 Metaspace       used 91707K, committed 92672K, reserved 1179648K
  class space    used 12613K, committed 13056K, reserved 1048576K
}
Event: 16.304 GC heap after
{Heap after GC invocations=33 (full 0):
 garbage-first heap   total 256000K, used 151401K [0x0000000700000000, 0x0000000800000000)
  region size 2048K, 1 young (2048K), 1 survivors (2048K)
 Metaspace       used 91707K, committed 92672K, reserved 1179648K
  class space    used 12613K, committed 13056K, reserved 1048576K
}
Event: 18.323 GC heap before
{Heap before GC invocations=33 (full 0):
 garbage-first heap   total 256000K, used 202601K [0x0000000700000000, 0x0000000800000000)
  region size 2048K, 26 young (53248K), 1 survivors (2048K)
 Metaspace       used 92781K, committed 93760K, reserved 1179648K
  class space    used 12722K, committed 13184K, reserved 1048576K
}
Event: 18.334 GC heap after
{Heap after GC invocations=34 (full 0):
 garbage-first heap   total 344064K, used 160876K [0x0000000700000000, 0x0000000800000000)
  region size 2048K, 4 young (8192K), 4 survivors (8192K)
 Metaspace       used 92781K, committed 93760K, reserved 1179648K
  class space    used 12722K, committed 13184K, reserved 1048576K
}
Event: 744.351 GC heap before
{Heap before GC invocations=35 (full 0):
 garbage-first heap   total 344064K, used 259180K [0x0000000700000000, 0x0000000800000000)
  region size 2048K, 53 young (108544K), 4 survivors (8192K)
 Metaspace       used 94359K, committed 95424K, reserved 1179648K
  class space    used 12883K, committed 13376K, reserved 1048576K
}
Event: 744.362 GC heap after
{Heap after GC invocations=36 (full 0):
 garbage-first heap   total 344064K, used 167994K [0x0000000700000000, 0x0000000800000000)
  region size 2048K, 4 young (8192K), 4 survivors (8192K)
 Metaspace       used 94359K, committed 95424K, reserved 1179648K
  class space    used 12883K, committed 13376K, reserved 1048576K
}
Event: 744.434 GC heap before
{Heap before GC invocations=36 (full 0):
 garbage-first heap   total 344064K, used 180282K [0x0000000700000000, 0x0000000800000000)
  region size 2048K, 8 young (16384K), 4 survivors (8192K)
 Metaspace       used 95528K, committed 96576K, reserved 1179648K
  class space    used 13030K, committed 13504K, reserved 1048576K
}
Event: 744.439 GC heap after
{Heap after GC invocations=37 (full 0):
 garbage-first heap   total 344064K, used 174975K [0x0000000700000000, 0x0000000800000000)
  region size 2048K, 1 young (2048K), 1 survivors (2048K)
 Metaspace       used 95528K, committed 96576K, reserved 1179648K
  class space    used 13030K, committed 13504K, reserved 1048576K
}
Event: 745.180 GC heap before
{Heap before GC invocations=37 (full 0):
 garbage-first heap   total 344064K, used 267135K [0x0000000700000000, 0x0000000800000000)
  region size 2048K, 47 young (96256K), 1 survivors (2048K)
 Metaspace       used 105534K, committed 106624K, reserved 1179648K
  class space    used 14289K, committed 14784K, reserved 1048576K
}
Event: 745.184 GC heap after
{Heap after GC invocations=38 (full 0):
 garbage-first heap   total 344064K, used 180321K [0x0000000700000000, 0x0000000800000000)
  region size 2048K, 4 young (8192K), 4 survivors (8192K)
 Metaspace       used 105534K, committed 106624K, reserved 1179648K
  class space    used 14289K, committed 14784K, reserved 1048576K
}
Event: 745.649 GC heap before
{Heap before GC invocations=38 (full 0):
 garbage-first heap   total 344064K, used 274529K [0x0000000700000000, 0x0000000800000000)
  region size 2048K, 50 young (102400K), 4 survivors (8192K)
 Metaspace       used 108848K, committed 110016K, reserved 1179648K
  class space    used 14772K, committed 15296K, reserved 1048576K
}
Event: 745.654 GC heap after
{Heap after GC invocations=39 (full 0):
 garbage-first heap   total 344064K, used 185994K [0x0000000700000000, 0x0000000800000000)
  region size 2048K, 6 young (12288K), 6 survivors (12288K)
 Metaspace       used 108848K, committed 110016K, reserved 1179648K
  class space    used 14772K, committed 15296K, reserved 1048576K
}
Event: 746.379 GC heap before
{Heap before GC invocations=40 (full 0):
 garbage-first heap   total 344064K, used 278154K [0x0000000700000000, 0x0000000800000000)
  region size 2048K, 51 young (104448K), 6 survivors (12288K)
 Metaspace       used 116133K, committed 117312K, reserved 1179648K
  class space    used 15969K, committed 16512K, reserved 1048576K
}
Event: 746.388 GC heap after
{Heap after GC invocations=41 (full 0):
 garbage-first heap   total 344064K, used 194722K [0x0000000700000000, 0x0000000800000000)
  region size 2048K, 7 young (14336K), 7 survivors (14336K)
 Metaspace       used 116133K, committed 117312K, reserved 1179648K
  class space    used 15969K, committed 16512K, reserved 1048576K
}
Event: 746.399 GC heap before
{Heap before GC invocations=41 (full 0):
 garbage-first heap   total 344064K, used 196770K [0x0000000700000000, 0x0000000800000000)
  region size 2048K, 8 young (16384K), 7 survivors (14336K)
 Metaspace       used 116133K, committed 117312K, reserved 1179648K
  class space    used 15969K, committed 16512K, reserved 1048576K
}
Event: 746.407 GC heap after
{Heap after GC invocations=42 (full 0):
 garbage-first heap   total 344064K, used 166456K [0x0000000700000000, 0x0000000800000000)
  region size 2048K, 1 young (2048K), 1 survivors (2048K)
 Metaspace       used 116133K, committed 117312K, reserved 1179648K
  class space    used 15969K, committed 16512K, reserved 1048576K
}
Event: 746.468 GC heap before
{Heap before GC invocations=42 (full 0):
 garbage-first heap   total 344064K, used 178744K [0x0000000700000000, 0x0000000800000000)
  region size 2048K, 8 young (16384K), 1 survivors (2048K)
 Metaspace       used 116462K, committed 117632K, reserved 1179648K
  class space    used 16012K, committed 16576K, reserved 1048576K
}
Event: 746.470 GC heap after
{Heap after GC invocations=43 (full 0):
 garbage-first heap   total 344064K, used 166907K [0x0000000700000000, 0x0000000800000000)
  region size 2048K, 1 young (2048K), 1 survivors (2048K)
 Metaspace       used 116462K, committed 117632K, reserved 1179648K
  class space    used 16012K, committed 16576K, reserved 1048576K
}
Event: 747.085 GC heap before
{Heap before GC invocations=43 (full 0):
 garbage-first heap   total 344064K, used 277499K [0x0000000700000000, 0x0000000800000000)
  region size 2048K, 55 young (112640K), 1 survivors (2048K)
 Metaspace       used 118308K, committed 119680K, reserved 1179648K
  class space    used 16316K, committed 16896K, reserved 1048576K
}

Dll operation events (13 events):
Event: 0.003 Loaded shared library C:\Program Files\Microsoft\jdk-17.0.10.7-hotspot\bin\java.dll
Event: 0.016 Loaded shared library C:\Program Files\Microsoft\jdk-17.0.10.7-hotspot\bin\jsvml.dll
Event: 0.038 Loaded shared library C:\Program Files\Microsoft\jdk-17.0.10.7-hotspot\bin\net.dll
Event: 0.039 Loaded shared library C:\Program Files\Microsoft\jdk-17.0.10.7-hotspot\bin\nio.dll
Event: 0.041 Loaded shared library C:\Program Files\Microsoft\jdk-17.0.10.7-hotspot\bin\zip.dll
Event: 0.102 Loaded shared library C:\Program Files\Microsoft\jdk-17.0.10.7-hotspot\bin\jimage.dll
Event: 0.134 Loaded shared library C:\Program Files\Microsoft\jdk-17.0.10.7-hotspot\bin\verify.dll
Event: 0.244 Loaded shared library C:\Users\Admin\.gradle\native\68d5fa5c4cc2d200863cafc0d521ce42e7d3e7ee720ec0a83991735586a16f82\windows-amd64\native-platform.dll
Event: 0.247 Loaded shared library C:\Users\Admin\.gradle\native\e376f236ea51e6404a007f0833ffe2c6e607c4080706a723a18a27aeea778392\windows-amd64\native-platform-file-events.dll
Event: 0.558 Loaded shared library C:\Program Files\Microsoft\jdk-17.0.10.7-hotspot\bin\management.dll
Event: 0.560 Loaded shared library C:\Program Files\Microsoft\jdk-17.0.10.7-hotspot\bin\management_ext.dll
Event: 0.693 Loaded shared library C:\Program Files\Microsoft\jdk-17.0.10.7-hotspot\bin\extnet.dll
Event: 0.877 Loaded shared library C:\Program Files\Microsoft\jdk-17.0.10.7-hotspot\bin\sunmscapi.dll

Deoptimization events (20 events):
Event: 746.757 Thread 0x000001c795c043f0 Uncommon trap: trap_request=0xffffffde fr.pc=0x000001c737199908 relative=0x0000000000000a08
Event: 746.757 Thread 0x000001c795c043f0 Uncommon trap: reason=class_check action=maybe_recompile pc=0x000001c737199908 method=org.gradle.api.internal.attributes.DefaultMutableAttributeContainer.removeLazyAttributeIfPresent(Lorg/gradle/api/attributes/Attribute;)V @ 5 c2
Event: 746.757 Thread 0x000001c795c043f0 DEOPT PACKING pc=0x000001c737199908 sp=0x0000007d286f8e80
Event: 746.757 Thread 0x000001c795c043f0 DEOPT UNPACKING pc=0x000001c7367fa1a3 sp=0x0000007d286f8e08 mode 2
Event: 746.802 Thread 0x000001c791e9b460 Uncommon trap: trap_request=0xffffff45 fr.pc=0x000001c7373bd3e8 relative=0x00000000000000c8
Event: 746.802 Thread 0x000001c791e9b460 Uncommon trap: reason=unstable_if action=reinterpret pc=0x000001c7373bd3e8 method=java.util.concurrent.locks.AbstractQueuedSynchronizer.hasQueuedPredecessors()Z @ 33 c2
Event: 746.802 Thread 0x000001c791e9b460 DEOPT PACKING pc=0x000001c7373bd3e8 sp=0x0000007d2a7fedc0
Event: 746.802 Thread 0x000001c791e9b460 DEOPT UNPACKING pc=0x000001c7367fa1a3 sp=0x0000007d2a7fed40 mode 2
Event: 746.817 Thread 0x000001c795c043f0 DEOPT PACKING pc=0x000001c72f7a94d2 sp=0x0000007d286f76a0
Event: 746.817 Thread 0x000001c795c043f0 DEOPT UNPACKING pc=0x000001c7367face3 sp=0x0000007d286f6b70 mode 0
Event: 746.880 Thread 0x000001c7922d49d0 Uncommon trap: trap_request=0xffffff45 fr.pc=0x000001c7374b0fc8 relative=0x0000000000001308
Event: 746.880 Thread 0x000001c7922d49d0 Uncommon trap: reason=unstable_if action=reinterpret pc=0x000001c7374b0fc8 method=java.util.concurrent.ConcurrentHashMap.putVal(Ljava/lang/Object;Ljava/lang/Object;Z)Ljava/lang/Object; @ 112 c2
Event: 746.880 Thread 0x000001c7922d49d0 DEOPT PACKING pc=0x000001c7374b0fc8 sp=0x0000007d2cbfdec0
Event: 746.880 Thread 0x000001c7922d49d0 DEOPT UNPACKING pc=0x000001c7367fa1a3 sp=0x0000007d2cbfde60 mode 2
Event: 746.892 Thread 0x000001c795c043f0 DEOPT PACKING pc=0x000001c730396aa2 sp=0x0000007d286f8ee0
Event: 746.892 Thread 0x000001c795c043f0 DEOPT UNPACKING pc=0x000001c7367face3 sp=0x0000007d286f8368 mode 0
Event: 746.937 Thread 0x000001c795c043f0 DEOPT PACKING pc=0x000001c730438417 sp=0x0000007d286f8ad0
Event: 746.937 Thread 0x000001c795c043f0 DEOPT UNPACKING pc=0x000001c7367face3 sp=0x0000007d286f7e58 mode 0
Event: 747.052 Thread 0x000001c795c043f0 DEOPT PACKING pc=0x000001c7302ef8af sp=0x0000007d286f8980
Event: 747.052 Thread 0x000001c795c043f0 DEOPT UNPACKING pc=0x000001c7367face3 sp=0x0000007d286f7d18 mode 0

Classes unloaded (0 events):
No events

Classes redefined (0 events):
No events

Internal exceptions (20 events):
Event: 746.790 Thread 0x000001c795c043f0 Exception <a 'java/lang/ClassNotFoundException'{0x00000007117b42e8}: build_4zmaovtv201xuon1ml1lif074Customizer> (0x00000007117b42e8) 
thrown [s\src\hotspot\share\classfile\systemDictionary.cpp, line 256]
Event: 746.794 Thread 0x000001c795c043f0 Exception <a 'sun/nio/fs/WindowsException'{0x00000007117f7ac8}> (0x00000007117f7ac8) 
thrown [s\src\hotspot\share\prims\jni.cpp, line 516]
Event: 746.794 Thread 0x000001c795c043f0 Exception <a 'sun/nio/fs/WindowsException'{0x00000007117f7ed0}> (0x00000007117f7ed0) 
thrown [s\src\hotspot\share\prims\jni.cpp, line 516]
Event: 746.809 Thread 0x000001c795c043f0 Exception <a 'java/lang/ClassNotFoundException'{0x00000007112c8800}: build_4zmaovtv201xuon1ml1lif074BeanInfo> (0x00000007112c8800) 
thrown [s\src\hotspot\share\classfile\systemDictionary.cpp, line 256]
Event: 746.810 Thread 0x000001c795c043f0 Exception <a 'java/lang/ClassNotFoundException'{0x00000007112cf008}: build_4zmaovtv201xuon1ml1lif074Customizer> (0x00000007112cf008) 
thrown [s\src\hotspot\share\classfile\systemDictionary.cpp, line 256]
Event: 746.847 Thread 0x000001c795c043f0 Exception <a 'java/lang/NoClassDefFoundError'{0x0000000710d82af0}: org/jetbrains/kotlin/gradle/plugin/KotlinBasePluginWrapper> (0x0000000710d82af0) 
thrown [s\src\hotspot\share\oops\constantPool.cpp, line 835]
Event: 746.854 Thread 0x000001c795c043f0 Exception <a 'java/lang/ClassNotFoundException'{0x0000000710a52268}: build_531cegyssq0nyvl9mwxfem02pBeanInfo> (0x0000000710a52268) 
thrown [s\src\hotspot\share\classfile\systemDictionary.cpp, line 256]
Event: 746.854 Thread 0x000001c795c043f0 Exception <a 'java/lang/ClassNotFoundException'{0x0000000710a58a70}: build_531cegyssq0nyvl9mwxfem02pCustomizer> (0x0000000710a58a70) 
thrown [s\src\hotspot\share\classfile\systemDictionary.cpp, line 256]
Event: 746.858 Thread 0x000001c795c043f0 Exception <a 'sun/nio/fs/WindowsException'{0x0000000710a9c240}> (0x0000000710a9c240) 
thrown [s\src\hotspot\share\prims\jni.cpp, line 516]
Event: 746.858 Thread 0x000001c795c043f0 Exception <a 'sun/nio/fs/WindowsException'{0x0000000710a9c630}> (0x0000000710a9c630) 
thrown [s\src\hotspot\share\prims\jni.cpp, line 516]
Event: 746.892 Thread 0x000001c795c043f0 Exception <a 'java/lang/ClassNotFoundException'{0x00000007104cb288}: build_531cegyssq0nyvl9mwxfem02pBeanInfo> (0x00000007104cb288) 
thrown [s\src\hotspot\share\classfile\systemDictionary.cpp, line 256]
Event: 746.892 Thread 0x000001c795c043f0 Exception <a 'java/lang/ClassNotFoundException'{0x00000007104d1a90}: build_531cegyssq0nyvl9mwxfem02pCustomizer> (0x00000007104d1a90) 
thrown [s\src\hotspot\share\classfile\systemDictionary.cpp, line 256]
Event: 746.922 Thread 0x000001c795c043f0 Exception <a 'java/lang/NoClassDefFoundError'{0x000000070fe8d320}: org/jetbrains/kotlin/gradle/plugin/KotlinBasePluginWrapper> (0x000000070fe8d320) 
thrown [s\src\hotspot\share\oops\constantPool.cpp, line 835]
Event: 746.930 Thread 0x000001c795c043f0 Exception <a 'java/lang/ClassNotFoundException'{0x000000070ff78fb8}: build_9wa4on9ukj3mkch02orjt8o16BeanInfo> (0x000000070ff78fb8) 
thrown [s\src\hotspot\share\classfile\systemDictionary.cpp, line 256]
Event: 746.930 Thread 0x000001c795c043f0 Exception <a 'java/lang/ClassNotFoundException'{0x000000070ff7f7c0}: build_9wa4on9ukj3mkch02orjt8o16Customizer> (0x000000070ff7f7c0) 
thrown [s\src\hotspot\share\classfile\systemDictionary.cpp, line 256]
Event: 746.936 Thread 0x000001c795c043f0 Exception <a 'sun/nio/fs/WindowsException'{0x000000070ffe6140}> (0x000000070ffe6140) 
thrown [s\src\hotspot\share\prims\jni.cpp, line 516]
Event: 746.936 Thread 0x000001c795c043f0 Exception <a 'sun/nio/fs/WindowsException'{0x000000070ffe6550}> (0x000000070ffe6550) 
thrown [s\src\hotspot\share\prims\jni.cpp, line 516]
Event: 746.954 Thread 0x000001c795c043f0 Exception <a 'java/lang/ClassNotFoundException'{0x000000070f634d50}: build_9wa4on9ukj3mkch02orjt8o16BeanInfo> (0x000000070f634d50) 
thrown [s\src\hotspot\share\classfile\systemDictionary.cpp, line 256]
Event: 746.954 Thread 0x000001c795c043f0 Exception <a 'java/lang/ClassNotFoundException'{0x000000070f63b558}: build_9wa4on9ukj3mkch02orjt8o16Customizer> (0x000000070f63b558) 
thrown [s\src\hotspot\share\classfile\systemDictionary.cpp, line 256]
Event: 747.015 Thread 0x000001c795c043f0 Exception <a 'java/lang/NoClassDefFoundError'{0x000000070ef771f0}: org/jetbrains/kotlin/gradle/plugin/KotlinBasePluginWrapper> (0x000000070ef771f0) 
thrown [s\src\hotspot\share\oops\constantPool.cpp, line 835]

VM Operations (20 events):
Event: 745.654 Executing VM operation: G1CollectForAllocation done
Event: 745.710 Executing VM operation: G1PauseRemark
Event: 745.716 Executing VM operation: G1PauseRemark done
Event: 745.741 Executing VM operation: G1PauseCleanup
Event: 745.741 Executing VM operation: G1PauseCleanup done
Event: 746.378 Executing VM operation: G1CollectForAllocation
Event: 746.388 Executing VM operation: G1CollectForAllocation done
Event: 746.399 Executing VM operation: G1CollectForAllocation
Event: 746.407 Executing VM operation: G1CollectForAllocation done
Event: 746.468 Executing VM operation: G1CollectForAllocation
Event: 746.470 Executing VM operation: G1CollectForAllocation done
Event: 746.757 Executing VM operation: HandshakeAllThreads
Event: 746.757 Executing VM operation: HandshakeAllThreads done
Event: 746.802 Executing VM operation: HandshakeAllThreads
Event: 746.802 Executing VM operation: HandshakeAllThreads done
Event: 746.901 Executing VM operation: HandshakeAllThreads
Event: 746.901 Executing VM operation: HandshakeAllThreads done
Event: 746.917 Executing VM operation: ICBufferFull
Event: 746.918 Executing VM operation: ICBufferFull done
Event: 747.085 Executing VM operation: G1CollectForAllocation

Events (20 events):
Event: 746.917 Thread 0x000001c74ad84580 flushing nmethod 0x000001c730bf3a90
Event: 746.917 Thread 0x000001c74ad84580 flushing nmethod 0x000001c730bfc710
Event: 746.917 Thread 0x000001c74ad84580 flushing nmethod 0x000001c730c1bc90
Event: 746.917 Thread 0x000001c74ad84580 flushing nmethod 0x000001c730c1c510
Event: 746.917 Thread 0x000001c74ad84580 flushing nmethod 0x000001c730c1f110
Event: 746.917 Thread 0x000001c74ad84580 flushing nmethod 0x000001c730c20490
Event: 746.917 Thread 0x000001c74ad84580 flushing nmethod 0x000001c730c21290
Event: 746.917 Thread 0x000001c74ad84580 flushing nmethod 0x000001c730c24090
Event: 746.917 Thread 0x000001c74ad84580 flushing nmethod 0x000001c730c2a210
Event: 746.917 Thread 0x000001c74ad84580 flushing nmethod 0x000001c730c2b690
Event: 746.917 Thread 0x000001c74ad84580 flushing nmethod 0x000001c730c2bb90
Event: 746.917 Thread 0x000001c74ad84580 flushing nmethod 0x000001c730c41810
Event: 746.917 Thread 0x000001c74ad84580 flushing nmethod 0x000001c730c48690
Event: 746.917 Thread 0x000001c74ad84580 flushing nmethod 0x000001c730c87890
Event: 746.917 Thread 0x000001c74ad84580 flushing nmethod 0x000001c730c93490
Event: 746.917 Thread 0x000001c74ad84580 flushing nmethod 0x000001c730c94f90
Event: 746.917 Thread 0x000001c74ad84580 flushing nmethod 0x000001c730ced010
Event: 746.917 Thread 0x000001c74ad84580 flushing nmethod 0x000001c730cefe90
Event: 746.917 Thread 0x000001c74ad84580 flushing nmethod 0x000001c730cf1e10
Event: 746.917 Thread 0x000001c74ad84580 flushing nmethod 0x000001c730d66a90


Dynamic libraries:
0x00007ff699e10000 - 0x00007ff699e1e000 	C:\Program Files\Microsoft\jdk-17.0.10.7-hotspot\bin\java.exe
0x00007ffe21370000 - 0x00007ffe21568000 	C:\Windows\SYSTEM32\ntdll.dll
0x00007ffe20380000 - 0x00007ffe20441000 	C:\Windows\System32\KERNEL32.DLL
0x00007ffe1ea20000 - 0x00007ffe1ed1d000 	C:\Windows\System32\KERNELBASE.dll
0x00007ffe1ee40000 - 0x00007ffe1ef40000 	C:\Windows\System32\ucrtbase.dll
0x00007ffdfcd20000 - 0x00007ffdfcd37000 	C:\Program Files\Microsoft\jdk-17.0.10.7-hotspot\bin\jli.dll
0x00007ffdfcd00000 - 0x00007ffdfcd1b000 	C:\Program Files\Microsoft\jdk-17.0.10.7-hotspot\bin\VCRUNTIME140.dll
0x00007ffe1f580000 - 0x00007ffe1f71d000 	C:\Windows\System32\USER32.dll
0x00007ffe06250000 - 0x00007ffe064ea000 	C:\Windows\WinSxS\amd64_microsoft.windows.common-controls_6595b64144ccf1df_6.0.19041.4355_none_60b8b9eb71f62e16\COMCTL32.dll
0x00007ffe1f340000 - 0x00007ffe1f362000 	C:\Windows\System32\win32u.dll
0x00007ffe1fab0000 - 0x00007ffe1fb4e000 	C:\Windows\System32\msvcrt.dll
0x00007ffe1f720000 - 0x00007ffe1f74b000 	C:\Windows\System32\GDI32.dll
0x00007ffe1ef40000 - 0x00007ffe1f057000 	C:\Windows\System32\gdi32full.dll
0x00007ffe1f1c0000 - 0x00007ffe1f25d000 	C:\Windows\System32\msvcp_win.dll
0x00007ffe1f550000 - 0x00007ffe1f57f000 	C:\Windows\System32\IMM32.DLL
0x00007ffe01d80000 - 0x00007ffe01d8c000 	C:\Program Files\Microsoft\jdk-17.0.10.7-hotspot\bin\vcruntime140_1.dll
0x00007ffdfb090000 - 0x00007ffdfb11d000 	C:\Program Files\Microsoft\jdk-17.0.10.7-hotspot\bin\msvcp140.dll
0x00007ffdfa420000 - 0x00007ffdfb085000 	C:\Program Files\Microsoft\jdk-17.0.10.7-hotspot\bin\server\jvm.dll
0x00007ffe21220000 - 0x00007ffe212d0000 	C:\Windows\System32\ADVAPI32.dll
0x00007ffe205f0000 - 0x00007ffe20690000 	C:\Windows\System32\sechost.dll
0x00007ffe20910000 - 0x00007ffe20a33000 	C:\Windows\System32\RPCRT4.dll
0x00007ffe1f370000 - 0x00007ffe1f397000 	C:\Windows\System32\bcrypt.dll
0x00007ffdfa410000 - 0x00007ffdfa419000 	C:\Windows\SYSTEM32\WSOCK32.dll
0x00007ffe1df20000 - 0x00007ffe1df6b000 	C:\Windows\SYSTEM32\POWRPROF.dll
0x00007ffe10230000 - 0x00007ffe10257000 	C:\Windows\SYSTEM32\WINMM.dll
0x00007ffe20580000 - 0x00007ffe205eb000 	C:\Windows\System32\WS2_32.dll
0x00007ffe14f90000 - 0x00007ffe14f9a000 	C:\Windows\SYSTEM32\VERSION.dll
0x00007ffe1dde0000 - 0x00007ffe1ddf2000 	C:\Windows\SYSTEM32\UMPDC.dll
0x00007ffe1d250000 - 0x00007ffe1d262000 	C:\Windows\SYSTEM32\kernel.appcore.dll
0x00007ffe01910000 - 0x00007ffe0191a000 	C:\Program Files\Microsoft\jdk-17.0.10.7-hotspot\bin\jimage.dll
0x00007ffe1c750000 - 0x00007ffe1c934000 	C:\Windows\SYSTEM32\DBGHELP.DLL
0x00007ffe0d320000 - 0x00007ffe0d354000 	C:\Windows\SYSTEM32\dbgcore.DLL
0x00007ffe1f260000 - 0x00007ffe1f2e2000 	C:\Windows\System32\bcryptPrimitives.dll
0x00007ffdfcc80000 - 0x00007ffdfcca5000 	C:\Program Files\Microsoft\jdk-17.0.10.7-hotspot\bin\java.dll
0x00007ffdf9220000 - 0x00007ffdf92f7000 	C:\Program Files\Microsoft\jdk-17.0.10.7-hotspot\bin\jsvml.dll
0x00007ffe1fb50000 - 0x00007ffe202bf000 	C:\Windows\System32\SHELL32.dll
0x00007ffe1ca40000 - 0x00007ffe1d1e3000 	C:\Windows\SYSTEM32\windows.storage.dll
0x00007ffe1f750000 - 0x00007ffe1faa3000 	C:\Windows\System32\combase.dll
0x00007ffe1e370000 - 0x00007ffe1e39e000 	C:\Windows\SYSTEM32\Wldp.dll
0x00007ffe20840000 - 0x00007ffe2090d000 	C:\Windows\System32\OLEAUT32.dll
0x00007ffe202c0000 - 0x00007ffe2036d000 	C:\Windows\System32\SHCORE.dll
0x00007ffe212d0000 - 0x00007ffe21325000 	C:\Windows\System32\shlwapi.dll
0x00007ffe1e950000 - 0x00007ffe1e974000 	C:\Windows\SYSTEM32\profapi.dll
0x00007ffdf9070000 - 0x00007ffdf9089000 	C:\Program Files\Microsoft\jdk-17.0.10.7-hotspot\bin\net.dll
0x00007ffe183f0000 - 0x00007ffe184fd000 	C:\Windows\SYSTEM32\WINHTTP.dll
0x00007ffe1e150000 - 0x00007ffe1e1ba000 	C:\Windows\system32\mswsock.dll
0x00007ffdf9000000 - 0x00007ffdf9016000 	C:\Program Files\Microsoft\jdk-17.0.10.7-hotspot\bin\nio.dll
0x00007ffdf8fe0000 - 0x00007ffdf8ff8000 	C:\Program Files\Microsoft\jdk-17.0.10.7-hotspot\bin\zip.dll
0x00007ffde5ed0000 - 0x00007ffde5ee0000 	C:\Program Files\Microsoft\jdk-17.0.10.7-hotspot\bin\verify.dll
0x00007ffde50d0000 - 0x00007ffde50f7000 	C:\Users\Admin\.gradle\native\68d5fa5c4cc2d200863cafc0d521ce42e7d3e7ee720ec0a83991735586a16f82\windows-amd64\native-platform.dll
0x00007ffde4ed0000 - 0x00007ffde5014000 	C:\Users\Admin\.gradle\native\e376f236ea51e6404a007f0833ffe2c6e607c4080706a723a18a27aeea778392\windows-amd64\native-platform-file-events.dll
0x00007ffe14ff0000 - 0x00007ffe14ff9000 	C:\Program Files\Microsoft\jdk-17.0.10.7-hotspot\bin\management.dll
0x00007ffe13020000 - 0x00007ffe1302b000 	C:\Program Files\Microsoft\jdk-17.0.10.7-hotspot\bin\management_ext.dll
0x00007ffe20cc0000 - 0x00007ffe20cc8000 	C:\Windows\System32\PSAPI.DLL
0x00007ffe1e3b0000 - 0x00007ffe1e3c8000 	C:\Windows\SYSTEM32\CRYPTSP.dll
0x00007ffe1da20000 - 0x00007ffe1da54000 	C:\Windows\system32\rsaenh.dll
0x00007ffe1e910000 - 0x00007ffe1e93e000 	C:\Windows\SYSTEM32\USERENV.dll
0x00007ffe1e2e0000 - 0x00007ffe1e2ec000 	C:\Windows\SYSTEM32\CRYPTBASE.dll
0x00007ffe1de00000 - 0x00007ffe1de3b000 	C:\Windows\SYSTEM32\IPHLPAPI.DLL
0x00007ffe20450000 - 0x00007ffe20458000 	C:\Windows\System32\NSI.dll
0x00007ffe17c50000 - 0x00007ffe17c67000 	C:\Windows\SYSTEM32\dhcpcsvc6.DLL
0x00007ffe17aa0000 - 0x00007ffe17abd000 	C:\Windows\SYSTEM32\dhcpcsvc.DLL
0x00007ffe1de40000 - 0x00007ffe1df0a000 	C:\Windows\SYSTEM32\DNSAPI.dll
0x00007ffdf9a30000 - 0x00007ffdf9a39000 	C:\Program Files\Microsoft\jdk-17.0.10.7-hotspot\bin\extnet.dll
0x00007ffdea160000 - 0x00007ffdea16e000 	C:\Program Files\Microsoft\jdk-17.0.10.7-hotspot\bin\sunmscapi.dll
0x00007ffe1f060000 - 0x00007ffe1f1bc000 	C:\Windows\System32\CRYPT32.dll
0x00007ffe1e4c0000 - 0x00007ffe1e4e9000 	C:\Windows\SYSTEM32\ncrypt.dll
0x00007ffe1e480000 - 0x00007ffe1e4bb000 	C:\Windows\SYSTEM32\NTASN1.dll
0x00007ffe0cdb0000 - 0x00007ffe0cdb7000 	C:\Windows\system32\wshunix.dll
0x00007ffe16660000 - 0x00007ffe1666a000 	C:\Windows\System32\rasadhlp.dll
0x00007ffe15c10000 - 0x00007ffe15c90000 	C:\Windows\System32\fwpuclnt.dll

dbghelp: loaded successfully - version: 4.0.5 - missing functions: none
symbol engine: initialized successfully - sym options: 0x614 - pdb path: .;C:\Program Files\Microsoft\jdk-17.0.10.7-hotspot\bin;C:\Windows\SYSTEM32;C:\Windows\WinSxS\amd64_microsoft.windows.common-controls_6595b64144ccf1df_6.0.19041.4355_none_60b8b9eb71f62e16;C:\Program Files\Microsoft\jdk-17.0.10.7-hotspot\bin\server;C:\Users\Admin\.gradle\native\68d5fa5c4cc2d200863cafc0d521ce42e7d3e7ee720ec0a83991735586a16f82\windows-amd64;C:\Users\Admin\.gradle\native\e376f236ea51e6404a007f0833ffe2c6e607c4080706a723a18a27aeea778392\windows-amd64

VM Arguments:
jvm_args: --add-opens=java.base/java.util=ALL-UNNAMED --add-opens=java.base/java.lang=ALL-UNNAMED --add-opens=java.base/java.lang.invoke=ALL-UNNAMED --add-opens=java.prefs/java.util.prefs=ALL-UNNAMED --add-opens=java.base/java.nio.charset=ALL-UNNAMED --add-opens=java.base/java.net=ALL-UNNAMED --add-opens=java.base/java.util.concurrent.atomic=ALL-UNNAMED -Xmx4G -Dfile.encoding=windows-1252 -Duser.country=US -Duser.language=en -Duser.variant 
java_command: org.gradle.launcher.daemon.bootstrap.GradleDaemon 8.0
java_class_path (initial): C:\Users\Admin\.gradle\wrapper\dists\gradle-8.0-bin\ca5e32bp14vu59qr306oxotwh\gradle-8.0\lib\gradle-launcher-8.0.jar
Launcher Type: SUN_STANDARD

[Global flags]
     intx CICompilerCount                          = 4                                         {product} {ergonomic}
     uint ConcGCThreads                            = 2                                         {product} {ergonomic}
     uint G1ConcRefinementThreads                  = 8                                         {product} {ergonomic}
   size_t G1HeapRegionSize                         = 2097152                                   {product} {ergonomic}
    uintx GCDrainStackTargetSize                   = 64                                        {product} {ergonomic}
   size_t InitialHeapSize                          = 264241152                                 {product} {ergonomic}
   size_t MarkStackSize                            = 4194304                                   {product} {ergonomic}
   size_t MaxHeapSize                              = 4294967296                                {product} {command line}
   size_t MaxNewSize                               = 2575302656                                {product} {ergonomic}
   size_t MinHeapDeltaBytes                        = 2097152                                   {product} {ergonomic}
   size_t MinHeapSize                              = 8388608                                   {product} {ergonomic}
    uintx NonNMethodCodeHeapSize                   = 5839372                                {pd product} {ergonomic}
    uintx NonProfiledCodeHeapSize                  = 122909434                              {pd product} {ergonomic}
    uintx ProfiledCodeHeapSize                     = 122909434                              {pd product} {ergonomic}
    uintx ReservedCodeCacheSize                    = 251658240                              {pd product} {ergonomic}
     bool SegmentedCodeCache                       = true                                      {product} {ergonomic}
   size_t SoftMaxHeapSize                          = 4294967296                             {manageable} {ergonomic}
     bool UseCompressedClassPointers               = true                           {product lp64_product} {ergonomic}
     bool UseCompressedOops                        = true                           {product lp64_product} {ergonomic}
     bool UseG1GC                                  = true                                      {product} {ergonomic}
     bool UseLargePagesIndividualAllocation        = false                                  {pd product} {ergonomic}

Logging:
Log output configuration:
 #0: stdout all=warning uptime,level,tags
 #1: stderr all=off uptime,level,tags

Environment Variables:
JAVA_HOME=C:\Program Files\Microsoft\jdk-17.0.10.7-hotspot\
CLASSPATH=C:\Users\Admin\Desktop\E-HandyHelp\android\\gradle\wrapper\gradle-wrapper.jar
PATH=C:\Program Files\Microsoft\jdk-17.0.10.7-hotspot\bin;C:\Windows\system32;C:\Windows;C:\Windows\System32\Wbem;C:\Windows\System32\WindowsPowerShell\v1.0\;C:\Windows\System32\OpenSSH\;C:\Program Files\OpenVPN\bin;C:\Program Files\nodejs\;C:\ProgramData\chocolatey\bin;C:\Program Files\Git\cmd;C:\php-8.3.7;C:\xampp\php;;C:\Program Files\Docker\Docker\resources\bin;C:\Users\Admin\Flutter\bin;C:\Users\Admin\AppData\Local\Programs\Python\Python310\Scripts\;C:\Users\Admin\AppData\Local\Programs\Python\Python310\;C:\Users\Admin\AppData\Local\Programs\Python\Python312\Scripts\;C:\Users\Admin\AppData\Local\Programs\Python\Python312\;C:\Users\Admin\AppData\Local\Programs\Python\Launcher\;C:\Users\Admin\AppData\Local\flutter\bin;C:\Users\Admin\AppData\Local\Microsoft\WindowsApps;C:\Users\Admin\AppData\Local\Programs\Microsoft VS Code\bin;C:\Users\Admin\AppData\Roaming\npm;C:\Users\Admin\AppData\Local\Android\Sdk\platform-tools;C:\msys64\ucrt64\bin;C:\php-8.3.7;C:\xampp\php;
USERNAME=Admin
OS=Windows_NT
PROCESSOR_IDENTIFIER=Intel64 Family 6 Model 140 Stepping 1, GenuineIntel
TMP=C:\Users\Admin\AppData\Local\Temp
TEMP=C:\Users\Admin\AppData\Local\Temp



Periodic native trim disabled


---------------  S Y S T E M  ---------------

OS:
 Windows 10 , 64 bit Build 19041 (10.0.19041.4842)
OS uptime: 0 days 0:39 hours
Hyper-V role detected

CPU: total 8 (initial active 8) (4 cores per cpu, 2 threads per core) family 6 model 140 stepping 1 microcode 0x86, cx8, cmov, fxsr, ht, mmx, 3dnowpref, sse, sse2, sse3, ssse3, sse4.1, sse4.2, popcnt, lzcnt, tsc, tscinvbit, avx, avx2, aes, erms, clmul, bmi1, bmi2, adx, avx512f, avx512dq, avx512cd, avx512bw, avx512vl, sha, fma, vzeroupper, avx512_vpopcntdq, avx512_vpclmulqdq, avx512_vaes, avx512_vnni, clflush, clflushopt, clwb, avx512_vbmi2, avx512_vbmi, hv
Processor Information for all 8 processors :
  Max Mhz: 2803, Current Mhz: 2803, Mhz Limit: 2803

Memory: 4k page, system-wide physical 16082M (3727M free)
TotalPageFile size 16082M (AvailPageFile size 253M)
current process WorkingSet (physical memory assigned to process): 722M, peak: 733M
current process commit charge ("private bytes"): 768M, peak: 1104M

vm_info: OpenJDK 64-Bit Server VM (17.0.10+7-LTS) for windows-amd64 JRE (17.0.10+7-LTS), built on Jan 10 2024 19:47:12 by "MicrosoftCorporation" with MS VC++ 16.10 / 16.11 (VS2019)

END.
